#
# There is insufficient memory for the Java Runtime Environment to continue.
# Native memory allocation (mmap) failed to map 98566144 bytes. Error detail: G1 virtual space
# Possible reasons:
#   The system is out of physical RAM or swap space
#   This process is running with CompressedOops enabled, and the Java Heap may be blocking the growth of the native heap
# Possible solutions:
#   Reduce memory load on the system
#   Increase physical memory or swap space
#   Check if swap backing store is full
#   Decrease Java heap size (-Xmx/-Xms)
#   Decrease number of Java threads
#   Decrease Java thread stack sizes (-Xss)
#   Set larger code cache with -XX:ReservedCodeCacheSize=
#   JVM is running with Unscaled Compressed Oops mode in which the Java heap is
#     placed in the first 4GB address space. The Java Heap base address is the
#     maximum limit for the native heap growth. Please use -XX:HeapBaseMinAddress
#     to set the Java Heap base and to place the Java Heap above 4GB virtual address.
# This output file may be truncated or incomplete.
#
#  Out of Memory Error (os_windows.cpp:3631), pid=35420, tid=35236
#
# JRE version:  (22.0+36) (build )
# Java VM: OpenJDK 64-Bit Server VM (22+36, mixed mode, sharing, tiered, compressed oops, compressed class ptrs, g1 gc, windows-amd64)
# No core dump will be written. Minidumps are not enabled by default on client versions of Windows
#

---------------  S U M M A R Y ------------

Command Line: -Dfile.encoding=UTF-8 -Dstdout.encoding=UTF-8 -Dstderr.encoding=UTF-8 -XX:+ShowCodeDetailsInExceptionMessages Contacts

Host: AMD Ryzen 5 5625U with Radeon Graphics         , 12 cores, 5G,  Windows 11 , 64 bit Build 22621 (10.0.22621.3374)
Time: Fri May 17 21:59:47 2024 Malay Peninsula Standard Time elapsed time: 0.027834 seconds (0d 0h 0m 0s)

---------------  T H R E A D  ---------------

Current thread (0x000001807ae3a9c0):  JavaThread "Unknown thread" [_thread_in_vm, id=35236, stack(0x0000003423f00000,0x0000003424000000) (1024K)]

Stack: [0x0000003423f00000,0x0000003424000000]
Native frames: (J=compiled Java code, j=interpreted, Vv=VM code, C=native code)
V  [jvm.dll+0x6ea2f9]  (no source info available)
V  [jvm.dll+0x8ccec3]  (no source info available)
V  [jvm.dll+0x8cf2ee]  (no source info available)
V  [jvm.dll+0x8cf9c3]  (no source info available)
V  [jvm.dll+0x286dd6]  (no source info available)
V  [jvm.dll+0x6e6985]  (no source info available)
V  [jvm.dll+0x6db60a]  (no source info available)
V  [jvm.dll+0x3600fa]  (no source info available)
V  [jvm.dll+0x3685c6]  (no source info available)
V  [jvm.dll+0x3ba37e]  (no source info available)
V  [jvm.dll+0x3ba628]  (no source info available)
V  [jvm.dll+0x333bfc]  (no source info available)
V  [jvm.dll+0x3347b8]  (no source info available)
V  [jvm.dll+0x894e0c]  (no source info available)
V  [jvm.dll+0x3c7471]  (no source info available)
V  [jvm.dll+0x87db8c]  (no source info available)
V  [jvm.dll+0x460f1e]  (no source info available)
V  [jvm.dll+0x462d31]  (no source info available)
C  [jli.dll+0x5278]  (no source info available)
C  [ucrtbase.dll+0x29333]  (no source info available)
C  [KERNEL32.DLL+0x1257d]  (no source info available)
C  [ntdll.dll+0x5aa48]  (no source info available)


---------------  P R O C E S S  ---------------

Threads class SMR info:
_java_thread_list=0x00007ffe3c97c688, length=0, elements={
}

Java Threads: ( => current thread )
Total: 0

Other Threads:
  0x000001807d02f460 WorkerThread "GC Thread#0"                     [id=21380, stack(0x0000003424000000,0x0000003424100000) (1024K)]
  0x000001807d03d960 ConcurrentGCThread "G1 Main Marker"            [id=34292, stack(0x0000003424100000,0x0000003424200000) (1024K)]
  0x000001807d03ec10 WorkerThread "G1 Conc#0"                       [id=35524, stack(0x0000003424200000,0x0000003424300000) (1024K)]

[error occurred during error reporting (printing all threads), id 0xc0000005, EXCEPTION_ACCESS_VIOLATION (0xc0000005) at pc=0x00007ffe3c066a57]
VM state: not at safepoint (not fully initialized)

VM Mutex/Monitor currently owned by a thread:  ([mutex/lock_event])
[0x00007ffe3ca000b8] Heap_lock - owner thread: 0x000001807ae3a9c0

Heap address: 0x00000000a2600000, size: 1498 MB, Compressed Oops mode: 32-bit

CDS archive(s) mapped at: [0x0000000000000000-0x0000000000000000-0x0000000000000000), size 0, SharedBaseAddress: 0x0000000800000000, ArchiveRelocationMode: 1.
Narrow klass base: 0x0000000000000000, Narrow klass shift: 0, Narrow klass range: 0x0

GC Precious Log:
 CardTable entry size: 512
 Card Set container configuration: InlinePtr #cards 5 size 8 Array Of Cards #cards 12 size 40 Howl #buckets 4 coarsen threshold 1843 Howl Bitmap #cards 512 size 80 coarsen threshold 460 Card regions per heap region 1 cards per card region 2048

Heap:
 garbage-first heap   total reserved 1533952K, committed 0K, used 0K [0x00000000a2600000, 0x0000000100000000)
  region size 1024K, 0 young (0K), 0 survivors (0K)

[error occurred during error reporting (printing heap information), id 0xc0000005, EXCEPTION_ACCESS_VIOLATION (0xc0000005) at pc=0x00007ffe3c466ed9]
GC Heap History (0 events):
No events

Dll operation events (1 events):
Event: 0.019 Loaded shared library C:\Users\Jenna Miles Reyes\.p2\pool\plugins\org.eclipse.justj.openjdk.hotspot.jre.full.win32.x86_64_22.0.0.v20240322-1225\jre\bin\java.dll

Deoptimization events (0 events):
No events

Classes loaded (0 events):
No events

Classes unloaded (0 events):
No events

Classes redefined (0 events):
No events

Internal exceptions (0 events):
No events

ZGC Phase Switch (0 events):
No events

VM Operations (0 events):
No events

Events (0 events):
No events


Dynamic libraries:
0x00007ff660250000 - 0x00007ff66025e000 	C:\Users\Jenna Miles Reyes\.p2\pool\plugins\org.eclipse.justj.openjdk.hotspot.jre.full.win32.x86_64_22.0.0.v20240322-1225\jre\bin\javaw.exe
0x00007ffea7790000 - 0x00007ffea79a6000 	C:\WINDOWS\SYSTEM32\ntdll.dll
0x00007ffea7490000 - 0x00007ffea7554000 	C:\WINDOWS\System32\KERNEL32.DLL
0x00007ffea4fa0000 - 0x00007ffea5347000 	C:\WINDOWS\System32\KERNELBASE.dll
0x00007ffea4c90000 - 0x00007ffea4da1000 	C:\WINDOWS\System32\ucrtbase.dll
0x00007ffe96c30000 - 0x00007ffe96c4b000 	C:\Users\Jenna Miles Reyes\.p2\pool\plugins\org.eclipse.justj.openjdk.hotspot.jre.full.win32.x86_64_22.0.0.v20240322-1225\jre\bin\VCRUNTIME140.dll
0x00007ffe969c0000 - 0x00007ffe969d7000 	C:\Users\Jenna Miles Reyes\.p2\pool\plugins\org.eclipse.justj.openjdk.hotspot.jre.full.win32.x86_64_22.0.0.v20240322-1225\jre\bin\jli.dll
0x00007ffea5a40000 - 0x00007ffea5bee000 	C:\WINDOWS\System32\USER32.dll
0x00007ffea53d0000 - 0x00007ffea53f6000 	C:\WINDOWS\System32\win32u.dll
0x00007ffea5c40000 - 0x00007ffea5c69000 	C:\WINDOWS\System32\GDI32.dll
0x00007ffe87b00000 - 0x00007ffe87d93000 	C:\WINDOWS\WinSxS\amd64_microsoft.windows.common-controls_6595b64144ccf1df_6.0.22621.3235_none_270f74e173860f98\COMCTL32.dll
0x00007ffea4e80000 - 0x00007ffea4f99000 	C:\WINDOWS\System32\gdi32full.dll
0x00007ffea6b90000 - 0x00007ffea6c37000 	C:\WINDOWS\System32\msvcrt.dll
0x00007ffea4db0000 - 0x00007ffea4e4a000 	C:\WINDOWS\System32\msvcp_win.dll
0x00007ffea5c00000 - 0x00007ffea5c31000 	C:\WINDOWS\System32\IMM32.DLL
0x00007ffe97a90000 - 0x00007ffe97a9c000 	C:\Users\Jenna Miles Reyes\.p2\pool\plugins\org.eclipse.justj.openjdk.hotspot.jre.full.win32.x86_64_22.0.0.v20240322-1225\jre\bin\vcruntime140_1.dll
0x00007ffe86800000 - 0x00007ffe8688e000 	C:\Users\Jenna Miles Reyes\.p2\pool\plugins\org.eclipse.justj.openjdk.hotspot.jre.full.win32.x86_64_22.0.0.v20240322-1225\jre\bin\msvcp140.dll
0x00007ffe3bd20000 - 0x00007ffe3cae2000 	C:\Users\Jenna Miles Reyes\.p2\pool\plugins\org.eclipse.justj.openjdk.hotspot.jre.full.win32.x86_64_22.0.0.v20240322-1225\jre\bin\server\jvm.dll
0x00007ffea5d00000 - 0x00007ffea5db2000 	C:\WINDOWS\System32\ADVAPI32.dll
0x00007ffea71d0000 - 0x00007ffea7278000 	C:\WINDOWS\System32\sechost.dll
0x00007ffea4e50000 - 0x00007ffea4e78000 	C:\WINDOWS\System32\bcrypt.dll
0x00007ffea7630000 - 0x00007ffea7745000 	C:\WINDOWS\System32\RPCRT4.dll
0x00007ffea5fb0000 - 0x00007ffea6021000 	C:\WINDOWS\System32\WS2_32.dll
0x00007ffea47d0000 - 0x00007ffea481d000 	C:\WINDOWS\SYSTEM32\POWRPROF.dll
0x00007ffea2350000 - 0x00007ffea2384000 	C:\WINDOWS\SYSTEM32\WINMM.dll
0x00007ffe9c510000 - 0x00007ffe9c51a000 	C:\WINDOWS\SYSTEM32\VERSION.dll
0x00007ffea47b0000 - 0x00007ffea47c3000 	C:\WINDOWS\SYSTEM32\UMPDC.dll
0x00007ffea3ab0000 - 0x00007ffea3ac8000 	C:\WINDOWS\SYSTEM32\kernel.appcore.dll
0x00007ffe96c80000 - 0x00007ffe96c8a000 	C:\Users\Jenna Miles Reyes\.p2\pool\plugins\org.eclipse.justj.openjdk.hotspot.jre.full.win32.x86_64_22.0.0.v20240322-1225\jre\bin\jimage.dll
0x00007ffea2110000 - 0x00007ffea2343000 	C:\WINDOWS\SYSTEM32\DBGHELP.DLL
0x00007ffea6e40000 - 0x00007ffea71c8000 	C:\WINDOWS\System32\combase.dll
0x00007ffea6030000 - 0x00007ffea6107000 	C:\WINDOWS\System32\OLEAUT32.dll
0x00007ffea20c0000 - 0x00007ffea20f2000 	C:\WINDOWS\SYSTEM32\dbgcore.DLL
0x00007ffea5350000 - 0x00007ffea53c9000 	C:\WINDOWS\System32\bcryptPrimitives.dll
0x00007ffe95460000 - 0x00007ffe9547e000 	C:\Users\Jenna Miles Reyes\.p2\pool\plugins\org.eclipse.justj.openjdk.hotspot.jre.full.win32.x86_64_22.0.0.v20240322-1225\jre\bin\java.dll
0x00007ffea6330000 - 0x00007ffea6b8c000 	C:\WINDOWS\System32\SHELL32.dll
0x00007ffea5de0000 - 0x00007ffea5f85000 	C:\WINDOWS\System32\ole32.dll

dbghelp: loaded successfully - version: 4.0.5 - missing functions: none
symbol engine: initialized successfully - sym options: 0x614 - pdb path: .;C:\Users\Jenna Miles Reyes\.p2\pool\plugins\org.eclipse.justj.openjdk.hotspot.jre.full.win32.x86_64_22.0.0.v20240322-1225\jre\bin;C:\WINDOWS\SYSTEM32;C:\WINDOWS\WinSxS\amd64_microsoft.windows.common-controls_6595b64144ccf1df_6.0.22621.3235_none_270f74e173860f98;C:\Users\Jenna Miles Reyes\.p2\pool\plugins\org.eclipse.justj.openjdk.hotspot.jre.full.win32.x86_64_22.0.0.v20240322-1225\jre\bin\server

VM Arguments:
jvm_args: -Dfile.encoding=UTF-8 -Dstdout.encoding=UTF-8 -Dstderr.encoding=UTF-8 -XX:+ShowCodeDetailsInExceptionMessages 
java_command: Contacts
java_class_path (initial): C:\Users\Jenna Miles Reyes\eclipse-workspace\Contact\bin
Launcher Type: SUN_STANDARD

[Global flags]
     intx CICompilerCount                          = 4                                         {product} {ergonomic}
     uint ConcGCThreads                            = 3                                         {product} {ergonomic}
     uint G1ConcRefinementThreads                  = 10                                        {product} {ergonomic}
   size_t G1HeapRegionSize                         = 1048576                                   {product} {ergonomic}
   size_t InitialHeapSize                          = 98566144                                  {product} {ergonomic}
   size_t MarkStackSize                            = 4194304                                   {product} {ergonomic}
   size_t MaxHeapSize                              = 1570766848                                {product} {ergonomic}
   size_t MinHeapDeltaBytes                        = 1048576                                   {product} {ergonomic}
   size_t MinHeapSize                              = 8388608                                   {product} {ergonomic}
    uintx NonNMethodCodeHeapSize                   = 5839372                                {pd product} {ergonomic}
    uintx NonProfiledCodeHeapSize                  = 122909434                              {pd product} {ergonomic}
    uintx ProfiledCodeHeapSize                     = 122909434                              {pd product} {ergonomic}
    uintx ReservedCodeCacheSize                    = 251658240                              {pd product} {ergonomic}
     bool SegmentedCodeCache                       = true                                      {product} {ergonomic}
     bool ShowCodeDetailsInExceptionMessages       = true                                   {manageable} {command line}
   size_t SoftMaxHeapSize                          = 1570766848                             {manageable} {ergonomic}
     bool UseCompressedOops                        = true                           {product lp64_product} {ergonomic}
     bool UseG1GC                                  = true                                      {product} {ergonomic}
     bool UseLargePagesIndividualAllocation        = false                                  {pd product} {ergonomic}

Logging:
Log output configuration:
 #0: stdout all=warning uptime,level,tags foldmultilines=false
 #1: stderr all=off uptime,level,tags foldmultilines=false

Environment Variables:
PATH=C:/Users/Jenna Miles Reyes/.p2/pool/plugins/org.eclipse.justj.openjdk.hotspot.jre.full.win32.x86_64_17.0.10.v20240120-1143/jre/bin/server;C:/Users/Jenna Miles Reyes/.p2/pool/plugins/org.eclipse.justj.openjdk.hotspot.jre.full.win32.x86_64_17.0.10.v20240120-1143/jre/bin;C:\WINDOWS\system32;C:\WINDOWS;C:\WINDOWS\System32\Wbem;C:\WINDOWS\System32\WindowsPowerShell\v1.0\;C:\WINDOWS\System32\OpenSSH\;C:\Program Files\Microsoft SQL Server\150\Tools\Binn\;C:\Program Files\dotnet\;C:\Users\Jenna Miles Reyes\AppData\Local\Programs\Python\Python312\Scripts\;C:\Users\Jenna Miles Reyes\AppData\Local\Programs\Python\Python312\;C:\Users\Jenna Miles Reyes\AppData\Local\Programs\Python\Launcher\;C:\Users\Jenna Miles Reyes\AppData\Local\Microsoft\WindowsApps;C:\MinGW\bin;C:\Users\Jenna Miles Reyes\.dotnet\tools;C:\Users\Jenna Miles Reyes\AppData\Local\Programs\Microsoft VS Code\bin;C:\WINDOWS\System32;
USERNAME=Jenna Miles Reyes
OS=Windows_NT
PROCESSOR_IDENTIFIER=AMD64 Family 25 Model 80 Stepping 0, AuthenticAMD
TMP=C:\Users\JENNAM~1\AppData\Local\Temp
TEMP=C:\Users\JENNAM~1\AppData\Local\Temp




Periodic native trim disabled

---------------  S Y S T E M  ---------------

OS:
 Windows 11 , 64 bit Build 22621 (10.0.22621.3374)
OS uptime: 9 days 4:42 hours
Hyper-V role detected

CPU: total 12 (initial active 12) (12 cores per cpu, 2 threads per core) family 25 model 80 stepping 0 microcode 0x0, cx8, cmov, fxsr, ht, mmx, 3dnowpref, sse, sse2, sse3, ssse3, sse4a, sse4.1, sse4.2, popcnt, lzcnt, tsc, tscinvbit, avx, avx2, aes, erms, clmul, bmi1, bmi2, adx, sha, fma, vzeroupper, clflush, clflushopt, hv, rdtscp, rdpid, fsrm, f16c, cet_ss
Processor Information for processor 0
  Max Mhz: 2301, Current Mhz: 1798, Mhz Limit: 2301
Processor Information for processor 1
  Max Mhz: 2301, Current Mhz: 1904, Mhz Limit: 2301
Processor Information for processor 2
  Max Mhz: 2301, Current Mhz: 1798, Mhz Limit: 2301
Processor Information for processor 3
  Max Mhz: 2301, Current Mhz: 1798, Mhz Limit: 2301
Processor Information for processor 4
  Max Mhz: 2301, Current Mhz: 1904, Mhz Limit: 2301
Processor Information for processor 5
  Max Mhz: 2301, Current Mhz: 1798, Mhz Limit: 2301
Processor Information for processor 6
  Max Mhz: 2301, Current Mhz: 1798, Mhz Limit: 2301
Processor Information for processor 7
  Max Mhz: 2301, Current Mhz: 1904, Mhz Limit: 2301
Processor Information for processor 8
  Max Mhz: 2301, Current Mhz: 1798, Mhz Limit: 2301
Processor Information for processor 9
  Max Mhz: 2301, Current Mhz: 1798, Mhz Limit: 2301
Processor Information for processor 10
  Max Mhz: 2301, Current Mhz: 1798, Mhz Limit: 2301
Processor Information for processor 11
  Max Mhz: 2301, Current Mhz: 1904, Mhz Limit: 2301

Memory: 4k page, system-wide physical 5989M (282M free)
TotalPageFile size 24421M (AvailPageFile size 40M)
current process WorkingSet (physical memory assigned to process): 12M, peak: 12M
current process commit charge ("private bytes"): 64M, peak: 158M

vm_info: OpenJDK 64-Bit Server VM (22+36) for windows-amd64 JRE (22+36), built on 2024-03-19T00:00:00Z by "admin" with MS VC++ 17.7 (VS2022)

END.
