#
# There is insufficient memory for the Java Runtime Environment to continue.
# Native memory allocation (mmap) failed to map 65536 bytes. Error detail: Failed to commit metaspace.
# Possible reasons:
#   The system is out of physical RAM or swap space
#   This process is running with CompressedOops enabled, and the Java Heap may be blocking the growth of the native heap
# Possible solutions:
#   Reduce memory load on the system
#   Increase physical memory or swap space
#   Check if swap backing store is full
#   Decrease Java heap size (-Xmx/-Xms)
#   Decrease number of Java threads
#   Decrease Java thread stack sizes (-Xss)
#   Set larger code cache with -XX:ReservedCodeCacheSize=
#   JVM is running with Unscaled Compressed Oops mode in which the Java heap is
#     placed in the first 4GB address space. The Java Heap base address is the
#     maximum limit for the native heap growth. Please use -XX:HeapBaseMinAddress
#     to set the Java Heap base and to place the Java Heap above 4GB virtual address.
# This output file may be truncated or incomplete.
#
#  Out of Memory Error (virtualSpaceNode.cpp:112), pid=11624, tid=34348
#
# JRE version: OpenJDK Runtime Environment Temurin-22+36 (22.0+36) (build 22+36)
# Java VM: OpenJDK 64-Bit Server VM Temurin-22+36 (22+36, mixed mode, tiered, compressed oops, compressed class ptrs, g1 gc, windows-amd64)
# No core dump will be written. Minidumps are not enabled by default on client versions of Windows
#

---------------  S U M M A R Y ------------

Command Line: -Dfile.encoding=UTF-8 -Dstdout.encoding=UTF-8 -Dstderr.encoding=UTF-8 -XX:+ShowCodeDetailsInExceptionMessages Piano

Host: AMD Ryzen 5 5625U with Radeon Graphics         , 12 cores, 5G,  Windows 11 , 64 bit Build 22621 (10.0.22621.3235)
Time: Fri Apr  5 13:25:04 2024 Malay Peninsula Standard Time elapsed time: 0.486522 seconds (0d 0h 0m 0s)

---------------  T H R E A D  ---------------

Current thread (0x000002d5787aaee0):  JavaThread "AWT-Windows" daemon [_thread_in_vm, id=34348, stack(0x000000f3d6a00000,0x000000f3d6b00000) (1024K)]

Stack: [0x000000f3d6a00000,0x000000f3d6b00000]
Native frames: (J=compiled Java code, j=interpreted, Vv=VM code, C=native code)
V  [jvm.dll+0x6ea2f9]  (no source info available)
V  [jvm.dll+0x8ccec3]  (no source info available)
V  [jvm.dll+0x8cf2ee]  (no source info available)
V  [jvm.dll+0x8cf9c3]  (no source info available)
V  [jvm.dll+0x286dd6]  (no source info available)
V  [jvm.dll+0x8c8c5e]  (no source info available)
V  [jvm.dll+0x68be65]  (no source info available)
V  [jvm.dll+0x1e9bec]  (no source info available)
V  [jvm.dll+0x1e99be]  (no source info available)
V  [jvm.dll+0x68e797]  (no source info available)
V  [jvm.dll+0x22b46c]  (no source info available)
V  [jvm.dll+0x68c87e]  (no source info available)
V  [jvm.dll+0x3c9e6f]  (no source info available)
V  [jvm.dll+0x2131fb]  (no source info available)
V  [jvm.dll+0x5ca326]  (no source info available)
V  [jvm.dll+0x84381d]  (no source info available)
V  [jvm.dll+0x4828a2]  (no source info available)
V  [jvm.dll+0x495ef6]  (no source info available)
C  [java.dll+0x164f]  (no source info available)
C  0x000002d50753cf87  (no source info available)

The last pc belongs to native method entry point (kind = native) (printed below).
Java frames: (J=compiled Java code, j=interpreted, Vv=VM code)
j  java.lang.ClassLoader.defineClass0(Ljava/lang/ClassLoader;Ljava/lang/Class;Ljava/lang/String;[BIILjava/security/ProtectionDomain;ZILjava/lang/Object;)Ljava/lang/Class;+0 java.base@22
j  java.lang.System$2.defineClass(Ljava/lang/ClassLoader;Ljava/lang/Class;Ljava/lang/String;[BLjava/security/ProtectionDomain;ZILjava/lang/Object;)Ljava/lang/Class;+17 java.base@22
j  java.lang.invoke.MethodHandles$Lookup$ClassDefiner.defineClass(ZLjava/lang/Object;)Ljava/lang/Class;+57 java.base@22
j  java.lang.invoke.InvokerBytecodeGenerator.loadMethod([B)Ljava/lang/invoke/MemberName;+22 java.base@22
j  java.lang.invoke.InvokerBytecodeGenerator.generateCustomizedCode(Ljava/lang/invoke/LambdaForm;Ljava/lang/invoke/MethodType;)Ljava/lang/invoke/MemberName;+30 java.base@22
j  java.lang.invoke.LambdaForm.compileToBytecode()V+69 java.base@22
j  java.lang.invoke.DirectMethodHandle.makePreparedLambdaForm(Ljava/lang/invoke/MethodType;I)Ljava/lang/invoke/LambdaForm;+750 java.base@22
J 429 c1 java.lang.invoke.DirectMethodHandle.preparedLambdaForm(Ljava/lang/invoke/MethodType;I)Ljava/lang/invoke/LambdaForm; java.base@22 (31 bytes) @ 0x000002d50008f844 [0x000002d50008f580+0x00000000000002c4]
j  java.lang.invoke.DirectMethodHandle.preparedLambdaForm(Ljava/lang/invoke/MemberName;Z)Ljava/lang/invoke/LambdaForm;+159 java.base@22
J 431 c1 java.lang.invoke.DirectMethodHandle.preparedLambdaForm(Ljava/lang/invoke/MemberName;)Ljava/lang/invoke/LambdaForm; java.base@22 (6 bytes) @ 0x000002d500090424 [0x000002d5000903c0+0x0000000000000064]
j  java.lang.invoke.DirectMethodHandle.make(BLjava/lang/Class;Ljava/lang/invoke/MemberName;Ljava/lang/Class;)Ljava/lang/invoke/DirectMethodHandle;+163 java.base@22
j  java.lang.invoke.MethodHandles$Lookup.getDirectMethodCommon(BLjava/lang/Class;Ljava/lang/invoke/MemberName;ZZLjava/lang/invoke/MethodHandles$Lookup;)Ljava/lang/invoke/MethodHandle;+220 java.base@22
j  java.lang.invoke.MethodHandles$Lookup.getDirectMethodNoSecurityManager(BLjava/lang/Class;Ljava/lang/invoke/MemberName;Ljava/lang/invoke/MethodHandles$Lookup;)Ljava/lang/invoke/MethodHandle;+14 java.base@22
j  java.lang.invoke.MethodHandles$Lookup.getDirectMethodForConstant(BLjava/lang/Class;Ljava/lang/invoke/MemberName;)Ljava/lang/invoke/MethodHandle;+31 java.base@22
j  java.lang.invoke.MethodHandles$Lookup.linkMethodHandleConstant(BLjava/lang/Class;Ljava/lang/String;Ljava/lang/Object;)Ljava/lang/invoke/MethodHandle;+153 java.base@22
j  java.lang.invoke.MethodHandleNatives.linkMethodHandleConstant(Ljava/lang/Class;ILjava/lang/Class;Ljava/lang/String;Ljava/lang/Object;)Ljava/lang/invoke/MethodHandle;+38 java.base@22
v  ~StubRoutines::call_stub 0x000002d50753100d
j  sun.awt.windows.WWindowPeer.displayChanged()V+5 java.desktop@22
j  sun.awt.windows.WWindowPeer.draggedToNewScreen()V+1 java.desktop@22
v  ~StubRoutines::call_stub 0x000002d50753100d
j  sun.awt.windows.WToolkit.eventLoop()V+0 java.desktop@22
j  sun.awt.windows.WToolkit.run()V+50 java.desktop@22
j  java.lang.Thread.runWith(Ljava/lang/Object;Ljava/lang/Runnable;)V+5 java.base@22
j  java.lang.Thread.run()V+19 java.base@22
v  ~StubRoutines::call_stub 0x000002d50753100d
native method entry point (kind = native)  [0x000002d50753cb60, 0x000002d50753d680]  2848 bytes
[MachCode]
  0x000002d50753cb60: 488b 4b08 | 0fb7 492e | 584c 8d74 | ccf8 6800 | 0000 0068 | 0000 0000 | 5055 488b | ec41 5568 
  0x000002d50753cb80: 0000 0000 | 4c8b 6b08 | 4d8d 6d38 | 5348 8b53 | 0848 8b52 | 0848 8b52 | 1848 8b52 | 7048 8b12 
  0x000002d50753cba0: 5248 8b53 | 1048 85d2 | 0f84 0700 | 0000 4881 | c210 0100 | 0052 488b | 5308 488b | 5208 488b 
  0x000002d50753cbc0: 5210 5249 | 8bc6 482b | c548 c1e8 | 0350 6800 | 0000 0068 | f7ff ffff | 41c6 8781 | 0400 0001 
  0x000002d50753cbe0: 488b 4310 | 4885 c074 | 208b 88cc | 0000 0083 | c102 8988 | cc00 0000 | 2388 e000 | 0000 0f84 
  0x000002d50753cc00: cb09 0000 | e9cf 0000 | 0048 8b43 | 1848 85c0 | 0f85 b000 | 0000 e805 | 0000 00e9 | 9900 0000 
  0x000002d50753cc20: 488b d348 | 8d44 2408 | 4c89 6dc0 | 498b cfc5 | f877 4989 | afb0 0300 | 0049 8987 | a003 0000 
  0x000002d50753cc40: 4883 ec20 | 40f6 c40f | 0f84 1900 | 0000 4883 | ec08 48b8 | 500b e66f | fe7f 0000 | ffd0 4883 
  0x000002d50753cc60: c408 e90c | 0000 0048 | b850 0be6 | 6ffe 7f00 | 00ff d048 | 83c4 2049 | c787 a003 | 0000 0000 
  0x000002d50753cc80: 0000 49c7 | 87b0 0300 | 0000 0000 | 0049 c787 | a803 0000 | 0000 0000 | c5f8 7749 | 837f 0800 
  0x000002d50753cca0: 0f84 0500 | 0000 e955 | 42ff ff4c | 8b6d c04c | 8b75 c84e | 8d74 f500 | c348 8b43 | 1848 85c0 
  0x000002d50753ccc0: 0f84 1200 | 0000 8b48 | 0883 c102 | 8948 0823 | 481c 0f84 | f708 0000 | 493b a7f0 | 0400 000f 
  0x000002d50753cce0: 8748 0000 | 0089 8424 | 00f0 ffff | 8984 2400 | e0ff ff89 | 8424 00d0 | ffff 8984 | 2400 c0ff 
  0x000002d50753cd00: ff89 8424 | 00b0 ffff | 8984 2400 | a0ff ff89 | 8424 0090 | ffff 8984 | 2400 80ff | ff49 3ba7 
  0x000002d50753cd20: e804 0000 | 7607 4989 | a7f0 0400 | 0041 c687 | 8104 0000 | 0049 ba57 | 7473 70fe | 7f00 0041 
  0x000002d50753cd40: 803a 000f | 843e 0000 | 0048 8b55 | e849 8bcf | 4883 ec20 | 40f6 c40f | 0f84 1900 | 0000 4883 
  0x000002d50753cd60: ec08 48b8 | c042 1d70 | fe7f 0000 | ffd0 4883 | c408 e90c | 0000 0048 | b8c0 421d | 70fe 7f00 
  0x000002d50753cd80: 00ff d048 | 83c4 2048 | 8b5d e84c | 8b5b 0845 | 0fb7 5b2e | 41c1 e303 | 492b e348 | 83ec 2048 
  0x000002d50753cda0: 83e4 f04c | 8b5b 604d | 85db 0f85 | ab00 0000 | e805 0000 | 00e9 9900 | 0000 488b | d348 8d44 
  0x000002d50753cdc0: 2408 4c89 | 6dc0 498b | cfc5 f877 | 4989 afb0 | 0300 0049 | 8987 a003 | 0000 4883 | ec20 40f6 
  0x000002d50753cde0: c40f 0f84 | 1900 0000 | 4883 ec08 | 48b8 7032 | e66f fe7f | 0000 ffd0 | 4883 c408 | e90c 0000 
  0x000002d50753ce00: 0048 b870 | 32e6 6ffe | 7f00 00ff | d048 83c4 | 2049 c787 | a003 0000 | 0000 0000 | 49c7 87b0 
  0x000002d50753ce20: 0300 0000 | 0000 0049 | c787 a803 | 0000 0000 | 0000 c5f8 | 7749 837f | 0800 0f84 | 0500 0000 
  0x000002d50753ce40: e9bb 40ff | ff4c 8b6d | c04c 8b75 | c84e 8d74 | f500 c348 | 8b5d e84c | 8b5b 6041 | ffd3 488b 
  0x000002d50753ce60: 5de8 4889 | 4518 448b | 5b28 41f6 | c308 0f84 | 1b00 0000 | 4c8b 5b08 | 4d8b 5b08 | 4d8b 5b18 
  0x000002d50753ce80: 4d8b 5b70 | 4d8b 1b4c | 895d 1048 | 8d55 1048 | 8b43 5849 | bab0 981d | 70fe 7f00 | 0049 3bc2 
  0x000002d50753cea0: 0f85 ab00 | 0000 e805 | 0000 00e9 | 9900 0000 | 488b d348 | 8d44 2408 | 4c89 6dc0 | 498b cfc5 
  0x000002d50753cec0: f877 4989 | afb0 0300 | 0049 8987 | a003 0000 | 4883 ec20 | 40f6 c40f | 0f84 1900 | 0000 4883 
  0x000002d50753cee0: ec08 48b8 | 7032 e66f | fe7f 0000 | ffd0 4883 | c408 e90c | 0000 0048 | b870 32e6 | 6ffe 7f00 
  0x000002d50753cf00: 00ff d048 | 83c4 2049 | c787 a003 | 0000 0000 | 0000 49c7 | 87b0 0300 | 0000 0000 | 0049 c787 
  0x000002d50753cf20: a803 0000 | 0000 0000 | c5f8 7749 | 837f 0800 | 0f84 0500 | 0000 e9c5 | 3fff ff4c | 8b6d c04c 
  0x000002d50753cf40: 8b75 c84e | 8d74 f500 | c348 8b5d | e848 8b43 | 5849 8d8f | c003 0000 | c5f8 7749 | 89af b003 
  0x000002d50753cf60: 0000 49ba | 58cf 5307 | d502 0000 | 4d89 97a8 | 0300 0049 | 89a7 a003 | 0000 41c7 | 8754 0400 
  0x000002d50753cf80: 0004 0000 | 00ff d0c5 | f877 4883 | ec10 c5fb | 1104 2448 | 83ec 1048 | 8904 2448 | c744 2408 
  0x000002d50753cfa0: 0000 0000 | 41c7 8754 | 0400 0005 | 0000 00f0 | 8344 24c0 | 0049 3baf | 5804 0000 | 0f87 0e00 
  0x000002d50753cfc0: 0000 4183 | bf50 0400 | 0000 0f84 | 2000 0000 | 498b cf4c | 8be4 4883 | ec20 4883 | e4f0 48b8 
  0x000002d50753cfe0: 3088 e76f | fe7f 0000 | ffd0 498b | e44d 33e4 | 41c7 8754 | 0400 0008 | 0000 0049 | c787 a003 
  0x000002d50753d000: 0000 0000 | 0000 49c7 | 87b0 0300 | 0000 0000 | 0049 c787 | a803 0000 | 0000 0000 | c5f8 774d 
  0x000002d50753d020: 8b9f 3004 | 0000 41c7 | 8300 0100 | 0000 0000 | 0049 bbda | a453 07d5 | 0200 004c | 3b5d 180f 
  0x000002d50753d040: 8524 0200 | 0048 8b04 | 2448 83c4 | 1048 85c0 | 0f84 fe01 | 0000 a803 | 0f85 0800 | 0000 488b 
  0x000002d50753d060: 00e9 ee01 | 0000 a801 | 0f85 0900 | 0000 488b | 40fe e9dd | 0100 0048 | 8b40 ff41 | 807f 3800 
  0x000002d50753d080: 0f84 ce01 | 0000 4883 | f800 0f84 | c401 0000 | 4d8b 5f28 | 4983 fb00 | 0f84 1400 | 0000 4983 
  0x000002d50753d0a0: eb08 4d89 | 5f28 4d03 | 5f30 4989 | 03e9 a201 | 0000 4881 | ecd0 0000 | 0048 8904 | 2448 894c 
  0x000002d50753d0c0: 2408 4889 | 5424 1048 | 8974 2418 | 4889 7c24 | 204c 8944 | 2428 4c89 | 4c24 304c | 8954 2438 
  0x000002d50753d0e0: 4c89 5c24 | 40c5 fb11 | 4424 50c5 | fb11 4c24 | 58c5 fb11 | 5424 60c5 | fb11 5c24 | 68c5 fb11 
  0x000002d50753d100: 6424 70c5 | fb11 6c24 | 78c5 fb11 | b424 8000 | 0000 c5fb | 11bc 2488 | 0000 00c5 | 7b11 8424 
  0x000002d50753d120: 9000 0000 | c57b 118c | 2498 0000 | 00c5 7b11 | 9424 a000 | 0000 c57b | 119c 24a8 | 0000 00c5 
  0x000002d50753d140: 7b11 a424 | b000 0000 | c57b 11ac | 24b8 0000 | 00c5 7b11 | b424 c000 | 0000 c57b | 11bc 24c8 
  0x000002d50753d160: 0000 0049 | 8bd7 488b | c848 83ec | 2040 f6c4 | 0f0f 8419 | 0000 0048 | 83ec 0848 | b8e0 b4da 
  0x000002d50753d180: 6ffe 7f00 | 00ff d048 | 83c4 08e9 | 0c00 0000 | 48b8 e0b4 | da6f fe7f | 0000 ffd0 | 4883 c420 
  0x000002d50753d1a0: c57b 10bc | 24c8 0000 | 00c5 7b10 | b424 c000 | 0000 c57b | 10ac 24b8 | 0000 00c5 | 7b10 a424 
  0x000002d50753d1c0: b000 0000 | c57b 109c | 24a8 0000 | 00c5 7b10 | 9424 a000 | 0000 c57b | 108c 2498 | 0000 00c5 
  0x000002d50753d1e0: 7b10 8424 | 9000 0000 | c5fb 10bc | 2488 0000 | 00c5 fb10 | b424 8000 | 0000 c5fb | 106c 2478 
  0x000002d50753d200: c5fb 1064 | 2470 c5fb | 105c 2468 | c5fb 1054 | 2460 c5fb | 104c 2458 | c5fb 1044 | 2450 4c8b 
  0x000002d50753d220: 5c24 404c | 8b54 2438 | 4c8b 4c24 | 304c 8b44 | 2428 488b | 7c24 2048 | 8b74 2418 | 488b 5424 
  0x000002d50753d240: 1048 8b4c | 2408 488b | 0424 4881 | c4d0 0000 | 00c5 f877 | 4889 4510 | 4883 ec10 | 4889 0424 
  0x000002d50753d260: 48c7 4424 | 0800 0000 | 0041 83bf | d004 0000 | 020f 85bf | 0000 0048 | 81ec 8000 | 0000 4889 
  0x000002d50753d280: 4424 7848 | 894c 2470 | 4889 5424 | 6848 895c | 2460 4889 | 6c24 5048 | 8974 2448 | 4889 7c24 
  0x000002d50753d2a0: 404c 8944 | 2438 4c89 | 4c24 304c | 8954 2428 | 4c89 5c24 | 204c 8964 | 2418 4c89 | 6c24 104c 
  0x000002d50753d2c0: 8974 2408 | 4c89 3c24 | 4c8b e448 | 83ec 2048 | 83e4 f048 | b800 7b1d | 70fe 7f00 | 00ff d049 
  0x000002d50753d2e0: 8be4 4c8b | 3c24 4c8b | 7424 084c | 8b6c 2410 | 4c8b 6424 | 184c 8b5c | 2420 4c8b | 5424 284c 
  0x000002d50753d300: 8b4c 2430 | 4c8b 4424 | 3848 8b7c | 2440 488b | 7424 4848 | 8b6c 2450 | 488b 5c24 | 6048 8b54 
  0x000002d50753d320: 2468 488b | 4c24 7048 | 8b44 2478 | 4881 c480 | 0000 004d | 33e4 488b | 5de8 4c8b | 6b08 4d8d 
  0x000002d50753d340: 6d38 4983 | 7f08 000f | 84bb 0000 | 00e8 0500 | 0000 e996 | 0000 0048 | 8d44 2408 | 4c89 6dc0 
  0x000002d50753d360: 498b cfc5 | f877 4989 | afb0 0300 | 0049 8987 | a003 0000 | 4883 ec20 | 40f6 c40f | 0f84 1900 
  0x000002d50753d380: 0000 4883 | ec08 48b8 | c050 e66f | fe7f 0000 | ffd0 4883 | c408 e90c | 0000 0048 | b8c0 50e6 
  0x000002d50753d3a0: 6ffe 7f00 | 00ff d048 | 83c4 2049 | c787 a003 | 0000 0000 | 0000 49c7 | 87b0 0300 | 0000 0000 
  0x000002d50753d3c0: 0049 c787 | a803 0000 | 0000 0000 | c5f8 7749 | 837f 0800 | 0f84 0500 | 0000 e921 | 3bff ff4c 
  0x000002d50753d3e0: 8b6d c04c | 8b75 c84e | 8d74 f500 | c348 b968 | a149 70fe | 7f00 0048 | 83e4 f048 | b8f0 fa0b 
  0x000002d50753d400: 70fe 7f00 | 00ff d0f4 | 448b 5b28 | 41f6 c320 | 0f84 4401 | 0000 488d | 55a8 4c8b | 5a08 4d85 
  0x000002d50753d420: db0f 85bb | 0000 00e8 | 0500 0000 | e996 0000 | 0048 8d44 | 2408 4c89 | 6dc0 498b | cfc5 f877 
  0x000002d50753d440: 4989 afb0 | 0300 0049 | 8987 a003 | 0000 4883 | ec20 40f6 | c40f 0f84 | 1900 0000 | 4883 ec08 
  0x000002d50753d460: 48b8 f04f | e66f fe7f | 0000 ffd0 | 4883 c408 | e90c 0000 | 0048 b8f0 | 4fe6 6ffe | 7f00 00ff 
  0x000002d50753d480: d048 83c4 | 2049 c787 | a003 0000 | 0000 0000 | 49c7 87b0 | 0300 0000 | 0000 0049 | c787 a803 
  0x000002d50753d4a0: 0000 0000 | 0000 c5f8 | 7749 837f | 0800 0f84 | 0500 0000 | e947 3aff | ff4c 8b6d | c04c 8b75 
  0x000002d50753d4c0: c84e 8d74 | f500 c348 | b968 a149 | 70fe 7f00 | 0048 83e4 | f048 b8f0 | fa0b 70fe | 7f00 00ff 
  0x000002d50753d4e0: d0f4 4c89 | 6dc0 488d | 024c 8b4a | 0848 c742 | 0800 0000 | 004c 8b00 | 4d85 c00f | 840b 0000 
  0x000002d50753d500: 00f0 4d0f | b101 0f85 | 0c00 0000 | 49ff 8f58 | 0500 00e9 | 3e00 0000 | 4c89 4a08 | 488b ca48 
  0x000002d50753d520: 83ec 2040 | f6c4 0f0f | 8419 0000 | 0048 83ec | 0848 b870 | 22e6 6ffe | 7f00 00ff | d048 83c4 
  0x000002d50753d540: 08e9 0c00 | 0000 48b8 | 7022 e66f | fe7f 0000 | ffd0 4883 | c420 4c8b | 6dc0 49ba | 5774 7370 
  0x000002d50753d560: fe7f 0000 | 4180 3a00 | 0f84 3e00 | 0000 488b | 55e8 498b | cf48 83ec | 2040 f6c4 | 0f0f 8419 
  0x000002d50753d580: 0000 0048 | 83ec 0848 | b8c0 421d | 70fe 7f00 | 00ff d048 | 83c4 08e9 | 0c00 0000 | 48b8 c042 
  0x000002d50753d5a0: 1d70 fe7f | 0000 ffd0 | 4883 c420 | 488b 0424 | 4883 c410 | c5fb 1004 | 2448 83c4 | 104c 8b5d 
  0x000002d50753d5c0: 1841 ffd3 | 4c8b 5df8 | c95f 498b | e3ff e7ba | 0000 0000 | e805 0000 | 00e9 9600 | 0000 488d 
  0x000002d50753d5e0: 4424 084c | 896d c049 | 8bcf c5f8 | 7749 89af | b003 0000 | 4989 87a0 | 0300 0048 | 83ec 2040 
  0x000002d50753d600: f6c4 0f0f | 8419 0000 | 0048 83ec | 0848 b830 | 16e6 6ffe | 7f00 00ff | d048 83c4 | 08e9 0c00 
  0x000002d50753d620: 0000 48b8 | 3016 e66f | fe7f 0000 | ffd0 4883 | c420 49c7 | 87a0 0300 | 0000 0000 | 0049 c787 
  0x000002d50753d640: b003 0000 | 0000 0000 | 49c7 87a8 | 0300 0000 | 0000 00c5 | f877 4983 | 7f08 000f | 8405 0000 
  0x000002d50753d660: 00e9 9a38 | ffff 4c8b | 6dc0 4c8b | 75c8 4e8d | 74f5 00c3 | 488b 5de8 | e95b f6ff | ff66 6690 
[/MachCode]

Compiled method (c1) 628  429       3       java.lang.invoke.DirectMethodHandle::preparedLambdaForm (31 bytes)
 total in heap  [0x000002d50008f390,0x000002d50008fb88] = 2040
 relocation     [0x000002d50008f4e8,0x000002d50008f570] = 136
 main code      [0x000002d50008f580,0x000002d50008f978] = 1016
 stub code      [0x000002d50008f978,0x000002d50008f9e0] = 104
 metadata       [0x000002d50008f9e0,0x000002d50008fa08] = 40
 scopes data    [0x000002d50008fa08,0x000002d50008fa70] = 104
 scopes pcs     [0x000002d50008fa70,0x000002d50008fb50] = 224
 dependencies   [0x000002d50008fb50,0x000002d50008fb58] = 8
 nul chk table  [0x000002d50008fb58,0x000002d50008fb88] = 48

[Constant Pool (empty)]

[MachCode]
[Verified Entry Point]
  # {method} {0x000002d579094960} 'preparedLambdaForm' '(Ljava/lang/invoke/MethodType;I)Ljava/lang/invoke/LambdaForm;' in 'java/lang/invoke/DirectMethodHandle'
  # parm0:    rdx:rdx   = 'java/lang/invoke/MethodType'
  # parm1:    r8        = int
  #           [sp+0x60]  (sp of caller)
  0x000002d50008f580: 8984 2400 | 80ff ff55 | 4883 ec50 | 4181 7f20 | 0100 0000 

  0x000002d50008f594: ;   {runtime_call StubRoutines (final stubs)}
  0x000002d50008f594: 7405 e865 | 574d 0748 | 8954 2438 | 4489 4424 

  0x000002d50008f5a4: ;   {metadata(method data for {method} {0x000002d579094960} 'preparedLambdaForm' '(Ljava/lang/invoke/MethodType;I)Ljava/lang/invoke/LambdaForm;' in 'java/lang/invoke/DirectMethodHandle')}
  0x000002d50008f5a4: 4048 be38 | 4798 79d5 | 0200 008b | becc 0000 | 0083 c702 | 89be cc00 | 0000 81e7 | fe07 0000 
  0x000002d50008f5c4: 85ff 0f84 | e302 0000 

  0x000002d50008f5cc: ; implicit exception: dispatches to 0x000002d50008f8d0
  0x000002d50008f5cc: 483b 0248 

  0x000002d50008f5d0: ;   {metadata(method data for {method} {0x000002d579094960} 'preparedLambdaForm' '(Ljava/lang/invoke/MethodType;I)Ljava/lang/invoke/LambdaForm;' in 'java/lang/invoke/DirectMethodHandle')}
  0x000002d50008f5d0: 8bf2 48bf | 3847 9879 | d502 0000 | 4883 8718 | 0100 0001 | 8b72 1448 | 3b06 488b 

  0x000002d50008f5ec: ;   {metadata(method data for {method} {0x000002d579094960} 'preparedLambdaForm' '(Ljava/lang/invoke/MethodType;I)Ljava/lang/invoke/LambdaForm;' in 'java/lang/invoke/DirectMethodHandle')}
  0x000002d50008f5ec: fe48 bb38 | 4798 79d5 | 0200 0048 | 8383 4801 

  0x000002d50008f5fc: ;   {metadata(method data for {method} {0x000002d57958fdf8} 'cachedLambdaForm' '(I)Ljava/lang/invoke/LambdaForm;' in 'java/lang/invoke/MethodTypeForm')}
  0x000002d50008f5fc: 0000 0148 | bf50 2882 | 79d5 0200 | 008b 9fcc | 0000 0083 | c302 899f | cc00 0000 | 81e3 feff 
  0x000002d50008f61c: 1f00 85db | 0f84 b402 | 0000 8b76 | 1c8b 7e0c | 413b f80f | 86cb 0200 | 0049 63f8 | 8b74 be10 
  0x000002d50008f63c: ;   {metadata(method data for {method} {0x000002d57958fdf8} 'cachedLambdaForm' '(I)Ljava/lang/invoke/LambdaForm;' in 'java/lang/invoke/MethodTypeForm')}
  0x000002d50008f63c: 4885 f648 | bf50 2882 | 79d5 0200 | 0048 c7c3 | 1801 0000 | 7407 48c7 | c328 0100 | 0048 8b04 
  0x000002d50008f65c: 1f48 8d40 | 0148 8904 | 1f0f 845e | 0100 0048 | 3b06 488b 

  0x000002d50008f670: ;   {metadata(method data for {method} {0x000002d57958fdf8} 'cachedLambdaForm' '(I)Ljava/lang/invoke/LambdaForm;' in 'java/lang/invoke/MethodTypeForm')}
  0x000002d50008f670: fe48 bb50 | 2882 79d5 | 0200 008b | 7f08 483b | bb40 0100 | 0075 0d48 | 8383 4801 | 0000 01e9 
  0x000002d50008f690: 6000 0000 | 483b bb50 | 0100 0075 | 0d48 8383 | 5801 0000 | 01e9 4a00 | 0000 4883 | bb40 0100 
  0x000002d50008f6b0: 0000 7517 | 4889 bb40 | 0100 0048 | c783 4801 | 0000 0100 | 0000 e929 | 0000 0048 | 83bb 5001 
  0x000002d50008f6d0: 0000 0075 | 1748 89bb | 5001 0000 | 48c7 8358 | 0100 0001 | 0000 00e9 | 0800 0000 | 4883 8338 
  0x000002d50008f6f0: 0100 0001 

  0x000002d50008f6f4: ;   {optimized virtual_call}
  0x000002d50008f6f4: 488b d6e8 

  0x000002d50008f6f8: ; ImmutableOopMap {[56]=Oop }
                      ;*invokevirtual get {reexecute=0 rethrow=0 return_oop=0}
                      ; - java.lang.invoke.MethodTypeForm::cachedLambdaForm@12 (line 132)
                      ; - java.lang.invoke.DirectMethodHandle::preparedLambdaForm@5 (line 228)
  0x000002d50008f6f8: 44e7 feff 

  0x000002d50008f6fc: ;   {other}
  0x000002d50008f6fc: 0f1f 8400 | 6c03 0000 

  0x000002d50008f704: ;   {metadata(method data for {method} {0x000002d57958fdf8} 'cachedLambdaForm' '(I)Ljava/lang/invoke/LambdaForm;' in 'java/lang/invoke/MethodTypeForm')}
  0x000002d50008f704: 4885 c049 | b850 2882 | 79d5 0200 | 0075 0d41 | 8088 6101 | 0000 01e9 | 9400 0000 | 8b70 0849 
  0x000002d50008f724: 3bb0 7001 | 0000 750d | 4983 8078 | 0100 0001 | e960 0000 | 0049 3bb0 | 8001 0000 | 750d 4983 
  0x000002d50008f744: 8088 0100 | 0001 e94a | 0000 0049 | 83b8 7001 | 0000 0075 | 1749 89b0 | 7001 0000 | 49c7 8078 
  0x000002d50008f764: 0100 0001 | 0000 00e9 | 2900 0000 | 4983 b880 | 0100 0000 | 7517 4989 | b080 0100 | 0049 c780 
  0x000002d50008f784: 8801 0000 | 0100 0000 | e908 0000 | 0049 8380 | 6801 0000 

  0x000002d50008f798: ;   {metadata('java/lang/invoke/LambdaForm')}
  0x000002d50008f798: 0148 be40 | dd04 3600 | 0000 008b | 5008 483b | f20f 8564 | 0100 00e9 | 0000 0000 

  0x000002d50008f7b4: ;   {metadata(method data for {method} {0x000002d57958fdf8} 'cachedLambdaForm' '(I)Ljava/lang/invoke/LambdaForm;' in 'java/lang/invoke/MethodTypeForm')}
  0x000002d50008f7b4: 48ba 5028 | 8279 d502 | 0000 ff82 | 9801 0000 | e90a 0000 

  0x000002d50008f7c8: ;   {oop(nullptr)}
  0x000002d50008f7c8: 0048 b800 | 0000 0000 | 0000 0048 

  0x000002d50008f7d4: ;   {metadata(method data for {method} {0x000002d579094960} 'preparedLambdaForm' '(Ljava/lang/invoke/MethodType;I)Ljava/lang/invoke/LambdaForm;' in 'java/lang/invoke/DirectMethodHandle')}
  0x000002d50008f7d4: 85c0 48ba | 3847 9879 | d502 0000 | 49c7 c078 | 0100 0074 | 0749 c7c0 | 8801 0000 | 4a8b 3402 
  0x000002d50008f7f4: 488d 7601 | 4a89 3402 | 0f84 1300 | 0000 4883 

  0x000002d50008f804: ;   {poll_return}
  0x000002d50008f804: c450 5d49 | 3ba7 5804 | 0000 0f87 | 0801 0000 | c344 8b44 | 2440 488b 

  0x000002d50008f81c: ;   {metadata(method data for {method} {0x000002d579094960} 'preparedLambdaForm' '(Ljava/lang/invoke/MethodType;I)Ljava/lang/invoke/LambdaForm;' in 'java/lang/invoke/DirectMethodHandle')}
  0x000002d50008f81c: 5424 3848 | be38 4798 | 79d5 0200 | 0048 8386 | 9801 0000 | 0148 8bf2 | 488b d649 | 8bf8 4c8b 
  0x000002d50008f83c: ;   {static_call}
  0x000002d50008f83c: c766 90e8 

  0x000002d50008f840: ; ImmutableOopMap {[56]=Oop }
                      ;*invokestatic makePreparedLambdaForm {reexecute=0 rethrow=0 return_oop=0}
                      ; - java.lang.invoke.DirectMethodHandle::preparedLambdaForm@17 (line 230)
  0x000002d50008f840: 4801 0000 

  0x000002d50008f844: ;   {other}
  0x000002d50008f844: 0f1f 8400 | b404 0001 | 488b 5424 

  0x000002d50008f850: ;   {metadata(method data for {method} {0x000002d579094960} 'preparedLambdaForm' '(Ljava/lang/invoke/MethodType;I)Ljava/lang/invoke/LambdaForm;' in 'java/lang/invoke/DirectMethodHandle')}
  0x000002d50008f850: 3849 b838 | 4798 79d5 | 0200 0049 | 8380 a801 | 0000 0148 | 8b54 2438 | 8b52 1448 | 3b02 4c8b 
  0x000002d50008f870: ;   {metadata(method data for {method} {0x000002d579094960} 'preparedLambdaForm' '(Ljava/lang/invoke/MethodType;I)Ljava/lang/invoke/LambdaForm;' in 'java/lang/invoke/DirectMethodHandle')}
  0x000002d50008f870: c249 b938 | 4798 79d5 | 0200 0049 | 8381 d801 | 0000 0144 | 8b44 2440 | 4c8b c80f 

  0x000002d50008f88c: ;   {optimized virtual_call}
  0x000002d50008f88c: 1f40 00e8 

  0x000002d50008f890: ; ImmutableOopMap {}
                      ;*invokevirtual setCachedLambdaForm {reexecute=0 rethrow=0 return_oop=0}
                      ; - java.lang.invoke.DirectMethodHandle::preparedLambdaForm@27 (line 231)
  0x000002d50008f890: 0701 0000 

  0x000002d50008f894: ;   {other}
  0x000002d50008f894: 0f1f 8400 | 0405 0002 | 4883 c450 

  0x000002d50008f8a0: ;   {poll_return}
  0x000002d50008f8a0: 5d49 3ba7 | 5804 0000 | 0f87 8900 

  0x000002d50008f8ac: ;   {metadata({method} {0x000002d579094960} 'preparedLambdaForm' '(Ljava/lang/invoke/MethodType;I)Ljava/lang/invoke/LambdaForm;' in 'java/lang/invoke/DirectMethodHandle')}
  0x000002d50008f8ac: 0000 c349 | ba58 4909 | 79d5 0200 | 004c 8954 | 2408 48c7 | 0424 ffff 

  0x000002d50008f8c4: ;   {runtime_call counter_overflow Runtime1 stub}
  0x000002d50008f8c4: ffff e835 

  0x000002d50008f8c8: ; ImmutableOopMap {rdx=Oop [56]=Oop }
                      ;*synchronization entry
                      ; - java.lang.invoke.DirectMethodHandle::preparedLambdaForm@-1 (line 228)
  0x000002d50008f8c8: 5c5b 07e9 | fcfc ffff 

  0x000002d50008f8d0: ;   {runtime_call throw_null_pointer_exception Runtime1 stub}
  0x000002d50008f8d0: e82b 0b5b 

  0x000002d50008f8d4: ; ImmutableOopMap {rdx=Oop [56]=Oop }
                      ;*invokevirtual form {reexecute=0 rethrow=0 return_oop=0}
                      ; - java.lang.invoke.DirectMethodHandle::preparedLambdaForm@1 (line 228)
                      ;   {runtime_call throw_null_pointer_exception Runtime1 stub}
  0x000002d50008f8d4: 07e8 260b 

  0x000002d50008f8d8: ; ImmutableOopMap {rdx=Oop rsi=Oop [56]=Oop }
                      ;*invokevirtual cachedLambdaForm {reexecute=0 rethrow=0 return_oop=0}
                      ; - java.lang.invoke.DirectMethodHandle::preparedLambdaForm@5 (line 228)
                      ;   {metadata({method} {0x000002d57958fdf8} 'cachedLambdaForm' '(I)Ljava/lang/invoke/LambdaForm;' in 'java/lang/invoke/MethodTypeForm')}
  0x000002d50008f8d8: 5b07 49ba | f0fd 5879 | d502 0000 | 4c89 5424 | 0848 c704 | 24ff ffff 

  0x000002d50008f8f0: ;   {runtime_call counter_overflow Runtime1 stub}
  0x000002d50008f8f0: ffe8 0a5c 

  0x000002d50008f8f4: ; ImmutableOopMap {rdx=Oop rsi=Oop [56]=Oop }
                      ;*synchronization entry
                      ; - java.lang.invoke.MethodTypeForm::cachedLambdaForm@-1 (line 131)
                      ; - java.lang.invoke.DirectMethodHandle::preparedLambdaForm@5 (line 228)
  0x000002d50008f8f4: 5b07 e92b 

  0x000002d50008f8f8: ;   {runtime_call throw_null_pointer_exception Runtime1 stub}
  0x000002d50008f8f8: fdff ffe8 

  0x000002d50008f8fc: ; ImmutableOopMap {rdx=Oop rsi=Oop [56]=Oop }
                      ;*aaload {reexecute=0 rethrow=0 return_oop=0}
                      ; - java.lang.invoke.MethodTypeForm::cachedLambdaForm@5 (line 131)
                      ; - java.lang.invoke.DirectMethodHandle::preparedLambdaForm@5 (line 228)
  0x000002d50008f8fc: 000b 5b07 | 4c89 0424 | 4889 7424 

  0x000002d50008f908: ;   {runtime_call throw_range_check_failed Runtime1 stub}
  0x000002d50008f908: 08e8 f201 

  0x000002d50008f90c: ; ImmutableOopMap {rdx=Oop rsi=Oop [56]=Oop }
                      ;*aaload {reexecute=0 rethrow=0 return_oop=0}
                      ; - java.lang.invoke.MethodTypeForm::cachedLambdaForm@5 (line 131)
                      ; - java.lang.invoke.DirectMethodHandle::preparedLambdaForm@5 (line 228)
                      ;   {runtime_call throw_null_pointer_exception Runtime1 stub}
  0x000002d50008f90c: 5b07 e8ed 

  0x000002d50008f910: ; ImmutableOopMap {rsi=Oop [56]=Oop }
                      ;*invokevirtual get {reexecute=0 rethrow=0 return_oop=0}
                      ; - java.lang.invoke.MethodTypeForm::cachedLambdaForm@12 (line 132)
                      ; - java.lang.invoke.DirectMethodHandle::preparedLambdaForm@5 (line 228)
  0x000002d50008f910: 0a5b 0748 

  0x000002d50008f914: ;   {runtime_call throw_class_cast_exception Runtime1 stub}
  0x000002d50008f914: 8904 24e8 

  0x000002d50008f918: ; ImmutableOopMap {[56]=Oop }
                      ;*checkcast {reexecute=0 rethrow=0 return_oop=0}
                      ; - java.lang.invoke.MethodTypeForm::cachedLambdaForm@15 (line 132)
                      ; - java.lang.invoke.DirectMethodHandle::preparedLambdaForm@5 (line 228)
  0x000002d50008f918: e42e 5b07 

  0x000002d50008f91c: ;   {internal_word}
  0x000002d50008f91c: 49ba 07f8 | 0800 d502 | 0000 4d89 | 9770 0400 

  0x000002d50008f92c: ;   {runtime_call SafepointBlob}
  0x000002d50008f92c: 00e9 ce5d 

  0x000002d50008f930: ;   {runtime_call throw_null_pointer_exception Runtime1 stub}
  0x000002d50008f930: 4f07 e8c9 

  0x000002d50008f934: ; ImmutableOopMap {rax=Oop rdx=Oop }
                      ;*invokevirtual setCachedLambdaForm {reexecute=0 rethrow=0 return_oop=0}
                      ; - java.lang.invoke.DirectMethodHandle::preparedLambdaForm@27 (line 231)
                      ;   {internal_word}
  0x000002d50008f934: 0a5b 0749 | baa1 f808 | 00d5 0200 | 004d 8997 | 7004 0000 

  0x000002d50008f948: ;   {runtime_call SafepointBlob}
  0x000002d50008f948: e9b3 5d4f | 0749 8b87 | 0805 0000 | 49c7 8708 | 0500 0000 | 0000 0049 | c787 1005 | 0000 0000 
  0x000002d50008f968: 0000 4883 

  0x000002d50008f96c: ;   {runtime_call unwind_exception Runtime1 stub}
  0x000002d50008f96c: c450 5de9 | 8cfb 5a07 | f4f4 f4f4 
[Stub Code]
  0x000002d50008f978: ;   {no_reloc}
  0x000002d50008f978: 0f1f 4400 

  0x000002d50008f97c: ;   {static_stub}
  0x000002d50008f97c: 0048 bb00 | 0000 0000 

  0x000002d50008f984: ;   {runtime_call}
  0x000002d50008f984: 0000 00e9 | fbff ffff 

  0x000002d50008f98c: ;   {static_stub}
  0x000002d50008f98c: 48bb e84e | 0979 d502 

  0x000002d50008f994: ;   {runtime_call I2C/C2I adapters}
  0x000002d50008f994: 0000 e9bf 

  0x000002d50008f998: ;   {static_stub}
  0x000002d50008f998: 434f 0748 | bb10 ff58 | 79d5 0200 

  0x000002d50008f9a4: ;   {runtime_call I2C/C2I adapters}
  0x000002d50008f9a4: 00e9 b4e8 

  0x000002d50008f9a8: ;   {runtime_call handle_exception_from_callee Runtime1 stub}
  0x000002d50008f9a8: 4c07 e851 

  0x000002d50008f9ac: ;   {external_word}
  0x000002d50008f9ac: 285b 0748 | b968 a149 | 70fe 7f00 | 0048 83e4 

  0x000002d50008f9bc: ;   {runtime_call}
  0x000002d50008f9bc: f048 b8f0 | fa0b 70fe | 7f00 00ff 

  0x000002d50008f9c8: ;   {section_word}
  0x000002d50008f9c8: d0f4 49ba | caf9 0800 | d502 0000 

  0x000002d50008f9d4: ;   {runtime_call DeoptimizationBlob}
  0x000002d50008f9d4: 4152 e9c5 | 4f4f 07f4 | f4f4 f4f4 
[/MachCode]


Compiled method (c1) 643  431       3       java.lang.invoke.DirectMethodHandle::preparedLambdaForm (6 bytes)
 total in heap  [0x000002d500090210,0x000002d500090548] = 824
 relocation     [0x000002d500090368,0x000002d5000903a8] = 64
 main code      [0x000002d5000903c0,0x000002d5000904a0] = 224
 stub code      [0x000002d5000904a0,0x000002d5000904e0] = 64
 metadata       [0x000002d5000904e0,0x000002d5000904e8] = 8
 scopes data    [0x000002d5000904e8,0x000002d500090500] = 24
 scopes pcs     [0x000002d500090500,0x000002d500090540] = 64
 dependencies   [0x000002d500090540,0x000002d500090548] = 8

[Constant Pool (empty)]

[MachCode]
[Verified Entry Point]
  # {method} {0x000002d579094880} 'preparedLambdaForm' '(Ljava/lang/invoke/MemberName;)Ljava/lang/invoke/LambdaForm;' in 'java/lang/invoke/DirectMethodHandle'
  # parm0:    rdx:rdx   = 'java/lang/invoke/MemberName'
  #           [sp+0x30]  (sp of caller)
  0x000002d5000903c0: 8984 2400 | 80ff ff55 | 4883 ec20 | 4181 7f20 | 0100 0000 

  0x000002d5000903d4: ;   {runtime_call StubRoutines (final stubs)}
  0x000002d5000903d4: 7405 e825 

  0x000002d5000903d8: ;   {metadata(method data for {method} {0x000002d579094880} 'preparedLambdaForm' '(Ljava/lang/invoke/MemberName;)Ljava/lang/invoke/LambdaForm;' in 'java/lang/invoke/DirectMethodHandle')}
  0x000002d5000903d8: 494d 0749 | b858 5c98 | 79d5 0200 | 0041 8bb0 | cc00 0000 | 83c6 0241 | 89b0 cc00 | 0000 81e6 
  0x000002d5000903f8: fe07 0000 | 85f6 0f84 | 3b00 0000 

  0x000002d500090404: ;   {metadata(method data for {method} {0x000002d579094880} 'preparedLambdaForm' '(Ljava/lang/invoke/MemberName;)Ljava/lang/invoke/LambdaForm;' in 'java/lang/invoke/DirectMethodHandle')}
  0x000002d500090404: 49b8 585c | 9879 d502 | 0000 4983 | 8018 0100 | 0001 41b8 | 0000 0000 

  0x000002d50009041c: ;   {static_call}
  0x000002d50009041c: 6666 90e8 

  0x000002d500090420: ; ImmutableOopMap {}
                      ;*invokestatic preparedLambdaForm {reexecute=0 rethrow=0 return_oop=0}
                      ; - java.lang.invoke.DirectMethodHandle::preparedLambdaForm@2 (line 224)
  0x000002d500090420: 7c00 0000 

  0x000002d500090424: ;   {other}
  0x000002d500090424: 0f1f 8400 | 1402 0000 | 4883 c420 

  0x000002d500090430: ;   {poll_return}
  0x000002d500090430: 5d49 3ba7 | 5804 0000 | 0f87 1f00 

  0x000002d50009043c: ;   {metadata({method} {0x000002d579094880} 'preparedLambdaForm' '(Ljava/lang/invoke/MemberName;)Ljava/lang/invoke/LambdaForm;' in 'java/lang/invoke/DirectMethodHandle')}
  0x000002d50009043c: 0000 c349 | ba78 4809 | 79d5 0200 | 004c 8954 | 2408 48c7 | 0424 ffff 

  0x000002d500090454: ;   {runtime_call counter_overflow Runtime1 stub}
  0x000002d500090454: ffff e8a5 

  0x000002d500090458: ; ImmutableOopMap {rdx=Oop }
                      ;*synchronization entry
                      ; - java.lang.invoke.DirectMethodHandle::preparedLambdaForm@-1 (line 224)
  0x000002d500090458: 505b 07eb 

  0x000002d50009045c: ;   {internal_word}
  0x000002d50009045c: a749 ba31 | 0409 00d5 | 0200 004d | 8997 7004 

  0x000002d50009046c: ;   {runtime_call SafepointBlob}
  0x000002d50009046c: 0000 e98d | 524f 0749 | 8b87 0805 | 0000 49c7 | 8708 0500 | 0000 0000 | 0049 c787 | 1005 0000 
  0x000002d50009048c: 0000 0000 | 4883 c420 

  0x000002d500090494: ;   {runtime_call unwind_exception Runtime1 stub}
  0x000002d500090494: 5de9 66f0 | 5a07 f4f4 | f4f4 f4f4 
[Stub Code]
  0x000002d5000904a0: ;   {no_reloc}
  0x000002d5000904a0: 48bb a047 | 0979 d502 

  0x000002d5000904a8: ;   {runtime_call I2C/C2I adapters}
  0x000002d5000904a8: 0000 e9ab 

  0x000002d5000904ac: ;   {runtime_call handle_exception_from_callee Runtime1 stub}
  0x000002d5000904ac: 384f 07e8 | 4c1d 5b07 

  0x000002d5000904b4: ;   {external_word}
  0x000002d5000904b4: 48b9 68a1 | 4970 fe7f | 0000 4883 

  0x000002d5000904c0: ;   {runtime_call}
  0x000002d5000904c0: e4f0 48b8 | f0fa 0b70 | fe7f 0000 

  0x000002d5000904cc: ;   {section_word}
  0x000002d5000904cc: ffd0 f449 | bacf 0409 | 00d5 0200 

  0x000002d5000904d8: ;   {runtime_call DeoptimizationBlob}
  0x000002d5000904d8: 0041 52e9 | c044 4f07 
[/MachCode]


---------------  P R O C E S S  ---------------

Threads class SMR info:
_java_thread_list=0x000002d5785bcc40, length=14, elements={
0x000002d56d789560, 0x000002d5782a60c0, 0x000002d5782a6b20, 0x000002d5782dbda0,
0x000002d5782ec790, 0x000002d5782d4750, 0x000002d5782d51b0, 0x000002d5782d8430,
0x000002d578304730, 0x000002d5784b0a20, 0x000002d5784b58b0, 0x000002d578793c60,
0x000002d578797360, 0x000002d5787aaee0
}

Java Threads: ( => current thread )
  0x000002d56d789560 JavaThread "main"                              [_thread_in_native, id=17584, stack(0x000000f3d5600000,0x000000f3d5700000) (1024K)]
  0x000002d5782a60c0 JavaThread "Reference Handler"          daemon [_thread_blocked, id=27568, stack(0x000000f3d5e00000,0x000000f3d5f00000) (1024K)]
  0x000002d5782a6b20 JavaThread "Finalizer"                  daemon [_thread_blocked, id=27712, stack(0x000000f3d5f00000,0x000000f3d6000000) (1024K)]
  0x000002d5782dbda0 JavaThread "Signal Dispatcher"          daemon [_thread_blocked, id=34648, stack(0x000000f3d6000000,0x000000f3d6100000) (1024K)]
  0x000002d5782ec790 JavaThread "Attach Listener"            daemon [_thread_blocked, id=35056, stack(0x000000f3d6100000,0x000000f3d6200000) (1024K)]
  0x000002d5782d4750 JavaThread "Service Thread"             daemon [_thread_blocked, id=9480, stack(0x000000f3d6200000,0x000000f3d6300000) (1024K)]
  0x000002d5782d51b0 JavaThread "Monitor Deflation Thread"   daemon [_thread_blocked, id=20176, stack(0x000000f3d6300000,0x000000f3d6400000) (1024K)]
  0x000002d5782d8430 JavaThread "C2 CompilerThread0"         daemon [_thread_blocked, id=35428, stack(0x000000f3d6400000,0x000000f3d6500000) (1024K)]
  0x000002d578304730 JavaThread "C1 CompilerThread0"         daemon [_thread_blocked, id=14620, stack(0x000000f3d6500000,0x000000f3d6600000) (1024K)]
  0x000002d5784b0a20 JavaThread "Notification Thread"        daemon [_thread_blocked, id=36544, stack(0x000000f3d6600000,0x000000f3d6700000) (1024K)]
  0x000002d5784b58b0 JavaThread "Common-Cleaner"             daemon [_thread_blocked, id=29716, stack(0x000000f3d6700000,0x000000f3d6800000) (1024K)]
  0x000002d578793c60 JavaThread "Java2D Disposer"            daemon [_thread_blocked, id=6956, stack(0x000000f3d6800000,0x000000f3d6900000) (1024K)]
  0x000002d578797360 JavaThread "AWT-Shutdown"                      [_thread_blocked, id=31196, stack(0x000000f3d6900000,0x000000f3d6a00000) (1024K)]
=>0x000002d5787aaee0 JavaThread "AWT-Windows"                daemon [_thread_in_vm, id=34348, stack(0x000000f3d6a00000,0x000000f3d6b00000) (1024K)]
Total: 14

Other Threads:
  0x000002d5780edad0 VMThread "VM Thread"                           [id=10016, stack(0x000000f3d5d00000,0x000000f3d5e00000) (1024K)]
  0x000002d57809e130 WatcherThread "VM Periodic Task Thread"        [id=33820, stack(0x000000f3d5c00000,0x000000f3d5d00000) (1024K)]
  0x000002d56d7cfea0 WorkerThread "GC Thread#0"                     [id=11308, stack(0x000000f3d5700000,0x000000f3d5800000) (1024K)]
  0x000002d56d7deb40 ConcurrentGCThread "G1 Main Marker"            [id=31736, stack(0x000000f3d5800000,0x000000f3d5900000) (1024K)]
  0x000002d56d7df650 WorkerThread "G1 Conc#0"                       [id=34800, stack(0x000000f3d5900000,0x000000f3d5a00000) (1024K)]
  0x000002d56d84ea40 ConcurrentGCThread "G1 Refine#0"               [id=15460, stack(0x000000f3d5a00000,0x000000f3d5b00000) (1024K)]
  0x000002d577f72710 ConcurrentGCThread "G1 Service"                [id=30876, stack(0x000000f3d5b00000,0x000000f3d5c00000) (1024K)]
Total: 7

Threads with active compile tasks:
Total: 0

VM state: not at safepoint (normal execution)

VM Mutex/Monitor currently owned by a thread:  ([mutex/lock_event])
[0x00007ffe7075df38] Metaspace_lock - owner thread: 0x000002d5787aaee0

Heap address: 0x00000000a2600000, size: 1498 MB, Compressed Oops mode: 32-bit

CDS archive(s) not mapped
Compressed class space mapped at: 0x0000000036000000-0x0000000076000000, reserved size: 1073741824
Narrow klass base: 0x0000000000000000, Narrow klass shift: 0, Narrow klass range: 0x76000000

GC Precious Log:
 CardTable entry size: 512
 Card Set container configuration: InlinePtr #cards 5 size 8 Array Of Cards #cards 12 size 40 Howl #buckets 4 coarsen threshold 1843 Howl Bitmap #cards 512 size 80 coarsen threshold 460 Card regions per heap region 1 cards per card region 2048
 CPUs: 12 total, 12 available
 Memory: 5989M
 Large Page Support: Disabled
 NUMA Support: Disabled
 Compressed Oops: Enabled (32-bit)
 Heap Region Size: 1M
 Heap Min Capacity: 8M
 Heap Initial Capacity: 94M
 Heap Max Capacity: 1498M
 Pre-touch: Disabled
 Parallel Workers: 10
 Concurrent Workers: 3
 Concurrent Refinement Workers: 10
 Periodic GC: Disabled

Heap:
 garbage-first heap   total reserved 1533952K, committed 96256K, used 4096K [0x00000000a2600000, 0x0000000100000000)
  region size 1024K, 5 young (5120K), 0 survivors (0K)
 Metaspace       used 10666K, committed 10880K, reserved 1114112K
  class space    used 1002K, committed 1088K, reserved 1048576K

Heap Regions: E=young(eden), S=young(survivor), O=old, HS=humongous(starts), HC=humongous(continues), CS=collection set, F=free, TAMS=top-at-mark-start, PB=parsable bottom
|   0|0x00000000a2600000, 0x00000000a2600000, 0x00000000a2700000|  0%| F|  |TAMS 0x00000000a2600000| PB 0x00000000a2600000| Untracked |  0
|   1|0x00000000a2700000, 0x00000000a2700000, 0x00000000a2800000|  0%| F|  |TAMS 0x00000000a2700000| PB 0x00000000a2700000| Untracked |  0
|   2|0x00000000a2800000, 0x00000000a2800000, 0x00000000a2900000|  0%| F|  |TAMS 0x00000000a2800000| PB 0x00000000a2800000| Untracked |  0
|   3|0x00000000a2900000, 0x00000000a2900000, 0x00000000a2a00000|  0%| F|  |TAMS 0x00000000a2900000| PB 0x00000000a2900000| Untracked |  0
|   4|0x00000000a2a00000, 0x00000000a2a00000, 0x00000000a2b00000|  0%| F|  |TAMS 0x00000000a2a00000| PB 0x00000000a2a00000| Untracked |  0
|   5|0x00000000a2b00000, 0x00000000a2b00000, 0x00000000a2c00000|  0%| F|  |TAMS 0x00000000a2b00000| PB 0x00000000a2b00000| Untracked |  0
|   6|0x00000000a2c00000, 0x00000000a2c00000, 0x00000000a2d00000|  0%| F|  |TAMS 0x00000000a2c00000| PB 0x00000000a2c00000| Untracked |  0
|   7|0x00000000a2d00000, 0x00000000a2d00000, 0x00000000a2e00000|  0%| F|  |TAMS 0x00000000a2d00000| PB 0x00000000a2d00000| Untracked |  0
|   8|0x00000000a2e00000, 0x00000000a2e00000, 0x00000000a2f00000|  0%| F|  |TAMS 0x00000000a2e00000| PB 0x00000000a2e00000| Untracked |  0
|   9|0x00000000a2f00000, 0x00000000a2f00000, 0x00000000a3000000|  0%| F|  |TAMS 0x00000000a2f00000| PB 0x00000000a2f00000| Untracked |  0
|  10|0x00000000a3000000, 0x00000000a3000000, 0x00000000a3100000|  0%| F|  |TAMS 0x00000000a3000000| PB 0x00000000a3000000| Untracked |  0
|  11|0x00000000a3100000, 0x00000000a3100000, 0x00000000a3200000|  0%| F|  |TAMS 0x00000000a3100000| PB 0x00000000a3100000| Untracked |  0
|  12|0x00000000a3200000, 0x00000000a3200000, 0x00000000a3300000|  0%| F|  |TAMS 0x00000000a3200000| PB 0x00000000a3200000| Untracked |  0
|  13|0x00000000a3300000, 0x00000000a3300000, 0x00000000a3400000|  0%| F|  |TAMS 0x00000000a3300000| PB 0x00000000a3300000| Untracked |  0
|  14|0x00000000a3400000, 0x00000000a3400000, 0x00000000a3500000|  0%| F|  |TAMS 0x00000000a3400000| PB 0x00000000a3400000| Untracked |  0
|  15|0x00000000a3500000, 0x00000000a3500000, 0x00000000a3600000|  0%| F|  |TAMS 0x00000000a3500000| PB 0x00000000a3500000| Untracked |  0
|  16|0x00000000a3600000, 0x00000000a3600000, 0x00000000a3700000|  0%| F|  |TAMS 0x00000000a3600000| PB 0x00000000a3600000| Untracked |  0
|  17|0x00000000a3700000, 0x00000000a3700000, 0x00000000a3800000|  0%| F|  |TAMS 0x00000000a3700000| PB 0x00000000a3700000| Untracked |  0
|  18|0x00000000a3800000, 0x00000000a3800000, 0x00000000a3900000|  0%| F|  |TAMS 0x00000000a3800000| PB 0x00000000a3800000| Untracked |  0
|  19|0x00000000a3900000, 0x00000000a3900000, 0x00000000a3a00000|  0%| F|  |TAMS 0x00000000a3900000| PB 0x00000000a3900000| Untracked |  0
|  20|0x00000000a3a00000, 0x00000000a3a00000, 0x00000000a3b00000|  0%| F|  |TAMS 0x00000000a3a00000| PB 0x00000000a3a00000| Untracked |  0
|  21|0x00000000a3b00000, 0x00000000a3b00000, 0x00000000a3c00000|  0%| F|  |TAMS 0x00000000a3b00000| PB 0x00000000a3b00000| Untracked |  0
|  22|0x00000000a3c00000, 0x00000000a3c00000, 0x00000000a3d00000|  0%| F|  |TAMS 0x00000000a3c00000| PB 0x00000000a3c00000| Untracked |  0
|  23|0x00000000a3d00000, 0x00000000a3d00000, 0x00000000a3e00000|  0%| F|  |TAMS 0x00000000a3d00000| PB 0x00000000a3d00000| Untracked |  0
|  24|0x00000000a3e00000, 0x00000000a3e00000, 0x00000000a3f00000|  0%| F|  |TAMS 0x00000000a3e00000| PB 0x00000000a3e00000| Untracked |  0
|  25|0x00000000a3f00000, 0x00000000a3f00000, 0x00000000a4000000|  0%| F|  |TAMS 0x00000000a3f00000| PB 0x00000000a3f00000| Untracked |  0
|  26|0x00000000a4000000, 0x00000000a4000000, 0x00000000a4100000|  0%| F|  |TAMS 0x00000000a4000000| PB 0x00000000a4000000| Untracked |  0
|  27|0x00000000a4100000, 0x00000000a4100000, 0x00000000a4200000|  0%| F|  |TAMS 0x00000000a4100000| PB 0x00000000a4100000| Untracked |  0
|  28|0x00000000a4200000, 0x00000000a4200000, 0x00000000a4300000|  0%| F|  |TAMS 0x00000000a4200000| PB 0x00000000a4200000| Untracked |  0
|  29|0x00000000a4300000, 0x00000000a4300000, 0x00000000a4400000|  0%| F|  |TAMS 0x00000000a4300000| PB 0x00000000a4300000| Untracked |  0
|  30|0x00000000a4400000, 0x00000000a4400000, 0x00000000a4500000|  0%| F|  |TAMS 0x00000000a4400000| PB 0x00000000a4400000| Untracked |  0
|  31|0x00000000a4500000, 0x00000000a4500000, 0x00000000a4600000|  0%| F|  |TAMS 0x00000000a4500000| PB 0x00000000a4500000| Untracked |  0
|  32|0x00000000a4600000, 0x00000000a4600000, 0x00000000a4700000|  0%| F|  |TAMS 0x00000000a4600000| PB 0x00000000a4600000| Untracked |  0
|  33|0x00000000a4700000, 0x00000000a4700000, 0x00000000a4800000|  0%| F|  |TAMS 0x00000000a4700000| PB 0x00000000a4700000| Untracked |  0
|  34|0x00000000a4800000, 0x00000000a4800000, 0x00000000a4900000|  0%| F|  |TAMS 0x00000000a4800000| PB 0x00000000a4800000| Untracked |  0
|  35|0x00000000a4900000, 0x00000000a4900000, 0x00000000a4a00000|  0%| F|  |TAMS 0x00000000a4900000| PB 0x00000000a4900000| Untracked |  0
|  36|0x00000000a4a00000, 0x00000000a4a00000, 0x00000000a4b00000|  0%| F|  |TAMS 0x00000000a4a00000| PB 0x00000000a4a00000| Untracked |  0
|  37|0x00000000a4b00000, 0x00000000a4b00000, 0x00000000a4c00000|  0%| F|  |TAMS 0x00000000a4b00000| PB 0x00000000a4b00000| Untracked |  0
|  38|0x00000000a4c00000, 0x00000000a4c00000, 0x00000000a4d00000|  0%| F|  |TAMS 0x00000000a4c00000| PB 0x00000000a4c00000| Untracked |  0
|  39|0x00000000a4d00000, 0x00000000a4d00000, 0x00000000a4e00000|  0%| F|  |TAMS 0x00000000a4d00000| PB 0x00000000a4d00000| Untracked |  0
|  40|0x00000000a4e00000, 0x00000000a4e00000, 0x00000000a4f00000|  0%| F|  |TAMS 0x00000000a4e00000| PB 0x00000000a4e00000| Untracked |  0
|  41|0x00000000a4f00000, 0x00000000a4f00000, 0x00000000a5000000|  0%| F|  |TAMS 0x00000000a4f00000| PB 0x00000000a4f00000| Untracked |  0
|  42|0x00000000a5000000, 0x00000000a5000000, 0x00000000a5100000|  0%| F|  |TAMS 0x00000000a5000000| PB 0x00000000a5000000| Untracked |  0
|  43|0x00000000a5100000, 0x00000000a5100000, 0x00000000a5200000|  0%| F|  |TAMS 0x00000000a5100000| PB 0x00000000a5100000| Untracked |  0
|  44|0x00000000a5200000, 0x00000000a5200000, 0x00000000a5300000|  0%| F|  |TAMS 0x00000000a5200000| PB 0x00000000a5200000| Untracked |  0
|  45|0x00000000a5300000, 0x00000000a5300000, 0x00000000a5400000|  0%| F|  |TAMS 0x00000000a5300000| PB 0x00000000a5300000| Untracked |  0
|  46|0x00000000a5400000, 0x00000000a5400000, 0x00000000a5500000|  0%| F|  |TAMS 0x00000000a5400000| PB 0x00000000a5400000| Untracked |  0
|  47|0x00000000a5500000, 0x00000000a5500000, 0x00000000a5600000|  0%| F|  |TAMS 0x00000000a5500000| PB 0x00000000a5500000| Untracked |  0
|  48|0x00000000a5600000, 0x00000000a5600000, 0x00000000a5700000|  0%| F|  |TAMS 0x00000000a5600000| PB 0x00000000a5600000| Untracked |  0
|  49|0x00000000a5700000, 0x00000000a5700000, 0x00000000a5800000|  0%| F|  |TAMS 0x00000000a5700000| PB 0x00000000a5700000| Untracked |  0
|  50|0x00000000a5800000, 0x00000000a5800000, 0x00000000a5900000|  0%| F|  |TAMS 0x00000000a5800000| PB 0x00000000a5800000| Untracked |  0
|  51|0x00000000a5900000, 0x00000000a5900000, 0x00000000a5a00000|  0%| F|  |TAMS 0x00000000a5900000| PB 0x00000000a5900000| Untracked |  0
|  52|0x00000000a5a00000, 0x00000000a5a00000, 0x00000000a5b00000|  0%| F|  |TAMS 0x00000000a5a00000| PB 0x00000000a5a00000| Untracked |  0
|  53|0x00000000a5b00000, 0x00000000a5b00000, 0x00000000a5c00000|  0%| F|  |TAMS 0x00000000a5b00000| PB 0x00000000a5b00000| Untracked |  0
|  54|0x00000000a5c00000, 0x00000000a5c00000, 0x00000000a5d00000|  0%| F|  |TAMS 0x00000000a5c00000| PB 0x00000000a5c00000| Untracked |  0
|  55|0x00000000a5d00000, 0x00000000a5d00000, 0x00000000a5e00000|  0%| F|  |TAMS 0x00000000a5d00000| PB 0x00000000a5d00000| Untracked |  0
|  56|0x00000000a5e00000, 0x00000000a5e00000, 0x00000000a5f00000|  0%| F|  |TAMS 0x00000000a5e00000| PB 0x00000000a5e00000| Untracked |  0
|  57|0x00000000a5f00000, 0x00000000a5f00000, 0x00000000a6000000|  0%| F|  |TAMS 0x00000000a5f00000| PB 0x00000000a5f00000| Untracked |  0
|  58|0x00000000a6000000, 0x00000000a6000000, 0x00000000a6100000|  0%| F|  |TAMS 0x00000000a6000000| PB 0x00000000a6000000| Untracked |  0
|  59|0x00000000a6100000, 0x00000000a6100000, 0x00000000a6200000|  0%| F|  |TAMS 0x00000000a6100000| PB 0x00000000a6100000| Untracked |  0
|  60|0x00000000a6200000, 0x00000000a6200000, 0x00000000a6300000|  0%| F|  |TAMS 0x00000000a6200000| PB 0x00000000a6200000| Untracked |  0
|  61|0x00000000a6300000, 0x00000000a6300000, 0x00000000a6400000|  0%| F|  |TAMS 0x00000000a6300000| PB 0x00000000a6300000| Untracked |  0
|  62|0x00000000a6400000, 0x00000000a6400000, 0x00000000a6500000|  0%| F|  |TAMS 0x00000000a6400000| PB 0x00000000a6400000| Untracked |  0
|  63|0x00000000a6500000, 0x00000000a6500000, 0x00000000a6600000|  0%| F|  |TAMS 0x00000000a6500000| PB 0x00000000a6500000| Untracked |  0
|  64|0x00000000a6600000, 0x00000000a6600000, 0x00000000a6700000|  0%| F|  |TAMS 0x00000000a6600000| PB 0x00000000a6600000| Untracked |  0
|  65|0x00000000a6700000, 0x00000000a6700000, 0x00000000a6800000|  0%| F|  |TAMS 0x00000000a6700000| PB 0x00000000a6700000| Untracked |  0
|  66|0x00000000a6800000, 0x00000000a6800000, 0x00000000a6900000|  0%| F|  |TAMS 0x00000000a6800000| PB 0x00000000a6800000| Untracked |  0
|  67|0x00000000a6900000, 0x00000000a6900000, 0x00000000a6a00000|  0%| F|  |TAMS 0x00000000a6900000| PB 0x00000000a6900000| Untracked |  0
|  68|0x00000000a6a00000, 0x00000000a6a00000, 0x00000000a6b00000|  0%| F|  |TAMS 0x00000000a6a00000| PB 0x00000000a6a00000| Untracked |  0
|  69|0x00000000a6b00000, 0x00000000a6b00000, 0x00000000a6c00000|  0%| F|  |TAMS 0x00000000a6b00000| PB 0x00000000a6b00000| Untracked |  0
|  70|0x00000000a6c00000, 0x00000000a6c00000, 0x00000000a6d00000|  0%| F|  |TAMS 0x00000000a6c00000| PB 0x00000000a6c00000| Untracked |  0
|  71|0x00000000a6d00000, 0x00000000a6d00000, 0x00000000a6e00000|  0%| F|  |TAMS 0x00000000a6d00000| PB 0x00000000a6d00000| Untracked |  0
|  72|0x00000000a6e00000, 0x00000000a6e00000, 0x00000000a6f00000|  0%| F|  |TAMS 0x00000000a6e00000| PB 0x00000000a6e00000| Untracked |  0
|  73|0x00000000a6f00000, 0x00000000a6f00000, 0x00000000a7000000|  0%| F|  |TAMS 0x00000000a6f00000| PB 0x00000000a6f00000| Untracked |  0
|  74|0x00000000a7000000, 0x00000000a7000000, 0x00000000a7100000|  0%| F|  |TAMS 0x00000000a7000000| PB 0x00000000a7000000| Untracked |  0
|  75|0x00000000a7100000, 0x00000000a7100000, 0x00000000a7200000|  0%| F|  |TAMS 0x00000000a7100000| PB 0x00000000a7100000| Untracked |  0
|  76|0x00000000a7200000, 0x00000000a7200000, 0x00000000a7300000|  0%| F|  |TAMS 0x00000000a7200000| PB 0x00000000a7200000| Untracked |  0
|  77|0x00000000a7300000, 0x00000000a7300000, 0x00000000a7400000|  0%| F|  |TAMS 0x00000000a7300000| PB 0x00000000a7300000| Untracked |  0
|  78|0x00000000a7400000, 0x00000000a7400000, 0x00000000a7500000|  0%| F|  |TAMS 0x00000000a7400000| PB 0x00000000a7400000| Untracked |  0
|  79|0x00000000a7500000, 0x00000000a7500000, 0x00000000a7600000|  0%| F|  |TAMS 0x00000000a7500000| PB 0x00000000a7500000| Untracked |  0
|  80|0x00000000a7600000, 0x00000000a7600000, 0x00000000a7700000|  0%| F|  |TAMS 0x00000000a7600000| PB 0x00000000a7600000| Untracked |  0
|  81|0x00000000a7700000, 0x00000000a7700000, 0x00000000a7800000|  0%| F|  |TAMS 0x00000000a7700000| PB 0x00000000a7700000| Untracked |  0
|  82|0x00000000a7800000, 0x00000000a7800000, 0x00000000a7900000|  0%| F|  |TAMS 0x00000000a7800000| PB 0x00000000a7800000| Untracked |  0
|  83|0x00000000a7900000, 0x00000000a7900000, 0x00000000a7a00000|  0%| F|  |TAMS 0x00000000a7900000| PB 0x00000000a7900000| Untracked |  0
|  84|0x00000000a7a00000, 0x00000000a7a00000, 0x00000000a7b00000|  0%| F|  |TAMS 0x00000000a7a00000| PB 0x00000000a7a00000| Untracked |  0
|  85|0x00000000a7b00000, 0x00000000a7b00000, 0x00000000a7c00000|  0%| F|  |TAMS 0x00000000a7b00000| PB 0x00000000a7b00000| Untracked |  0
|  86|0x00000000a7c00000, 0x00000000a7c00000, 0x00000000a7d00000|  0%| F|  |TAMS 0x00000000a7c00000| PB 0x00000000a7c00000| Untracked |  0
|  87|0x00000000a7d00000, 0x00000000a7d00000, 0x00000000a7e00000|  0%| F|  |TAMS 0x00000000a7d00000| PB 0x00000000a7d00000| Untracked |  0
|  88|0x00000000a7e00000, 0x00000000a7e00000, 0x00000000a7f00000|  0%| F|  |TAMS 0x00000000a7e00000| PB 0x00000000a7e00000| Untracked |  0
|  89|0x00000000a7f00000, 0x00000000a7ff5e78, 0x00000000a8000000| 96%| E|  |TAMS 0x00000000a7f00000| PB 0x00000000a7f00000| Complete |  0
|  90|0x00000000a8000000, 0x00000000a8100000, 0x00000000a8100000|100%| E|CS|TAMS 0x00000000a8000000| PB 0x00000000a8000000| Complete |  0
|  91|0x00000000a8100000, 0x00000000a8200000, 0x00000000a8200000|100%| E|CS|TAMS 0x00000000a8100000| PB 0x00000000a8100000| Complete |  0
|  92|0x00000000a8200000, 0x00000000a8300000, 0x00000000a8300000|100%| E|CS|TAMS 0x00000000a8200000| PB 0x00000000a8200000| Complete |  0
|  93|0x00000000a8300000, 0x00000000a8400000, 0x00000000a8400000|100%| E|CS|TAMS 0x00000000a8300000| PB 0x00000000a8300000| Complete |  0

Card table byte_map: [0x000002d5739e0000,0x000002d573cd0000] _byte_map_base: 0x000002d5734cd000

Marking Bits: (CMBitMap*) 0x000002d56d7d0dc0
 Bits: [0x000002d573cd0000, 0x000002d575438000)

Polling page: 0x000002d572a30000

Metaspace:

Usage:
  Non-class:      9.44 MB used.
      Class:   1002.39 KB used.
       Both:     10.42 MB used.

Virtual space:
  Non-class space:       64.00 MB reserved,       9.56 MB ( 15%) committed,  1 nodes.
      Class space:        1.00 GB reserved,       1.06 MB ( <1%) committed,  1 nodes.
             Both:        1.06 GB reserved,      10.62 MB ( <1%) committed. 

Chunk freelists:
   Non-Class:  6.48 MB
       Class:  14.75 MB
        Both:  21.22 MB

MaxMetaspaceSize: unlimited
CompressedClassSpaceSize: 1.00 GB
Initial GC threshold: 21.00 MB
Current GC threshold: 21.00 MB
CDS: off
 - commit_granule_bytes: 65536.
 - commit_granule_words: 8192.
 - virtual_space_node_default_size: 8388608.
 - enlarge_chunks_in_place: 1.
 - use_allocation_guard: 0.


Internal statistics:

num_allocs_failed_limit: 0.
num_arena_births: 116.
num_arena_deaths: 0.
num_vsnodes_births: 2.
num_vsnodes_deaths: 0.
num_space_committed: 170.
num_space_uncommitted: 0.
num_chunks_returned_to_freelist: 0.
num_chunks_taken_from_freelist: 162.
num_chunk_merges: 0.
num_chunk_splits: 89.
num_chunks_enlarged: 34.
num_inconsistent_stats: 0.

CodeHeap 'non-profiled nmethods': size=120000Kb used=131Kb max_used=131Kb free=119868Kb
 bounds [0x000002d507ad0000, 0x000002d507d40000, 0x000002d50f000000]
CodeHeap 'profiled nmethods': size=120000Kb used=652Kb max_used=652Kb free=119347Kb
 bounds [0x000002d500000000, 0x000002d500270000, 0x000002d507530000]
CodeHeap 'non-nmethods': size=5760Kb used=1397Kb max_used=1402Kb free=4362Kb
 bounds [0x000002d507530000, 0x000002d5077a0000, 0x000002d507ad0000]
 total_blobs=967 nmethods=474 adapters=398
 compilation: enabled
              stopped_count=0, restarted_count=0
 full_count=0

Compilation events (20 events):
Event: 0.472 Thread 0x000002d578304730  464       3       jdk.internal.logger.AbstractLoggerWrapper::isLoggable (26 bytes)
Event: 0.472 Thread 0x000002d578304730 nmethod 464 0x000002d50009f010 code [0x000002d50009f200, 0x000002d50009f760]
Event: 0.472 Thread 0x000002d578304730  465   !   3       sun.awt.AppContext::get (123 bytes)
Event: 0.473 Thread 0x000002d578304730 nmethod 465 0x000002d50009f910 code [0x000002d50009fb20, 0x000002d5000a0540]
Event: 0.474 Thread 0x000002d578304730  466       3       java.lang.ref.Reference::<init> (7 bytes)
Event: 0.474 Thread 0x000002d578304730 nmethod 466 0x000002d5000a0890 code [0x000002d5000a0a40, 0x000002d5000a0cf0]
Event: 0.474 Thread 0x000002d578304730  467       3       java.util.concurrent.ConcurrentHashMap$Traverser::advance (188 bytes)
Event: 0.475 Thread 0x000002d578304730 nmethod 467 0x000002d5000a0e10 code [0x000002d5000a1040, 0x000002d5000a1ab8]
Event: 0.475 Thread 0x000002d578304730  468       3       java.lang.Integer::valueOf (32 bytes)
Event: 0.475 Thread 0x000002d578304730 nmethod 468 0x000002d5000a1d90 code [0x000002d5000a1f40, 0x000002d5000a2238]
Event: 0.475 Thread 0x000002d578304730  470       3       java.util.HashSet::add (20 bytes)
Event: 0.476 Thread 0x000002d578304730 nmethod 470 0x000002d5000a2390 code [0x000002d5000a2540, 0x000002d5000a2760]
Event: 0.476 Thread 0x000002d578304730  469       3       java.lang.Integer::<init> (10 bytes)
Event: 0.476 Thread 0x000002d578304730 nmethod 469 0x000002d5000a2810 code [0x000002d5000a29c0, 0x000002d5000a2b88]
Event: 0.476 Thread 0x000002d578304730  471       3       java.lang.Integer::hashCode (8 bytes)
Event: 0.476 Thread 0x000002d578304730 nmethod 471 0x000002d5000a2c90 code [0x000002d5000a2e20, 0x000002d5000a2f88]
Event: 0.476 Thread 0x000002d578304730  472       3       java.lang.Integer::hashCode (2 bytes)
Event: 0.476 Thread 0x000002d578304730 nmethod 472 0x000002d5000a3010 code [0x000002d5000a31a0, 0x000002d5000a3290]
Event: 0.476 Thread 0x000002d578304730  473       1       java.lang.Integer::intValue (5 bytes)
Event: 0.476 Thread 0x000002d578304730 nmethod 473 0x000002d507af0810 code [0x000002d507af09a0, 0x000002d507af0a68]

GC Heap History (0 events):
No events

Dll operation events (4 events):
Event: 0.015 Loaded shared library C:\Users\Jenna Miles Reyes\.p2\pool\plugins\org.eclipse.justj.openjdk.hotspot.jre.full.win32.x86_64_22.0.0.v20240322-1225\jre\bin\java.dll
Event: 0.025 Loaded shared library C:\Users\Jenna Miles Reyes\.p2\pool\plugins\org.eclipse.justj.openjdk.hotspot.jre.full.win32.x86_64_22.0.0.v20240322-1225\jre\bin\zip.dll
Event: 0.199 Loaded shared library C:\Users\Jenna Miles Reyes\.p2\pool\plugins\org.eclipse.justj.openjdk.hotspot.jre.full.win32.x86_64_22.0.0.v20240322-1225\jre\bin\jimage.dll
Event: 0.235 Loaded shared library C:\Users\Jenna Miles Reyes\.p2\pool\plugins\org.eclipse.justj.openjdk.hotspot.jre.full.win32.x86_64_22.0.0.v20240322-1225\jre\bin\awt.dll

Deoptimization events (0 events):
No events

Classes loaded (20 events):
Event: 0.473 Loading class java/awt/peer/CanvasPeer
Event: 0.474 Loading class java/awt/peer/CanvasPeer done
Event: 0.474 Loading class sun/awt/windows/WCanvasPeer done
Event: 0.474 Loading class sun/awt/windows/WPanelPeer done
Event: 0.474 Loading class sun/awt/windows/WWindowPeer done
Event: 0.474 Loading class sun/awt/windows/WFramePeer done
Event: 0.474 Loading class sun/awt/windows/WWindowPeer$ActiveWindowListener
Event: 0.474 Loading class sun/awt/windows/WWindowPeer$ActiveWindowListener done
Event: 0.474 Loading class sun/awt/windows/WWindowPeer$GuiDisposedListener
Event: 0.474 Loading class sun/awt/windows/WWindowPeer$GuiDisposedListener done
Event: 0.474 Loading class sun/awt/RepaintArea
Event: 0.474 Loading class sun/awt/RepaintArea done
Event: 0.475 Loading class sun/awt/ExtendedKeyCodes
Event: 0.475 Loading class sun/awt/ExtendedKeyCodes done
Event: 0.477 Loading class sun/awt/EmbeddedFrame
Event: 0.477 Loading class sun/awt/EmbeddedFrame done
Event: 0.477 Loading class sun/awt/LightweightFrame
Event: 0.477 Loading class sun/awt/LightweightFrame done
Event: 0.477 Loading class sun/awt/im/InputMethodWindow
Event: 0.477 Loading class sun/awt/im/InputMethodWindow done

Classes unloaded (0 events):
No events

Classes redefined (0 events):
No events

Internal exceptions (10 events):
Event: 0.216 Thread 0x000002d56d789560 Exception <a 'java/lang/ClassNotFoundException'{0x00000000a82be8d8}: sun/awt/resources/spi/awtProvider> (0x00000000a82be8d8) 
thrown [s\src\hotspot\share\classfile\systemDictionary.cpp, line 313]
Event: 0.252 Thread 0x000002d56d789560 Exception <a 'java/io/FileNotFoundException'{0x00000000a8123b20}> (0x00000000a8123b20) 
thrown [s\src\hotspot\share\prims\jni.cpp, line 520]
Event: 0.261 Thread 0x000002d56d789560 Exception <a 'java/io/FileNotFoundException'{0x00000000a8151dc8}> (0x00000000a8151dc8) 
thrown [s\src\hotspot\share\prims\jni.cpp, line 520]
Event: 0.415 Thread 0x000002d56d789560 Exception <a 'java/lang/NoSuchMethodError'{0x00000000a81e3770}: 'void java.lang.invoke.DirectMethodHandle$Holder.invokeSpecial(java.lang.Object, java.lang.Object, java.lang.Object)'> (0x00000000a81e3770) 
thrown [s\src\hotspot\share\interpreter\linkResolver.cpp, line 774]
Event: 0.423 Thread 0x000002d56d789560 Exception <a 'java/lang/NoSuchMethodError'{0x00000000a808e930}: 'java.lang.Object java.lang.invoke.DirectMethodHandle$Holder.newInvokeSpecial(java.lang.Object, java.lang.Object, java.lang.Object, java.lang.Object, java.lang.Object)'> (0x00000000a808e930) 
thrown [s\src\hotspot\share\interpreter\linkResolver.cpp, line 774]
Event: 0.430 Thread 0x000002d56d789560 Exception <a 'java/lang/NoSuchMethodError'{0x00000000a80bb2d0}: 'java.lang.Object java.lang.invoke.DirectMethodHandle$Holder.invokeStatic(java.lang.Object, int, java.lang.Object)'> (0x00000000a80bb2d0) 
thrown [s\src\hotspot\share\interpreter\linkResolver.cpp, line 774]
Event: 0.456 Thread 0x000002d56d789560 Exception <a 'java/lang/ClassNotFoundException'{0x00000000a7f5d7a8}: com/sun/swing/internal/plaf/metal/resources/spi/metalProvider> (0x00000000a7f5d7a8) 
thrown [s\src\hotspot\share\classfile\systemDictionary.cpp, line 313]
Event: 0.458 Thread 0x000002d56d789560 Exception <a 'java/lang/ClassNotFoundException'{0x00000000a7f61788}: com/sun/swing/internal/plaf/basic/resources/spi/basicProvider> (0x00000000a7f61788) 
thrown [s\src\hotspot\share\classfile\systemDictionary.cpp, line 313]
Event: 0.470 Thread 0x000002d56d789560 Exception <a 'java/lang/NoSuchMethodError'{0x00000000a7f818b0}: 'int java.lang.invoke.Invokers$Holder.invokeExact_MT(java.lang.Object, java.lang.Object)'> (0x00000000a7f818b0) 
thrown [s\src\hotspot\share\interpreter\linkResolver.cpp, line 774]
Event: 0.482 Thread 0x000002d5787aaee0 Exception <a 'java/lang/NoSuchMethodError'{0x00000000a800e8e0}: 'void java.lang.invoke.DirectMethodHandle$Holder.invokeVirtual(java.lang.Object, java.lang.Object)'> (0x00000000a800e8e0) 
thrown [s\src\hotspot\share\interpreter\linkResolver.cpp, line 774]

ZGC Phase Switch (0 events):
No events

VM Operations (2 events):
Event: 0.456 Executing VM operation: HandshakeAllThreads (Deoptimize)
Event: 0.456 Executing VM operation: HandshakeAllThreads (Deoptimize) done

Events (14 events):
Event: 0.023 Thread 0x000002d56d789560 Thread added: 0x000002d56d789560
Event: 0.094 Thread 0x000002d5782a60c0 Thread added: 0x000002d5782a60c0
Event: 0.094 Thread 0x000002d5782a6b20 Thread added: 0x000002d5782a6b20
Event: 0.096 Thread 0x000002d5782dbda0 Thread added: 0x000002d5782dbda0
Event: 0.096 Thread 0x000002d5782ec790 Thread added: 0x000002d5782ec790
Event: 0.096 Thread 0x000002d5782d4750 Thread added: 0x000002d5782d4750
Event: 0.096 Thread 0x000002d5782d51b0 Thread added: 0x000002d5782d51b0
Event: 0.096 Thread 0x000002d5782d8430 Thread added: 0x000002d5782d8430
Event: 0.096 Thread 0x000002d578304730 Thread added: 0x000002d578304730
Event: 0.139 Thread 0x000002d5784b0a20 Thread added: 0x000002d5784b0a20
Event: 0.146 Thread 0x000002d5784b58b0 Thread added: 0x000002d5784b58b0
Event: 0.324 Thread 0x000002d578793c60 Thread added: 0x000002d578793c60
Event: 0.326 Thread 0x000002d578797360 Thread added: 0x000002d578797360
Event: 0.328 Thread 0x000002d5787aaee0 Thread added: 0x000002d5787aaee0


Dynamic libraries:
0x00007ff669210000 - 0x00007ff66921e000 	C:\Users\Jenna Miles Reyes\.p2\pool\plugins\org.eclipse.justj.openjdk.hotspot.jre.full.win32.x86_64_22.0.0.v20240322-1225\jre\bin\javaw.exe
0x00007ffed2830000 - 0x00007ffed2a46000 	C:\WINDOWS\SYSTEM32\ntdll.dll
0x00007ffed12b0000 - 0x00007ffed1374000 	C:\WINDOWS\System32\KERNEL32.DLL
0x00007ffed01d0000 - 0x00007ffed0576000 	C:\WINDOWS\System32\KERNELBASE.dll
0x00007ffecfd60000 - 0x00007ffecfe71000 	C:\WINDOWS\System32\ucrtbase.dll
0x00007ffec1020000 - 0x00007ffec1037000 	C:\Users\Jenna Miles Reyes\.p2\pool\plugins\org.eclipse.justj.openjdk.hotspot.jre.full.win32.x86_64_22.0.0.v20240322-1225\jre\bin\jli.dll
0x00007ffec1000000 - 0x00007ffec101b000 	C:\Users\Jenna Miles Reyes\.p2\pool\plugins\org.eclipse.justj.openjdk.hotspot.jre.full.win32.x86_64_22.0.0.v20240322-1225\jre\bin\VCRUNTIME140.dll
0x00007ffed17b0000 - 0x00007ffed195d000 	C:\WINDOWS\System32\USER32.dll
0x00007ffecfba0000 - 0x00007ffecfbc6000 	C:\WINDOWS\System32\win32u.dll
0x00007ffeb3b00000 - 0x00007ffeb3d93000 	C:\WINDOWS\WinSxS\amd64_microsoft.windows.common-controls_6595b64144ccf1df_6.0.22621.3235_none_270f74e173860f98\COMCTL32.dll
0x00007ffed21a0000 - 0x00007ffed21c9000 	C:\WINDOWS\System32\GDI32.dll
0x00007ffed20f0000 - 0x00007ffed2197000 	C:\WINDOWS\System32\msvcrt.dll
0x00007ffecfe80000 - 0x00007ffecff98000 	C:\WINDOWS\System32\gdi32full.dll
0x00007ffecfbd0000 - 0x00007ffecfc6a000 	C:\WINDOWS\System32\msvcp_win.dll
0x00007ffed0590000 - 0x00007ffed05c1000 	C:\WINDOWS\System32\IMM32.DLL
0x00007ffec0ff0000 - 0x00007ffec0ffc000 	C:\Users\Jenna Miles Reyes\.p2\pool\plugins\org.eclipse.justj.openjdk.hotspot.jre.full.win32.x86_64_22.0.0.v20240322-1225\jre\bin\vcruntime140_1.dll
0x00007ffea1d40000 - 0x00007ffea1dce000 	C:\Users\Jenna Miles Reyes\.p2\pool\plugins\org.eclipse.justj.openjdk.hotspot.jre.full.win32.x86_64_22.0.0.v20240322-1225\jre\bin\msvcp140.dll
0x00007ffe6fa80000 - 0x00007ffe70842000 	C:\Users\Jenna Miles Reyes\.p2\pool\plugins\org.eclipse.justj.openjdk.hotspot.jre.full.win32.x86_64_22.0.0.v20240322-1225\jre\bin\server\jvm.dll
0x00007ffed1170000 - 0x00007ffed1222000 	C:\WINDOWS\System32\ADVAPI32.dll
0x00007ffed2040000 - 0x00007ffed20e8000 	C:\WINDOWS\System32\sechost.dll
0x00007ffecfb70000 - 0x00007ffecfb98000 	C:\WINDOWS\System32\bcrypt.dll
0x00007ffed0fd0000 - 0x00007ffed10e5000 	C:\WINDOWS\System32\RPCRT4.dll
0x00007ffed2740000 - 0x00007ffed27b1000 	C:\WINDOWS\System32\WS2_32.dll
0x00007ffecf7e0000 - 0x00007ffecf82d000 	C:\WINDOWS\SYSTEM32\POWRPROF.dll
0x00007ffecd5b0000 - 0x00007ffecd5e4000 	C:\WINDOWS\SYSTEM32\WINMM.dll
0x00007ffec5d80000 - 0x00007ffec5d8a000 	C:\WINDOWS\SYSTEM32\VERSION.dll
0x00007ffecf5e0000 - 0x00007ffecf5f3000 	C:\WINDOWS\SYSTEM32\UMPDC.dll
0x00007ffeceb70000 - 0x00007ffeceb88000 	C:\WINDOWS\SYSTEM32\kernel.appcore.dll
0x00007ffecadc0000 - 0x00007ffecadca000 	C:\Users\Jenna Miles Reyes\.p2\pool\plugins\org.eclipse.justj.openjdk.hotspot.jre.full.win32.x86_64_22.0.0.v20240322-1225\jre\bin\jimage.dll
0x00007ffecd370000 - 0x00007ffecd5a3000 	C:\WINDOWS\SYSTEM32\DBGHELP.DLL
0x00007ffed23b0000 - 0x00007ffed2738000 	C:\WINDOWS\System32\combase.dll
0x00007ffed22d0000 - 0x00007ffed23a7000 	C:\WINDOWS\System32\OLEAUT32.dll
0x00007ffecd330000 - 0x00007ffecd362000 	C:\WINDOWS\SYSTEM32\dbgcore.DLL
0x00007ffecfce0000 - 0x00007ffecfd5a000 	C:\WINDOWS\System32\bcryptPrimitives.dll
0x00007ffec1560000 - 0x00007ffec157e000 	C:\Users\Jenna Miles Reyes\.p2\pool\plugins\org.eclipse.justj.openjdk.hotspot.jre.full.win32.x86_64_22.0.0.v20240322-1225\jre\bin\java.dll
0x00007ffed05d0000 - 0x00007ffed0e2d000 	C:\WINDOWS\System32\SHELL32.dll
0x00007ffed0e30000 - 0x00007ffed0fcf000 	C:\WINDOWS\System32\ole32.dll
0x00007ffec1320000 - 0x00007ffec1337000 	C:\Users\Jenna Miles Reyes\.p2\pool\plugins\org.eclipse.justj.openjdk.hotspot.jre.full.win32.x86_64_22.0.0.v20240322-1225\jre\bin\zip.dll
0x00007ffecd920000 - 0x00007ffece218000 	C:\WINDOWS\SYSTEM32\windows.storage.dll
0x00007ffece240000 - 0x00007ffece37e000 	C:\WINDOWS\SYSTEM32\wintypes.dll
0x00007ffed21d0000 - 0x00007ffed22c3000 	C:\WINDOWS\System32\SHCORE.dll
0x00007ffed1970000 - 0x00007ffed19ce000 	C:\WINDOWS\System32\shlwapi.dll
0x00007ffecfaa0000 - 0x00007ffecfac6000 	C:\WINDOWS\SYSTEM32\profapi.dll
0x00007ffe94280000 - 0x00007ffe9440c000 	C:\Users\Jenna Miles Reyes\.p2\pool\plugins\org.eclipse.justj.openjdk.hotspot.jre.full.win32.x86_64_22.0.0.v20240322-1225\jre\bin\awt.dll
0x00007ffecc820000 - 0x00007ffecc8b7000 	C:\WINDOWS\SYSTEM32\apphelp.dll
0x00007ffeccc40000 - 0x00007ffeccc6b000 	C:\WINDOWS\system32\DWMAPI.DLL
0x00007ffecc9e0000 - 0x00007ffecca8b000 	C:\WINDOWS\system32\uxtheme.dll
0x00007ffe892e0000 - 0x00007ffe893e0000 	C:\WINDOWS\system32\opengl32.dll
0x00007ffea4210000 - 0x00007ffea423d000 	C:\WINDOWS\SYSTEM32\GLU32.dll
0x00007ffeccaf0000 - 0x00007ffeccb29000 	C:\WINDOWS\SYSTEM32\dxcore.dll
0x00007ffed1a60000 - 0x00007ffed1bb4000 	C:\WINDOWS\System32\MSCTF.dll
0x00007ffe8a9b0000 - 0x00007ffe8ab59000 	C:\WINDOWS\system32\d3d9.dll
0x00007ffec5d90000 - 0x00007ffec5f4b000 	C:\WINDOWS\System32\DriverStore\FileRepository\u0390483.inf_amd64_b7c25444b8e9ca60\B389503\aticfx64.dll
0x00007ffebfb40000 - 0x00007ffebfb74000 	C:\WINDOWS\System32\DriverStore\FileRepository\u0390483.inf_amd64_b7c25444b8e9ca60\B389503\atiu9p64.dll
0x00007ffe7ca90000 - 0x00007ffe7d7e5000 	C:\WINDOWS\System32\DriverStore\FileRepository\u0390483.inf_amd64_b7c25444b8e9ca60\B389503\atiumd64.dll
0x00007ffec6030000 - 0x00007ffec6065000 	C:\WINDOWS\SYSTEM32\amdihk64.dll
0x00007ffeca260000 - 0x00007ffeca2aa000 	C:\WINDOWS\SYSTEM32\directxdatabasehelper.dll

dbghelp: loaded successfully - version: 4.0.5 - missing functions: none
symbol engine: initialized successfully - sym options: 0x614 - pdb path: .;C:\Users\Jenna Miles Reyes\.p2\pool\plugins\org.eclipse.justj.openjdk.hotspot.jre.full.win32.x86_64_22.0.0.v20240322-1225\jre\bin;C:\WINDOWS\SYSTEM32;C:\WINDOWS\WinSxS\amd64_microsoft.windows.common-controls_6595b64144ccf1df_6.0.22621.3235_none_270f74e173860f98;C:\Users\Jenna Miles Reyes\.p2\pool\plugins\org.eclipse.justj.openjdk.hotspot.jre.full.win32.x86_64_22.0.0.v20240322-1225\jre\bin\server;C:\WINDOWS\System32\DriverStore\FileRepository\u0390483.inf_amd64_b7c25444b8e9ca60\B389503

VM Arguments:
jvm_args: -Dfile.encoding=UTF-8 -Dstdout.encoding=UTF-8 -Dstderr.encoding=UTF-8 -XX:+ShowCodeDetailsInExceptionMessages 
java_command: Piano
java_class_path (initial): C:\Users\Jenna Miles Reyes\eclipse-workspace\MyProject\bin
Launcher Type: SUN_STANDARD

[Global flags]
     intx CICompilerCount                          = 4                                         {product} {ergonomic}
     uint ConcGCThreads                            = 3                                         {product} {ergonomic}
     uint G1ConcRefinementThreads                  = 10                                        {product} {ergonomic}
   size_t G1HeapRegionSize                         = 1048576                                   {product} {ergonomic}
   size_t InitialHeapSize                          = 98566144                                  {product} {ergonomic}
   size_t MarkStackSize                            = 4194304                                   {product} {ergonomic}
   size_t MaxHeapSize                              = 1570766848                                {product} {ergonomic}
   size_t MaxNewSize                               = 941621248                                 {product} {ergonomic}
   size_t MinHeapDeltaBytes                        = 1048576                                   {product} {ergonomic}
   size_t MinHeapSize                              = 8388608                                   {product} {ergonomic}
    uintx NonNMethodCodeHeapSize                   = 5839372                                {pd product} {ergonomic}
    uintx NonProfiledCodeHeapSize                  = 122909434                              {pd product} {ergonomic}
    uintx ProfiledCodeHeapSize                     = 122909434                              {pd product} {ergonomic}
    uintx ReservedCodeCacheSize                    = 251658240                              {pd product} {ergonomic}
     bool SegmentedCodeCache                       = true                                      {product} {ergonomic}
     bool ShowCodeDetailsInExceptionMessages       = true                                   {manageable} {command line}
   size_t SoftMaxHeapSize                          = 1570766848                             {manageable} {ergonomic}
     bool UseCompressedOops                        = true                           {product lp64_product} {ergonomic}
     bool UseG1GC                                  = true                                      {product} {ergonomic}
     bool UseLargePagesIndividualAllocation        = false                                  {pd product} {ergonomic}

Logging:
Log output configuration:
 #0: stdout all=warning uptime,level,tags foldmultilines=false
 #1: stderr all=off uptime,level,tags foldmultilines=false

Environment Variables:
PATH=C:/Users/Jenna Miles Reyes/.p2/pool/plugins/org.eclipse.justj.openjdk.hotspot.jre.full.win32.x86_64_22.0.0.v20240322-1225/jre/bin/server;C:/Users/Jenna Miles Reyes/.p2/pool/plugins/org.eclipse.justj.openjdk.hotspot.jre.full.win32.x86_64_22.0.0.v20240322-1225/jre/bin;C:\WINDOWS\system32;C:\WINDOWS;C:\WINDOWS\System32\Wbem;C:\WINDOWS\System32\WindowsPowerShell\v1.0\;C:\WINDOWS\System32\OpenSSH\;C:\Program Files\Microsoft SQL Server\150\Tools\Binn\;C:\Program Files\dotnet\;C:\Users\Jenna Miles Reyes\AppData\Local\Microsoft\WindowsApps;C:\MinGW\bin;C:\Users\Jenna Miles Reyes\.dotnet\tools;C:\Users\Jenna Miles Reyes\AppData\Local\Programs\Microsoft VS Code\bin;C:\WINDOWS\System32;
USERNAME=Jenna Miles Reyes
OS=Windows_NT
PROCESSOR_IDENTIFIER=AMD64 Family 25 Model 80 Stepping 0, AuthenticAMD
TMP=C:\Users\JENNAM~1\AppData\Local\Temp
TEMP=C:\Users\JENNAM~1\AppData\Local\Temp




Periodic native trim disabled

---------------  S Y S T E M  ---------------

OS:
 Windows 11 , 64 bit Build 22621 (10.0.22621.3235)
OS uptime: 8 days 2:54 hours
Hyper-V role detected

CPU: total 12 (initial active 12) (12 cores per cpu, 2 threads per core) family 25 model 80 stepping 0 microcode 0x0, cx8, cmov, fxsr, ht, mmx, 3dnowpref, sse, sse2, sse3, ssse3, sse4a, sse4.1, sse4.2, popcnt, lzcnt, tsc, tscinvbit, avx, avx2, aes, erms, clmul, bmi1, bmi2, adx, sha, fma, vzeroupper, clflush, clflushopt, hv, rdtscp, rdpid, fsrm, f16c, cet_ss
Processor Information for processor 0
  Max Mhz: 2301, Current Mhz: 1798, Mhz Limit: 2301
Processor Information for processor 1
  Max Mhz: 2301, Current Mhz: 1798, Mhz Limit: 2301
Processor Information for processor 2
  Max Mhz: 2301, Current Mhz: 1798, Mhz Limit: 2301
Processor Information for processor 3
  Max Mhz: 2301, Current Mhz: 1798, Mhz Limit: 2301
Processor Information for processor 4
  Max Mhz: 2301, Current Mhz: 2301, Mhz Limit: 2301
Processor Information for processor 5
  Max Mhz: 2301, Current Mhz: 1798, Mhz Limit: 2301
Processor Information for processor 6
  Max Mhz: 2301, Current Mhz: 1798, Mhz Limit: 2301
Processor Information for processor 7
  Max Mhz: 2301, Current Mhz: 1798, Mhz Limit: 2301
Processor Information for processor 8
  Max Mhz: 2301, Current Mhz: 1798, Mhz Limit: 2301
Processor Information for processor 9
  Max Mhz: 2301, Current Mhz: 1798, Mhz Limit: 2301
Processor Information for processor 10
  Max Mhz: 2301, Current Mhz: 1798, Mhz Limit: 2301
Processor Information for processor 11
  Max Mhz: 2301, Current Mhz: 1798, Mhz Limit: 2301

Memory: 4k page, system-wide physical 5989M (389M free)
TotalPageFile size 24421M (AvailPageFile size 0M)
current process WorkingSet (physical memory assigned to process): 52M, peak: 52M
current process commit charge ("private bytes"): 182M, peak: 188M

vm_info: OpenJDK 64-Bit Server VM (22+36) for windows-amd64 JRE (22+36), built on 2024-03-19T00:00:00Z by "admin" with MS VC++ 17.7 (VS2022)

END.
