#
# There is insufficient memory for the Java Runtime Environment to continue.
# Native memory allocation (malloc) failed to allocate 32744 bytes. Error detail: Chunk::new
# Possible reasons:
#   The system is out of physical RAM or swap space
#   This process is running with CompressedOops enabled, and the Java Heap may be blocking the growth of the native heap
# Possible solutions:
#   Reduce memory load on the system
#   Increase physical memory or swap space
#   Check if swap backing store is full
#   Decrease Java heap size (-Xmx/-Xms)
#   Decrease number of Java threads
#   Decrease Java thread stack sizes (-Xss)
#   Set larger code cache with -XX:ReservedCodeCacheSize=
#   JVM is running with Unscaled Compressed Oops mode in which the Java heap is
#     placed in the first 4GB address space. The Java Heap base address is the
#     maximum limit for the native heap growth. Please use -XX:HeapBaseMinAddress
#     to set the Java Heap base and to place the Java Heap above 4GB virtual address.
# This output file may be truncated or incomplete.
#
#  Out of Memory Error (arena.cpp:150), pid=17600, tid=10144
#
# JRE version: OpenJDK Runtime Environment Temurin-22+36 (22.0+36) (build 22+36)
# Java VM: OpenJDK 64-Bit Server VM Temurin-22+36 (22+36, mixed mode, tiered, compressed oops, compressed class ptrs, g1 gc, windows-amd64)
# No core dump will be written. Minidumps are not enabled by default on client versions of Windows
#

---------------  S U M M A R Y ------------

Command Line: -Dfile.encoding=UTF-8 -Dstdout.encoding=UTF-8 -Dstderr.encoding=UTF-8 -XX:+ShowCodeDetailsInExceptionMessages Weather

Host: AMD Ryzen 5 5625U with Radeon Graphics         , 12 cores, 5G,  Windows 11 , 64 bit Build 22621 (10.0.22621.3235)
Time: Fri Apr  5 11:14:51 2024 Malay Peninsula Standard Time elapsed time: 0.288342 seconds (0d 0h 0m 0s)

---------------  T H R E A D  ---------------

Current thread (0x0000021cff064ec0):  JavaThread "C2 CompilerThread0" daemon [_thread_in_native, id=10144, stack(0x000000fdde200000,0x000000fdde300000) (1024K)]


Current CompileTask:
C2:288  472 %     4       sun.awt.image.PNGImageDecoder::filterRow @ 79 (460 bytes)

Stack: [0x000000fdde200000,0x000000fdde300000]
Native frames: (J=compiled Java code, j=interpreted, Vv=VM code, C=native code)
V  [jvm.dll+0x6ea2f9]  (no source info available)
V  [jvm.dll+0x8ccec3]  (no source info available)
V  [jvm.dll+0x8cf2ee]  (no source info available)
V  [jvm.dll+0x8cf9c3]  (no source info available)
V  [jvm.dll+0x286dd6]  (no source info available)
V  [jvm.dll+0xc3b8f]  (no source info available)
V  [jvm.dll+0xc3deb]  (no source info available)
V  [jvm.dll+0x2ee9e6]  (no source info available)
V  [jvm.dll+0x2ee7db]  (no source info available)
V  [jvm.dll+0x8889d0]  (no source info available)
V  [jvm.dll+0xb866d]  (no source info available)
V  [jvm.dll+0xb9ce5]  (no source info available)
V  [jvm.dll+0xb8522]  (no source info available)
V  [jvm.dll+0x7143de]  (no source info available)
V  [jvm.dll+0x712802]  (no source info available)
V  [jvm.dll+0x24ffc0]  (no source info available)
V  [jvm.dll+0x24d456]  (no source info available)
V  [jvm.dll+0x1cad00]  (no source info available)
V  [jvm.dll+0x25d3bb]  (no source info available)
V  [jvm.dll+0x25b68a]  (no source info available)
V  [jvm.dll+0x3fbc96]  (no source info available)
V  [jvm.dll+0x8752db]  (no source info available)
V  [jvm.dll+0x6e89f5]  (no source info available)
C  [ucrtbase.dll+0x29363]  (no source info available)
C  [KERNEL32.DLL+0x1257d]  (no source info available)
C  [ntdll.dll+0x5aa58]  (no source info available)


---------------  P R O C E S S  ---------------

Threads class SMR info:
_java_thread_list=0x0000021cff4ea880, length=15, elements={
0x0000021ce11bbd30, 0x0000021cff014830, 0x0000021cff015490, 0x0000021cff067ae0,
0x0000021cff068540, 0x0000021cff03ce40, 0x0000021cff05d570, 0x0000021cff064ec0,
0x0000021cff06c470, 0x0000021cff05dc00, 0x0000021cff05e290, 0x0000021cff05cee0,
0x0000021cff060360, 0x0000021cff05fcd0, 0x0000021cff05e920
}

Java Threads: ( => current thread )
  0x0000021ce11bbd30 JavaThread "main"                              [_thread_blocked, id=25816, stack(0x000000fddd400000,0x000000fddd500000) (1024K)]
  0x0000021cff014830 JavaThread "Reference Handler"          daemon [_thread_blocked, id=29208, stack(0x000000fdddc00000,0x000000fdddd00000) (1024K)]
  0x0000021cff015490 JavaThread "Finalizer"                  daemon [_thread_blocked, id=23484, stack(0x000000fdddd00000,0x000000fddde00000) (1024K)]
  0x0000021cff067ae0 JavaThread "Signal Dispatcher"          daemon [_thread_blocked, id=17648, stack(0x000000fddde00000,0x000000fdddf00000) (1024K)]
  0x0000021cff068540 JavaThread "Attach Listener"            daemon [_thread_blocked, id=3080, stack(0x000000fdddf00000,0x000000fdde000000) (1024K)]
  0x0000021cff03ce40 JavaThread "Service Thread"             daemon [_thread_blocked, id=17856, stack(0x000000fdde000000,0x000000fdde100000) (1024K)]
  0x0000021cff05d570 JavaThread "Monitor Deflation Thread"   daemon [_thread_blocked, id=2272, stack(0x000000fdde100000,0x000000fdde200000) (1024K)]
=>0x0000021cff064ec0 JavaThread "C2 CompilerThread0"         daemon [_thread_in_native, id=10144, stack(0x000000fdde200000,0x000000fdde300000) (1024K)]
  0x0000021cff06c470 JavaThread "C1 CompilerThread0"         daemon [_thread_blocked, id=20972, stack(0x000000fdde300000,0x000000fdde400000) (1024K)]
  0x0000021cff05dc00 JavaThread "Notification Thread"        daemon [_thread_blocked, id=6640, stack(0x000000fdde400000,0x000000fdde500000) (1024K)]
  0x0000021cff05e290 JavaThread "Common-Cleaner"             daemon [_thread_blocked, id=10688, stack(0x000000fdde500000,0x000000fdde600000) (1024K)]
  0x0000021cff05cee0 JavaThread "Java2D Disposer"            daemon [_thread_blocked, id=25496, stack(0x000000fdde600000,0x000000fdde700000) (1024K)]
  0x0000021cff060360 JavaThread "AWT-Shutdown"                      [_thread_blocked, id=28856, stack(0x000000fdde700000,0x000000fdde800000) (1024K)]
  0x0000021cff05fcd0 JavaThread "AWT-Windows"                daemon [_thread_in_native, id=22672, stack(0x000000fdde800000,0x000000fdde900000) (1024K)]
  0x0000021cff05e920 JavaThread "Image Fetcher 0"            daemon [_thread_in_native, id=30236, stack(0x000000fdde900000,0x000000fddea00000) (1024K)]
Total: 15

Other Threads:
  0x0000021cfae27f70 VMThread "VM Thread"                           [id=26572, stack(0x000000fdddb00000,0x000000fdddc00000) (1024K)]
  0x0000021cfadd79d0 WatcherThread "VM Periodic Task Thread"        [id=6172, stack(0x000000fddda00000,0x000000fdddb00000) (1024K)]
  0x0000021ce34a04a0 WorkerThread "GC Thread#0"                     [id=36820, stack(0x000000fddd500000,0x000000fddd600000) (1024K)]
  0x0000021ce34acee0 ConcurrentGCThread "G1 Main Marker"            [id=34660, stack(0x000000fddd600000,0x000000fddd700000) (1024K)]
  0x0000021ce34ae250 WorkerThread "G1 Conc#0"                       [id=35804, stack(0x000000fddd700000,0x000000fddd800000) (1024K)]
  0x0000021cfacb10b0 ConcurrentGCThread "G1 Refine#0"               [id=35732, stack(0x000000fddd800000,0x000000fddd900000) (1024K)]
  0x0000021cfacb1a40 ConcurrentGCThread "G1 Service"                [id=36524, stack(0x000000fddd900000,0x000000fddda00000) (1024K)]
Total: 7

Threads with active compile tasks:
C2 CompilerThread0  306  472 %     4       sun.awt.image.PNGImageDecoder::filterRow @ 79 (460 bytes)
Total: 1

VM state: not at safepoint (normal execution)

VM Mutex/Monitor currently owned by a thread: None

Heap address: 0x00000000a2600000, size: 1498 MB, Compressed Oops mode: 32-bit

CDS archive(s) not mapped
Compressed class space mapped at: 0x000000003b000000-0x000000007b000000, reserved size: 1073741824
Narrow klass base: 0x0000000000000000, Narrow klass shift: 0, Narrow klass range: 0x7b000000

GC Precious Log:
 CardTable entry size: 512
 Card Set container configuration: InlinePtr #cards 5 size 8 Array Of Cards #cards 12 size 40 Howl #buckets 4 coarsen threshold 1843 Howl Bitmap #cards 512 size 80 coarsen threshold 460 Card regions per heap region 1 cards per card region 2048
 CPUs: 12 total, 12 available
 Memory: 5989M
 Large Page Support: Disabled
 NUMA Support: Disabled
 Compressed Oops: Enabled (32-bit)
 Heap Region Size: 1M
 Heap Min Capacity: 8M
 Heap Initial Capacity: 94M
 Heap Max Capacity: 1498M
 Pre-touch: Disabled
 Parallel Workers: 10
 Concurrent Workers: 3
 Concurrent Refinement Workers: 10
 Periodic GC: Disabled

Heap:
 garbage-first heap   total reserved 1533952K, committed 96256K, used 12288K [0x00000000a2600000, 0x0000000100000000)
  region size 1024K, 8 young (8192K), 0 survivors (0K)
 Metaspace       used 10982K, committed 11200K, reserved 1114112K
  class space    used 1016K, committed 1152K, reserved 1048576K

Heap Regions: E=young(eden), S=young(survivor), O=old, HS=humongous(starts), HC=humongous(continues), CS=collection set, F=free, TAMS=top-at-mark-start, PB=parsable bottom
|   0|0x00000000a2600000, 0x00000000a2700000, 0x00000000a2700000|100%|HS|  |TAMS 0x00000000a2600000| PB 0x00000000a2600000| Complete |  0
|   1|0x00000000a2700000, 0x00000000a2800000, 0x00000000a2800000|100%|HC|  |TAMS 0x00000000a2700000| PB 0x00000000a2700000| Complete |  0
|   2|0x00000000a2800000, 0x00000000a2900000, 0x00000000a2900000|100%|HC|  |TAMS 0x00000000a2800000| PB 0x00000000a2800000| Complete |  0
|   3|0x00000000a2900000, 0x00000000a2a00000, 0x00000000a2a00000|100%|HC|  |TAMS 0x00000000a2900000| PB 0x00000000a2900000| Complete |  0
|   4|0x00000000a2a00000, 0x00000000a2b00000, 0x00000000a2b00000|100%|HC|  |TAMS 0x00000000a2a00000| PB 0x00000000a2a00000| Complete |  0
|   5|0x00000000a2b00000, 0x00000000a2b00000, 0x00000000a2c00000|  0%| F|  |TAMS 0x00000000a2b00000| PB 0x00000000a2b00000| Untracked |  0
|   6|0x00000000a2c00000, 0x00000000a2c00000, 0x00000000a2d00000|  0%| F|  |TAMS 0x00000000a2c00000| PB 0x00000000a2c00000| Untracked |  0
|   7|0x00000000a2d00000, 0x00000000a2d00000, 0x00000000a2e00000|  0%| F|  |TAMS 0x00000000a2d00000| PB 0x00000000a2d00000| Untracked |  0
|   8|0x00000000a2e00000, 0x00000000a2e00000, 0x00000000a2f00000|  0%| F|  |TAMS 0x00000000a2e00000| PB 0x00000000a2e00000| Untracked |  0
|   9|0x00000000a2f00000, 0x00000000a2f00000, 0x00000000a3000000|  0%| F|  |TAMS 0x00000000a2f00000| PB 0x00000000a2f00000| Untracked |  0
|  10|0x00000000a3000000, 0x00000000a3000000, 0x00000000a3100000|  0%| F|  |TAMS 0x00000000a3000000| PB 0x00000000a3000000| Untracked |  0
|  11|0x00000000a3100000, 0x00000000a3100000, 0x00000000a3200000|  0%| F|  |TAMS 0x00000000a3100000| PB 0x00000000a3100000| Untracked |  0
|  12|0x00000000a3200000, 0x00000000a3200000, 0x00000000a3300000|  0%| F|  |TAMS 0x00000000a3200000| PB 0x00000000a3200000| Untracked |  0
|  13|0x00000000a3300000, 0x00000000a3300000, 0x00000000a3400000|  0%| F|  |TAMS 0x00000000a3300000| PB 0x00000000a3300000| Untracked |  0
|  14|0x00000000a3400000, 0x00000000a3400000, 0x00000000a3500000|  0%| F|  |TAMS 0x00000000a3400000| PB 0x00000000a3400000| Untracked |  0
|  15|0x00000000a3500000, 0x00000000a3500000, 0x00000000a3600000|  0%| F|  |TAMS 0x00000000a3500000| PB 0x00000000a3500000| Untracked |  0
|  16|0x00000000a3600000, 0x00000000a3600000, 0x00000000a3700000|  0%| F|  |TAMS 0x00000000a3600000| PB 0x00000000a3600000| Untracked |  0
|  17|0x00000000a3700000, 0x00000000a3700000, 0x00000000a3800000|  0%| F|  |TAMS 0x00000000a3700000| PB 0x00000000a3700000| Untracked |  0
|  18|0x00000000a3800000, 0x00000000a3800000, 0x00000000a3900000|  0%| F|  |TAMS 0x00000000a3800000| PB 0x00000000a3800000| Untracked |  0
|  19|0x00000000a3900000, 0x00000000a3900000, 0x00000000a3a00000|  0%| F|  |TAMS 0x00000000a3900000| PB 0x00000000a3900000| Untracked |  0
|  20|0x00000000a3a00000, 0x00000000a3a00000, 0x00000000a3b00000|  0%| F|  |TAMS 0x00000000a3a00000| PB 0x00000000a3a00000| Untracked |  0
|  21|0x00000000a3b00000, 0x00000000a3b00000, 0x00000000a3c00000|  0%| F|  |TAMS 0x00000000a3b00000| PB 0x00000000a3b00000| Untracked |  0
|  22|0x00000000a3c00000, 0x00000000a3c00000, 0x00000000a3d00000|  0%| F|  |TAMS 0x00000000a3c00000| PB 0x00000000a3c00000| Untracked |  0
|  23|0x00000000a3d00000, 0x00000000a3d00000, 0x00000000a3e00000|  0%| F|  |TAMS 0x00000000a3d00000| PB 0x00000000a3d00000| Untracked |  0
|  24|0x00000000a3e00000, 0x00000000a3e00000, 0x00000000a3f00000|  0%| F|  |TAMS 0x00000000a3e00000| PB 0x00000000a3e00000| Untracked |  0
|  25|0x00000000a3f00000, 0x00000000a3f00000, 0x00000000a4000000|  0%| F|  |TAMS 0x00000000a3f00000| PB 0x00000000a3f00000| Untracked |  0
|  26|0x00000000a4000000, 0x00000000a4000000, 0x00000000a4100000|  0%| F|  |TAMS 0x00000000a4000000| PB 0x00000000a4000000| Untracked |  0
|  27|0x00000000a4100000, 0x00000000a4100000, 0x00000000a4200000|  0%| F|  |TAMS 0x00000000a4100000| PB 0x00000000a4100000| Untracked |  0
|  28|0x00000000a4200000, 0x00000000a4200000, 0x00000000a4300000|  0%| F|  |TAMS 0x00000000a4200000| PB 0x00000000a4200000| Untracked |  0
|  29|0x00000000a4300000, 0x00000000a4300000, 0x00000000a4400000|  0%| F|  |TAMS 0x00000000a4300000| PB 0x00000000a4300000| Untracked |  0
|  30|0x00000000a4400000, 0x00000000a4400000, 0x00000000a4500000|  0%| F|  |TAMS 0x00000000a4400000| PB 0x00000000a4400000| Untracked |  0
|  31|0x00000000a4500000, 0x00000000a4500000, 0x00000000a4600000|  0%| F|  |TAMS 0x00000000a4500000| PB 0x00000000a4500000| Untracked |  0
|  32|0x00000000a4600000, 0x00000000a4600000, 0x00000000a4700000|  0%| F|  |TAMS 0x00000000a4600000| PB 0x00000000a4600000| Untracked |  0
|  33|0x00000000a4700000, 0x00000000a4700000, 0x00000000a4800000|  0%| F|  |TAMS 0x00000000a4700000| PB 0x00000000a4700000| Untracked |  0
|  34|0x00000000a4800000, 0x00000000a4800000, 0x00000000a4900000|  0%| F|  |TAMS 0x00000000a4800000| PB 0x00000000a4800000| Untracked |  0
|  35|0x00000000a4900000, 0x00000000a4900000, 0x00000000a4a00000|  0%| F|  |TAMS 0x00000000a4900000| PB 0x00000000a4900000| Untracked |  0
|  36|0x00000000a4a00000, 0x00000000a4a00000, 0x00000000a4b00000|  0%| F|  |TAMS 0x00000000a4a00000| PB 0x00000000a4a00000| Untracked |  0
|  37|0x00000000a4b00000, 0x00000000a4b00000, 0x00000000a4c00000|  0%| F|  |TAMS 0x00000000a4b00000| PB 0x00000000a4b00000| Untracked |  0
|  38|0x00000000a4c00000, 0x00000000a4c00000, 0x00000000a4d00000|  0%| F|  |TAMS 0x00000000a4c00000| PB 0x00000000a4c00000| Untracked |  0
|  39|0x00000000a4d00000, 0x00000000a4d00000, 0x00000000a4e00000|  0%| F|  |TAMS 0x00000000a4d00000| PB 0x00000000a4d00000| Untracked |  0
|  40|0x00000000a4e00000, 0x00000000a4e00000, 0x00000000a4f00000|  0%| F|  |TAMS 0x00000000a4e00000| PB 0x00000000a4e00000| Untracked |  0
|  41|0x00000000a4f00000, 0x00000000a4f00000, 0x00000000a5000000|  0%| F|  |TAMS 0x00000000a4f00000| PB 0x00000000a4f00000| Untracked |  0
|  42|0x00000000a5000000, 0x00000000a5000000, 0x00000000a5100000|  0%| F|  |TAMS 0x00000000a5000000| PB 0x00000000a5000000| Untracked |  0
|  43|0x00000000a5100000, 0x00000000a5100000, 0x00000000a5200000|  0%| F|  |TAMS 0x00000000a5100000| PB 0x00000000a5100000| Untracked |  0
|  44|0x00000000a5200000, 0x00000000a5200000, 0x00000000a5300000|  0%| F|  |TAMS 0x00000000a5200000| PB 0x00000000a5200000| Untracked |  0
|  45|0x00000000a5300000, 0x00000000a5300000, 0x00000000a5400000|  0%| F|  |TAMS 0x00000000a5300000| PB 0x00000000a5300000| Untracked |  0
|  46|0x00000000a5400000, 0x00000000a5400000, 0x00000000a5500000|  0%| F|  |TAMS 0x00000000a5400000| PB 0x00000000a5400000| Untracked |  0
|  47|0x00000000a5500000, 0x00000000a5500000, 0x00000000a5600000|  0%| F|  |TAMS 0x00000000a5500000| PB 0x00000000a5500000| Untracked |  0
|  48|0x00000000a5600000, 0x00000000a5600000, 0x00000000a5700000|  0%| F|  |TAMS 0x00000000a5600000| PB 0x00000000a5600000| Untracked |  0
|  49|0x00000000a5700000, 0x00000000a5700000, 0x00000000a5800000|  0%| F|  |TAMS 0x00000000a5700000| PB 0x00000000a5700000| Untracked |  0
|  50|0x00000000a5800000, 0x00000000a5800000, 0x00000000a5900000|  0%| F|  |TAMS 0x00000000a5800000| PB 0x00000000a5800000| Untracked |  0
|  51|0x00000000a5900000, 0x00000000a5900000, 0x00000000a5a00000|  0%| F|  |TAMS 0x00000000a5900000| PB 0x00000000a5900000| Untracked |  0
|  52|0x00000000a5a00000, 0x00000000a5a00000, 0x00000000a5b00000|  0%| F|  |TAMS 0x00000000a5a00000| PB 0x00000000a5a00000| Untracked |  0
|  53|0x00000000a5b00000, 0x00000000a5b00000, 0x00000000a5c00000|  0%| F|  |TAMS 0x00000000a5b00000| PB 0x00000000a5b00000| Untracked |  0
|  54|0x00000000a5c00000, 0x00000000a5c00000, 0x00000000a5d00000|  0%| F|  |TAMS 0x00000000a5c00000| PB 0x00000000a5c00000| Untracked |  0
|  55|0x00000000a5d00000, 0x00000000a5d00000, 0x00000000a5e00000|  0%| F|  |TAMS 0x00000000a5d00000| PB 0x00000000a5d00000| Untracked |  0
|  56|0x00000000a5e00000, 0x00000000a5e00000, 0x00000000a5f00000|  0%| F|  |TAMS 0x00000000a5e00000| PB 0x00000000a5e00000| Untracked |  0
|  57|0x00000000a5f00000, 0x00000000a5f00000, 0x00000000a6000000|  0%| F|  |TAMS 0x00000000a5f00000| PB 0x00000000a5f00000| Untracked |  0
|  58|0x00000000a6000000, 0x00000000a6000000, 0x00000000a6100000|  0%| F|  |TAMS 0x00000000a6000000| PB 0x00000000a6000000| Untracked |  0
|  59|0x00000000a6100000, 0x00000000a6100000, 0x00000000a6200000|  0%| F|  |TAMS 0x00000000a6100000| PB 0x00000000a6100000| Untracked |  0
|  60|0x00000000a6200000, 0x00000000a6200000, 0x00000000a6300000|  0%| F|  |TAMS 0x00000000a6200000| PB 0x00000000a6200000| Untracked |  0
|  61|0x00000000a6300000, 0x00000000a6300000, 0x00000000a6400000|  0%| F|  |TAMS 0x00000000a6300000| PB 0x00000000a6300000| Untracked |  0
|  62|0x00000000a6400000, 0x00000000a6400000, 0x00000000a6500000|  0%| F|  |TAMS 0x00000000a6400000| PB 0x00000000a6400000| Untracked |  0
|  63|0x00000000a6500000, 0x00000000a6500000, 0x00000000a6600000|  0%| F|  |TAMS 0x00000000a6500000| PB 0x00000000a6500000| Untracked |  0
|  64|0x00000000a6600000, 0x00000000a6600000, 0x00000000a6700000|  0%| F|  |TAMS 0x00000000a6600000| PB 0x00000000a6600000| Untracked |  0
|  65|0x00000000a6700000, 0x00000000a6700000, 0x00000000a6800000|  0%| F|  |TAMS 0x00000000a6700000| PB 0x00000000a6700000| Untracked |  0
|  66|0x00000000a6800000, 0x00000000a6800000, 0x00000000a6900000|  0%| F|  |TAMS 0x00000000a6800000| PB 0x00000000a6800000| Untracked |  0
|  67|0x00000000a6900000, 0x00000000a6900000, 0x00000000a6a00000|  0%| F|  |TAMS 0x00000000a6900000| PB 0x00000000a6900000| Untracked |  0
|  68|0x00000000a6a00000, 0x00000000a6a00000, 0x00000000a6b00000|  0%| F|  |TAMS 0x00000000a6a00000| PB 0x00000000a6a00000| Untracked |  0
|  69|0x00000000a6b00000, 0x00000000a6b00000, 0x00000000a6c00000|  0%| F|  |TAMS 0x00000000a6b00000| PB 0x00000000a6b00000| Untracked |  0
|  70|0x00000000a6c00000, 0x00000000a6c00000, 0x00000000a6d00000|  0%| F|  |TAMS 0x00000000a6c00000| PB 0x00000000a6c00000| Untracked |  0
|  71|0x00000000a6d00000, 0x00000000a6d00000, 0x00000000a6e00000|  0%| F|  |TAMS 0x00000000a6d00000| PB 0x00000000a6d00000| Untracked |  0
|  72|0x00000000a6e00000, 0x00000000a6e00000, 0x00000000a6f00000|  0%| F|  |TAMS 0x00000000a6e00000| PB 0x00000000a6e00000| Untracked |  0
|  73|0x00000000a6f00000, 0x00000000a6f00000, 0x00000000a7000000|  0%| F|  |TAMS 0x00000000a6f00000| PB 0x00000000a6f00000| Untracked |  0
|  74|0x00000000a7000000, 0x00000000a7000000, 0x00000000a7100000|  0%| F|  |TAMS 0x00000000a7000000| PB 0x00000000a7000000| Untracked |  0
|  75|0x00000000a7100000, 0x00000000a7100000, 0x00000000a7200000|  0%| F|  |TAMS 0x00000000a7100000| PB 0x00000000a7100000| Untracked |  0
|  76|0x00000000a7200000, 0x00000000a7200000, 0x00000000a7300000|  0%| F|  |TAMS 0x00000000a7200000| PB 0x00000000a7200000| Untracked |  0
|  77|0x00000000a7300000, 0x00000000a7300000, 0x00000000a7400000|  0%| F|  |TAMS 0x00000000a7300000| PB 0x00000000a7300000| Untracked |  0
|  78|0x00000000a7400000, 0x00000000a7400000, 0x00000000a7500000|  0%| F|  |TAMS 0x00000000a7400000| PB 0x00000000a7400000| Untracked |  0
|  79|0x00000000a7500000, 0x00000000a7500000, 0x00000000a7600000|  0%| F|  |TAMS 0x00000000a7500000| PB 0x00000000a7500000| Untracked |  0
|  80|0x00000000a7600000, 0x00000000a7600000, 0x00000000a7700000|  0%| F|  |TAMS 0x00000000a7600000| PB 0x00000000a7600000| Untracked |  0
|  81|0x00000000a7700000, 0x00000000a7700000, 0x00000000a7800000|  0%| F|  |TAMS 0x00000000a7700000| PB 0x00000000a7700000| Untracked |  0
|  82|0x00000000a7800000, 0x00000000a7800000, 0x00000000a7900000|  0%| F|  |TAMS 0x00000000a7800000| PB 0x00000000a7800000| Untracked |  0
|  83|0x00000000a7900000, 0x00000000a7900000, 0x00000000a7a00000|  0%| F|  |TAMS 0x00000000a7900000| PB 0x00000000a7900000| Untracked |  0
|  84|0x00000000a7a00000, 0x00000000a7a00000, 0x00000000a7b00000|  0%| F|  |TAMS 0x00000000a7a00000| PB 0x00000000a7a00000| Untracked |  0
|  85|0x00000000a7b00000, 0x00000000a7b7be20, 0x00000000a7c00000| 48%| E|  |TAMS 0x00000000a7b00000| PB 0x00000000a7b00000| Complete |  0
|  86|0x00000000a7c00000, 0x00000000a7d00000, 0x00000000a7d00000|100%| E|CS|TAMS 0x00000000a7c00000| PB 0x00000000a7c00000| Complete |  0
|  87|0x00000000a7d00000, 0x00000000a7e00000, 0x00000000a7e00000|100%| E|CS|TAMS 0x00000000a7d00000| PB 0x00000000a7d00000| Complete |  0
|  88|0x00000000a7e00000, 0x00000000a7f00000, 0x00000000a7f00000|100%| E|CS|TAMS 0x00000000a7e00000| PB 0x00000000a7e00000| Complete |  0
|  89|0x00000000a7f00000, 0x00000000a8000000, 0x00000000a8000000|100%| E|CS|TAMS 0x00000000a7f00000| PB 0x00000000a7f00000| Complete |  0
|  90|0x00000000a8000000, 0x00000000a8100000, 0x00000000a8100000|100%| E|CS|TAMS 0x00000000a8000000| PB 0x00000000a8000000| Complete |  0
|  91|0x00000000a8100000, 0x00000000a8200000, 0x00000000a8200000|100%| E|CS|TAMS 0x00000000a8100000| PB 0x00000000a8100000| Complete |  0
|  92|0x00000000a8200000, 0x00000000a8300000, 0x00000000a8300000|100%| E|CS|TAMS 0x00000000a8200000| PB 0x00000000a8200000| Complete |  0
|  93|0x00000000a8300000, 0x00000000a8400000, 0x00000000a8400000|100%| E|CS|TAMS 0x00000000a8300000| PB 0x00000000a8300000| Complete |  0

Card table byte_map: [0x0000021cf6790000,0x0000021cf6a80000] _byte_map_base: 0x0000021cf627d000

Marking Bits: (CMBitMap*) 0x0000021ce34a0ac0
 Bits: [0x0000021cf6a80000, 0x0000021cf81e8000)

Polling page: 0x0000021ce1430000

Metaspace:

Usage:
  Non-class:      9.73 MB used.
      Class:   1016.59 KB used.
       Both:     10.73 MB used.

Virtual space:
  Non-class space:       64.00 MB reserved,       9.81 MB ( 15%) committed,  1 nodes.
      Class space:        1.00 GB reserved,       1.12 MB ( <1%) committed,  1 nodes.
             Both:        1.06 GB reserved,      10.94 MB (  1%) committed. 

Chunk freelists:
   Non-Class:  6.22 MB
       Class:  14.75 MB
        Both:  20.96 MB

MaxMetaspaceSize: unlimited
CompressedClassSpaceSize: 1.00 GB
Initial GC threshold: 21.00 MB
Current GC threshold: 21.00 MB
CDS: off
 - commit_granule_bytes: 65536.
 - commit_granule_words: 8192.
 - virtual_space_node_default_size: 8388608.
 - enlarge_chunks_in_place: 1.
 - use_allocation_guard: 0.


Internal statistics:

num_allocs_failed_limit: 0.
num_arena_births: 122.
num_arena_deaths: 0.
num_vsnodes_births: 2.
num_vsnodes_deaths: 0.
num_space_committed: 175.
num_space_uncommitted: 0.
num_chunks_returned_to_freelist: 0.
num_chunks_taken_from_freelist: 170.
num_chunk_merges: 0.
num_chunk_splits: 93.
num_chunks_enlarged: 38.
num_inconsistent_stats: 0.

CodeHeap 'non-profiled nmethods': size=120000Kb used=146Kb max_used=146Kb free=119853Kb
 bounds [0x0000021ceea20000, 0x0000021ceec90000, 0x0000021cf5f50000]
CodeHeap 'profiled nmethods': size=120000Kb used=819Kb max_used=819Kb free=119180Kb
 bounds [0x0000021ce6f50000, 0x0000021ce71c0000, 0x0000021cee480000]
CodeHeap 'non-nmethods': size=5760Kb used=1427Kb max_used=1427Kb free=4332Kb
 bounds [0x0000021cee480000, 0x0000021cee6f0000, 0x0000021ceea20000]
 total_blobs=1049 nmethods=531 adapters=423
 compilation: enabled
              stopped_count=0, restarted_count=0
 full_count=0

Compilation events (20 events):
Event: 0.271 Thread 0x0000021cff06c470  463       3       java.lang.invoke.InnerClassLambdaMetafactory::getOpcodeOffset (38 bytes)
Event: 0.271 Thread 0x0000021cff06c470 nmethod 463 0x0000021ce6ff1990 code [0x0000021ce6ff1b60, 0x0000021ce6ff1e18]
Event: 0.271 Thread 0x0000021cff064ec0  465       4       jdk.internal.org.objectweb.asm.ByteVector::putShort (52 bytes)
Event: 0.271 Thread 0x0000021cff06c470  466       3       jdk.internal.org.objectweb.asm.SymbolTable::addConstantMethodref (24 bytes)
Event: 0.271 Thread 0x0000021cff06c470 nmethod 466 0x0000021ce6ff1f10 code [0x0000021ce6ff20c0, 0x0000021ce6ff2260]
Event: 0.272 Thread 0x0000021cff064ec0 nmethod 465 0x0000021ceea41410 code [0x0000021ceea415a0, 0x0000021ceea416f0]
Event: 0.278 Thread 0x0000021cff06c470  469       1       java.util.concurrent.locks.AbstractOwnableSynchronizer::setExclusiveOwnerThread (6 bytes)
Event: 0.278 Thread 0x0000021cff06c470 nmethod 469 0x0000021ceea41810 code [0x0000021ceea419a0, 0x0000021ceea41ab0]
Event: 0.278 Thread 0x0000021cff06c470  470 %     3       sun.awt.image.PNGImageDecoder::filterRow @ 79 (460 bytes)
Event: 0.279 Thread 0x0000021cff06c470 nmethod 470% 0x0000021ce6ff2310 code [0x0000021ce6ff25a0, 0x0000021ce6ff3550]
Event: 0.279 Thread 0x0000021cff06c470  471       3       sun.awt.image.PNGImageDecoder::filterRow (460 bytes)
Event: 0.279 Thread 0x0000021cff06c470 nmethod 471 0x0000021ce6ff3d90 code [0x0000021ce6ff4020, 0x0000021ce6ff4db0]
Event: 0.279 Thread 0x0000021cff064ec0  472 %     4       sun.awt.image.PNGImageDecoder::filterRow @ 79 (460 bytes)
Event: 0.281 Thread 0x0000021cff06c470  474       1       java.util.concurrent.locks.AbstractQueuedSynchronizer::getState (5 bytes)
Event: 0.281 Thread 0x0000021cff06c470 nmethod 474 0x0000021ceea42110 code [0x0000021ceea422a0, 0x0000021ceea42368]
Event: 0.281 Thread 0x0000021cff06c470  475       1       java.util.concurrent.locks.AbstractOwnableSynchronizer::getExclusiveOwnerThread (5 bytes)
Event: 0.281 Thread 0x0000021cff06c470 nmethod 475 0x0000021ceea42410 code [0x0000021ceea425a0, 0x0000021ceea42668]
Event: 0.281 Thread 0x0000021cff06c470  476       1       java.util.concurrent.locks.AbstractQueuedSynchronizer::setState (6 bytes)
Event: 0.281 Thread 0x0000021cff06c470 nmethod 476 0x0000021ceea42710 code [0x0000021ceea428a0, 0x0000021ceea42970]
Event: 0.283 Thread 0x0000021cff06c470  479 % !   3       sun.awt.image.PNGImageDecoder::produceImage @ 960 (1917 bytes)

GC Heap History (0 events):
No events

Dll operation events (5 events):
Event: 0.008 Loaded shared library C:\Users\Jenna Miles Reyes\.p2\pool\plugins\org.eclipse.justj.openjdk.hotspot.jre.full.win32.x86_64_22.0.0.v20240322-1225\jre\bin\java.dll
Event: 0.013 Loaded shared library C:\Users\Jenna Miles Reyes\.p2\pool\plugins\org.eclipse.justj.openjdk.hotspot.jre.full.win32.x86_64_22.0.0.v20240322-1225\jre\bin\zip.dll
Event: 0.104 Loaded shared library C:\Users\Jenna Miles Reyes\.p2\pool\plugins\org.eclipse.justj.openjdk.hotspot.jre.full.win32.x86_64_22.0.0.v20240322-1225\jre\bin\jimage.dll
Event: 0.124 Loaded shared library C:\Users\Jenna Miles Reyes\.p2\pool\plugins\org.eclipse.justj.openjdk.hotspot.jre.full.win32.x86_64_22.0.0.v20240322-1225\jre\bin\awt.dll
Event: 0.269 Loaded shared library C:\Users\Jenna Miles Reyes\.p2\pool\plugins\org.eclipse.justj.openjdk.hotspot.jre.full.win32.x86_64_22.0.0.v20240322-1225\jre\bin\zip.dll

Deoptimization events (0 events):
No events

Classes loaded (20 events):
Event: 0.272 Loading class sun/awt/image/SunWritableRaster
Event: 0.272 Loading class java/awt/image/WritableRaster
Event: 0.273 Loading class java/awt/image/WritableRaster done
Event: 0.273 Loading class sun/awt/image/SunWritableRaster done
Event: 0.274 Loading class java/awt/image/SinglePixelPackedSampleModel
Event: 0.275 Loading class java/awt/image/SampleModel
Event: 0.275 Loading class java/awt/image/SampleModel done
Event: 0.275 Loading class java/awt/image/SinglePixelPackedSampleModel done
Event: 0.275 Loading class sun/awt/image/IntegerInterleavedRaster
Event: 0.275 Loading class sun/awt/image/IntegerComponentRaster
Event: 0.275 Loading class sun/awt/image/IntegerComponentRaster done
Event: 0.275 Loading class sun/awt/image/IntegerInterleavedRaster done
Event: 0.276 Loading class java/awt/image/BufferedImage
Event: 0.276 Loading class java/awt/image/WritableRenderedImage
Event: 0.276 Loading class java/awt/image/RenderedImage
Event: 0.276 Loading class java/awt/image/RenderedImage done
Event: 0.276 Loading class java/awt/image/WritableRenderedImage done
Event: 0.276 Loading class java/awt/image/BufferedImage done
Event: 0.276 Loading class java/awt/image/BufferedImage$1
Event: 0.276 Loading class java/awt/image/BufferedImage$1 done

Classes unloaded (0 events):
No events

Classes redefined (0 events):
No events

Internal exceptions (10 events):
Event: 0.114 Thread 0x0000021ce11bbd30 Exception <a 'java/lang/ClassNotFoundException'{0x00000000a82be7e8}: sun/awt/resources/spi/awtProvider> (0x00000000a82be7e8) 
thrown [s\src\hotspot\share\classfile\systemDictionary.cpp, line 313]
Event: 0.134 Thread 0x0000021ce11bbd30 Exception <a 'java/io/FileNotFoundException'{0x00000000a81235b0}> (0x00000000a81235b0) 
thrown [s\src\hotspot\share\prims\jni.cpp, line 520]
Event: 0.139 Thread 0x0000021ce11bbd30 Exception <a 'java/io/FileNotFoundException'{0x00000000a8151858}> (0x00000000a8151858) 
thrown [s\src\hotspot\share\prims\jni.cpp, line 520]
Event: 0.231 Thread 0x0000021ce11bbd30 Exception <a 'java/lang/NoSuchMethodError'{0x00000000a81e3240}: 'void java.lang.invoke.DirectMethodHandle$Holder.invokeSpecial(java.lang.Object, java.lang.Object, java.lang.Object)'> (0x00000000a81e3240) 
thrown [s\src\hotspot\share\interpreter\linkResolver.cpp, line 774]
Event: 0.236 Thread 0x0000021ce11bbd30 Exception <a 'java/lang/NoSuchMethodError'{0x00000000a808e7e8}: 'java.lang.Object java.lang.invoke.DirectMethodHandle$Holder.newInvokeSpecial(java.lang.Object, java.lang.Object, java.lang.Object, java.lang.Object, java.lang.Object)'> (0x00000000a808e7e8) 
thrown [s\src\hotspot\share\interpreter\linkResolver.cpp, line 774]
Event: 0.239 Thread 0x0000021ce11bbd30 Exception <a 'java/lang/NoSuchMethodError'{0x00000000a80bb188}: 'java.lang.Object java.lang.invoke.DirectMethodHandle$Holder.invokeStatic(java.lang.Object, int, java.lang.Object)'> (0x00000000a80bb188) 
thrown [s\src\hotspot\share\interpreter\linkResolver.cpp, line 774]
Event: 0.252 Thread 0x0000021ce11bbd30 Exception <a 'java/lang/ClassNotFoundException'{0x00000000a7f5d7a8}: com/sun/swing/internal/plaf/metal/resources/spi/metalProvider> (0x00000000a7f5d7a8) 
thrown [s\src\hotspot\share\classfile\systemDictionary.cpp, line 313]
Event: 0.253 Thread 0x0000021ce11bbd30 Exception <a 'java/lang/ClassNotFoundException'{0x00000000a7f61788}: com/sun/swing/internal/plaf/basic/resources/spi/basicProvider> (0x00000000a7f61788) 
thrown [s\src\hotspot\share\classfile\systemDictionary.cpp, line 313]
Event: 0.261 Thread 0x0000021ce11bbd30 Exception <a 'java/lang/NoSuchMethodError'{0x00000000a7f818b0}: 'int java.lang.invoke.Invokers$Holder.invokeExact_MT(java.lang.Object, java.lang.Object)'> (0x00000000a7f818b0) 
thrown [s\src\hotspot\share\interpreter\linkResolver.cpp, line 774]
Event: 0.271 Thread 0x0000021cff05e920 Exception <a 'java/lang/NoSuchMethodError'{0x00000000a7e11b20}: 'java.lang.Object java.lang.invoke.DirectMethodHandle$Holder.newInvokeSpecial(java.lang.Object, java.lang.Object, java.lang.Object, int, int, int, int, int)'> (0x00000000a7e11b20) 
thrown [s\src\hotspot\share\interpreter\linkResolver.cpp, line 774]

ZGC Phase Switch (0 events):
No events

VM Operations (2 events):
Event: 0.252 Executing VM operation: HandshakeAllThreads (Deoptimize)
Event: 0.252 Executing VM operation: HandshakeAllThreads (Deoptimize) done

Events (15 events):
Event: 0.012 Thread 0x0000021ce11bbd30 Thread added: 0x0000021ce11bbd30
Event: 0.049 Thread 0x0000021cff014830 Thread added: 0x0000021cff014830
Event: 0.049 Thread 0x0000021cff015490 Thread added: 0x0000021cff015490
Event: 0.050 Thread 0x0000021cff067ae0 Thread added: 0x0000021cff067ae0
Event: 0.050 Thread 0x0000021cff068540 Thread added: 0x0000021cff068540
Event: 0.050 Thread 0x0000021cff03ce40 Thread added: 0x0000021cff03ce40
Event: 0.050 Thread 0x0000021cff05d570 Thread added: 0x0000021cff05d570
Event: 0.050 Thread 0x0000021cff064ec0 Thread added: 0x0000021cff064ec0
Event: 0.050 Thread 0x0000021cff06c470 Thread added: 0x0000021cff06c470
Event: 0.072 Thread 0x0000021cff05dc00 Thread added: 0x0000021cff05dc00
Event: 0.076 Thread 0x0000021cff05e290 Thread added: 0x0000021cff05e290
Event: 0.177 Thread 0x0000021cff05cee0 Thread added: 0x0000021cff05cee0
Event: 0.178 Thread 0x0000021cff060360 Thread added: 0x0000021cff060360
Event: 0.179 Thread 0x0000021cff05fcd0 Thread added: 0x0000021cff05fcd0
Event: 0.266 Thread 0x0000021cff05e920 Thread added: 0x0000021cff05e920


Dynamic libraries:
0x00007ff777ee0000 - 0x00007ff777eee000 	C:\Users\Jenna Miles Reyes\.p2\pool\plugins\org.eclipse.justj.openjdk.hotspot.jre.full.win32.x86_64_22.0.0.v20240322-1225\jre\bin\javaw.exe
0x00007ffed2830000 - 0x00007ffed2a46000 	C:\WINDOWS\SYSTEM32\ntdll.dll
0x00007ffed12b0000 - 0x00007ffed1374000 	C:\WINDOWS\System32\KERNEL32.DLL
0x00007ffed01d0000 - 0x00007ffed0576000 	C:\WINDOWS\System32\KERNELBASE.dll
0x00007ffecfd60000 - 0x00007ffecfe71000 	C:\WINDOWS\System32\ucrtbase.dll
0x00007ffecadb0000 - 0x00007ffecadc7000 	C:\Users\Jenna Miles Reyes\.p2\pool\plugins\org.eclipse.justj.openjdk.hotspot.jre.full.win32.x86_64_22.0.0.v20240322-1225\jre\bin\jli.dll
0x00007ffec1560000 - 0x00007ffec157b000 	C:\Users\Jenna Miles Reyes\.p2\pool\plugins\org.eclipse.justj.openjdk.hotspot.jre.full.win32.x86_64_22.0.0.v20240322-1225\jre\bin\VCRUNTIME140.dll
0x00007ffed17b0000 - 0x00007ffed195d000 	C:\WINDOWS\System32\USER32.dll
0x00007ffecfba0000 - 0x00007ffecfbc6000 	C:\WINDOWS\System32\win32u.dll
0x00007ffeb3b00000 - 0x00007ffeb3d93000 	C:\WINDOWS\WinSxS\amd64_microsoft.windows.common-controls_6595b64144ccf1df_6.0.22621.3235_none_270f74e173860f98\COMCTL32.dll
0x00007ffed21a0000 - 0x00007ffed21c9000 	C:\WINDOWS\System32\GDI32.dll
0x00007ffed20f0000 - 0x00007ffed2197000 	C:\WINDOWS\System32\msvcrt.dll
0x00007ffecfe80000 - 0x00007ffecff98000 	C:\WINDOWS\System32\gdi32full.dll
0x00007ffecfbd0000 - 0x00007ffecfc6a000 	C:\WINDOWS\System32\msvcp_win.dll
0x00007ffed0590000 - 0x00007ffed05c1000 	C:\WINDOWS\System32\IMM32.DLL
0x00007ffec44f0000 - 0x00007ffec44fc000 	C:\Users\Jenna Miles Reyes\.p2\pool\plugins\org.eclipse.justj.openjdk.hotspot.jre.full.win32.x86_64_22.0.0.v20240322-1225\jre\bin\vcruntime140_1.dll
0x00007ffeafaf0000 - 0x00007ffeafb7e000 	C:\Users\Jenna Miles Reyes\.p2\pool\plugins\org.eclipse.justj.openjdk.hotspot.jre.full.win32.x86_64_22.0.0.v20240322-1225\jre\bin\msvcp140.dll
0x00007ffe56530000 - 0x00007ffe572f2000 	C:\Users\Jenna Miles Reyes\.p2\pool\plugins\org.eclipse.justj.openjdk.hotspot.jre.full.win32.x86_64_22.0.0.v20240322-1225\jre\bin\server\jvm.dll
0x00007ffed1170000 - 0x00007ffed1222000 	C:\WINDOWS\System32\ADVAPI32.dll
0x00007ffed2040000 - 0x00007ffed20e8000 	C:\WINDOWS\System32\sechost.dll
0x00007ffecfb70000 - 0x00007ffecfb98000 	C:\WINDOWS\System32\bcrypt.dll
0x00007ffed0fd0000 - 0x00007ffed10e5000 	C:\WINDOWS\System32\RPCRT4.dll
0x00007ffed2740000 - 0x00007ffed27b1000 	C:\WINDOWS\System32\WS2_32.dll
0x00007ffecf7e0000 - 0x00007ffecf82d000 	C:\WINDOWS\SYSTEM32\POWRPROF.dll
0x00007ffec5d80000 - 0x00007ffec5d8a000 	C:\WINDOWS\SYSTEM32\VERSION.dll
0x00007ffecd5b0000 - 0x00007ffecd5e4000 	C:\WINDOWS\SYSTEM32\WINMM.dll
0x00007ffecf5e0000 - 0x00007ffecf5f3000 	C:\WINDOWS\SYSTEM32\UMPDC.dll
0x00007ffeceb70000 - 0x00007ffeceb88000 	C:\WINDOWS\SYSTEM32\kernel.appcore.dll
0x00007ffeca9c0000 - 0x00007ffeca9ca000 	C:\Users\Jenna Miles Reyes\.p2\pool\plugins\org.eclipse.justj.openjdk.hotspot.jre.full.win32.x86_64_22.0.0.v20240322-1225\jre\bin\jimage.dll
0x00007ffecd370000 - 0x00007ffecd5a3000 	C:\WINDOWS\SYSTEM32\DBGHELP.DLL
0x00007ffed23b0000 - 0x00007ffed2738000 	C:\WINDOWS\System32\combase.dll
0x00007ffed22d0000 - 0x00007ffed23a7000 	C:\WINDOWS\System32\OLEAUT32.dll
0x00007ffecd330000 - 0x00007ffecd362000 	C:\WINDOWS\SYSTEM32\dbgcore.DLL
0x00007ffecfce0000 - 0x00007ffecfd5a000 	C:\WINDOWS\System32\bcryptPrimitives.dll
0x00007ffec1320000 - 0x00007ffec133e000 	C:\Users\Jenna Miles Reyes\.p2\pool\plugins\org.eclipse.justj.openjdk.hotspot.jre.full.win32.x86_64_22.0.0.v20240322-1225\jre\bin\java.dll
0x00007ffed05d0000 - 0x00007ffed0e2d000 	C:\WINDOWS\System32\SHELL32.dll
0x00007ffed0e30000 - 0x00007ffed0fcf000 	C:\WINDOWS\System32\ole32.dll
0x00007ffec1300000 - 0x00007ffec1317000 	C:\Users\Jenna Miles Reyes\.p2\pool\plugins\org.eclipse.justj.openjdk.hotspot.jre.full.win32.x86_64_22.0.0.v20240322-1225\jre\bin\zip.dll
0x00007ffecd920000 - 0x00007ffece218000 	C:\WINDOWS\SYSTEM32\windows.storage.dll
0x00007ffece240000 - 0x00007ffece37e000 	C:\WINDOWS\SYSTEM32\wintypes.dll
0x00007ffed21d0000 - 0x00007ffed22c3000 	C:\WINDOWS\System32\SHCORE.dll
0x00007ffed1970000 - 0x00007ffed19ce000 	C:\WINDOWS\System32\shlwapi.dll
0x00007ffecfaa0000 - 0x00007ffecfac6000 	C:\WINDOWS\SYSTEM32\profapi.dll
0x00007ffe95dd0000 - 0x00007ffe95f5c000 	C:\Users\Jenna Miles Reyes\.p2\pool\plugins\org.eclipse.justj.openjdk.hotspot.jre.full.win32.x86_64_22.0.0.v20240322-1225\jre\bin\awt.dll
0x00007ffecc820000 - 0x00007ffecc8b7000 	C:\WINDOWS\SYSTEM32\apphelp.dll
0x00007ffeccc40000 - 0x00007ffeccc6b000 	C:\WINDOWS\system32\DWMAPI.DLL
0x00007ffecc9e0000 - 0x00007ffecca8b000 	C:\WINDOWS\system32\uxtheme.dll
0x00007ffe892e0000 - 0x00007ffe893e0000 	C:\WINDOWS\system32\opengl32.dll
0x00007ffea4210000 - 0x00007ffea423d000 	C:\WINDOWS\SYSTEM32\GLU32.dll
0x00007ffeccaf0000 - 0x00007ffeccb29000 	C:\WINDOWS\SYSTEM32\dxcore.dll
0x00007ffed1a60000 - 0x00007ffed1bb4000 	C:\WINDOWS\System32\MSCTF.dll
0x00007ffe8a9b0000 - 0x00007ffe8ab59000 	C:\WINDOWS\system32\d3d9.dll
0x00007ffec5d90000 - 0x00007ffec5f4b000 	C:\WINDOWS\System32\DriverStore\FileRepository\u0390483.inf_amd64_b7c25444b8e9ca60\B389503\aticfx64.dll
0x00007ffebfb40000 - 0x00007ffebfb74000 	C:\WINDOWS\System32\DriverStore\FileRepository\u0390483.inf_amd64_b7c25444b8e9ca60\B389503\atiu9p64.dll
0x00007ffe7ca90000 - 0x00007ffe7d7e5000 	C:\WINDOWS\System32\DriverStore\FileRepository\u0390483.inf_amd64_b7c25444b8e9ca60\B389503\atiumd64.dll
0x00007ffec6030000 - 0x00007ffec6065000 	C:\WINDOWS\SYSTEM32\amdihk64.dll
0x00007ffeca260000 - 0x00007ffeca2aa000 	C:\WINDOWS\SYSTEM32\directxdatabasehelper.dll

dbghelp: loaded successfully - version: 4.0.5 - missing functions: none
symbol engine: initialized successfully - sym options: 0x614 - pdb path: .;C:\Users\Jenna Miles Reyes\.p2\pool\plugins\org.eclipse.justj.openjdk.hotspot.jre.full.win32.x86_64_22.0.0.v20240322-1225\jre\bin;C:\WINDOWS\SYSTEM32;C:\WINDOWS\WinSxS\amd64_microsoft.windows.common-controls_6595b64144ccf1df_6.0.22621.3235_none_270f74e173860f98;C:\Users\Jenna Miles Reyes\.p2\pool\plugins\org.eclipse.justj.openjdk.hotspot.jre.full.win32.x86_64_22.0.0.v20240322-1225\jre\bin\server;C:\WINDOWS\System32\DriverStore\FileRepository\u0390483.inf_amd64_b7c25444b8e9ca60\B389503

VM Arguments:
jvm_args: -Dfile.encoding=UTF-8 -Dstdout.encoding=UTF-8 -Dstderr.encoding=UTF-8 -XX:+ShowCodeDetailsInExceptionMessages 
java_command: Weather
java_class_path (initial): C:\Users\Jenna Miles Reyes\eclipse-workspace\MyProject\bin
Launcher Type: SUN_STANDARD

[Global flags]
     intx CICompilerCount                          = 4                                         {product} {ergonomic}
     uint ConcGCThreads                            = 3                                         {product} {ergonomic}
     uint G1ConcRefinementThreads                  = 10                                        {product} {ergonomic}
   size_t G1HeapRegionSize                         = 1048576                                   {product} {ergonomic}
   size_t InitialHeapSize                          = 98566144                                  {product} {ergonomic}
   size_t MarkStackSize                            = 4194304                                   {product} {ergonomic}
   size_t MaxHeapSize                              = 1570766848                                {product} {ergonomic}
   size_t MaxNewSize                               = 941621248                                 {product} {ergonomic}
   size_t MinHeapDeltaBytes                        = 1048576                                   {product} {ergonomic}
   size_t MinHeapSize                              = 8388608                                   {product} {ergonomic}
    uintx NonNMethodCodeHeapSize                   = 5839372                                {pd product} {ergonomic}
    uintx NonProfiledCodeHeapSize                  = 122909434                              {pd product} {ergonomic}
    uintx ProfiledCodeHeapSize                     = 122909434                              {pd product} {ergonomic}
    uintx ReservedCodeCacheSize                    = 251658240                              {pd product} {ergonomic}
     bool SegmentedCodeCache                       = true                                      {product} {ergonomic}
     bool ShowCodeDetailsInExceptionMessages       = true                                   {manageable} {command line}
   size_t SoftMaxHeapSize                          = 1570766848                             {manageable} {ergonomic}
     bool UseCompressedOops                        = true                           {product lp64_product} {ergonomic}
     bool UseG1GC                                  = true                                      {product} {ergonomic}
     bool UseLargePagesIndividualAllocation        = false                                  {pd product} {ergonomic}

Logging:
Log output configuration:
 #0: stdout all=warning uptime,level,tags foldmultilines=false
 #1: stderr all=off uptime,level,tags foldmultilines=false

Environment Variables:
PATH=C:/Users/Jenna Miles Reyes/.p2/pool/plugins/org.eclipse.justj.openjdk.hotspot.jre.full.win32.x86_64_22.0.0.v20240322-1225/jre/bin/server;C:/Users/Jenna Miles Reyes/.p2/pool/plugins/org.eclipse.justj.openjdk.hotspot.jre.full.win32.x86_64_22.0.0.v20240322-1225/jre/bin;C:\WINDOWS\system32;C:\WINDOWS;C:\WINDOWS\System32\Wbem;C:\WINDOWS\System32\WindowsPowerShell\v1.0\;C:\WINDOWS\System32\OpenSSH\;C:\Program Files\Microsoft SQL Server\150\Tools\Binn\;C:\Program Files\dotnet\;C:\Users\Jenna Miles Reyes\AppData\Local\Microsoft\WindowsApps;C:\MinGW\bin;C:\Users\Jenna Miles Reyes\.dotnet\tools;C:\Users\Jenna Miles Reyes\AppData\Local\Programs\Microsoft VS Code\bin;C:\WINDOWS\System32;
USERNAME=Jenna Miles Reyes
OS=Windows_NT
PROCESSOR_IDENTIFIER=AMD64 Family 25 Model 80 Stepping 0, AuthenticAMD
TMP=C:\Users\JENNAM~1\AppData\Local\Temp
TEMP=C:\Users\JENNAM~1\AppData\Local\Temp




Periodic native trim disabled

---------------  S Y S T E M  ---------------

OS:
 Windows 11 , 64 bit Build 22621 (10.0.22621.3235)
OS uptime: 8 days 0:44 hours
Hyper-V role detected

CPU: total 12 (initial active 12) (12 cores per cpu, 2 threads per core) family 25 model 80 stepping 0 microcode 0x0, cx8, cmov, fxsr, ht, mmx, 3dnowpref, sse, sse2, sse3, ssse3, sse4a, sse4.1, sse4.2, popcnt, lzcnt, tsc, tscinvbit, avx, avx2, aes, erms, clmul, bmi1, bmi2, adx, sha, fma, vzeroupper, clflush, clflushopt, hv, rdtscp, rdpid, fsrm, f16c, cet_ss
Processor Information for processor 0
  Max Mhz: 2301, Current Mhz: 2010, Mhz Limit: 2301
Processor Information for processor 1
  Max Mhz: 2301, Current Mhz: 2301, Mhz Limit: 2301
Processor Information for processor 2
  Max Mhz: 2301, Current Mhz: 2010, Mhz Limit: 2301
Processor Information for processor 3
  Max Mhz: 2301, Current Mhz: 2010, Mhz Limit: 2301
Processor Information for processor 4
  Max Mhz: 2301, Current Mhz: 2010, Mhz Limit: 2301
Processor Information for processor 5
  Max Mhz: 2301, Current Mhz: 2301, Mhz Limit: 2301
Processor Information for processor 6
  Max Mhz: 2301, Current Mhz: 2010, Mhz Limit: 2301
Processor Information for processor 7
  Max Mhz: 2301, Current Mhz: 2301, Mhz Limit: 2301
Processor Information for processor 8
  Max Mhz: 2301, Current Mhz: 2010, Mhz Limit: 2301
Processor Information for processor 9
  Max Mhz: 2301, Current Mhz: 2010, Mhz Limit: 2301
Processor Information for processor 10
  Max Mhz: 2301, Current Mhz: 2010, Mhz Limit: 2301
Processor Information for processor 11
  Max Mhz: 2301, Current Mhz: 2010, Mhz Limit: 2301

Memory: 4k page, system-wide physical 5989M (368M free)
TotalPageFile size 24421M (AvailPageFile size 2M)
current process WorkingSet (physical memory assigned to process): 63M, peak: 63M
current process commit charge ("private bytes"): 184M, peak: 188M

vm_info: OpenJDK 64-Bit Server VM (22+36) for windows-amd64 JRE (22+36), built on 2024-03-19T00:00:00Z by "admin" with MS VC++ 17.7 (VS2022)

END.
