#
# There is insufficient memory for the Java Runtime Environment to continue.
# Native memory allocation (mmap) failed to map 224395264 bytes. Error detail: G1 virtual space
# Possible reasons:
#   The system is out of physical RAM or swap space
#   This process is running with CompressedOops enabled, and the Java Heap may be blocking the growth of the native heap
# Possible solutions:
#   Reduce memory load on the system
#   Increase physical memory or swap space
#   Check if swap backing store is full
#   Decrease Java heap size (-Xmx/-Xms)
#   Decrease number of Java threads
#   Decrease Java thread stack sizes (-Xss)
#   Set larger code cache with -XX:ReservedCodeCacheSize=
#   JVM is running with Unscaled Compressed Oops mode in which the Java heap is
#     placed in the first 4GB address space. The Java Heap base address is the
#     maximum limit for the native heap growth. Please use -XX:HeapBaseMinAddress
#     to set the Java Heap base and to place the Java Heap above 4GB virtual address.
# This output file may be truncated or incomplete.
#
#  Out of Memory Error (os_windows.cpp:3631), pid=8424, tid=20136
#
# JRE version: OpenJDK Runtime Environment Temurin-22+36 (22.0+36) (build 22+36)
# Java VM: OpenJDK 64-Bit Server VM Temurin-22+36 (22+36, mixed mode, tiered, compressed oops, compressed class ptrs, g1 gc, windows-amd64)
# No core dump will be written. Minidumps are not enabled by default on client versions of Windows
#

---------------  S U M M A R Y ------------

Command Line: -Dfile.encoding=UTF-8 -Dstdout.encoding=UTF-8 -Dstderr.encoding=UTF-8 -XX:+ShowCodeDetailsInExceptionMessages JobBoard

Host: AMD Ryzen 5 5625U with Radeon Graphics         , 12 cores, 5G,  Windows 11 , 64 bit Build 22621 (10.0.22621.3374)
Time: Thu Apr 25 11:58:15 2024 Malay Peninsula Standard Time elapsed time: 1674.929603 seconds (0d 0h 27m 54s)

---------------  T H R E A D  ---------------

Current thread (0x0000028d48c60c30):  VMThread "VM Thread"          [id=20136, stack(0x000000ee82f00000,0x000000ee83000000) (1024K)]

Stack: [0x000000ee82f00000,0x000000ee83000000]
Native frames: (J=compiled Java code, j=interpreted, Vv=VM code, C=native code)
V  [jvm.dll+0x6ea2f9]  (no source info available)
V  [jvm.dll+0x8ccec3]  (no source info available)
V  [jvm.dll+0x8cf2ee]  (no source info available)
V  [jvm.dll+0x8cf9c3]  (no source info available)
V  [jvm.dll+0x286dd6]  (no source info available)
V  [jvm.dll+0x6e6985]  (no source info available)
V  [jvm.dll+0x6db60a]  (no source info available)
V  [jvm.dll+0x3600fa]  (no source info available)
V  [jvm.dll+0x3685c6]  (no source info available)
V  [jvm.dll+0x3ba37e]  (no source info available)
V  [jvm.dll+0x3ba628]  (no source info available)
V  [jvm.dll+0x333bfc]  (no source info available)
V  [jvm.dll+0x333c87]  (no source info available)
V  [jvm.dll+0x378d0c]  (no source info available)
V  [jvm.dll+0x377410]  (no source info available)
V  [jvm.dll+0x3332f7]  (no source info available)
V  [jvm.dll+0x376b24]  (no source info available)
V  [jvm.dll+0x8d57af]  (no source info available)
V  [jvm.dll+0x8d6b36]  (no source info available)
V  [jvm.dll+0x8d70b0]  (no source info available)
V  [jvm.dll+0x8d7353]  (no source info available)
V  [jvm.dll+0x8752db]  (no source info available)
V  [jvm.dll+0x6e89f5]  (no source info available)
C  [ucrtbase.dll+0x29333]  (no source info available)
C  [KERNEL32.DLL+0x1257d]  (no source info available)
C  [ntdll.dll+0x5aa48]  (no source info available)

VM_Operation (0x000000ee848fe500): G1CollectForAllocation, mode: safepoint, requested by thread 0x0000028d4d932610


---------------  P R O C E S S  ---------------

Threads class SMR info:
_java_thread_list=0x0000028d4da06e00, length=16, elements={
0x0000028d4d015cb0, 0x0000028d4d0169d0, 0x0000028d4d018960, 0x0000028d4d036630,
0x0000028d4d037090, 0x0000028d4d039b00, 0x0000028d4d03dd90, 0x0000028d4d041860,
0x0000028d4d1fbd60, 0x0000028d4d204c10, 0x0000028d4d4cb910, 0x0000028d4d4cee50,
0x0000028d4d4e2fa0, 0x0000028d4d932610, 0x0000028d4d926230, 0x0000028d31269770
}

Java Threads: ( => current thread )
  0x0000028d4d015cb0 JavaThread "Reference Handler"          daemon [_thread_blocked, id=19720, stack(0x000000ee83000000,0x000000ee83100000) (1024K)]
  0x0000028d4d0169d0 JavaThread "Finalizer"                  daemon [_thread_blocked, id=14128, stack(0x000000ee83100000,0x000000ee83200000) (1024K)]
  0x0000028d4d018960 JavaThread "Signal Dispatcher"          daemon [_thread_blocked, id=11632, stack(0x000000ee83200000,0x000000ee83300000) (1024K)]
  0x0000028d4d036630 JavaThread "Attach Listener"            daemon [_thread_blocked, id=19680, stack(0x000000ee83300000,0x000000ee83400000) (1024K)]
  0x0000028d4d037090 JavaThread "Service Thread"             daemon [_thread_blocked, id=17616, stack(0x000000ee83400000,0x000000ee83500000) (1024K)]
  0x0000028d4d039b00 JavaThread "Monitor Deflation Thread"   daemon [_thread_blocked, id=17044, stack(0x000000ee83500000,0x000000ee83600000) (1024K)]
  0x0000028d4d03dd90 JavaThread "C2 CompilerThread0"         daemon [_thread_blocked, id=11072, stack(0x000000ee83600000,0x000000ee83700000) (1024K)]
  0x0000028d4d041860 JavaThread "C1 CompilerThread0"         daemon [_thread_blocked, id=17152, stack(0x000000ee83700000,0x000000ee83800000) (1024K)]
  0x0000028d4d1fbd60 JavaThread "Notification Thread"        daemon [_thread_blocked, id=3228, stack(0x000000ee83800000,0x000000ee83900000) (1024K)]
  0x0000028d4d204c10 JavaThread "Common-Cleaner"             daemon [_thread_blocked, id=7916, stack(0x000000ee83900000,0x000000ee83a00000) (1024K)]
  0x0000028d4d4cb910 JavaThread "Java2D Disposer"            daemon [_thread_in_native, id=19552, stack(0x000000ee83a00000,0x000000ee83b00000) (1024K)]
  0x0000028d4d4cee50 JavaThread "AWT-Shutdown"                      [_thread_blocked, id=9096, stack(0x000000ee83b00000,0x000000ee83c00000) (1024K)]
  0x0000028d4d4e2fa0 JavaThread "AWT-Windows"                daemon [_thread_blocked, id=8296, stack(0x000000ee83c00000,0x000000ee83d00000) (1024K)]
  0x0000028d4d932610 JavaThread "AWT-EventQueue-0"                  [_thread_blocked, id=7228, stack(0x000000ee84800000,0x000000ee84900000) (1024K)]
  0x0000028d4d926230 JavaThread "D3D Screen Updater"         daemon [_thread_blocked, id=2452, stack(0x000000ee84900000,0x000000ee84a00000) (1024K)]
  0x0000028d31269770 JavaThread "DestroyJavaVM"                     [_thread_blocked, id=12316, stack(0x000000ee82800000,0x000000ee82900000) (1024K)]
Total: 16

Other Threads:
=>0x0000028d48c60c30 VMThread "VM Thread"                           [id=20136, stack(0x000000ee82f00000,0x000000ee83000000) (1024K)]
  0x0000028d48bf8750 WatcherThread "VM Periodic Task Thread"        [id=17212, stack(0x000000ee82e00000,0x000000ee82f00000) (1024K)]
  0x0000028d312b2190 WorkerThread "GC Thread#0"                     [id=15364, stack(0x000000ee82900000,0x000000ee82a00000) (1024K)]
  0x0000028d4da22ce0 WorkerThread "GC Thread#1"                     [id=24056, stack(0x000000ee82700000,0x000000ee82800000) (1024K)]
  0x0000028d4d5082e0 WorkerThread "GC Thread#2"                     [id=24060, stack(0x000000ee83d00000,0x000000ee83e00000) (1024K)]
  0x0000028d4d508690 WorkerThread "GC Thread#3"                     [id=24064, stack(0x000000ee83e00000,0x000000ee83f00000) (1024K)]
  0x0000028d4d508a40 WorkerThread "GC Thread#4"                     [id=24068, stack(0x000000ee84700000,0x000000ee84800000) (1024K)]
  0x0000028d4d508df0 WorkerThread "GC Thread#5"                     [id=24072, stack(0x000000ee84c00000,0x000000ee84d00000) (1024K)]
  0x0000028d4d0ea3d0 WorkerThread "GC Thread#6"                     [id=24084, stack(0x000000ee84d00000,0x000000ee84e00000) (1024K)]
  0x0000028d4d3a1740 WorkerThread "GC Thread#7"                     [id=24088, stack(0x000000ee84e00000,0x000000ee84f00000) (1024K)]
  0x0000028d4da6fc10 WorkerThread "GC Thread#8"                     [id=24096, stack(0x000000ee84f00000,0x000000ee85000000) (1024K)]
  0x0000028d4da707d0 WorkerThread "GC Thread#9"                     [id=24100, stack(0x000000ee85000000,0x000000ee85100000) (1024K)]
  0x0000028d312c0620 ConcurrentGCThread "G1 Main Marker"            [id=1592, stack(0x000000ee82a00000,0x000000ee82b00000) (1024K)]
  0x0000028d312c1130 WorkerThread "G1 Conc#0"                       [id=13192, stack(0x000000ee82b00000,0x000000ee82c00000) (1024K)]
  0x0000028d4d7c72f0 WorkerThread "G1 Conc#1"                       [id=24156, stack(0x000000ee85100000,0x000000ee85200000) (1024K)]
  0x0000028d52ed47f0 WorkerThread "G1 Conc#2"                       [id=24160, stack(0x000000ee85200000,0x000000ee85300000) (1024K)]
  0x0000028d3132eb80 ConcurrentGCThread "G1 Refine#0"               [id=14036, stack(0x000000ee82c00000,0x000000ee82d00000) (1024K)]
  0x0000028d48ad1bf0 ConcurrentGCThread "G1 Service"                [id=9048, stack(0x000000ee82d00000,0x000000ee82e00000) (1024K)]
Total: 18

Threads with active compile tasks:
C2 CompilerThread0  1675127 1826       4       sun.awt.Win32GraphicsConfig::getDefaultTransform (24 bytes)
C1 CompilerThread0  1675127 1824       3       java.awt.image.BufferedImage::<init> (1021 bytes)
Total: 2

VM state: at safepoint (normal execution)

VM Mutex/Monitor currently owned by a thread:  ([mutex/lock_event])
[0x00007ffef53affb8] Threads_lock - owner thread: 0x0000028d48c60c30
[0x00007ffef53b00b8] Heap_lock - owner thread: 0x0000028d4d932610

Heap address: 0x00000000a2600000, size: 1498 MB, Compressed Oops mode: 32-bit

CDS archive(s) not mapped
Compressed class space mapped at: 0x0000000013000000-0x0000000053000000, reserved size: 1073741824
Narrow klass base: 0x0000000000000000, Narrow klass shift: 0, Narrow klass range: 0x53000000

GC Precious Log:
 CardTable entry size: 512
 Card Set container configuration: InlinePtr #cards 5 size 8 Array Of Cards #cards 12 size 40 Howl #buckets 4 coarsen threshold 1843 Howl Bitmap #cards 512 size 80 coarsen threshold 460 Card regions per heap region 1 cards per card region 2048
 CPUs: 12 total, 12 available
 Memory: 5989M
 Large Page Support: Disabled
 NUMA Support: Disabled
 Compressed Oops: Enabled (32-bit)
 Heap Region Size: 1M
 Heap Min Capacity: 8M
 Heap Initial Capacity: 94M
 Heap Max Capacity: 1498M
 Pre-touch: Disabled
 Parallel Workers: 10
 Concurrent Workers: 3
 Concurrent Refinement Workers: 10
 Periodic GC: Disabled

Heap:
 garbage-first heap   total reserved 1533952K, committed 109568K, used 90505K [0x00000000a2600000, 0x0000000100000000)
  region size 1024K, 2 young (2048K), 2 survivors (2048K)
 Metaspace       used 16222K, committed 16448K, reserved 1114112K
  class space    used 1543K, committed 1664K, reserved 1048576K

Heap Regions: E=young(eden), S=young(survivor), O=old, HS=humongous(starts), HC=humongous(continues), CS=collection set, F=free, TAMS=top-at-mark-start, PB=parsable bottom
|   0|0x00000000a2600000, 0x00000000a2700000, 0x00000000a2700000|100%| O|  |TAMS 0x00000000a2600000| PB 0x00000000a2600000| Untracked |  0
|   1|0x00000000a2700000, 0x00000000a2800000, 0x00000000a2800000|100%| O|  |TAMS 0x00000000a2700000| PB 0x00000000a2700000| Untracked |  0
|   2|0x00000000a2800000, 0x00000000a2900000, 0x00000000a2900000|100%| O|  |TAMS 0x00000000a2800000| PB 0x00000000a2800000| Untracked |  0
|   3|0x00000000a2900000, 0x00000000a2a00000, 0x00000000a2a00000|100%| O|  |TAMS 0x00000000a2900000| PB 0x00000000a2900000| Untracked |  0
|   4|0x00000000a2a00000, 0x00000000a2b00000, 0x00000000a2b00000|100%| O|  |TAMS 0x00000000a2a00000| PB 0x00000000a2a00000| Untracked |  0
|   5|0x00000000a2b00000, 0x00000000a2c00000, 0x00000000a2c00000|100%| O|  |TAMS 0x00000000a2b00000| PB 0x00000000a2b00000| Untracked |  0
|   6|0x00000000a2c00000, 0x00000000a2d00000, 0x00000000a2d00000|100%| O|  |TAMS 0x00000000a2c00000| PB 0x00000000a2c00000| Untracked |  0
|   7|0x00000000a2d00000, 0x00000000a2e00000, 0x00000000a2e00000|100%| O|  |TAMS 0x00000000a2d00000| PB 0x00000000a2d00000| Untracked |  0
|   8|0x00000000a2e00000, 0x00000000a2f00000, 0x00000000a2f00000|100%| O|  |TAMS 0x00000000a2e00000| PB 0x00000000a2e00000| Untracked |  0
|   9|0x00000000a2f00000, 0x00000000a3000000, 0x00000000a3000000|100%| O|  |TAMS 0x00000000a2f00000| PB 0x00000000a2f00000| Untracked |  0
|  10|0x00000000a3000000, 0x00000000a3100000, 0x00000000a3100000|100%| O|  |TAMS 0x00000000a3000000| PB 0x00000000a3000000| Untracked |  0
|  11|0x00000000a3100000, 0x00000000a3200000, 0x00000000a3200000|100%| O|  |TAMS 0x00000000a3100000| PB 0x00000000a3100000| Untracked |  0
|  12|0x00000000a3200000, 0x00000000a3300000, 0x00000000a3300000|100%| O|  |TAMS 0x00000000a3200000| PB 0x00000000a3200000| Untracked |  0
|  13|0x00000000a3300000, 0x00000000a3400000, 0x00000000a3400000|100%| O|  |TAMS 0x00000000a3300000| PB 0x00000000a3300000| Untracked |  0
|  14|0x00000000a3400000, 0x00000000a3500000, 0x00000000a3500000|100%| O|  |TAMS 0x00000000a3400000| PB 0x00000000a3400000| Untracked |  0
|  15|0x00000000a3500000, 0x00000000a3600000, 0x00000000a3600000|100%| O|  |TAMS 0x00000000a3500000| PB 0x00000000a3500000| Untracked |  0
|  16|0x00000000a3600000, 0x00000000a3700000, 0x00000000a3700000|100%| O|  |TAMS 0x00000000a3600000| PB 0x00000000a3600000| Untracked |  0
|  17|0x00000000a3700000, 0x00000000a3800000, 0x00000000a3800000|100%| O|  |TAMS 0x00000000a3700000| PB 0x00000000a3700000| Untracked |  0
|  18|0x00000000a3800000, 0x00000000a3800000, 0x00000000a3900000|  0%| F|  |TAMS 0x00000000a3800000| PB 0x00000000a3800000| Untracked |  0
|  19|0x00000000a3900000, 0x00000000a3a00000, 0x00000000a3a00000|100%| O|  |TAMS 0x00000000a3900000| PB 0x00000000a3900000| Untracked |  0
|  20|0x00000000a3a00000, 0x00000000a3b00000, 0x00000000a3b00000|100%| O|  |TAMS 0x00000000a3a00000| PB 0x00000000a3a00000| Untracked |  0
|  21|0x00000000a3b00000, 0x00000000a3c00000, 0x00000000a3c00000|100%| O|  |TAMS 0x00000000a3b00000| PB 0x00000000a3b00000| Untracked |  0
|  22|0x00000000a3c00000, 0x00000000a3d00000, 0x00000000a3d00000|100%| O|  |TAMS 0x00000000a3c00000| PB 0x00000000a3c00000| Untracked |  0
|  23|0x00000000a3d00000, 0x00000000a3e00000, 0x00000000a3e00000|100%| O|  |TAMS 0x00000000a3d00000| PB 0x00000000a3d00000| Untracked |  0
|  24|0x00000000a3e00000, 0x00000000a3f00000, 0x00000000a3f00000|100%| O|  |TAMS 0x00000000a3e00000| PB 0x00000000a3e00000| Untracked |  0
|  25|0x00000000a3f00000, 0x00000000a4000000, 0x00000000a4000000|100%| O|  |TAMS 0x00000000a3f00000| PB 0x00000000a3f00000| Untracked |  0
|  26|0x00000000a4000000, 0x00000000a4100000, 0x00000000a4100000|100%| O|  |TAMS 0x00000000a4000000| PB 0x00000000a4000000| Untracked |  0
|  27|0x00000000a4100000, 0x00000000a4200000, 0x00000000a4200000|100%| O|  |TAMS 0x00000000a4100000| PB 0x00000000a4100000| Untracked |  0
|  28|0x00000000a4200000, 0x00000000a4300000, 0x00000000a4300000|100%| O|  |TAMS 0x00000000a4200000| PB 0x00000000a4200000| Untracked |  0
|  29|0x00000000a4300000, 0x00000000a4400000, 0x00000000a4400000|100%| O|  |TAMS 0x00000000a4300000| PB 0x00000000a4300000| Untracked |  0
|  30|0x00000000a4400000, 0x00000000a4500000, 0x00000000a4500000|100%| O|  |TAMS 0x00000000a4400000| PB 0x00000000a4400000| Untracked |  0
|  31|0x00000000a4500000, 0x00000000a4600000, 0x00000000a4600000|100%| O|  |TAMS 0x00000000a4500000| PB 0x00000000a4500000| Untracked |  0
|  32|0x00000000a4600000, 0x00000000a4700000, 0x00000000a4700000|100%| O|  |TAMS 0x00000000a4600000| PB 0x00000000a4600000| Untracked |  0
|  33|0x00000000a4700000, 0x00000000a4800000, 0x00000000a4800000|100%| O|  |TAMS 0x00000000a4700000| PB 0x00000000a4700000| Untracked |  0
|  34|0x00000000a4800000, 0x00000000a4900000, 0x00000000a4900000|100%| O|  |TAMS 0x00000000a4800000| PB 0x00000000a4800000| Untracked |  0
|  35|0x00000000a4900000, 0x00000000a4a00000, 0x00000000a4a00000|100%| O|  |TAMS 0x00000000a4900000| PB 0x00000000a4900000| Untracked |  0
|  36|0x00000000a4a00000, 0x00000000a4b00000, 0x00000000a4b00000|100%| O|  |TAMS 0x00000000a4a00000| PB 0x00000000a4a00000| Untracked |  0
|  37|0x00000000a4b00000, 0x00000000a4c00000, 0x00000000a4c00000|100%| O|  |TAMS 0x00000000a4b00000| PB 0x00000000a4b00000| Untracked |  0
|  38|0x00000000a4c00000, 0x00000000a4d00000, 0x00000000a4d00000|100%| O|  |TAMS 0x00000000a4c00000| PB 0x00000000a4c00000| Untracked |  0
|  39|0x00000000a4d00000, 0x00000000a4e00000, 0x00000000a4e00000|100%| O|  |TAMS 0x00000000a4d00000| PB 0x00000000a4d00000| Untracked |  0
|  40|0x00000000a4e00000, 0x00000000a4f00000, 0x00000000a4f00000|100%| O|  |TAMS 0x00000000a4e00000| PB 0x00000000a4e00000| Untracked |  0
|  41|0x00000000a4f00000, 0x00000000a5000000, 0x00000000a5000000|100%| O|  |TAMS 0x00000000a4f00000| PB 0x00000000a4f00000| Untracked |  0
|  42|0x00000000a5000000, 0x00000000a5000000, 0x00000000a5100000|  0%| F|  |TAMS 0x00000000a5000000| PB 0x00000000a5000000| Untracked |  0
|  43|0x00000000a5100000, 0x00000000a5100000, 0x00000000a5200000|  0%| F|  |TAMS 0x00000000a5100000| PB 0x00000000a5100000| Untracked |  0
|  44|0x00000000a5200000, 0x00000000a5300000, 0x00000000a5300000|100%| O|  |TAMS 0x00000000a5200000| PB 0x00000000a5200000| Untracked |  0
|  45|0x00000000a5300000, 0x00000000a5400000, 0x00000000a5400000|100%| O|  |TAMS 0x00000000a5300000| PB 0x00000000a5300000| Untracked |  0
|  46|0x00000000a5400000, 0x00000000a5500000, 0x00000000a5500000|100%| O|  |TAMS 0x00000000a5400000| PB 0x00000000a5400000| Untracked |  0
|  47|0x00000000a5500000, 0x00000000a5600000, 0x00000000a5600000|100%| O|  |TAMS 0x00000000a5500000| PB 0x00000000a5500000| Untracked |  0
|  48|0x00000000a5600000, 0x00000000a5700000, 0x00000000a5700000|100%| O|  |TAMS 0x00000000a5600000| PB 0x00000000a5600000| Untracked |  0
|  49|0x00000000a5700000, 0x00000000a5800000, 0x00000000a5800000|100%| O|  |TAMS 0x00000000a5700000| PB 0x00000000a5700000| Untracked |  0
|  50|0x00000000a5800000, 0x00000000a5900000, 0x00000000a5900000|100%| O|  |TAMS 0x00000000a5800000| PB 0x00000000a5800000| Untracked |  0
|  51|0x00000000a5900000, 0x00000000a5a00000, 0x00000000a5a00000|100%| O|  |TAMS 0x00000000a5900000| PB 0x00000000a5900000| Untracked |  0
|  52|0x00000000a5a00000, 0x00000000a5b00000, 0x00000000a5b00000|100%| O|  |TAMS 0x00000000a5a00000| PB 0x00000000a5a00000| Untracked |  0
|  53|0x00000000a5b00000, 0x00000000a5c00000, 0x00000000a5c00000|100%| O|  |TAMS 0x00000000a5b00000| PB 0x00000000a5b00000| Untracked |  0
|  54|0x00000000a5c00000, 0x00000000a5d00000, 0x00000000a5d00000|100%| O|  |TAMS 0x00000000a5c00000| PB 0x00000000a5c00000| Untracked |  0
|  55|0x00000000a5d00000, 0x00000000a5e00000, 0x00000000a5e00000|100%| O|  |TAMS 0x00000000a5d00000| PB 0x00000000a5d00000| Untracked |  0
|  56|0x00000000a5e00000, 0x00000000a5f00000, 0x00000000a5f00000|100%| O|  |TAMS 0x00000000a5e00000| PB 0x00000000a5e00000| Untracked |  0
|  57|0x00000000a5f00000, 0x00000000a6000000, 0x00000000a6000000|100%| O|  |TAMS 0x00000000a5f00000| PB 0x00000000a5f00000| Untracked |  0
|  58|0x00000000a6000000, 0x00000000a6100000, 0x00000000a6100000|100%| O|  |TAMS 0x00000000a6000000| PB 0x00000000a6000000| Untracked |  0
|  59|0x00000000a6100000, 0x00000000a6200000, 0x00000000a6200000|100%| O|  |TAMS 0x00000000a6100000| PB 0x00000000a6100000| Untracked |  0
|  60|0x00000000a6200000, 0x00000000a6300000, 0x00000000a6300000|100%| O|  |TAMS 0x00000000a6200000| PB 0x00000000a6200000| Untracked |  0
|  61|0x00000000a6300000, 0x00000000a6400000, 0x00000000a6400000|100%|HS|  |TAMS 0x00000000a6300000| PB 0x00000000a6300000| Complete |  0
|  62|0x00000000a6400000, 0x00000000a6500000, 0x00000000a6500000|100%|HC|  |TAMS 0x00000000a6400000| PB 0x00000000a6400000| Complete |  0
|  63|0x00000000a6500000, 0x00000000a6600000, 0x00000000a6600000|100%|HC|  |TAMS 0x00000000a6500000| PB 0x00000000a6500000| Complete |  0
|  64|0x00000000a6600000, 0x00000000a6700000, 0x00000000a6700000|100%|HC|  |TAMS 0x00000000a6600000| PB 0x00000000a6600000| Complete |  0
|  65|0x00000000a6700000, 0x00000000a6800000, 0x00000000a6800000|100%|HC|  |TAMS 0x00000000a6700000| PB 0x00000000a6700000| Complete |  0
|  66|0x00000000a6800000, 0x00000000a6900000, 0x00000000a6900000|100%|HC|  |TAMS 0x00000000a6800000| PB 0x00000000a6800000| Complete |  0
|  67|0x00000000a6900000, 0x00000000a6a00000, 0x00000000a6a00000|100%|HC|  |TAMS 0x00000000a6900000| PB 0x00000000a6900000| Complete |  0
|  68|0x00000000a6a00000, 0x00000000a6b00000, 0x00000000a6b00000|100%|HC|  |TAMS 0x00000000a6a00000| PB 0x00000000a6a00000| Complete |  0
|  69|0x00000000a6b00000, 0x00000000a6c00000, 0x00000000a6c00000|100%| O|  |TAMS 0x00000000a6b00000| PB 0x00000000a6b00000| Untracked |  0
|  70|0x00000000a6c00000, 0x00000000a6d00000, 0x00000000a6d00000|100%| O|  |TAMS 0x00000000a6c00000| PB 0x00000000a6c00000| Untracked |  0
|  71|0x00000000a6d00000, 0x00000000a6e00000, 0x00000000a6e00000|100%| O|  |TAMS 0x00000000a6d00000| PB 0x00000000a6d00000| Untracked |  0
|  72|0x00000000a6e00000, 0x00000000a6f00000, 0x00000000a6f00000|100%| O|  |TAMS 0x00000000a6e00000| PB 0x00000000a6e00000| Untracked |  0
|  73|0x00000000a6f00000, 0x00000000a7000000, 0x00000000a7000000|100%| O|  |TAMS 0x00000000a6f00000| PB 0x00000000a6f00000| Untracked |  0
|  74|0x00000000a7000000, 0x00000000a7100000, 0x00000000a7100000|100%| O|  |TAMS 0x00000000a7000000| PB 0x00000000a7000000| Untracked |  0
|  75|0x00000000a7100000, 0x00000000a7200000, 0x00000000a7200000|100%| O|  |TAMS 0x00000000a7100000| PB 0x00000000a7100000| Untracked |  0
|  76|0x00000000a7200000, 0x00000000a7300000, 0x00000000a7300000|100%| O|  |TAMS 0x00000000a7200000| PB 0x00000000a7200000| Untracked |  0
|  77|0x00000000a7300000, 0x00000000a7400000, 0x00000000a7400000|100%| O|  |TAMS 0x00000000a7300000| PB 0x00000000a7300000| Untracked |  0
|  78|0x00000000a7400000, 0x00000000a7500000, 0x00000000a7500000|100%| O|  |TAMS 0x00000000a7400000| PB 0x00000000a7400000| Untracked |  0
|  79|0x00000000a7500000, 0x00000000a7600000, 0x00000000a7600000|100%| O|  |TAMS 0x00000000a7500000| PB 0x00000000a7500000| Untracked |  0
|  80|0x00000000a7600000, 0x00000000a7700000, 0x00000000a7700000|100%| O|  |TAMS 0x00000000a7600000| PB 0x00000000a7600000| Untracked |  0
|  81|0x00000000a7700000, 0x00000000a7800000, 0x00000000a7800000|100%| O|  |TAMS 0x00000000a7700000| PB 0x00000000a7700000| Untracked |  0
|  82|0x00000000a7800000, 0x00000000a7900000, 0x00000000a7900000|100%| O|  |TAMS 0x00000000a7800000| PB 0x00000000a7800000| Untracked |  0
|  83|0x00000000a7900000, 0x00000000a7a00000, 0x00000000a7a00000|100%| O|  |TAMS 0x00000000a7900000| PB 0x00000000a7900000| Untracked |  0
|  84|0x00000000a7a00000, 0x00000000a7b00000, 0x00000000a7b00000|100%| O|  |TAMS 0x00000000a7a00000| PB 0x00000000a7a00000| Untracked |  0
|  85|0x00000000a7b00000, 0x00000000a7c00000, 0x00000000a7c00000|100%| O|  |TAMS 0x00000000a7b00000| PB 0x00000000a7b00000| Untracked |  0
|  86|0x00000000a7c00000, 0x00000000a7d00000, 0x00000000a7d00000|100%| O|  |TAMS 0x00000000a7c00000| PB 0x00000000a7c00000| Untracked |  0
|  87|0x00000000a7d00000, 0x00000000a7e00000, 0x00000000a7e00000|100%| O|  |TAMS 0x00000000a7d00000| PB 0x00000000a7d00000| Untracked |  0
|  88|0x00000000a7e00000, 0x00000000a7f00000, 0x00000000a7f00000|100%| O|  |TAMS 0x00000000a7e00000| PB 0x00000000a7e00000| Untracked |  0
|  89|0x00000000a7f00000, 0x00000000a7f62720, 0x00000000a8000000| 38%| O|  |TAMS 0x00000000a7f00000| PB 0x00000000a7f00000| Untracked |  0
|  90|0x00000000a8000000, 0x00000000a8000000, 0x00000000a8100000|  0%| F|  |TAMS 0x00000000a8000000| PB 0x00000000a8000000| Untracked |  0
|  91|0x00000000a8100000, 0x00000000a8100000, 0x00000000a8200000|  0%| F|  |TAMS 0x00000000a8100000| PB 0x00000000a8100000| Untracked |  0
|  92|0x00000000a8200000, 0x00000000a8200000, 0x00000000a8300000|  0%| F|  |TAMS 0x00000000a8200000| PB 0x00000000a8200000| Untracked |  0
|  93|0x00000000a8300000, 0x00000000a8300000, 0x00000000a8400000|  0%| F|  |TAMS 0x00000000a8300000| PB 0x00000000a8300000| Untracked |  0
|  94|0x00000000a8400000, 0x00000000a8400000, 0x00000000a8500000|  0%| F|  |TAMS 0x00000000a8400000| PB 0x00000000a8400000| Untracked |  0
|  95|0x00000000a8500000, 0x00000000a8600000, 0x00000000a8600000|100%| S|CS|TAMS 0x00000000a8500000| PB 0x00000000a8500000| Complete |  0
|  96|0x00000000a8600000, 0x00000000a8700000, 0x00000000a8700000|100%| S|CS|TAMS 0x00000000a8600000| PB 0x00000000a8600000| Complete |  0
|  97|0x00000000a8700000, 0x00000000a8700000, 0x00000000a8800000|  0%| F|  |TAMS 0x00000000a8700000| PB 0x00000000a8700000| Untracked |  0
|  98|0x00000000a8800000, 0x00000000a8800000, 0x00000000a8900000|  0%| F|  |TAMS 0x00000000a8800000| PB 0x00000000a8800000| Untracked |  0
|  99|0x00000000a8900000, 0x00000000a8900000, 0x00000000a8a00000|  0%| F|  |TAMS 0x00000000a8900000| PB 0x00000000a8900000| Untracked |  0
| 100|0x00000000a8a00000, 0x00000000a8a00000, 0x00000000a8b00000|  0%| F|  |TAMS 0x00000000a8a00000| PB 0x00000000a8a00000| Untracked |  0
| 101|0x00000000a8b00000, 0x00000000a8b00000, 0x00000000a8c00000|  0%| F|  |TAMS 0x00000000a8b00000| PB 0x00000000a8b00000| Untracked |  0
| 102|0x00000000a8c00000, 0x00000000a8c00000, 0x00000000a8d00000|  0%| F|  |TAMS 0x00000000a8c00000| PB 0x00000000a8c00000| Untracked |  0
| 103|0x00000000a8d00000, 0x00000000a8d00000, 0x00000000a8e00000|  0%| F|  |TAMS 0x00000000a8d00000| PB 0x00000000a8d00000| Untracked |  0
| 104|0x00000000a8e00000, 0x00000000a8e00000, 0x00000000a8f00000|  0%| F|  |TAMS 0x00000000a8e00000| PB 0x00000000a8e00000| Untracked |  0
| 105|0x00000000a8f00000, 0x00000000a8f00000, 0x00000000a9000000|  0%| F|  |TAMS 0x00000000a8f00000| PB 0x00000000a8f00000| Untracked |  0
| 106|0x00000000a9000000, 0x00000000a9000000, 0x00000000a9100000|  0%| F|  |TAMS 0x00000000a9000000| PB 0x00000000a9000000| Untracked |  0

Card table byte_map: [0x0000028d445b0000,0x0000028d448a0000] _byte_map_base: 0x0000028d4409d000

Marking Bits: (CMBitMap*) 0x0000028d312b28a0
 Bits: [0x0000028d448a0000, 0x0000028d46008000)

Polling page: 0x0000028d2f1b0000

Metaspace:

Usage:
  Non-class:     14.34 MB used.
      Class:      1.51 MB used.
       Both:     15.84 MB used.

Virtual space:
  Non-class space:       64.00 MB reserved,      14.44 MB ( 23%) committed,  1 nodes.
      Class space:        1.00 GB reserved,       1.62 MB ( <1%) committed,  1 nodes.
             Both:        1.06 GB reserved,      16.06 MB (  1%) committed. 

Chunk freelists:
   Non-Class:  1.06 MB
       Class:  14.28 MB
        Both:  15.34 MB

MaxMetaspaceSize: unlimited
CompressedClassSpaceSize: 1.00 GB
Initial GC threshold: 21.00 MB
Current GC threshold: 26.81 MB
CDS: off
 - commit_granule_bytes: 65536.
 - commit_granule_words: 8192.
 - virtual_space_node_default_size: 8388608.
 - enlarge_chunks_in_place: 1.
 - use_allocation_guard: 0.


Internal statistics:

num_allocs_failed_limit: 0.
num_arena_births: 152.
num_arena_deaths: 60.
num_vsnodes_births: 2.
num_vsnodes_deaths: 0.
num_space_committed: 257.
num_space_uncommitted: 0.
num_chunks_returned_to_freelist: 75.
num_chunks_taken_from_freelist: 241.
num_chunk_merges: 14.
num_chunk_splits: 123.
num_chunks_enlarged: 43.
num_inconsistent_stats: 0.

CodeHeap 'non-profiled nmethods': size=120000Kb used=509Kb max_used=509Kb free=119490Kb
 bounds [0x0000028d3c830000, 0x0000028d3caa0000, 0x0000028d43d60000]
CodeHeap 'profiled nmethods': size=120000Kb used=3274Kb max_used=3274Kb free=116725Kb
 bounds [0x0000028d34d60000, 0x0000028d350a0000, 0x0000028d3c290000]
CodeHeap 'non-nmethods': size=5760Kb used=1557Kb max_used=1574Kb free=4202Kb
 bounds [0x0000028d3c290000, 0x0000028d3c500000, 0x0000028d3c830000]
 total_blobs=2447 nmethods=1823 adapters=529
 compilation: enabled
              stopped_count=0, restarted_count=0
 full_count=0

Compilation events (20 events):
Event: 1674.851 Thread 0x0000028d4d041860 1814   !   3       java.lang.ref.ReferenceQueue::enqueue (32 bytes)
Event: 1674.859 Thread 0x0000028d4d041860 nmethod 1814 0x0000028d3508dc90 code [0x0000028d3508dee0, 0x0000028d3508e7c8]
Event: 1674.860 Thread 0x0000028d4d041860 1815       3       java.lang.ref.ReferenceQueue::signal (10 bytes)
Event: 1674.861 Thread 0x0000028d4d041860 nmethod 1815 0x0000028d3508eb10 code [0x0000028d3508ed00, 0x0000028d3508f0d0]
Event: 1674.874 Thread 0x0000028d4d041860 1817       3       java.awt.image.DirectColorModel::getGreenMask (7 bytes)
Event: 1674.875 Thread 0x0000028d4d041860 nmethod 1817 0x0000028d3508f290 code [0x0000028d3508f420, 0x0000028d3508f558]
Event: 1674.875 Thread 0x0000028d4d041860 1818       3       java.awt.image.DirectColorModel::getBlueMask (7 bytes)
Event: 1674.875 Thread 0x0000028d4d041860 nmethod 1818 0x0000028d3508f610 code [0x0000028d3508f7a0, 0x0000028d3508f8d8]
Event: 1674.875 Thread 0x0000028d4d041860 1819       3       sun.awt.image.IntegerComponentRaster::<init> (245 bytes)
Event: 1674.895 Thread 0x0000028d4d041860 nmethod 1819 0x0000028d3508f990 code [0x0000028d3508fc00, 0x0000028d350908d8]
Event: 1674.895 Thread 0x0000028d4d041860 1820       3       sun.awt.image.SunWritableRaster::<init> (20 bytes)
Event: 1674.896 Thread 0x0000028d4d041860 nmethod 1820 0x0000028d35090e10 code [0x0000028d35090fe0, 0x0000028d350912a0]
Event: 1674.896 Thread 0x0000028d4d041860 1821       3       java.awt.image.WritableRaster::<init> (12 bytes)
Event: 1674.896 Thread 0x0000028d4d041860 nmethod 1821 0x0000028d35091410 code [0x0000028d350915c0, 0x0000028d350916f8]
Event: 1674.896 Thread 0x0000028d4d041860 1822       3       java.awt.image.Raster::<init> (207 bytes)
Event: 1674.902 Thread 0x0000028d4d041860 nmethod 1822 0x0000028d35091790 code [0x0000028d350919e0, 0x0000028d350921c8]
Event: 1674.902 Thread 0x0000028d4d041860 1823       3       java.awt.image.SinglePixelPackedSampleModel::getBitOffsets (11 bytes)
Event: 1674.902 Thread 0x0000028d4d041860 nmethod 1823 0x0000028d35092490 code [0x0000028d35092640, 0x0000028d350928c8]
Event: 1674.902 Thread 0x0000028d4d041860 1824       3       java.awt.image.BufferedImage::<init> (1021 bytes)
Event: 1674.905 Thread 0x0000028d4d03dd90 1826       4       sun.awt.Win32GraphicsConfig::getDefaultTransform (24 bytes)

GC Heap History (13 events):
Event: 1673.221 GC heap before
{Heap before GC invocations=0 (full 0):
 garbage-first heap   total reserved 1533952K, committed 96256K, used 23552K [0x00000000a2600000, 0x0000000100000000)
  region size 1024K, 24 young (24576K), 0 survivors (0K)
 Metaspace       used 16266K, committed 16448K, reserved 1114112K
  class space    used 1558K, committed 1664K, reserved 1048576K
}
Event: 1673.452 GC heap after
{Heap after GC invocations=1 (full 0):
 garbage-first heap   total reserved 1533952K, committed 96256K, used 13898K [0x00000000a2600000, 0x0000000100000000)
  region size 1024K, 3 young (3072K), 3 survivors (3072K)
 Metaspace       used 16266K, committed 16448K, reserved 1114112K
  class space    used 1558K, committed 1664K, reserved 1048576K
}
Event: 1673.474 GC heap before
{Heap before GC invocations=1 (full 0):
 garbage-first heap   total reserved 1533952K, committed 96256K, used 19018K [0x00000000a2600000, 0x0000000100000000)
  region size 1024K, 9 young (9216K), 3 survivors (3072K)
 Metaspace       used 16267K, committed 16448K, reserved 1114112K
  class space    used 1558K, committed 1664K, reserved 1048576K
}
Event: 1673.585 GC heap after
{Heap after GC invocations=2 (full 0):
 garbage-first heap   total reserved 1533952K, committed 96256K, used 21464K [0x00000000a2600000, 0x0000000100000000)
  region size 1024K, 2 young (2048K), 2 survivors (2048K)
 Metaspace       used 16267K, committed 16448K, reserved 1114112K
  class space    used 1558K, committed 1664K, reserved 1048576K
}
Event: 1673.710 GC heap before
{Heap before GC invocations=2 (full 0):
 garbage-first heap   total reserved 1533952K, committed 96256K, used 28632K [0x00000000a2600000, 0x0000000100000000)
  region size 1024K, 10 young (10240K), 2 survivors (2048K)
 Metaspace       used 16269K, committed 16448K, reserved 1114112K
  class space    used 1558K, committed 1664K, reserved 1048576K
}
Event: 1673.774 GC heap after
{Heap after GC invocations=3 (full 0):
 garbage-first heap   total reserved 1533952K, committed 96256K, used 30708K [0x00000000a2600000, 0x0000000100000000)
  region size 1024K, 2 young (2048K), 2 survivors (2048K)
 Metaspace       used 16269K, committed 16448K, reserved 1114112K
  class space    used 1558K, committed 1664K, reserved 1048576K
}
Event: 1673.902 GC heap before
{Heap before GC invocations=3 (full 0):
 garbage-first heap   total reserved 1533952K, committed 96256K, used 44020K [0x00000000a2600000, 0x0000000100000000)
  region size 1024K, 16 young (16384K), 2 survivors (2048K)
 Metaspace       used 16272K, committed 16448K, reserved 1114112K
  class space    used 1558K, committed 1664K, reserved 1048576K
}
Event: 1674.049 GC heap after
{Heap after GC invocations=4 (full 0):
 garbage-first heap   total reserved 1533952K, committed 96256K, used 47891K [0x00000000a2600000, 0x0000000100000000)
  region size 1024K, 2 young (2048K), 2 survivors (2048K)
 Metaspace       used 16272K, committed 16448K, reserved 1114112K
  class space    used 1558K, committed 1664K, reserved 1048576K
}
Event: 1674.112 GC heap before
{Heap before GC invocations=4 (full 0):
 garbage-first heap   total reserved 1533952K, committed 96256K, used 62227K [0x00000000a2600000, 0x0000000100000000)
  region size 1024K, 17 young (17408K), 2 survivors (2048K)
 Metaspace       used 16274K, committed 16448K, reserved 1114112K
  class space    used 1558K, committed 1664K, reserved 1048576K
}
Event: 1674.184 GC heap after
{Heap after GC invocations=5 (full 0):
 garbage-first heap   total reserved 1533952K, committed 96256K, used 64905K [0x00000000a2600000, 0x0000000100000000)
  region size 1024K, 3 young (3072K), 3 survivors (3072K)
 Metaspace       used 16274K, committed 16448K, reserved 1114112K
  class space    used 1558K, committed 1664K, reserved 1048576K
}
Event: 1674.882 GC heap before
{Heap before GC invocations=6 (full 0):
 garbage-first heap   total reserved 1533952K, committed 109568K, used 81289K [0x00000000a2600000, 0x0000000100000000)
  region size 1024K, 12 young (12288K), 3 survivors (3072K)
 Metaspace       used 16222K, committed 16448K, reserved 1114112K
  class space    used 1543K, committed 1664K, reserved 1048576K
}
Event: 1674.890 GC heap after
{Heap after GC invocations=7 (full 0):
 garbage-first heap   total reserved 1533952K, committed 109568K, used 82904K [0x00000000a2600000, 0x0000000100000000)
  region size 1024K, 2 young (2048K), 2 survivors (2048K)
 Metaspace       used 16222K, committed 16448K, reserved 1114112K
  class space    used 1543K, committed 1664K, reserved 1048576K
}
Event: 1674.913 GC heap before
{Heap before GC invocations=7 (full 0):
 garbage-first heap   total reserved 1533952K, committed 109568K, used 90072K [0x00000000a2600000, 0x0000000100000000)
  region size 1024K, 10 young (10240K), 2 survivors (2048K)
 Metaspace       used 16222K, committed 16448K, reserved 1114112K
  class space    used 1543K, committed 1664K, reserved 1048576K
}

Dll operation events (9 events):
Event: 0.019 Loaded shared library C:\Users\Jenna Miles Reyes\.p2\pool\plugins\org.eclipse.justj.openjdk.hotspot.jre.full.win32.x86_64_22.0.0.v20240322-1225\jre\bin\java.dll
Event: 0.028 Loaded shared library C:\Users\Jenna Miles Reyes\.p2\pool\plugins\org.eclipse.justj.openjdk.hotspot.jre.full.win32.x86_64_22.0.0.v20240322-1225\jre\bin\zip.dll
Event: 0.250 Loaded shared library C:\Users\Jenna Miles Reyes\.p2\pool\plugins\org.eclipse.justj.openjdk.hotspot.jre.full.win32.x86_64_22.0.0.v20240322-1225\jre\bin\jimage.dll
Event: 0.304 Loaded shared library C:\Users\Jenna Miles Reyes\.p2\pool\plugins\org.eclipse.justj.openjdk.hotspot.jre.full.win32.x86_64_22.0.0.v20240322-1225\jre\bin\awt.dll
Event: 0.662 Loaded shared library C:\Users\Jenna Miles Reyes\.p2\pool\plugins\org.eclipse.justj.openjdk.hotspot.jre.full.win32.x86_64_22.0.0.v20240322-1225\jre\bin\zip.dll
Event: 0.906 Loaded shared library C:\Users\Jenna Miles Reyes\.p2\pool\plugins\org.eclipse.justj.openjdk.hotspot.jre.full.win32.x86_64_22.0.0.v20240322-1225\jre\bin\freetype.dll
Event: 0.908 Loaded shared library C:\Users\Jenna Miles Reyes\.p2\pool\plugins\org.eclipse.justj.openjdk.hotspot.jre.full.win32.x86_64_22.0.0.v20240322-1225\jre\bin\fontmanager.dll
Event: 1.082 Loaded shared library C:\Users\Jenna Miles Reyes\.p2\pool\plugins\org.eclipse.justj.openjdk.hotspot.jre.full.win32.x86_64_22.0.0.v20240322-1225\jre\bin\net.dll
Event: 1.085 Loaded shared library C:\Users\Jenna Miles Reyes\.p2\pool\plugins\org.eclipse.justj.openjdk.hotspot.jre.full.win32.x86_64_22.0.0.v20240322-1225\jre\bin\nio.dll

Deoptimization events (20 events):
Event: 1.119 Thread 0x0000028d4d932610 Uncommon trap: trap_request=0xffffffc6 fr.pc=0x0000028d3c868f00 relative=0x0000000000000300
Event: 1.119 Thread 0x0000028d4d932610 Uncommon trap: reason=bimorphic_or_optimized_type_check action=maybe_recompile pc=0x0000028d3c868f00 method=java.util.HashMap.getNode(Ljava/lang/Object;)Ljava/util/HashMap$Node; @ 63 c2
Event: 1.119 Thread 0x0000028d4d932610 DEOPT PACKING pc=0x0000028d3c868f00 sp=0x000000ee848fdde0
Event: 1.119 Thread 0x0000028d4d932610 DEOPT UNPACKING pc=0x0000028d3c2e46a2 sp=0x000000ee848fdd58 mode 2
Event: 4.717 Thread 0x0000028d4d932610 Uncommon trap: trap_request=0xffffff45 fr.pc=0x0000028d3c884814 relative=0x00000000000001d4
Event: 4.717 Thread 0x0000028d4d932610 Uncommon trap: reason=unstable_if action=reinterpret pc=0x0000028d3c884814 method=java.util.concurrent.locks.AbstractQueuedSynchronizer.signalNext(Ljava/util/concurrent/locks/AbstractQueuedSynchronizer$Node;)V @ 17 c2
Event: 4.717 Thread 0x0000028d4d932610 DEOPT PACKING pc=0x0000028d3c884814 sp=0x000000ee848fee80
Event: 4.717 Thread 0x0000028d4d932610 DEOPT UNPACKING pc=0x0000028d3c2e46a2 sp=0x000000ee848fed68 mode 2
Event: 507.839 Thread 0x0000028d4d926230 Uncommon trap: trap_request=0xffffffcc fr.pc=0x0000028d3c8a6e6c relative=0x000000000000022c
Event: 507.839 Thread 0x0000028d4d926230 Uncommon trap: reason=intrinsic_or_type_checked_inlining action=make_not_entrant pc=0x0000028d3c8a6e6c method=java.util.Arrays.copyOf([Ljava/lang/Object;ILjava/lang/Class;)[Ljava/lang/Object; @ 35 c2
Event: 507.839 Thread 0x0000028d4d926230 DEOPT PACKING pc=0x0000028d3c8a6e6c sp=0x000000ee849ff490
Event: 507.840 Thread 0x0000028d4d926230 DEOPT UNPACKING pc=0x0000028d3c2e46a2 sp=0x000000ee849ff420 mode 2
Event: 573.478 Thread 0x0000028d4d926230 Uncommon trap: trap_request=0xffffffdc fr.pc=0x0000028d3c8a8b9c relative=0x000000000000017c
Event: 573.478 Thread 0x0000028d4d926230 Uncommon trap: reason=class_check action=make_not_entrant pc=0x0000028d3c8a8b9c method=java.util.ArrayList.toArray([Ljava/lang/Object;)[Ljava/lang/Object; @ 21 c2
Event: 573.478 Thread 0x0000028d4d926230 DEOPT PACKING pc=0x0000028d3c8a8b9c sp=0x000000ee849ff4f0
Event: 573.478 Thread 0x0000028d4d926230 DEOPT UNPACKING pc=0x0000028d3c2e46a2 sp=0x000000ee849ff4b0 mode 2
Event: 1666.969 Thread 0x0000028d4d932610 Uncommon trap: trap_request=0xffffff45 fr.pc=0x0000028d3c895f5c relative=0x000000000000005c
Event: 1666.975 Thread 0x0000028d4d932610 Uncommon trap: reason=unstable_if action=reinterpret pc=0x0000028d3c895f5c method=sun.java2d.d3d.D3DGraphicsDevice.getDefaultConfiguration()Ljava/awt/GraphicsConfiguration; @ 4 c2
Event: 1666.992 Thread 0x0000028d4d932610 DEOPT PACKING pc=0x0000028d3c895f5c sp=0x000000ee848fead0
Event: 1667.003 Thread 0x0000028d4d932610 DEOPT UNPACKING pc=0x0000028d3c2e46a2 sp=0x000000ee848fea70 mode 2

Classes loaded (20 events):
Event: 7.313 Loading class javax/swing/JComponent$KeyboardState
Event: 7.313 Loading class javax/swing/JComponent$KeyboardState done
Event: 7.313 Loading class javax/swing/JComponent$IntVector
Event: 7.314 Loading class javax/swing/JComponent$IntVector done
Event: 7.314 Loading class javax/swing/KeyboardManager
Event: 7.314 Loading class javax/swing/KeyboardManager done
Event: 7.314 Loading class javax/swing/Popup$HeavyWeightWindow
Event: 7.314 Loading class sun/awt/ModalExclude
Event: 7.314 Loading class sun/awt/ModalExclude done
Event: 7.314 Loading class javax/swing/JWindow
Event: 7.314 Loading class javax/swing/JWindow done
Event: 7.315 Loading class javax/swing/Popup$HeavyWeightWindow done
Event: 11.113 Loading class java/awt/KeyboardFocusManager$2
Event: 11.113 Loading class java/awt/KeyboardFocusManager$2 done
Event: 11.114 Loading class sun/awt/SunToolkit$1
Event: 11.114 Loading class sun/awt/SunToolkit$1 done
Event: 1667.354 Loading class java/util/WeakHashMap$KeyIterator
Event: 1667.754 Loading class java/util/WeakHashMap$HashIterator
Event: 1668.098 Loading class java/util/WeakHashMap$HashIterator done
Event: 1668.098 Loading class java/util/WeakHashMap$KeyIterator done

Classes unloaded (20 events):
Event: 1674.200 Thread 0x0000028d48c60c30 Unloading class 0x00000000130c8800 'java/lang/invoke/LambdaForm$MH+0x00000000130c8800'
Event: 1674.200 Thread 0x0000028d48c60c30 Unloading class 0x00000000130c8000 'java/lang/invoke/LambdaForm$MH+0x00000000130c8000'
Event: 1674.200 Thread 0x0000028d48c60c30 Unloading class 0x00000000130c7400 'java/lang/invoke/LambdaForm$MH+0x00000000130c7400'
Event: 1674.200 Thread 0x0000028d48c60c30 Unloading class 0x00000000130c7000 'java/lang/invoke/LambdaForm$MH+0x00000000130c7000'
Event: 1674.200 Thread 0x0000028d48c60c30 Unloading class 0x00000000130c6800 'java/lang/invoke/LambdaForm$MH+0x00000000130c6800'
Event: 1674.200 Thread 0x0000028d48c60c30 Unloading class 0x00000000130c6000 'java/lang/invoke/LambdaForm$MH+0x00000000130c6000'
Event: 1674.201 Thread 0x0000028d48c60c30 Unloading class 0x00000000130c5800 'java/lang/invoke/LambdaForm$MH+0x00000000130c5800'
Event: 1674.201 Thread 0x0000028d48c60c30 Unloading class 0x00000000130c5400 'java/lang/invoke/LambdaForm$MH+0x00000000130c5400'
Event: 1674.201 Thread 0x0000028d48c60c30 Unloading class 0x00000000130c5000 'java/lang/invoke/LambdaForm$MH+0x00000000130c5000'
Event: 1674.201 Thread 0x0000028d48c60c30 Unloading class 0x00000000130c4c00 'java/lang/invoke/LambdaForm$MH+0x00000000130c4c00'
Event: 1674.201 Thread 0x0000028d48c60c30 Unloading class 0x00000000130c4000 'java/lang/invoke/LambdaForm$MH+0x00000000130c4000'
Event: 1674.201 Thread 0x0000028d48c60c30 Unloading class 0x00000000130c3c00 'java/lang/invoke/LambdaForm$MH+0x00000000130c3c00'
Event: 1674.201 Thread 0x0000028d48c60c30 Unloading class 0x00000000130c3800 'java/lang/invoke/LambdaForm$MH+0x00000000130c3800'
Event: 1674.201 Thread 0x0000028d48c60c30 Unloading class 0x00000000130c3000 'java/lang/invoke/LambdaForm$MH+0x00000000130c3000'
Event: 1674.202 Thread 0x0000028d48c60c30 Unloading class 0x00000000130c2400 'java/lang/invoke/LambdaForm$MH+0x00000000130c2400'
Event: 1674.202 Thread 0x0000028d48c60c30 Unloading class 0x00000000130c2000 'java/lang/invoke/LambdaForm$MH+0x00000000130c2000'
Event: 1674.202 Thread 0x0000028d48c60c30 Unloading class 0x00000000130c1800 'java/lang/invoke/LambdaForm$MH+0x00000000130c1800'
Event: 1674.202 Thread 0x0000028d48c60c30 Unloading class 0x00000000130c1000 'java/lang/invoke/LambdaForm$MH+0x00000000130c1000'
Event: 1674.202 Thread 0x0000028d48c60c30 Unloading class 0x00000000130c0400 'java/lang/invoke/LambdaForm$MH+0x00000000130c0400'
Event: 1674.202 Thread 0x0000028d48c60c30 Unloading class 0x0000000013000400 'java/lang/invoke/LambdaForm$MH+0x0000000013000400'

Classes redefined (0 events):
No events

Internal exceptions (12 events):
Event: 0.277 Thread 0x0000028d31269770 Exception <a 'java/lang/ClassNotFoundException'{0x00000000a82c1398}: sun/awt/resources/spi/awtProvider> (0x00000000a82c1398) 
thrown [s\src\hotspot\share\classfile\systemDictionary.cpp, line 313]
Event: 0.325 Thread 0x0000028d31269770 Exception <a 'java/io/FileNotFoundException'{0x00000000a8126348}> (0x00000000a8126348) 
thrown [s\src\hotspot\share\prims\jni.cpp, line 520]
Event: 0.335 Thread 0x0000028d31269770 Exception <a 'java/io/FileNotFoundException'{0x00000000a8154628}> (0x00000000a8154628) 
thrown [s\src\hotspot\share\prims\jni.cpp, line 520]
Event: 0.556 Thread 0x0000028d31269770 Exception <a 'java/lang/NoSuchMethodError'{0x00000000a81e6db0}: 'void java.lang.invoke.DirectMethodHandle$Holder.invokeSpecial(java.lang.Object, java.lang.Object, java.lang.Object)'> (0x00000000a81e6db0) 
thrown [s\src\hotspot\share\interpreter\linkResolver.cpp, line 774]
Event: 0.568 Thread 0x0000028d31269770 Exception <a 'java/lang/NoSuchMethodError'{0x00000000a80922d8}: 'java.lang.Object java.lang.invoke.DirectMethodHandle$Holder.newInvokeSpecial(java.lang.Object, java.lang.Object, java.lang.Object, java.lang.Object, java.lang.Object)'> (0x00000000a80922d8) 
thrown [s\src\hotspot\share\interpreter\linkResolver.cpp, line 774]
Event: 0.578 Thread 0x0000028d31269770 Exception <a 'java/lang/NoSuchMethodError'{0x00000000a80bec78}: 'java.lang.Object java.lang.invoke.DirectMethodHandle$Holder.invokeStatic(java.lang.Object, int, java.lang.Object)'> (0x00000000a80bec78) 
thrown [s\src\hotspot\share\interpreter\linkResolver.cpp, line 774]
Event: 0.612 Thread 0x0000028d31269770 Exception <a 'java/lang/ClassNotFoundException'{0x00000000a7f609e0}: com/sun/swing/internal/plaf/metal/resources/spi/metalProvider> (0x00000000a7f609e0) 
thrown [s\src\hotspot\share\classfile\systemDictionary.cpp, line 313]
Event: 0.613 Thread 0x0000028d31269770 Exception <a 'java/lang/ClassNotFoundException'{0x00000000a7f649c0}: com/sun/swing/internal/plaf/basic/resources/spi/basicProvider> (0x00000000a7f649c0) 
thrown [s\src\hotspot\share\classfile\systemDictionary.cpp, line 313]
Event: 0.631 Thread 0x0000028d31269770 Exception <a 'java/lang/NoSuchMethodError'{0x00000000a7f84af8}: 'int java.lang.invoke.Invokers$Holder.invokeExact_MT(java.lang.Object, java.lang.Object)'> (0x00000000a7f84af8) 
thrown [s\src\hotspot\share\interpreter\linkResolver.cpp, line 774]
Event: 0.796 Thread 0x0000028d4d753ba0 Exception <a 'java/lang/NoSuchMethodError'{0x00000000a7dd5f68}: 'java.lang.Object java.lang.invoke.DirectMethodHandle$Holder.newInvokeSpecial(java.lang.Object, java.lang.Object, java.lang.Object, int, int, int, int, int)'> (0x00000000a7dd5f68) 
thrown [s\src\hotspot\share\interpreter\linkResolver.cpp, line 774]
Event: 0.870 Thread 0x0000028d4d4e2fa0 Exception <a 'java/lang/NoSuchMethodError'{0x00000000a800e7f0}: 'void java.lang.invoke.DirectMethodHandle$Holder.invokeVirtual(java.lang.Object, java.lang.Object)'> (0x00000000a800e7f0) 
thrown [s\src\hotspot\share\interpreter\linkResolver.cpp, line 774]
Event: 0.896 Thread 0x0000028d31269770 Exception <a 'java/lang/NoSuchMethodError'{0x00000000a7fcc028}: 'void java.lang.invoke.DirectMethodHandle$Holder.invokeStaticInit(java.lang.Object)'> (0x00000000a7fcc028) 
thrown [s\src\hotspot\share\interpreter\linkResolver.cpp, line 774]

ZGC Phase Switch (0 events):
No events

VM Operations (20 events):
Event: 547.369 Executing VM operation: Cleanup done
Event: 1664.919 Executing VM operation: Cleanup
Event: 1664.933 Executing VM operation: Cleanup done
Event: 1673.220 Executing VM operation: G1CollectForAllocation (G1 Evacuation Pause)
Event: 1673.453 Executing VM operation: G1CollectForAllocation (G1 Evacuation Pause) done
Event: 1673.473 Executing VM operation: G1CollectForAllocation (G1 Evacuation Pause)
Event: 1673.585 Executing VM operation: G1CollectForAllocation (G1 Evacuation Pause) done
Event: 1673.710 Executing VM operation: G1CollectForAllocation (G1 Evacuation Pause)
Event: 1673.789 Executing VM operation: G1CollectForAllocation (G1 Evacuation Pause) done
Event: 1673.902 Executing VM operation: G1CollectForAllocation (G1 Evacuation Pause)
Event: 1674.049 Executing VM operation: G1CollectForAllocation (G1 Evacuation Pause) done
Event: 1674.111 Executing VM operation: G1CollectForAllocation (G1 Evacuation Pause)
Event: 1674.185 Executing VM operation: G1CollectForAllocation (G1 Evacuation Pause) done
Event: 1674.194 Executing VM operation: G1PauseRemark
Event: 1674.841 Executing VM operation: G1PauseRemark done
Event: 1674.871 Executing VM operation: G1PauseCleanup
Event: 1674.872 Executing VM operation: G1PauseCleanup done
Event: 1674.875 Executing VM operation: G1CollectForAllocation (G1 Evacuation Pause)
Event: 1674.890 Executing VM operation: G1CollectForAllocation (G1 Evacuation Pause) done
Event: 1674.908 Executing VM operation: G1CollectForAllocation (G1 Evacuation Pause)

Events (20 events):
Event: 0.026 Thread 0x0000028d31269770 Thread added: 0x0000028d31269770
Event: 0.104 Thread 0x0000028d4d015cb0 Thread added: 0x0000028d4d015cb0
Event: 0.104 Thread 0x0000028d4d0169d0 Thread added: 0x0000028d4d0169d0
Event: 0.106 Thread 0x0000028d4d018960 Thread added: 0x0000028d4d018960
Event: 0.106 Thread 0x0000028d4d036630 Thread added: 0x0000028d4d036630
Event: 0.106 Thread 0x0000028d4d037090 Thread added: 0x0000028d4d037090
Event: 0.107 Thread 0x0000028d4d039b00 Thread added: 0x0000028d4d039b00
Event: 0.107 Thread 0x0000028d4d03dd90 Thread added: 0x0000028d4d03dd90
Event: 0.107 Thread 0x0000028d4d041860 Thread added: 0x0000028d4d041860
Event: 0.160 Thread 0x0000028d4d1fbd60 Thread added: 0x0000028d4d1fbd60
Event: 0.169 Thread 0x0000028d4d204c10 Thread added: 0x0000028d4d204c10
Event: 0.423 Thread 0x0000028d4d4cb910 Thread added: 0x0000028d4d4cb910
Event: 0.425 Thread 0x0000028d4d4cee50 Thread added: 0x0000028d4d4cee50
Event: 0.427 Thread 0x0000028d4d4e2fa0 Thread added: 0x0000028d4d4e2fa0
Event: 0.653 Thread 0x0000028d4d753ba0 Thread added: 0x0000028d4d753ba0
Event: 0.873 Thread 0x0000028d4d932610 Thread added: 0x0000028d4d932610
Event: 1.043 Thread 0x0000028d4d926230 Thread added: 0x0000028d4d926230
Event: 1.047 Thread 0x0000028d31269770 Thread exited: 0x0000028d31269770
Event: 1.047 Thread 0x0000028d31269770 Thread added: 0x0000028d31269770
Event: 5.855 Thread 0x0000028d4d753ba0 Thread exited: 0x0000028d4d753ba0


Dynamic libraries:
0x00007ff6ff5e0000 - 0x00007ff6ff5ee000 	C:\Users\Jenna Miles Reyes\.p2\pool\plugins\org.eclipse.justj.openjdk.hotspot.jre.full.win32.x86_64_22.0.0.v20240322-1225\jre\bin\javaw.exe
0x00007fff73bf0000 - 0x00007fff73e06000 	C:\WINDOWS\SYSTEM32\ntdll.dll
0x00007fff72620000 - 0x00007fff726e4000 	C:\WINDOWS\System32\KERNEL32.DLL
0x00007fff71100000 - 0x00007fff714a7000 	C:\WINDOWS\System32\KERNELBASE.dll
0x00007fff717d0000 - 0x00007fff718e1000 	C:\WINDOWS\System32\ucrtbase.dll
0x00007fff55dc0000 - 0x00007fff55ddb000 	C:\Users\Jenna Miles Reyes\.p2\pool\plugins\org.eclipse.justj.openjdk.hotspot.jre.full.win32.x86_64_22.0.0.v20240322-1225\jre\bin\VCRUNTIME140.dll
0x00007fff6b280000 - 0x00007fff6b297000 	C:\Users\Jenna Miles Reyes\.p2\pool\plugins\org.eclipse.justj.openjdk.hotspot.jre.full.win32.x86_64_22.0.0.v20240322-1225\jre\bin\jli.dll
0x00007fff736b0000 - 0x00007fff7385e000 	C:\WINDOWS\System32\USER32.dll
0x00007fff710d0000 - 0x00007fff710f6000 	C:\WINDOWS\System32\win32u.dll
0x00007fff70270000 - 0x00007fff70503000 	C:\WINDOWS\WinSxS\amd64_microsoft.windows.common-controls_6595b64144ccf1df_6.0.22621.3235_none_270f74e173860f98\COMCTL32.dll
0x00007fff72e90000 - 0x00007fff72eb9000 	C:\WINDOWS\System32\GDI32.dll
0x00007fff732d0000 - 0x00007fff73377000 	C:\WINDOWS\System32\msvcrt.dll
0x00007fff70f10000 - 0x00007fff71029000 	C:\WINDOWS\System32\gdi32full.dll
0x00007fff71030000 - 0x00007fff710ca000 	C:\WINDOWS\System32\msvcp_win.dll
0x00007fff73b20000 - 0x00007fff73b51000 	C:\WINDOWS\System32\IMM32.DLL
0x00007fff70730000 - 0x00007fff7073c000 	C:\Users\Jenna Miles Reyes\.p2\pool\plugins\org.eclipse.justj.openjdk.hotspot.jre.full.win32.x86_64_22.0.0.v20240322-1225\jre\bin\vcruntime140_1.dll
0x00007fff339e0000 - 0x00007fff33a6e000 	C:\Users\Jenna Miles Reyes\.p2\pool\plugins\org.eclipse.justj.openjdk.hotspot.jre.full.win32.x86_64_22.0.0.v20240322-1225\jre\bin\msvcp140.dll
0x00007ffef46d0000 - 0x00007ffef5492000 	C:\Users\Jenna Miles Reyes\.p2\pool\plugins\org.eclipse.justj.openjdk.hotspot.jre.full.win32.x86_64_22.0.0.v20240322-1225\jre\bin\server\jvm.dll
0x00007fff73580000 - 0x00007fff73632000 	C:\WINDOWS\System32\ADVAPI32.dll
0x00007fff72290000 - 0x00007fff72338000 	C:\WINDOWS\System32\sechost.dll
0x00007fff718f0000 - 0x00007fff71918000 	C:\WINDOWS\System32\bcrypt.dll
0x00007fff72d70000 - 0x00007fff72e85000 	C:\WINDOWS\System32\RPCRT4.dll
0x00007fff72b70000 - 0x00007fff72be1000 	C:\WINDOWS\System32\WS2_32.dll
0x00007fff70c30000 - 0x00007fff70c7d000 	C:\WINDOWS\SYSTEM32\POWRPROF.dll
0x00007fff6d8f0000 - 0x00007fff6d924000 	C:\WINDOWS\SYSTEM32\WINMM.dll
0x00007fff66880000 - 0x00007fff6688a000 	C:\WINDOWS\SYSTEM32\VERSION.dll
0x00007fff70c10000 - 0x00007fff70c23000 	C:\WINDOWS\SYSTEM32\UMPDC.dll
0x00007fff6f000000 - 0x00007fff6f018000 	C:\WINDOWS\SYSTEM32\kernel.appcore.dll
0x00007fff6cfb0000 - 0x00007fff6cfba000 	C:\Users\Jenna Miles Reyes\.p2\pool\plugins\org.eclipse.justj.openjdk.hotspot.jre.full.win32.x86_64_22.0.0.v20240322-1225\jre\bin\jimage.dll
0x00007fff70800000 - 0x00007fff70a33000 	C:\WINDOWS\SYSTEM32\DBGHELP.DLL
0x00007fff72f40000 - 0x00007fff732c8000 	C:\WINDOWS\System32\combase.dll
0x00007fff73380000 - 0x00007fff73457000 	C:\WINDOWS\System32\OLEAUT32.dll
0x00007fff706f0000 - 0x00007fff70722000 	C:\WINDOWS\SYSTEM32\dbgcore.DLL
0x00007fff71520000 - 0x00007fff71599000 	C:\WINDOWS\System32\bcryptPrimitives.dll
0x00007fff68410000 - 0x00007fff6842e000 	C:\Users\Jenna Miles Reyes\.p2\pool\plugins\org.eclipse.justj.openjdk.hotspot.jre.full.win32.x86_64_22.0.0.v20240322-1225\jre\bin\java.dll
0x00007fff719a0000 - 0x00007fff721fc000 	C:\WINDOWS\System32\SHELL32.dll
0x00007fff73970000 - 0x00007fff73b15000 	C:\WINDOWS\System32\ole32.dll
0x00007fff683f0000 - 0x00007fff68407000 	C:\Users\Jenna Miles Reyes\.p2\pool\plugins\org.eclipse.justj.openjdk.hotspot.jre.full.win32.x86_64_22.0.0.v20240322-1225\jre\bin\zip.dll
0x00007fff6df10000 - 0x00007fff6e809000 	C:\WINDOWS\SYSTEM32\windows.storage.dll
0x00007fff6ddd0000 - 0x00007fff6df0e000 	C:\WINDOWS\SYSTEM32\wintypes.dll
0x00007fff73870000 - 0x00007fff73963000 	C:\WINDOWS\System32\SHCORE.dll
0x00007fff72ec0000 - 0x00007fff72f1e000 	C:\WINDOWS\System32\shlwapi.dll
0x00007fff70e40000 - 0x00007fff70e61000 	C:\WINDOWS\SYSTEM32\profapi.dll
0x00007ffed98b0000 - 0x00007ffed9a3c000 	C:\Users\Jenna Miles Reyes\.p2\pool\plugins\org.eclipse.justj.openjdk.hotspot.jre.full.win32.x86_64_22.0.0.v20240322-1225\jre\bin\awt.dll
0x00007fff6d020000 - 0x00007fff6d0b7000 	C:\WINDOWS\SYSTEM32\apphelp.dll
0x00007fff6d440000 - 0x00007fff6d46b000 	C:\WINDOWS\system32\DWMAPI.DLL
0x00007fff6d1c0000 - 0x00007fff6d26b000 	C:\WINDOWS\system32\uxtheme.dll
0x00007fff118b0000 - 0x00007fff119b0000 	C:\WINDOWS\system32\opengl32.dll
0x00007fff11390000 - 0x00007fff113bd000 	C:\WINDOWS\SYSTEM32\GLU32.dll
0x00007fff6d2f0000 - 0x00007fff6d329000 	C:\WINDOWS\SYSTEM32\dxcore.dll
0x00007fff72c10000 - 0x00007fff72d63000 	C:\WINDOWS\System32\MSCTF.dll
0x00007fff1a3c0000 - 0x00007fff1a569000 	C:\WINDOWS\system32\d3d9.dll
0x00007fff66890000 - 0x00007fff66a4b000 	C:\WINDOWS\System32\DriverStore\FileRepository\u0390483.inf_amd64_b7c25444b8e9ca60\B389503\aticfx64.dll
0x00007fff0cfa0000 - 0x00007fff0cfd4000 	C:\WINDOWS\System32\DriverStore\FileRepository\u0390483.inf_amd64_b7c25444b8e9ca60\B389503\atiu9p64.dll
0x00007fff0c240000 - 0x00007fff0cf95000 	C:\WINDOWS\System32\DriverStore\FileRepository\u0390483.inf_amd64_b7c25444b8e9ca60\B389503\atiumd64.dll
0x0000000056810000 - 0x0000000057738000 	C:\WINDOWS\System32\DriverStore\FileRepository\u0390483.inf_amd64_b7c25444b8e9ca60\B389503\atiumd6a.dll
0x00007fff726f0000 - 0x00007fff72b64000 	C:\WINDOWS\System32\SETUPAPI.dll
0x00007fff64840000 - 0x00007fff64875000 	C:\WINDOWS\SYSTEM32\amdihk64.dll
0x00007fff6a460000 - 0x00007fff6a4aa000 	C:\WINDOWS\SYSTEM32\directxdatabasehelper.dll
0x00007fff23fe0000 - 0x00007fff24067000 	C:\Users\Jenna Miles Reyes\.p2\pool\plugins\org.eclipse.justj.openjdk.hotspot.jre.full.win32.x86_64_22.0.0.v20240322-1225\jre\bin\freetype.dll
0x00007ffed97d0000 - 0x00007ffed98a8000 	C:\Users\Jenna Miles Reyes\.p2\pool\plugins\org.eclipse.justj.openjdk.hotspot.jre.full.win32.x86_64_22.0.0.v20240322-1225\jre\bin\fontmanager.dll
0x00007fff60070000 - 0x00007fff601ba000 	C:\WINDOWS\SYSTEM32\textinputframework.dll
0x00007fff683e0000 - 0x00007fff683f0000 	C:\Users\Jenna Miles Reyes\.p2\pool\plugins\org.eclipse.justj.openjdk.hotspot.jre.full.win32.x86_64_22.0.0.v20240322-1225\jre\bin\net.dll
0x00007fff6f430000 - 0x00007fff6f499000 	C:\WINDOWS\system32\mswsock.dll
0x00007fff683c0000 - 0x00007fff683d6000 	C:\Users\Jenna Miles Reyes\.p2\pool\plugins\org.eclipse.justj.openjdk.hotspot.jre.full.win32.x86_64_22.0.0.v20240322-1225\jre\bin\nio.dll
0x00007fff6cc40000 - 0x00007fff6cd74000 	C:\WINDOWS\SYSTEM32\CoreMessaging.dll
0x00007fff69250000 - 0x00007fff695bc000 	C:\WINDOWS\SYSTEM32\CoreUIComponents.dll
0x00007fff6f660000 - 0x00007fff6f66c000 	C:\WINDOWS\SYSTEM32\CRYPTBASE.DLL
0x00007fff45c90000 - 0x00007fff45cfb000 	C:\WINDOWS\system32\Ninput.dll
0x00007fff557a0000 - 0x00007fff55850000 	C:\WINDOWS\SYSTEM32\TextShaping.dll

dbghelp: loaded successfully - version: 4.0.5 - missing functions: none
symbol engine: initialized successfully - sym options: 0x614 - pdb path: .;C:\Users\Jenna Miles Reyes\.p2\pool\plugins\org.eclipse.justj.openjdk.hotspot.jre.full.win32.x86_64_22.0.0.v20240322-1225\jre\bin;C:\WINDOWS\SYSTEM32;C:\WINDOWS\WinSxS\amd64_microsoft.windows.common-controls_6595b64144ccf1df_6.0.22621.3235_none_270f74e173860f98;C:\Users\Jenna Miles Reyes\.p2\pool\plugins\org.eclipse.justj.openjdk.hotspot.jre.full.win32.x86_64_22.0.0.v20240322-1225\jre\bin\server;C:\WINDOWS\System32\DriverStore\FileRepository\u0390483.inf_amd64_b7c25444b8e9ca60\B389503

VM Arguments:
jvm_args: -Dfile.encoding=UTF-8 -Dstdout.encoding=UTF-8 -Dstderr.encoding=UTF-8 -XX:+ShowCodeDetailsInExceptionMessages 
java_command: JobBoard
java_class_path (initial): C:\Users\Jenna Miles Reyes\eclipse-workspace\Booking System\bin
Launcher Type: SUN_STANDARD

[Global flags]
     intx CICompilerCount                          = 4                                         {product} {ergonomic}
     uint ConcGCThreads                            = 3                                         {product} {ergonomic}
     uint G1ConcRefinementThreads                  = 10                                        {product} {ergonomic}
   size_t G1HeapRegionSize                         = 1048576                                   {product} {ergonomic}
   size_t InitialHeapSize                          = 98566144                                  {product} {ergonomic}
   size_t MarkStackSize                            = 4194304                                   {product} {ergonomic}
   size_t MaxHeapSize                              = 1570766848                                {product} {ergonomic}
   size_t MaxNewSize                               = 941621248                                 {product} {ergonomic}
   size_t MinHeapDeltaBytes                        = 1048576                                   {product} {ergonomic}
   size_t MinHeapSize                              = 8388608                                   {product} {ergonomic}
    uintx NonNMethodCodeHeapSize                   = 5839372                                {pd product} {ergonomic}
    uintx NonProfiledCodeHeapSize                  = 122909434                              {pd product} {ergonomic}
    uintx ProfiledCodeHeapSize                     = 122909434                              {pd product} {ergonomic}
    uintx ReservedCodeCacheSize                    = 251658240                              {pd product} {ergonomic}
     bool SegmentedCodeCache                       = true                                      {product} {ergonomic}
     bool ShowCodeDetailsInExceptionMessages       = true                                   {manageable} {command line}
   size_t SoftMaxHeapSize                          = 1570766848                             {manageable} {ergonomic}
     bool UseCompressedOops                        = true                           {product lp64_product} {ergonomic}
     bool UseG1GC                                  = true                                      {product} {ergonomic}
     bool UseLargePagesIndividualAllocation        = false                                  {pd product} {ergonomic}

Logging:
Log output configuration:
 #0: stdout all=warning uptime,level,tags foldmultilines=false
 #1: stderr all=off uptime,level,tags foldmultilines=false

Environment Variables:
PATH=C:/Users/Jenna Miles Reyes/.p2/pool/plugins/org.eclipse.justj.openjdk.hotspot.jre.full.win32.x86_64_22.0.0.v20240322-1225/jre/bin/server;C:/Users/Jenna Miles Reyes/.p2/pool/plugins/org.eclipse.justj.openjdk.hotspot.jre.full.win32.x86_64_22.0.0.v20240322-1225/jre/bin;C:\WINDOWS\system32;C:\WINDOWS;C:\WINDOWS\System32\Wbem;C:\WINDOWS\System32\WindowsPowerShell\v1.0\;C:\WINDOWS\System32\OpenSSH\;C:\Program Files\Microsoft SQL Server\150\Tools\Binn\;C:\Program Files\dotnet\;C:\Users\Jenna Miles Reyes\AppData\Local\Programs\Python\Python312\Scripts\;C:\Users\Jenna Miles Reyes\AppData\Local\Programs\Python\Python312\;C:\Users\Jenna Miles Reyes\AppData\Local\Programs\Python\Launcher\;C:\Users\Jenna Miles Reyes\AppData\Local\Microsoft\WindowsApps;C:\MinGW\bin;C:\Users\Jenna Miles Reyes\.dotnet\tools;C:\Users\Jenna Miles Reyes\AppData\Local\Programs\Microsoft VS Code\bin;C:\WINDOWS\system32;
USERNAME=Jenna Miles Reyes
OS=Windows_NT
PROCESSOR_IDENTIFIER=AMD64 Family 25 Model 80 Stepping 0, AuthenticAMD
TMP=C:\Users\JENNAM~1\AppData\Local\Temp
TEMP=C:\Users\JENNAM~1\AppData\Local\Temp




Periodic native trim disabled

---------------  S Y S T E M  ---------------

OS:
 Windows 11 , 64 bit Build 22621 (10.0.22621.3374)
OS uptime: 0 days 1:05 hours
Hyper-V role detected

CPU: total 12 (initial active 12) (12 cores per cpu, 2 threads per core) family 25 model 80 stepping 0 microcode 0x0, cx8, cmov, fxsr, ht, mmx, 3dnowpref, sse, sse2, sse3, ssse3, sse4a, sse4.1, sse4.2, popcnt, lzcnt, tsc, tscinvbit, avx, avx2, aes, erms, clmul, bmi1, bmi2, adx, sha, fma, vzeroupper, clflush, clflushopt, hv, rdtscp, rdpid, fsrm, f16c, cet_ss
Processor Information for processor 0
  Max Mhz: 2301, Current Mhz: 1798, Mhz Limit: 2301
Processor Information for processor 1
  Max Mhz: 2301, Current Mhz: 1904, Mhz Limit: 2301
Processor Information for processor 2
  Max Mhz: 2301, Current Mhz: 1904, Mhz Limit: 2301
Processor Information for processor 3
  Max Mhz: 2301, Current Mhz: 1904, Mhz Limit: 2301
Processor Information for processor 4
  Max Mhz: 2301, Current Mhz: 1904, Mhz Limit: 2301
Processor Information for processor 5
  Max Mhz: 2301, Current Mhz: 1904, Mhz Limit: 2301
Processor Information for processor 6
  Max Mhz: 2301, Current Mhz: 1904, Mhz Limit: 2301
Processor Information for processor 7
  Max Mhz: 2301, Current Mhz: 1904, Mhz Limit: 2301
Processor Information for processor 8
  Max Mhz: 2301, Current Mhz: 1904, Mhz Limit: 2301
Processor Information for processor 9
  Max Mhz: 2301, Current Mhz: 1904, Mhz Limit: 2301
Processor Information for processor 10
  Max Mhz: 2301, Current Mhz: 1798, Mhz Limit: 2301
Processor Information for processor 11
  Max Mhz: 2301, Current Mhz: 1904, Mhz Limit: 2301

Memory: 4k page, system-wide physical 5989M (17M free)
TotalPageFile size 24421M (AvailPageFile size 70M)
current process WorkingSet (physical memory assigned to process): 127M, peak: 232M
current process commit charge ("private bytes"): 541M, peak: 754M

vm_info: OpenJDK 64-Bit Server VM (22+36) for windows-amd64 JRE (22+36), built on 2024-03-19T00:00:00Z by "admin" with MS VC++ 17.7 (VS2022)

END.
