#
# There is insufficient memory for the Java Runtime Environment to continue.
# Native memory allocation (malloc) failed to allocate 1048576 bytes. Error detail: AllocateHeap
# Possible reasons:
#   The system is out of physical RAM or swap space
#   This process is running with CompressedOops enabled, and the Java Heap may be blocking the growth of the native heap
# Possible solutions:
#   Reduce memory load on the system
#   Increase physical memory or swap space
#   Check if swap backing store is full
#   Decrease Java heap size (-Xmx/-Xms)
#   Decrease number of Java threads
#   Decrease Java thread stack sizes (-Xss)
#   Set larger code cache with -XX:ReservedCodeCacheSize=
#   JVM is running with Unscaled Compressed Oops mode in which the Java heap is
#     placed in the first 4GB address space. The Java Heap base address is the
#     maximum limit for the native heap growth. Please use -XX:HeapBaseMinAddress
#     to set the Java Heap base and to place the Java Heap above 4GB virtual address.
# This output file may be truncated or incomplete.
#
#  Out of Memory Error (allocation.cpp:44), pid=22280, tid=12872
#
# JRE version:  (22.0+36) (build )
# Java VM: OpenJDK 64-Bit Server VM (22+36, mixed mode, sharing, tiered, compressed oops, compressed class ptrs, g1 gc, windows-amd64)
# No core dump will be written. Minidumps are not enabled by default on client versions of Windows
#

---------------  S U M M A R Y ------------

Command Line: -Dfile.encoding=UTF-8 -Dstdout.encoding=UTF-8 -Dstderr.encoding=UTF-8 -XX:+ShowCodeDetailsInExceptionMessages JobBoard

Host: AMD Ryzen 5 5625U with Radeon Graphics         , 12 cores, 5G,  Windows 11 , 64 bit Build 22621 (10.0.22621.3374)
Time: Thu Apr 25 12:58:59 2024 Malay Peninsula Standard Time elapsed time: 0.028317 seconds (0d 0h 0m 0s)

---------------  T H R E A D  ---------------

Current thread (0x0000013f2de098c0):  JavaThread "Unknown thread" [_thread_in_vm, id=12872, stack(0x000000153e500000,0x000000153e600000) (1024K)]

Stack: [0x000000153e500000,0x000000153e600000]
Native frames: (J=compiled Java code, j=interpreted, Vv=VM code, C=native code)
V  [jvm.dll+0x6ea2f9]  (no source info available)
V  [jvm.dll+0x8ccec3]  (no source info available)
V  [jvm.dll+0x8cf2ee]  (no source info available)
V  [jvm.dll+0x8cf9c3]  (no source info available)
V  [jvm.dll+0x286dd6]  (no source info available)
V  [jvm.dll+0xbe687]  (no source info available)
V  [jvm.dll+0x33c724]  (no source info available)
V  [jvm.dll+0x33478e]  (no source info available)
V  [jvm.dll+0x894e0c]  (no source info available)
V  [jvm.dll+0x3c7471]  (no source info available)
V  [jvm.dll+0x87db8c]  (no source info available)
V  [jvm.dll+0x460f1e]  (no source info available)
V  [jvm.dll+0x462d31]  (no source info available)
C  [jli.dll+0x5278]  (no source info available)
C  [ucrtbase.dll+0x29333]  (no source info available)
C  [KERNEL32.DLL+0x1257d]  (no source info available)
C  [ntdll.dll+0x5aa48]  (no source info available)


---------------  P R O C E S S  ---------------

Threads class SMR info:
_java_thread_list=0x00007ffef532c688, length=0, elements={
}

Java Threads: ( => current thread )
Total: 0

Other Threads:
  0x0000013f2de4efb0 WorkerThread "GC Thread#0"                     [id=25408, stack(0x000000153e600000,0x000000153e700000) (1024K)]

[error occurred during error reporting (printing all threads), id 0xc0000005, EXCEPTION_ACCESS_VIOLATION (0xc0000005) at pc=0x00007ffef4a11200]
VM state: not at safepoint (not fully initialized)

VM Mutex/Monitor currently owned by a thread:  ([mutex/lock_event])
[0x00007ffef53b00b8] Heap_lock - owner thread: 0x0000013f2de098c0

Heap address: 0x00000000a2600000, size: 1498 MB, Compressed Oops mode: 32-bit

CDS archive(s) mapped at: [0x0000000000000000-0x0000000000000000-0x0000000000000000), size 0, SharedBaseAddress: 0x0000000800000000, ArchiveRelocationMode: 1.
Narrow klass base: 0x0000000000000000, Narrow klass shift: 0, Narrow klass range: 0x0

GC Precious Log:
 CardTable entry size: 512
 Card Set container configuration: InlinePtr #cards 5 size 8 Array Of Cards #cards 12 size 40 Howl #buckets 4 coarsen threshold 1843 Howl Bitmap #cards 512 size 80 coarsen threshold 460 Card regions per heap region 1 cards per card region 2048

Heap:
 garbage-first heap   total reserved 1533952K, committed 0K, used 0K [0x00000000a2600000, 0x0000000100000000)
  region size 1024K, 0 young (0K), 0 survivors (0K)

[error occurred during error reporting (printing heap information), id 0xc0000005, EXCEPTION_ACCESS_VIOLATION (0xc0000005) at pc=0x00007ffef4e16ed9]
GC Heap History (0 events):
No events

Dll operation events (1 events):
Event: 0.022 Loaded shared library C:\Users\Jenna Miles Reyes\.p2\pool\plugins\org.eclipse.justj.openjdk.hotspot.jre.full.win32.x86_64_22.0.0.v20240322-1225\jre\bin\java.dll

Deoptimization events (0 events):
No events

Classes loaded (0 events):
No events

Classes unloaded (0 events):
No events

Classes redefined (0 events):
No events

Internal exceptions (0 events):
No events

ZGC Phase Switch (0 events):
No events

VM Operations (0 events):
No events

Events (0 events):
No events


Dynamic libraries:
0x00007ff6ff5e0000 - 0x00007ff6ff5ee000 	C:\Users\Jenna Miles Reyes\.p2\pool\plugins\org.eclipse.justj.openjdk.hotspot.jre.full.win32.x86_64_22.0.0.v20240322-1225\jre\bin\javaw.exe
0x00007fff73bf0000 - 0x00007fff73e06000 	C:\WINDOWS\SYSTEM32\ntdll.dll
0x00007fff72620000 - 0x00007fff726e4000 	C:\WINDOWS\System32\KERNEL32.DLL
0x00007fff71100000 - 0x00007fff714a7000 	C:\WINDOWS\System32\KERNELBASE.dll
0x00007fff717d0000 - 0x00007fff718e1000 	C:\WINDOWS\System32\ucrtbase.dll
0x00007fff6b280000 - 0x00007fff6b297000 	C:\Users\Jenna Miles Reyes\.p2\pool\plugins\org.eclipse.justj.openjdk.hotspot.jre.full.win32.x86_64_22.0.0.v20240322-1225\jre\bin\jli.dll
0x00007fff55dc0000 - 0x00007fff55ddb000 	C:\Users\Jenna Miles Reyes\.p2\pool\plugins\org.eclipse.justj.openjdk.hotspot.jre.full.win32.x86_64_22.0.0.v20240322-1225\jre\bin\VCRUNTIME140.dll
0x00007fff736b0000 - 0x00007fff7385e000 	C:\WINDOWS\System32\USER32.dll
0x00007fff710d0000 - 0x00007fff710f6000 	C:\WINDOWS\System32\win32u.dll
0x00007fff70270000 - 0x00007fff70503000 	C:\WINDOWS\WinSxS\amd64_microsoft.windows.common-controls_6595b64144ccf1df_6.0.22621.3235_none_270f74e173860f98\COMCTL32.dll
0x00007fff732d0000 - 0x00007fff73377000 	C:\WINDOWS\System32\msvcrt.dll
0x00007fff72e90000 - 0x00007fff72eb9000 	C:\WINDOWS\System32\GDI32.dll
0x00007fff70f10000 - 0x00007fff71029000 	C:\WINDOWS\System32\gdi32full.dll
0x00007fff71030000 - 0x00007fff710ca000 	C:\WINDOWS\System32\msvcp_win.dll
0x00007fff73b20000 - 0x00007fff73b51000 	C:\WINDOWS\System32\IMM32.DLL
0x00007fff70730000 - 0x00007fff7073c000 	C:\Users\Jenna Miles Reyes\.p2\pool\plugins\org.eclipse.justj.openjdk.hotspot.jre.full.win32.x86_64_22.0.0.v20240322-1225\jre\bin\vcruntime140_1.dll
0x00007fff339e0000 - 0x00007fff33a6e000 	C:\Users\Jenna Miles Reyes\.p2\pool\plugins\org.eclipse.justj.openjdk.hotspot.jre.full.win32.x86_64_22.0.0.v20240322-1225\jre\bin\msvcp140.dll
0x00007ffef46d0000 - 0x00007ffef5492000 	C:\Users\Jenna Miles Reyes\.p2\pool\plugins\org.eclipse.justj.openjdk.hotspot.jre.full.win32.x86_64_22.0.0.v20240322-1225\jre\bin\server\jvm.dll
0x00007fff73580000 - 0x00007fff73632000 	C:\WINDOWS\System32\ADVAPI32.dll
0x00007fff72290000 - 0x00007fff72338000 	C:\WINDOWS\System32\sechost.dll
0x00007fff718f0000 - 0x00007fff71918000 	C:\WINDOWS\System32\bcrypt.dll
0x00007fff72d70000 - 0x00007fff72e85000 	C:\WINDOWS\System32\RPCRT4.dll
0x00007fff72b70000 - 0x00007fff72be1000 	C:\WINDOWS\System32\WS2_32.dll
0x00007fff70c30000 - 0x00007fff70c7d000 	C:\WINDOWS\SYSTEM32\POWRPROF.dll
0x00007fff6d8f0000 - 0x00007fff6d924000 	C:\WINDOWS\SYSTEM32\WINMM.dll
0x00007fff66880000 - 0x00007fff6688a000 	C:\WINDOWS\SYSTEM32\VERSION.dll
0x00007fff70c10000 - 0x00007fff70c23000 	C:\WINDOWS\SYSTEM32\UMPDC.dll
0x00007fff6f000000 - 0x00007fff6f018000 	C:\WINDOWS\SYSTEM32\kernel.appcore.dll
0x00007fff6cfb0000 - 0x00007fff6cfba000 	C:\Users\Jenna Miles Reyes\.p2\pool\plugins\org.eclipse.justj.openjdk.hotspot.jre.full.win32.x86_64_22.0.0.v20240322-1225\jre\bin\jimage.dll
0x00007fff70800000 - 0x00007fff70a33000 	C:\WINDOWS\SYSTEM32\DBGHELP.DLL
0x00007fff72f40000 - 0x00007fff732c8000 	C:\WINDOWS\System32\combase.dll
0x00007fff73380000 - 0x00007fff73457000 	C:\WINDOWS\System32\OLEAUT32.dll
0x00007fff706f0000 - 0x00007fff70722000 	C:\WINDOWS\SYSTEM32\dbgcore.DLL
0x00007fff71520000 - 0x00007fff71599000 	C:\WINDOWS\System32\bcryptPrimitives.dll
0x00007fff68410000 - 0x00007fff6842e000 	C:\Users\Jenna Miles Reyes\.p2\pool\plugins\org.eclipse.justj.openjdk.hotspot.jre.full.win32.x86_64_22.0.0.v20240322-1225\jre\bin\java.dll
0x00007fff719a0000 - 0x00007fff721fc000 	C:\WINDOWS\System32\SHELL32.dll
0x00007fff73970000 - 0x00007fff73b15000 	C:\WINDOWS\System32\ole32.dll

dbghelp: loaded successfully - version: 4.0.5 - missing functions: none
symbol engine: initialized successfully - sym options: 0x614 - pdb path: .;C:\Users\Jenna Miles Reyes\.p2\pool\plugins\org.eclipse.justj.openjdk.hotspot.jre.full.win32.x86_64_22.0.0.v20240322-1225\jre\bin;C:\WINDOWS\SYSTEM32;C:\WINDOWS\WinSxS\amd64_microsoft.windows.common-controls_6595b64144ccf1df_6.0.22621.3235_none_270f74e173860f98;C:\Users\Jenna Miles Reyes\.p2\pool\plugins\org.eclipse.justj.openjdk.hotspot.jre.full.win32.x86_64_22.0.0.v20240322-1225\jre\bin\server

VM Arguments:
jvm_args: -Dfile.encoding=UTF-8 -Dstdout.encoding=UTF-8 -Dstderr.encoding=UTF-8 -XX:+ShowCodeDetailsInExceptionMessages 
java_command: JobBoard
java_class_path (initial): C:\Users\Jenna Miles Reyes\eclipse-workspace\Booking System\bin
Launcher Type: SUN_STANDARD

[Global flags]
     intx CICompilerCount                          = 4                                         {product} {ergonomic}
     uint ConcGCThreads                            = 3                                         {product} {ergonomic}
     uint G1ConcRefinementThreads                  = 10                                        {product} {ergonomic}
   size_t G1HeapRegionSize                         = 1048576                                   {product} {ergonomic}
   size_t InitialHeapSize                          = 98566144                                  {product} {ergonomic}
   size_t MarkStackSize                            = 4194304                                   {product} {ergonomic}
   size_t MaxHeapSize                              = 1570766848                                {product} {ergonomic}
   size_t MinHeapDeltaBytes                        = 1048576                                   {product} {ergonomic}
   size_t MinHeapSize                              = 8388608                                   {product} {ergonomic}
    uintx NonNMethodCodeHeapSize                   = 5839372                                {pd product} {ergonomic}
    uintx NonProfiledCodeHeapSize                  = 122909434                              {pd product} {ergonomic}
    uintx ProfiledCodeHeapSize                     = 122909434                              {pd product} {ergonomic}
    uintx ReservedCodeCacheSize                    = 251658240                              {pd product} {ergonomic}
     bool SegmentedCodeCache                       = true                                      {product} {ergonomic}
     bool ShowCodeDetailsInExceptionMessages       = true                                   {manageable} {command line}
   size_t SoftMaxHeapSize                          = 1570766848                             {manageable} {ergonomic}
     bool UseCompressedOops                        = true                           {product lp64_product} {ergonomic}
     bool UseG1GC                                  = true                                      {product} {ergonomic}
     bool UseLargePagesIndividualAllocation        = false                                  {pd product} {ergonomic}

Logging:
Log output configuration:
 #0: stdout all=warning uptime,level,tags foldmultilines=false
 #1: stderr all=off uptime,level,tags foldmultilines=false

Environment Variables:
PATH=C:/Users/Jenna Miles Reyes/.p2/pool/plugins/org.eclipse.justj.openjdk.hotspot.jre.full.win32.x86_64_22.0.0.v20240322-1225/jre/bin/server;C:/Users/Jenna Miles Reyes/.p2/pool/plugins/org.eclipse.justj.openjdk.hotspot.jre.full.win32.x86_64_22.0.0.v20240322-1225/jre/bin;C:\WINDOWS\system32;C:\WINDOWS;C:\WINDOWS\System32\Wbem;C:\WINDOWS\System32\WindowsPowerShell\v1.0\;C:\WINDOWS\System32\OpenSSH\;C:\Program Files\Microsoft SQL Server\150\Tools\Binn\;C:\Program Files\dotnet\;C:\Users\Jenna Miles Reyes\AppData\Local\Programs\Python\Python312\Scripts\;C:\Users\Jenna Miles Reyes\AppData\Local\Programs\Python\Python312\;C:\Users\Jenna Miles Reyes\AppData\Local\Programs\Python\Launcher\;C:\Users\Jenna Miles Reyes\AppData\Local\Microsoft\WindowsApps;C:\MinGW\bin;C:\Users\Jenna Miles Reyes\.dotnet\tools;C:\Users\Jenna Miles Reyes\AppData\Local\Programs\Microsoft VS Code\bin;C:\WINDOWS\system32;
USERNAME=Jenna Miles Reyes
OS=Windows_NT
PROCESSOR_IDENTIFIER=AMD64 Family 25 Model 80 Stepping 0, AuthenticAMD
TMP=C:\Users\JENNAM~1\AppData\Local\Temp
TEMP=C:\Users\JENNAM~1\AppData\Local\Temp




Periodic native trim disabled

---------------  S Y S T E M  ---------------

OS:
 Windows 11 , 64 bit Build 22621 (10.0.22621.3374)
OS uptime: 0 days 2:05 hours
Hyper-V role detected

CPU: total 12 (initial active 12) (12 cores per cpu, 2 threads per core) family 25 model 80 stepping 0 microcode 0x0, cx8, cmov, fxsr, ht, mmx, 3dnowpref, sse, sse2, sse3, ssse3, sse4a, sse4.1, sse4.2, popcnt, lzcnt, tsc, tscinvbit, avx, avx2, aes, erms, clmul, bmi1, bmi2, adx, sha, fma, vzeroupper, clflush, clflushopt, hv, rdtscp, rdpid, fsrm, f16c, cet_ss
Processor Information for processor 0
  Max Mhz: 2301, Current Mhz: 1798, Mhz Limit: 2301
Processor Information for processor 1
  Max Mhz: 2301, Current Mhz: 1904, Mhz Limit: 2301
Processor Information for processor 2
  Max Mhz: 2301, Current Mhz: 1904, Mhz Limit: 2301
Processor Information for processor 3
  Max Mhz: 2301, Current Mhz: 1798, Mhz Limit: 2301
Processor Information for processor 4
  Max Mhz: 2301, Current Mhz: 1904, Mhz Limit: 2301
Processor Information for processor 5
  Max Mhz: 2301, Current Mhz: 1904, Mhz Limit: 2301
Processor Information for processor 6
  Max Mhz: 2301, Current Mhz: 1904, Mhz Limit: 2301
Processor Information for processor 7
  Max Mhz: 2301, Current Mhz: 1904, Mhz Limit: 2301
Processor Information for processor 8
  Max Mhz: 2301, Current Mhz: 1798, Mhz Limit: 2301
Processor Information for processor 9
  Max Mhz: 2301, Current Mhz: 1798, Mhz Limit: 2301
Processor Information for processor 10
  Max Mhz: 2301, Current Mhz: 1904, Mhz Limit: 2301
Processor Information for processor 11
  Max Mhz: 2301, Current Mhz: 1798, Mhz Limit: 2301

Memory: 4k page, system-wide physical 5989M (489M free)
TotalPageFile size 24421M (AvailPageFile size 4M)
current process WorkingSet (physical memory assigned to process): 11M, peak: 11M
current process commit charge ("private bytes"): 56M, peak: 57M

vm_info: OpenJDK 64-Bit Server VM (22+36) for windows-amd64 JRE (22+36), built on 2024-03-19T00:00:00Z by "admin" with MS VC++ 17.7 (VS2022)

END.
