#
# There is insufficient memory for the Java Runtime Environment to continue.
# Native memory allocation (malloc) failed to allocate 96992 bytes. Error detail: Chunk::new
# Possible reasons:
#   The system is out of physical RAM or swap space
#   This process is running with CompressedOops enabled, and the Java Heap may be blocking the growth of the native heap
# Possible solutions:
#   Reduce memory load on the system
#   Increase physical memory or swap space
#   Check if swap backing store is full
#   Decrease Java heap size (-Xmx/-Xms)
#   Decrease number of Java threads
#   Decrease Java thread stack sizes (-Xss)
#   Set larger code cache with -XX:ReservedCodeCacheSize=
#   JVM is running with Unscaled Compressed Oops mode in which the Java heap is
#     placed in the first 4GB address space. The Java Heap base address is the
#     maximum limit for the native heap growth. Please use -XX:HeapBaseMinAddress
#     to set the Java Heap base and to place the Java Heap above 4GB virtual address.
# This output file may be truncated or incomplete.
#
#  Out of Memory Error (arena.cpp:150), pid=20596, tid=14788
#
# JRE version: OpenJDK Runtime Environment Temurin-22+36 (22.0+36) (build 22+36)
# Java VM: OpenJDK 64-Bit Server VM Temurin-22+36 (22+36, mixed mode, tiered, compressed oops, compressed class ptrs, g1 gc, windows-amd64)
# No core dump will be written. Minidumps are not enabled by default on client versions of Windows
#

---------------  S U M M A R Y ------------

Command Line: -Dfile.encoding=UTF-8 -Dstdout.encoding=UTF-8 -Dstderr.encoding=UTF-8 -XX:+ShowCodeDetailsInExceptionMessages JobBoard

Host: AMD Ryzen 5 5625U with Radeon Graphics         , 12 cores, 5G,  Windows 11 , 64 bit Build 22621 (10.0.22621.3374)
Time: Thu Apr 25 12:56:35 2024 Malay Peninsula Standard Time elapsed time: 1.449368 seconds (0d 0h 0m 1s)

---------------  T H R E A D  ---------------

Current thread (0x000001d2790c7ff0):  JavaThread "C2 CompilerThread0" daemon [_thread_in_native, id=14788, stack(0x000000952cc00000,0x000000952cd00000) (1024K)]


Current CompileTask:
C2:1449 1031       4       sun.java2d.loops.GraphicsPrimitiveMgr::locate (104 bytes)

Stack: [0x000000952cc00000,0x000000952cd00000]
Native frames: (J=compiled Java code, j=interpreted, Vv=VM code, C=native code)
V  [jvm.dll+0x6ea2f9]  (no source info available)
V  [jvm.dll+0x8ccec3]  (no source info available)
V  [jvm.dll+0x8cf2ee]  (no source info available)
V  [jvm.dll+0x8cf9c3]  (no source info available)
V  [jvm.dll+0x286dd6]  (no source info available)
V  [jvm.dll+0xc3b8f]  (no source info available)
V  [jvm.dll+0xc3deb]  (no source info available)
V  [jvm.dll+0x3c15fc]  (no source info available)
V  [jvm.dll+0x38e1ab]  (no source info available)
V  [jvm.dll+0x38d60a]  (no source info available)
V  [jvm.dll+0x24dea8]  (no source info available)
V  [jvm.dll+0x24d54f]  (no source info available)
V  [jvm.dll+0x1cad00]  (no source info available)
V  [jvm.dll+0x25d3bb]  (no source info available)
V  [jvm.dll+0x25b68a]  (no source info available)
V  [jvm.dll+0x3fbc96]  (no source info available)
V  [jvm.dll+0x8752db]  (no source info available)
V  [jvm.dll+0x6e89f5]  (no source info available)
C  [ucrtbase.dll+0x29333]  (no source info available)
C  [KERNEL32.DLL+0x1257d]  (no source info available)
C  [ntdll.dll+0x5aa48]  (no source info available)


---------------  P R O C E S S  ---------------

Threads class SMR info:
_java_thread_list=0x000001d279a7a1a0, length=17, elements={
0x000001d2790a3700, 0x000001d2790a4160, 0x000001d279083930, 0x000001d2790c2700,
0x000001d2790c3160, 0x000001d279092070, 0x000001d2790c7ff0, 0x000001d2790c8aa0,
0x000001d279092700, 0x000001d27908f280, 0x000001d2790919e0, 0x000001d279090cc0,
0x000001d279090630, 0x000001d27908f910, 0x000001d279091350, 0x000001d27908ffa0,
0x000001d279c77bd0
}

Java Threads: ( => current thread )
  0x000001d2790a3700 JavaThread "Reference Handler"          daemon [_thread_blocked, id=1624, stack(0x000000952c600000,0x000000952c700000) (1024K)]
  0x000001d2790a4160 JavaThread "Finalizer"                  daemon [_thread_blocked, id=24076, stack(0x000000952c700000,0x000000952c800000) (1024K)]
  0x000001d279083930 JavaThread "Signal Dispatcher"          daemon [_thread_blocked, id=25564, stack(0x000000952c800000,0x000000952c900000) (1024K)]
  0x000001d2790c2700 JavaThread "Attach Listener"            daemon [_thread_blocked, id=24844, stack(0x000000952c900000,0x000000952ca00000) (1024K)]
  0x000001d2790c3160 JavaThread "Service Thread"             daemon [_thread_blocked, id=23408, stack(0x000000952ca00000,0x000000952cb00000) (1024K)]
  0x000001d279092070 JavaThread "Monitor Deflation Thread"   daemon [_thread_blocked, id=24756, stack(0x000000952cb00000,0x000000952cc00000) (1024K)]
=>0x000001d2790c7ff0 JavaThread "C2 CompilerThread0"         daemon [_thread_in_native, id=14788, stack(0x000000952cc00000,0x000000952cd00000) (1024K)]
  0x000001d2790c8aa0 JavaThread "C1 CompilerThread0"         daemon [_thread_blocked, id=21316, stack(0x000000952cd00000,0x000000952ce00000) (1024K)]
  0x000001d279092700 JavaThread "Notification Thread"        daemon [_thread_blocked, id=21572, stack(0x000000952ce00000,0x000000952cf00000) (1024K)]
  0x000001d27908f280 JavaThread "Common-Cleaner"             daemon [_thread_blocked, id=18128, stack(0x000000952cf00000,0x000000952d000000) (1024K)]
  0x000001d2790919e0 JavaThread "Java2D Disposer"            daemon [_thread_blocked, id=22804, stack(0x000000952d000000,0x000000952d100000) (1024K)]
  0x000001d279090cc0 JavaThread "AWT-Shutdown"                      [_thread_blocked, id=14420, stack(0x000000952d100000,0x000000952d200000) (1024K)]
  0x000001d279090630 JavaThread "AWT-Windows"                daemon [_thread_in_native, id=24376, stack(0x000000952d200000,0x000000952d300000) (1024K)]
  0x000001d27908f910 JavaThread "AWT-EventQueue-0"                  [_thread_blocked, id=11064, stack(0x000000952dd00000,0x000000952de00000) (1024K)]
  0x000001d279091350 JavaThread "Image Fetcher 0"            daemon [_thread_blocked, id=16480, stack(0x000000952de00000,0x000000952df00000) (1024K)]
  0x000001d27908ffa0 JavaThread "DestroyJavaVM"                     [_thread_blocked, id=19168, stack(0x000000952be00000,0x000000952bf00000) (1024K)]
  0x000001d279c77bd0 JavaThread "D3D Screen Updater"         daemon [_thread_blocked, id=14892, stack(0x000000952e000000,0x000000952e100000) (1024K)]
Total: 17

Other Threads:
  0x000001d279029140 VMThread "VM Thread"                           [id=6184, stack(0x000000952c500000,0x000000952c600000) (1024K)]
  0x000001d278f98610 WatcherThread "VM Periodic Task Thread"        [id=15336, stack(0x000000952c400000,0x000000952c500000) (1024K)]
  0x000001d26162f2b0 WorkerThread "GC Thread#0"                     [id=24732, stack(0x000000952bf00000,0x000000952c000000) (1024K)]
  0x000001d26165a880 ConcurrentGCThread "G1 Main Marker"            [id=2012, stack(0x000000952c000000,0x000000952c100000) (1024K)]
  0x000001d26165b390 WorkerThread "G1 Conc#0"                       [id=4644, stack(0x000000952c100000,0x000000952c200000) (1024K)]
  0x000001d278e6e550 ConcurrentGCThread "G1 Refine#0"               [id=25460, stack(0x000000952c200000,0x000000952c300000) (1024K)]
  0x000001d278e6eee0 ConcurrentGCThread "G1 Service"                [id=17200, stack(0x000000952c300000,0x000000952c400000) (1024K)]
Total: 7

Threads with active compile tasks:
C2 CompilerThread0  1479 1031       4       sun.java2d.loops.GraphicsPrimitiveMgr::locate (104 bytes)
Total: 1

VM state: not at safepoint (normal execution)

VM Mutex/Monitor currently owned by a thread: None

Heap address: 0x00000000a2600000, size: 1498 MB, Compressed Oops mode: 32-bit

CDS archive(s) not mapped
Compressed class space mapped at: 0x0000000029000000-0x0000000069000000, reserved size: 1073741824
Narrow klass base: 0x0000000000000000, Narrow klass shift: 0, Narrow klass range: 0x69000000

GC Precious Log:
 CardTable entry size: 512
 Card Set container configuration: InlinePtr #cards 5 size 8 Array Of Cards #cards 12 size 40 Howl #buckets 4 coarsen threshold 1843 Howl Bitmap #cards 512 size 80 coarsen threshold 460 Card regions per heap region 1 cards per card region 2048
 CPUs: 12 total, 12 available
 Memory: 5989M
 Large Page Support: Disabled
 NUMA Support: Disabled
 Compressed Oops: Enabled (32-bit)
 Heap Region Size: 1M
 Heap Min Capacity: 8M
 Heap Initial Capacity: 94M
 Heap Max Capacity: 1498M
 Pre-touch: Disabled
 Parallel Workers: 10
 Concurrent Workers: 3
 Concurrent Refinement Workers: 10
 Periodic GC: Disabled

Heap:
 garbage-first heap   total reserved 1533952K, committed 96256K, used 9216K [0x00000000a2600000, 0x0000000100000000)
  region size 1024K, 11 young (11264K), 0 survivors (0K)
 Metaspace       used 16555K, committed 16768K, reserved 1114112K
  class space    used 1686K, committed 1792K, reserved 1048576K

Heap Regions: E=young(eden), S=young(survivor), O=old, HS=humongous(starts), HC=humongous(continues), CS=collection set, F=free, TAMS=top-at-mark-start, PB=parsable bottom
|   0|0x00000000a2600000, 0x00000000a2600000, 0x00000000a2700000|  0%| F|  |TAMS 0x00000000a2600000| PB 0x00000000a2600000| Untracked |  0
|   1|0x00000000a2700000, 0x00000000a2700000, 0x00000000a2800000|  0%| F|  |TAMS 0x00000000a2700000| PB 0x00000000a2700000| Untracked |  0
|   2|0x00000000a2800000, 0x00000000a2800000, 0x00000000a2900000|  0%| F|  |TAMS 0x00000000a2800000| PB 0x00000000a2800000| Untracked |  0
|   3|0x00000000a2900000, 0x00000000a2900000, 0x00000000a2a00000|  0%| F|  |TAMS 0x00000000a2900000| PB 0x00000000a2900000| Untracked |  0
|   4|0x00000000a2a00000, 0x00000000a2a00000, 0x00000000a2b00000|  0%| F|  |TAMS 0x00000000a2a00000| PB 0x00000000a2a00000| Untracked |  0
|   5|0x00000000a2b00000, 0x00000000a2b00000, 0x00000000a2c00000|  0%| F|  |TAMS 0x00000000a2b00000| PB 0x00000000a2b00000| Untracked |  0
|   6|0x00000000a2c00000, 0x00000000a2c00000, 0x00000000a2d00000|  0%| F|  |TAMS 0x00000000a2c00000| PB 0x00000000a2c00000| Untracked |  0
|   7|0x00000000a2d00000, 0x00000000a2d00000, 0x00000000a2e00000|  0%| F|  |TAMS 0x00000000a2d00000| PB 0x00000000a2d00000| Untracked |  0
|   8|0x00000000a2e00000, 0x00000000a2e00000, 0x00000000a2f00000|  0%| F|  |TAMS 0x00000000a2e00000| PB 0x00000000a2e00000| Untracked |  0
|   9|0x00000000a2f00000, 0x00000000a2f00000, 0x00000000a3000000|  0%| F|  |TAMS 0x00000000a2f00000| PB 0x00000000a2f00000| Untracked |  0
|  10|0x00000000a3000000, 0x00000000a3000000, 0x00000000a3100000|  0%| F|  |TAMS 0x00000000a3000000| PB 0x00000000a3000000| Untracked |  0
|  11|0x00000000a3100000, 0x00000000a3100000, 0x00000000a3200000|  0%| F|  |TAMS 0x00000000a3100000| PB 0x00000000a3100000| Untracked |  0
|  12|0x00000000a3200000, 0x00000000a3200000, 0x00000000a3300000|  0%| F|  |TAMS 0x00000000a3200000| PB 0x00000000a3200000| Untracked |  0
|  13|0x00000000a3300000, 0x00000000a3300000, 0x00000000a3400000|  0%| F|  |TAMS 0x00000000a3300000| PB 0x00000000a3300000| Untracked |  0
|  14|0x00000000a3400000, 0x00000000a3400000, 0x00000000a3500000|  0%| F|  |TAMS 0x00000000a3400000| PB 0x00000000a3400000| Untracked |  0
|  15|0x00000000a3500000, 0x00000000a3500000, 0x00000000a3600000|  0%| F|  |TAMS 0x00000000a3500000| PB 0x00000000a3500000| Untracked |  0
|  16|0x00000000a3600000, 0x00000000a3600000, 0x00000000a3700000|  0%| F|  |TAMS 0x00000000a3600000| PB 0x00000000a3600000| Untracked |  0
|  17|0x00000000a3700000, 0x00000000a3700000, 0x00000000a3800000|  0%| F|  |TAMS 0x00000000a3700000| PB 0x00000000a3700000| Untracked |  0
|  18|0x00000000a3800000, 0x00000000a3800000, 0x00000000a3900000|  0%| F|  |TAMS 0x00000000a3800000| PB 0x00000000a3800000| Untracked |  0
|  19|0x00000000a3900000, 0x00000000a3900000, 0x00000000a3a00000|  0%| F|  |TAMS 0x00000000a3900000| PB 0x00000000a3900000| Untracked |  0
|  20|0x00000000a3a00000, 0x00000000a3a00000, 0x00000000a3b00000|  0%| F|  |TAMS 0x00000000a3a00000| PB 0x00000000a3a00000| Untracked |  0
|  21|0x00000000a3b00000, 0x00000000a3b00000, 0x00000000a3c00000|  0%| F|  |TAMS 0x00000000a3b00000| PB 0x00000000a3b00000| Untracked |  0
|  22|0x00000000a3c00000, 0x00000000a3c00000, 0x00000000a3d00000|  0%| F|  |TAMS 0x00000000a3c00000| PB 0x00000000a3c00000| Untracked |  0
|  23|0x00000000a3d00000, 0x00000000a3d00000, 0x00000000a3e00000|  0%| F|  |TAMS 0x00000000a3d00000| PB 0x00000000a3d00000| Untracked |  0
|  24|0x00000000a3e00000, 0x00000000a3e00000, 0x00000000a3f00000|  0%| F|  |TAMS 0x00000000a3e00000| PB 0x00000000a3e00000| Untracked |  0
|  25|0x00000000a3f00000, 0x00000000a3f00000, 0x00000000a4000000|  0%| F|  |TAMS 0x00000000a3f00000| PB 0x00000000a3f00000| Untracked |  0
|  26|0x00000000a4000000, 0x00000000a4000000, 0x00000000a4100000|  0%| F|  |TAMS 0x00000000a4000000| PB 0x00000000a4000000| Untracked |  0
|  27|0x00000000a4100000, 0x00000000a4100000, 0x00000000a4200000|  0%| F|  |TAMS 0x00000000a4100000| PB 0x00000000a4100000| Untracked |  0
|  28|0x00000000a4200000, 0x00000000a4200000, 0x00000000a4300000|  0%| F|  |TAMS 0x00000000a4200000| PB 0x00000000a4200000| Untracked |  0
|  29|0x00000000a4300000, 0x00000000a4300000, 0x00000000a4400000|  0%| F|  |TAMS 0x00000000a4300000| PB 0x00000000a4300000| Untracked |  0
|  30|0x00000000a4400000, 0x00000000a4400000, 0x00000000a4500000|  0%| F|  |TAMS 0x00000000a4400000| PB 0x00000000a4400000| Untracked |  0
|  31|0x00000000a4500000, 0x00000000a4500000, 0x00000000a4600000|  0%| F|  |TAMS 0x00000000a4500000| PB 0x00000000a4500000| Untracked |  0
|  32|0x00000000a4600000, 0x00000000a4600000, 0x00000000a4700000|  0%| F|  |TAMS 0x00000000a4600000| PB 0x00000000a4600000| Untracked |  0
|  33|0x00000000a4700000, 0x00000000a4700000, 0x00000000a4800000|  0%| F|  |TAMS 0x00000000a4700000| PB 0x00000000a4700000| Untracked |  0
|  34|0x00000000a4800000, 0x00000000a4800000, 0x00000000a4900000|  0%| F|  |TAMS 0x00000000a4800000| PB 0x00000000a4800000| Untracked |  0
|  35|0x00000000a4900000, 0x00000000a4900000, 0x00000000a4a00000|  0%| F|  |TAMS 0x00000000a4900000| PB 0x00000000a4900000| Untracked |  0
|  36|0x00000000a4a00000, 0x00000000a4a00000, 0x00000000a4b00000|  0%| F|  |TAMS 0x00000000a4a00000| PB 0x00000000a4a00000| Untracked |  0
|  37|0x00000000a4b00000, 0x00000000a4b00000, 0x00000000a4c00000|  0%| F|  |TAMS 0x00000000a4b00000| PB 0x00000000a4b00000| Untracked |  0
|  38|0x00000000a4c00000, 0x00000000a4c00000, 0x00000000a4d00000|  0%| F|  |TAMS 0x00000000a4c00000| PB 0x00000000a4c00000| Untracked |  0
|  39|0x00000000a4d00000, 0x00000000a4d00000, 0x00000000a4e00000|  0%| F|  |TAMS 0x00000000a4d00000| PB 0x00000000a4d00000| Untracked |  0
|  40|0x00000000a4e00000, 0x00000000a4e00000, 0x00000000a4f00000|  0%| F|  |TAMS 0x00000000a4e00000| PB 0x00000000a4e00000| Untracked |  0
|  41|0x00000000a4f00000, 0x00000000a4f00000, 0x00000000a5000000|  0%| F|  |TAMS 0x00000000a4f00000| PB 0x00000000a4f00000| Untracked |  0
|  42|0x00000000a5000000, 0x00000000a5000000, 0x00000000a5100000|  0%| F|  |TAMS 0x00000000a5000000| PB 0x00000000a5000000| Untracked |  0
|  43|0x00000000a5100000, 0x00000000a5100000, 0x00000000a5200000|  0%| F|  |TAMS 0x00000000a5100000| PB 0x00000000a5100000| Untracked |  0
|  44|0x00000000a5200000, 0x00000000a5200000, 0x00000000a5300000|  0%| F|  |TAMS 0x00000000a5200000| PB 0x00000000a5200000| Untracked |  0
|  45|0x00000000a5300000, 0x00000000a5300000, 0x00000000a5400000|  0%| F|  |TAMS 0x00000000a5300000| PB 0x00000000a5300000| Untracked |  0
|  46|0x00000000a5400000, 0x00000000a5400000, 0x00000000a5500000|  0%| F|  |TAMS 0x00000000a5400000| PB 0x00000000a5400000| Untracked |  0
|  47|0x00000000a5500000, 0x00000000a5500000, 0x00000000a5600000|  0%| F|  |TAMS 0x00000000a5500000| PB 0x00000000a5500000| Untracked |  0
|  48|0x00000000a5600000, 0x00000000a5600000, 0x00000000a5700000|  0%| F|  |TAMS 0x00000000a5600000| PB 0x00000000a5600000| Untracked |  0
|  49|0x00000000a5700000, 0x00000000a5700000, 0x00000000a5800000|  0%| F|  |TAMS 0x00000000a5700000| PB 0x00000000a5700000| Untracked |  0
|  50|0x00000000a5800000, 0x00000000a5800000, 0x00000000a5900000|  0%| F|  |TAMS 0x00000000a5800000| PB 0x00000000a5800000| Untracked |  0
|  51|0x00000000a5900000, 0x00000000a5900000, 0x00000000a5a00000|  0%| F|  |TAMS 0x00000000a5900000| PB 0x00000000a5900000| Untracked |  0
|  52|0x00000000a5a00000, 0x00000000a5a00000, 0x00000000a5b00000|  0%| F|  |TAMS 0x00000000a5a00000| PB 0x00000000a5a00000| Untracked |  0
|  53|0x00000000a5b00000, 0x00000000a5b00000, 0x00000000a5c00000|  0%| F|  |TAMS 0x00000000a5b00000| PB 0x00000000a5b00000| Untracked |  0
|  54|0x00000000a5c00000, 0x00000000a5c00000, 0x00000000a5d00000|  0%| F|  |TAMS 0x00000000a5c00000| PB 0x00000000a5c00000| Untracked |  0
|  55|0x00000000a5d00000, 0x00000000a5d00000, 0x00000000a5e00000|  0%| F|  |TAMS 0x00000000a5d00000| PB 0x00000000a5d00000| Untracked |  0
|  56|0x00000000a5e00000, 0x00000000a5e00000, 0x00000000a5f00000|  0%| F|  |TAMS 0x00000000a5e00000| PB 0x00000000a5e00000| Untracked |  0
|  57|0x00000000a5f00000, 0x00000000a5f00000, 0x00000000a6000000|  0%| F|  |TAMS 0x00000000a5f00000| PB 0x00000000a5f00000| Untracked |  0
|  58|0x00000000a6000000, 0x00000000a6000000, 0x00000000a6100000|  0%| F|  |TAMS 0x00000000a6000000| PB 0x00000000a6000000| Untracked |  0
|  59|0x00000000a6100000, 0x00000000a6100000, 0x00000000a6200000|  0%| F|  |TAMS 0x00000000a6100000| PB 0x00000000a6100000| Untracked |  0
|  60|0x00000000a6200000, 0x00000000a6200000, 0x00000000a6300000|  0%| F|  |TAMS 0x00000000a6200000| PB 0x00000000a6200000| Untracked |  0
|  61|0x00000000a6300000, 0x00000000a6300000, 0x00000000a6400000|  0%| F|  |TAMS 0x00000000a6300000| PB 0x00000000a6300000| Untracked |  0
|  62|0x00000000a6400000, 0x00000000a6400000, 0x00000000a6500000|  0%| F|  |TAMS 0x00000000a6400000| PB 0x00000000a6400000| Untracked |  0
|  63|0x00000000a6500000, 0x00000000a6500000, 0x00000000a6600000|  0%| F|  |TAMS 0x00000000a6500000| PB 0x00000000a6500000| Untracked |  0
|  64|0x00000000a6600000, 0x00000000a6600000, 0x00000000a6700000|  0%| F|  |TAMS 0x00000000a6600000| PB 0x00000000a6600000| Untracked |  0
|  65|0x00000000a6700000, 0x00000000a6700000, 0x00000000a6800000|  0%| F|  |TAMS 0x00000000a6700000| PB 0x00000000a6700000| Untracked |  0
|  66|0x00000000a6800000, 0x00000000a6800000, 0x00000000a6900000|  0%| F|  |TAMS 0x00000000a6800000| PB 0x00000000a6800000| Untracked |  0
|  67|0x00000000a6900000, 0x00000000a6900000, 0x00000000a6a00000|  0%| F|  |TAMS 0x00000000a6900000| PB 0x00000000a6900000| Untracked |  0
|  68|0x00000000a6a00000, 0x00000000a6a00000, 0x00000000a6b00000|  0%| F|  |TAMS 0x00000000a6a00000| PB 0x00000000a6a00000| Untracked |  0
|  69|0x00000000a6b00000, 0x00000000a6b00000, 0x00000000a6c00000|  0%| F|  |TAMS 0x00000000a6b00000| PB 0x00000000a6b00000| Untracked |  0
|  70|0x00000000a6c00000, 0x00000000a6c00000, 0x00000000a6d00000|  0%| F|  |TAMS 0x00000000a6c00000| PB 0x00000000a6c00000| Untracked |  0
|  71|0x00000000a6d00000, 0x00000000a6d00000, 0x00000000a6e00000|  0%| F|  |TAMS 0x00000000a6d00000| PB 0x00000000a6d00000| Untracked |  0
|  72|0x00000000a6e00000, 0x00000000a6e00000, 0x00000000a6f00000|  0%| F|  |TAMS 0x00000000a6e00000| PB 0x00000000a6e00000| Untracked |  0
|  73|0x00000000a6f00000, 0x00000000a6f00000, 0x00000000a7000000|  0%| F|  |TAMS 0x00000000a6f00000| PB 0x00000000a6f00000| Untracked |  0
|  74|0x00000000a7000000, 0x00000000a7000000, 0x00000000a7100000|  0%| F|  |TAMS 0x00000000a7000000| PB 0x00000000a7000000| Untracked |  0
|  75|0x00000000a7100000, 0x00000000a7100000, 0x00000000a7200000|  0%| F|  |TAMS 0x00000000a7100000| PB 0x00000000a7100000| Untracked |  0
|  76|0x00000000a7200000, 0x00000000a7200000, 0x00000000a7300000|  0%| F|  |TAMS 0x00000000a7200000| PB 0x00000000a7200000| Untracked |  0
|  77|0x00000000a7300000, 0x00000000a7300000, 0x00000000a7400000|  0%| F|  |TAMS 0x00000000a7300000| PB 0x00000000a7300000| Untracked |  0
|  78|0x00000000a7400000, 0x00000000a7400000, 0x00000000a7500000|  0%| F|  |TAMS 0x00000000a7400000| PB 0x00000000a7400000| Untracked |  0
|  79|0x00000000a7500000, 0x00000000a7500000, 0x00000000a7600000|  0%| F|  |TAMS 0x00000000a7500000| PB 0x00000000a7500000| Untracked |  0
|  80|0x00000000a7600000, 0x00000000a7600000, 0x00000000a7700000|  0%| F|  |TAMS 0x00000000a7600000| PB 0x00000000a7600000| Untracked |  0
|  81|0x00000000a7700000, 0x00000000a7700000, 0x00000000a7800000|  0%| F|  |TAMS 0x00000000a7700000| PB 0x00000000a7700000| Untracked |  0
|  82|0x00000000a7800000, 0x00000000a7800000, 0x00000000a7900000|  0%| F|  |TAMS 0x00000000a7800000| PB 0x00000000a7800000| Untracked |  0
|  83|0x00000000a7900000, 0x00000000a7981ee8, 0x00000000a7a00000| 50%| E|  |TAMS 0x00000000a7900000| PB 0x00000000a7900000| Complete |  0
|  84|0x00000000a7a00000, 0x00000000a7b00000, 0x00000000a7b00000|100%| E|CS|TAMS 0x00000000a7a00000| PB 0x00000000a7a00000| Complete |  0
|  85|0x00000000a7b00000, 0x00000000a7c00000, 0x00000000a7c00000|100%| E|CS|TAMS 0x00000000a7b00000| PB 0x00000000a7b00000| Complete |  0
|  86|0x00000000a7c00000, 0x00000000a7d00000, 0x00000000a7d00000|100%| E|CS|TAMS 0x00000000a7c00000| PB 0x00000000a7c00000| Complete |  0
|  87|0x00000000a7d00000, 0x00000000a7e00000, 0x00000000a7e00000|100%| E|  |TAMS 0x00000000a7d00000| PB 0x00000000a7d00000| Complete |  0
|  88|0x00000000a7e00000, 0x00000000a7f00000, 0x00000000a7f00000|100%| E|CS|TAMS 0x00000000a7e00000| PB 0x00000000a7e00000| Complete |  0
|  89|0x00000000a7f00000, 0x00000000a8000000, 0x00000000a8000000|100%| E|CS|TAMS 0x00000000a7f00000| PB 0x00000000a7f00000| Complete |  0
|  90|0x00000000a8000000, 0x00000000a8100000, 0x00000000a8100000|100%| E|CS|TAMS 0x00000000a8000000| PB 0x00000000a8000000| Complete |  0
|  91|0x00000000a8100000, 0x00000000a8200000, 0x00000000a8200000|100%| E|CS|TAMS 0x00000000a8100000| PB 0x00000000a8100000| Complete |  0
|  92|0x00000000a8200000, 0x00000000a8300000, 0x00000000a8300000|100%| E|CS|TAMS 0x00000000a8200000| PB 0x00000000a8200000| Complete |  0
|  93|0x00000000a8300000, 0x00000000a8400000, 0x00000000a8400000|100%| E|CS|TAMS 0x00000000a8300000| PB 0x00000000a8300000| Complete |  0

Card table byte_map: [0x000001d274920000,0x000001d274c10000] _byte_map_base: 0x000001d27440d000

Marking Bits: (CMBitMap*) 0x000001d2616301d0
 Bits: [0x000001d274c10000, 0x000001d276378000)

Polling page: 0x000001d25f380000

Metaspace:

Usage:
  Non-class:     14.52 MB used.
      Class:      1.65 MB used.
       Both:     16.17 MB used.

Virtual space:
  Non-class space:       64.00 MB reserved,      14.62 MB ( 23%) committed,  1 nodes.
      Class space:        1.00 GB reserved,       1.75 MB ( <1%) committed,  1 nodes.
             Both:        1.06 GB reserved,      16.38 MB (  2%) committed. 

Chunk freelists:
   Non-Class:  1.00 MB
       Class:  14.24 MB
        Both:  15.24 MB

MaxMetaspaceSize: unlimited
CompressedClassSpaceSize: 1.00 GB
Initial GC threshold: 21.00 MB
Current GC threshold: 21.00 MB
CDS: off
 - commit_granule_bytes: 65536.
 - commit_granule_words: 8192.
 - virtual_space_node_default_size: 8388608.
 - enlarge_chunks_in_place: 1.
 - use_allocation_guard: 0.


Internal statistics:

num_allocs_failed_limit: 0.
num_arena_births: 152.
num_arena_deaths: 0.
num_vsnodes_births: 2.
num_vsnodes_deaths: 0.
num_space_committed: 262.
num_space_uncommitted: 0.
num_chunks_returned_to_freelist: 0.
num_chunks_taken_from_freelist: 239.
num_chunk_merges: 0.
num_chunk_splits: 122.
num_chunks_enlarged: 45.
num_inconsistent_stats: 0.

CodeHeap 'non-profiled nmethods': size=120000Kb used=290Kb max_used=290Kb free=119710Kb
 bounds [0x000001d26cbb0000, 0x000001d26ce20000, 0x000001d2740e0000]
CodeHeap 'profiled nmethods': size=120000Kb used=1555Kb max_used=1555Kb free=118444Kb
 bounds [0x000001d2650e0000, 0x000001d265350000, 0x000001d26c610000]
CodeHeap 'non-nmethods': size=5760Kb used=1585Kb max_used=1598Kb free=4175Kb
 bounds [0x000001d26c610000, 0x000001d26c880000, 0x000001d26cbb0000]
 total_blobs=1680 nmethods=1032 adapters=553
 compilation: enabled
              stopped_count=0, restarted_count=0
 full_count=0

Compilation events (20 events):
Event: 1.390 Thread 0x000001d2790c8aa0 nmethod 1022 0x000001d265262e90 code [0x000001d265263020, 0x000001d265263138]
Event: 1.390 Thread 0x000001d2790c8aa0 1024       1       sun.java2d.SurfaceData::getColorModel (5 bytes)
Event: 1.390 Thread 0x000001d2790c8aa0 nmethod 1024 0x000001d26cbf8210 code [0x000001d26cbf83a0, 0x000001d26cbf8468]
Event: 1.398 Thread 0x000001d2790c8aa0 1025       3       java.util.IdentityHashMap$IdentityHashMapIterator::hasNext (50 bytes)
Event: 1.398 Thread 0x000001d2790c8aa0 nmethod 1025 0x000001d265263210 code [0x000001d2652633c0, 0x000001d265263608]
Event: 1.416 Thread 0x000001d2790c8aa0 1026       3       javax.swing.JComponent::getWidth (5 bytes)
Event: 1.416 Thread 0x000001d2790c8aa0 nmethod 1026 0x000001d265263710 code [0x000001d2652638a0, 0x000001d2652639c0]
Event: 1.416 Thread 0x000001d2790c8aa0 1027       3       javax.swing.JComponent::getHeight (5 bytes)
Event: 1.416 Thread 0x000001d2790c8aa0 nmethod 1027 0x000001d265263a90 code [0x000001d265263c20, 0x000001d265263d40]
Event: 1.417 Thread 0x000001d2790c8aa0 1028       3       java.awt.geom.AffineTransform::getScaleInstance (19 bytes)
Event: 1.417 Thread 0x000001d2790c8aa0 nmethod 1028 0x000001d265263e10 code [0x000001d265263fc0, 0x000001d2652641b0]
Event: 1.422 Thread 0x000001d2790c8aa0 1029       3       sun.java2d.pipe.RenderBuffer::remaining (11 bytes)
Event: 1.422 Thread 0x000001d2790c8aa0 nmethod 1029 0x000001d265264290 code [0x000001d265264420, 0x000001d265264538]
Event: 1.423 Thread 0x000001d2790c8aa0 1030       1       java.awt.geom.AffineTransform::getScaleY (5 bytes)
Event: 1.423 Thread 0x000001d2790c8aa0 nmethod 1030 0x000001d26cbf8510 code [0x000001d26cbf86a0, 0x000001d26cbf8768]
Event: 1.425 Thread 0x000001d2790c7ff0 1031       4       sun.java2d.loops.GraphicsPrimitiveMgr::locate (104 bytes)
Event: 1.426 Thread 0x000001d2790c8aa0 1033       3       java.lang.Float::isNaN (12 bytes)
Event: 1.426 Thread 0x000001d2790c8aa0 nmethod 1033 0x000001d265264610 code [0x000001d2652647a0, 0x000001d265264900]
Event: 1.428 Thread 0x000001d2790c8aa0 1034       3       sun.java2d.pipe.RenderQueue::ensureCapacity (16 bytes)
Event: 1.429 Thread 0x000001d2790c8aa0 nmethod 1034 0x000001d265264990 code [0x000001d265264b40, 0x000001d265264d98]

GC Heap History (0 events):
No events

Dll operation events (9 events):
Event: 0.020 Loaded shared library C:\Users\Jenna Miles Reyes\.p2\pool\plugins\org.eclipse.justj.openjdk.hotspot.jre.full.win32.x86_64_22.0.0.v20240322-1225\jre\bin\java.dll
Event: 0.033 Loaded shared library C:\Users\Jenna Miles Reyes\.p2\pool\plugins\org.eclipse.justj.openjdk.hotspot.jre.full.win32.x86_64_22.0.0.v20240322-1225\jre\bin\zip.dll
Event: 0.265 Loaded shared library C:\Users\Jenna Miles Reyes\.p2\pool\plugins\org.eclipse.justj.openjdk.hotspot.jre.full.win32.x86_64_22.0.0.v20240322-1225\jre\bin\jimage.dll
Event: 0.307 Loaded shared library C:\Users\Jenna Miles Reyes\.p2\pool\plugins\org.eclipse.justj.openjdk.hotspot.jre.full.win32.x86_64_22.0.0.v20240322-1225\jre\bin\awt.dll
Event: 0.767 Loaded shared library C:\Users\Jenna Miles Reyes\.p2\pool\plugins\org.eclipse.justj.openjdk.hotspot.jre.full.win32.x86_64_22.0.0.v20240322-1225\jre\bin\zip.dll
Event: 1.018 Loaded shared library C:\Users\Jenna Miles Reyes\.p2\pool\plugins\org.eclipse.justj.openjdk.hotspot.jre.full.win32.x86_64_22.0.0.v20240322-1225\jre\bin\freetype.dll
Event: 1.020 Loaded shared library C:\Users\Jenna Miles Reyes\.p2\pool\plugins\org.eclipse.justj.openjdk.hotspot.jre.full.win32.x86_64_22.0.0.v20240322-1225\jre\bin\fontmanager.dll
Event: 1.197 Loaded shared library C:\Users\Jenna Miles Reyes\.p2\pool\plugins\org.eclipse.justj.openjdk.hotspot.jre.full.win32.x86_64_22.0.0.v20240322-1225\jre\bin\net.dll
Event: 1.200 Loaded shared library C:\Users\Jenna Miles Reyes\.p2\pool\plugins\org.eclipse.justj.openjdk.hotspot.jre.full.win32.x86_64_22.0.0.v20240322-1225\jre\bin\nio.dll

Deoptimization events (16 events):
Event: 0.940 Thread 0x000001d279091350 DEOPT PACKING pc=0x000001d2652008a6 sp=0x000000952deff420
Event: 0.940 Thread 0x000001d279091350 DEOPT UNPACKING pc=0x000001d26c664e42 sp=0x000000952defe8c0 mode 0
Event: 0.941 Thread 0x000001d279091350 DEOPT PACKING pc=0x000001d2652008a6 sp=0x000000952deff420
Event: 0.941 Thread 0x000001d279091350 DEOPT UNPACKING pc=0x000001d26c664e42 sp=0x000000952defe8c0 mode 0
Event: 0.942 Thread 0x000001d279091350 DEOPT PACKING pc=0x000001d2652008a6 sp=0x000000952deff420
Event: 0.942 Thread 0x000001d279091350 DEOPT UNPACKING pc=0x000001d26c664e42 sp=0x000000952defe8c0 mode 0
Event: 0.944 Thread 0x000001d279091350 DEOPT PACKING pc=0x000001d2652008a6 sp=0x000000952deff420
Event: 0.944 Thread 0x000001d279091350 DEOPT UNPACKING pc=0x000001d26c664e42 sp=0x000000952defe8c0 mode 0
Event: 0.946 Thread 0x000001d279091350 DEOPT PACKING pc=0x000001d2652008a6 sp=0x000000952deff420
Event: 0.946 Thread 0x000001d279091350 DEOPT UNPACKING pc=0x000001d26c664e42 sp=0x000000952defe8c0 mode 0
Event: 1.033 Thread 0x000001d25f3fa240 Uncommon trap: trap_request=0xffffff45 fr.pc=0x000001d26cbdb788 relative=0x00000000000001e8
Event: 1.033 Thread 0x000001d25f3fa240 Uncommon trap: reason=unstable_if action=reinterpret pc=0x000001d26cbdb788 method=java.lang.StringUTF16.compress([CI[BII)I @ 20 c2
Event: 1.033 Thread 0x000001d25f3fa240 DEOPT PACKING pc=0x000001d26cbdb788 sp=0x000000952befd830
Event: 1.033 Thread 0x000001d25f3fa240 DEOPT UNPACKING pc=0x000001d26c6646a2 sp=0x000000952befd7a0 mode 2
Event: 1.343 Thread 0x000001d27908f910 DEOPT PACKING pc=0x000001d26525f8ff sp=0x000000952ddfcce0
Event: 1.343 Thread 0x000001d27908f910 DEOPT UNPACKING pc=0x000001d26c664e42 sp=0x000000952ddfc1b0 mode 0

Classes loaded (20 events):
Event: 1.400 Loading class sun/awt/windows/WInputMethod
Event: 1.400 Loading class sun/awt/im/InputMethodAdapter
Event: 1.400 Loading class java/awt/im/spi/InputMethod
Event: 1.401 Loading class java/awt/im/spi/InputMethod done
Event: 1.401 Loading class sun/awt/im/InputMethodAdapter done
Event: 1.401 Loading class sun/awt/windows/WInputMethod done
Event: 1.412 Loading class sun/awt/im/CompositionAreaHandler
Event: 1.412 Loading class sun/awt/im/CompositionAreaHandler done
Event: 1.412 Loading class java/text/AttributedString
Event: 1.412 Loading class java/text/AttributedString done
Event: 1.413 Loading class java/text/AttributedString$AttributedStringIterator
Event: 1.413 Loading class java/text/AttributedCharacterIterator
Event: 1.413 Loading class java/text/AttributedCharacterIterator done
Event: 1.413 Loading class java/text/AttributedString$AttributedStringIterator done
Event: 1.413 Loading class java/awt/event/ContainerEvent
Event: 1.413 Loading class java/awt/event/ContainerEvent done
Event: 1.414 Loading class java/awt/TextComponent
Event: 1.415 Loading class java/awt/TextComponent done
Event: 1.415 Loading class javax/swing/CellRendererPane
Event: 1.415 Loading class javax/swing/CellRendererPane done

Classes unloaded (0 events):
No events

Classes redefined (0 events):
No events

Internal exceptions (12 events):
Event: 0.286 Thread 0x000001d25f3fa240 Exception <a 'java/lang/ClassNotFoundException'{0x00000000a82c1e30}: sun/awt/resources/spi/awtProvider> (0x00000000a82c1e30) 
thrown [s\src\hotspot\share\classfile\systemDictionary.cpp, line 313]
Event: 0.329 Thread 0x000001d25f3fa240 Exception <a 'java/io/FileNotFoundException'{0x00000000a8126de0}> (0x00000000a8126de0) 
thrown [s\src\hotspot\share\prims\jni.cpp, line 520]
Event: 0.340 Thread 0x000001d25f3fa240 Exception <a 'java/io/FileNotFoundException'{0x00000000a81550f0}> (0x00000000a81550f0) 
thrown [s\src\hotspot\share\prims\jni.cpp, line 520]
Event: 0.600 Thread 0x000001d25f3fa240 Exception <a 'java/lang/NoSuchMethodError'{0x00000000a81e7788}: 'void java.lang.invoke.DirectMethodHandle$Holder.invokeSpecial(java.lang.Object, java.lang.Object, java.lang.Object)'> (0x00000000a81e7788) 
thrown [s\src\hotspot\share\interpreter\linkResolver.cpp, line 774]
Event: 0.613 Thread 0x000001d25f3fa240 Exception <a 'java/lang/NoSuchMethodError'{0x00000000a8092ea8}: 'java.lang.Object java.lang.invoke.DirectMethodHandle$Holder.newInvokeSpecial(java.lang.Object, java.lang.Object, java.lang.Object, java.lang.Object, java.lang.Object)'> (0x00000000a8092ea8) 
thrown [s\src\hotspot\share\interpreter\linkResolver.cpp, line 774]
Event: 0.621 Thread 0x000001d25f3fa240 Exception <a 'java/lang/NoSuchMethodError'{0x00000000a80bf848}: 'java.lang.Object java.lang.invoke.DirectMethodHandle$Holder.invokeStatic(java.lang.Object, int, java.lang.Object)'> (0x00000000a80bf848) 
thrown [s\src\hotspot\share\interpreter\linkResolver.cpp, line 774]
Event: 0.653 Thread 0x000001d25f3fa240 Exception <a 'java/lang/ClassNotFoundException'{0x00000000a7f61e10}: com/sun/swing/internal/plaf/metal/resources/spi/metalProvider> (0x00000000a7f61e10) 
thrown [s\src\hotspot\share\classfile\systemDictionary.cpp, line 313]
Event: 0.655 Thread 0x000001d25f3fa240 Exception <a 'java/lang/ClassNotFoundException'{0x00000000a7f65df0}: com/sun/swing/internal/plaf/basic/resources/spi/basicProvider> (0x00000000a7f65df0) 
thrown [s\src\hotspot\share\classfile\systemDictionary.cpp, line 313]
Event: 0.673 Thread 0x000001d25f3fa240 Exception <a 'java/lang/NoSuchMethodError'{0x00000000a7f85f20}: 'int java.lang.invoke.Invokers$Holder.invokeExact_MT(java.lang.Object, java.lang.Object)'> (0x00000000a7f85f20) 
thrown [s\src\hotspot\share\interpreter\linkResolver.cpp, line 774]
Event: 0.901 Thread 0x000001d279091350 Exception <a 'java/lang/NoSuchMethodError'{0x00000000a7de0310}: 'java.lang.Object java.lang.invoke.DirectMethodHandle$Holder.newInvokeSpecial(java.lang.Object, java.lang.Object, java.lang.Object, int, int, int, int, int)'> (0x00000000a7de0310) 
thrown [s\src\hotspot\share\interpreter\linkResolver.cpp, line 774]
Event: 0.988 Thread 0x000001d279090630 Exception <a 'java/lang/NoSuchMethodError'{0x00000000a800e8e0}: 'void java.lang.invoke.DirectMethodHandle$Holder.invokeVirtual(java.lang.Object, java.lang.Object)'> (0x00000000a800e8e0) 
thrown [s\src\hotspot\share\interpreter\linkResolver.cpp, line 774]
Event: 1.010 Thread 0x000001d25f3fa240 Exception <a 'java/lang/NoSuchMethodError'{0x00000000a7cf5f70}: 'void java.lang.invoke.DirectMethodHandle$Holder.invokeStaticInit(java.lang.Object)'> (0x00000000a7cf5f70) 
thrown [s\src\hotspot\share\interpreter\linkResolver.cpp, line 774]

ZGC Phase Switch (0 events):
No events

VM Operations (14 events):
Event: 0.653 Executing VM operation: HandshakeAllThreads (Deoptimize)
Event: 0.653 Executing VM operation: HandshakeAllThreads (Deoptimize) done
Event: 0.679 Executing VM operation: HandshakeAllThreads (Deoptimize)
Event: 0.679 Executing VM operation: HandshakeAllThreads (Deoptimize) done
Event: 0.712 Executing VM operation: HandshakeAllThreads (Deoptimize)
Event: 0.712 Executing VM operation: HandshakeAllThreads (Deoptimize) done
Event: 0.864 Executing VM operation: HandshakeAllThreads (Deoptimize)
Event: 0.864 Executing VM operation: HandshakeAllThreads (Deoptimize) done
Event: 1.186 Executing VM operation: HandshakeAllThreads (Deoptimize)
Event: 1.186 Executing VM operation: HandshakeAllThreads (Deoptimize) done
Event: 1.186 Executing VM operation: Cleanup
Event: 1.186 Executing VM operation: Cleanup done
Event: 1.192 Executing VM operation: HandshakeAllThreads (Deoptimize)
Event: 1.192 Executing VM operation: HandshakeAllThreads (Deoptimize) done

Events (19 events):
Event: 0.030 Thread 0x000001d25f3fa240 Thread added: 0x000001d25f3fa240
Event: 0.127 Thread 0x000001d2790a3700 Thread added: 0x000001d2790a3700
Event: 0.127 Thread 0x000001d2790a4160 Thread added: 0x000001d2790a4160
Event: 0.129 Thread 0x000001d279083930 Thread added: 0x000001d279083930
Event: 0.129 Thread 0x000001d2790c2700 Thread added: 0x000001d2790c2700
Event: 0.129 Thread 0x000001d2790c3160 Thread added: 0x000001d2790c3160
Event: 0.130 Thread 0x000001d279092070 Thread added: 0x000001d279092070
Event: 0.130 Thread 0x000001d2790c7ff0 Thread added: 0x000001d2790c7ff0
Event: 0.130 Thread 0x000001d2790c8aa0 Thread added: 0x000001d2790c8aa0
Event: 0.184 Thread 0x000001d279092700 Thread added: 0x000001d279092700
Event: 0.193 Thread 0x000001d27908f280 Thread added: 0x000001d27908f280
Event: 0.430 Thread 0x000001d2790919e0 Thread added: 0x000001d2790919e0
Event: 0.432 Thread 0x000001d279090cc0 Thread added: 0x000001d279090cc0
Event: 0.435 Thread 0x000001d279090630 Thread added: 0x000001d279090630
Event: 0.740 Thread 0x000001d27908f910 Thread added: 0x000001d27908f910
Event: 0.757 Thread 0x000001d279091350 Thread added: 0x000001d279091350
Event: 1.162 Thread 0x000001d25f3fa240 Thread exited: 0x000001d25f3fa240
Event: 1.162 Thread 0x000001d27908ffa0 Thread added: 0x000001d27908ffa0
Event: 1.166 Thread 0x000001d279c77bd0 Thread added: 0x000001d279c77bd0


Dynamic libraries:
0x00007ff6ff5e0000 - 0x00007ff6ff5ee000 	C:\Users\Jenna Miles Reyes\.p2\pool\plugins\org.eclipse.justj.openjdk.hotspot.jre.full.win32.x86_64_22.0.0.v20240322-1225\jre\bin\javaw.exe
0x00007fff73bf0000 - 0x00007fff73e06000 	C:\WINDOWS\SYSTEM32\ntdll.dll
0x00007fff72620000 - 0x00007fff726e4000 	C:\WINDOWS\System32\KERNEL32.DLL
0x00007fff71100000 - 0x00007fff714a7000 	C:\WINDOWS\System32\KERNELBASE.dll
0x00007fff717d0000 - 0x00007fff718e1000 	C:\WINDOWS\System32\ucrtbase.dll
0x00007fff6b280000 - 0x00007fff6b297000 	C:\Users\Jenna Miles Reyes\.p2\pool\plugins\org.eclipse.justj.openjdk.hotspot.jre.full.win32.x86_64_22.0.0.v20240322-1225\jre\bin\jli.dll
0x00007fff55dc0000 - 0x00007fff55ddb000 	C:\Users\Jenna Miles Reyes\.p2\pool\plugins\org.eclipse.justj.openjdk.hotspot.jre.full.win32.x86_64_22.0.0.v20240322-1225\jre\bin\VCRUNTIME140.dll
0x00007fff736b0000 - 0x00007fff7385e000 	C:\WINDOWS\System32\USER32.dll
0x00007fff710d0000 - 0x00007fff710f6000 	C:\WINDOWS\System32\win32u.dll
0x00007fff70270000 - 0x00007fff70503000 	C:\WINDOWS\WinSxS\amd64_microsoft.windows.common-controls_6595b64144ccf1df_6.0.22621.3235_none_270f74e173860f98\COMCTL32.dll
0x00007fff72e90000 - 0x00007fff72eb9000 	C:\WINDOWS\System32\GDI32.dll
0x00007fff732d0000 - 0x00007fff73377000 	C:\WINDOWS\System32\msvcrt.dll
0x00007fff70f10000 - 0x00007fff71029000 	C:\WINDOWS\System32\gdi32full.dll
0x00007fff71030000 - 0x00007fff710ca000 	C:\WINDOWS\System32\msvcp_win.dll
0x00007fff73b20000 - 0x00007fff73b51000 	C:\WINDOWS\System32\IMM32.DLL
0x00007fff70730000 - 0x00007fff7073c000 	C:\Users\Jenna Miles Reyes\.p2\pool\plugins\org.eclipse.justj.openjdk.hotspot.jre.full.win32.x86_64_22.0.0.v20240322-1225\jre\bin\vcruntime140_1.dll
0x00007fff339e0000 - 0x00007fff33a6e000 	C:\Users\Jenna Miles Reyes\.p2\pool\plugins\org.eclipse.justj.openjdk.hotspot.jre.full.win32.x86_64_22.0.0.v20240322-1225\jre\bin\msvcp140.dll
0x00007ffef46d0000 - 0x00007ffef5492000 	C:\Users\Jenna Miles Reyes\.p2\pool\plugins\org.eclipse.justj.openjdk.hotspot.jre.full.win32.x86_64_22.0.0.v20240322-1225\jre\bin\server\jvm.dll
0x00007fff73580000 - 0x00007fff73632000 	C:\WINDOWS\System32\ADVAPI32.dll
0x00007fff72290000 - 0x00007fff72338000 	C:\WINDOWS\System32\sechost.dll
0x00007fff718f0000 - 0x00007fff71918000 	C:\WINDOWS\System32\bcrypt.dll
0x00007fff72d70000 - 0x00007fff72e85000 	C:\WINDOWS\System32\RPCRT4.dll
0x00007fff72b70000 - 0x00007fff72be1000 	C:\WINDOWS\System32\WS2_32.dll
0x00007fff70c30000 - 0x00007fff70c7d000 	C:\WINDOWS\SYSTEM32\POWRPROF.dll
0x00007fff66880000 - 0x00007fff6688a000 	C:\WINDOWS\SYSTEM32\VERSION.dll
0x00007fff6d8f0000 - 0x00007fff6d924000 	C:\WINDOWS\SYSTEM32\WINMM.dll
0x00007fff70c10000 - 0x00007fff70c23000 	C:\WINDOWS\SYSTEM32\UMPDC.dll
0x00007fff6f000000 - 0x00007fff6f018000 	C:\WINDOWS\SYSTEM32\kernel.appcore.dll
0x00007fff6cfb0000 - 0x00007fff6cfba000 	C:\Users\Jenna Miles Reyes\.p2\pool\plugins\org.eclipse.justj.openjdk.hotspot.jre.full.win32.x86_64_22.0.0.v20240322-1225\jre\bin\jimage.dll
0x00007fff70800000 - 0x00007fff70a33000 	C:\WINDOWS\SYSTEM32\DBGHELP.DLL
0x00007fff72f40000 - 0x00007fff732c8000 	C:\WINDOWS\System32\combase.dll
0x00007fff73380000 - 0x00007fff73457000 	C:\WINDOWS\System32\OLEAUT32.dll
0x00007fff706f0000 - 0x00007fff70722000 	C:\WINDOWS\SYSTEM32\dbgcore.DLL
0x00007fff71520000 - 0x00007fff71599000 	C:\WINDOWS\System32\bcryptPrimitives.dll
0x00007fff68410000 - 0x00007fff6842e000 	C:\Users\Jenna Miles Reyes\.p2\pool\plugins\org.eclipse.justj.openjdk.hotspot.jre.full.win32.x86_64_22.0.0.v20240322-1225\jre\bin\java.dll
0x00007fff719a0000 - 0x00007fff721fc000 	C:\WINDOWS\System32\SHELL32.dll
0x00007fff73970000 - 0x00007fff73b15000 	C:\WINDOWS\System32\ole32.dll
0x00007fff683f0000 - 0x00007fff68407000 	C:\Users\Jenna Miles Reyes\.p2\pool\plugins\org.eclipse.justj.openjdk.hotspot.jre.full.win32.x86_64_22.0.0.v20240322-1225\jre\bin\zip.dll
0x00007fff6df10000 - 0x00007fff6e809000 	C:\WINDOWS\SYSTEM32\windows.storage.dll
0x00007fff6ddd0000 - 0x00007fff6df0e000 	C:\WINDOWS\SYSTEM32\wintypes.dll
0x00007fff73870000 - 0x00007fff73963000 	C:\WINDOWS\System32\SHCORE.dll
0x00007fff72ec0000 - 0x00007fff72f1e000 	C:\WINDOWS\System32\shlwapi.dll
0x00007fff70e40000 - 0x00007fff70e61000 	C:\WINDOWS\SYSTEM32\profapi.dll
0x00007ffed98b0000 - 0x00007ffed9a3c000 	C:\Users\Jenna Miles Reyes\.p2\pool\plugins\org.eclipse.justj.openjdk.hotspot.jre.full.win32.x86_64_22.0.0.v20240322-1225\jre\bin\awt.dll
0x00007fff6d020000 - 0x00007fff6d0b7000 	C:\WINDOWS\SYSTEM32\apphelp.dll
0x00007fff6d440000 - 0x00007fff6d46b000 	C:\WINDOWS\system32\DWMAPI.DLL
0x00007fff6d1c0000 - 0x00007fff6d26b000 	C:\WINDOWS\system32\uxtheme.dll
0x00007fff118b0000 - 0x00007fff119b0000 	C:\WINDOWS\system32\opengl32.dll
0x00007fff11390000 - 0x00007fff113bd000 	C:\WINDOWS\SYSTEM32\GLU32.dll
0x00007fff6d2f0000 - 0x00007fff6d329000 	C:\WINDOWS\SYSTEM32\dxcore.dll
0x00007fff72c10000 - 0x00007fff72d63000 	C:\WINDOWS\System32\MSCTF.dll
0x00007fff1a3c0000 - 0x00007fff1a569000 	C:\WINDOWS\system32\d3d9.dll
0x00007fff66890000 - 0x00007fff66a4b000 	C:\WINDOWS\System32\DriverStore\FileRepository\u0390483.inf_amd64_b7c25444b8e9ca60\B389503\aticfx64.dll
0x00007fff0cfa0000 - 0x00007fff0cfd4000 	C:\WINDOWS\System32\DriverStore\FileRepository\u0390483.inf_amd64_b7c25444b8e9ca60\B389503\atiu9p64.dll
0x00007fff0c240000 - 0x00007fff0cf95000 	C:\WINDOWS\System32\DriverStore\FileRepository\u0390483.inf_amd64_b7c25444b8e9ca60\B389503\atiumd64.dll
0x00000000001e0000 - 0x0000000001108000 	C:\WINDOWS\System32\DriverStore\FileRepository\u0390483.inf_amd64_b7c25444b8e9ca60\B389503\atiumd6a.dll
0x00007fff726f0000 - 0x00007fff72b64000 	C:\WINDOWS\System32\SETUPAPI.dll
0x00007fff64840000 - 0x00007fff64875000 	C:\WINDOWS\SYSTEM32\amdihk64.dll
0x00007fff6a460000 - 0x00007fff6a4aa000 	C:\WINDOWS\SYSTEM32\directxdatabasehelper.dll
0x00007fff23fe0000 - 0x00007fff24067000 	C:\Users\Jenna Miles Reyes\.p2\pool\plugins\org.eclipse.justj.openjdk.hotspot.jre.full.win32.x86_64_22.0.0.v20240322-1225\jre\bin\freetype.dll
0x00007ffed97d0000 - 0x00007ffed98a8000 	C:\Users\Jenna Miles Reyes\.p2\pool\plugins\org.eclipse.justj.openjdk.hotspot.jre.full.win32.x86_64_22.0.0.v20240322-1225\jre\bin\fontmanager.dll
0x00007fff60070000 - 0x00007fff601ba000 	C:\WINDOWS\SYSTEM32\textinputframework.dll
0x00007fff723b0000 - 0x00007fff72460000 	C:\WINDOWS\System32\clbcatq.dll
0x00007fff6b540000 - 0x00007fff6b6f0000 	C:\WINDOWS\SYSTEM32\WindowsCodecs.dll
0x00007fff3ffc0000 - 0x00007fff4001e000 	C:\WINDOWS\system32\dataexchange.dll
0x00007fff684b0000 - 0x00007fff6873e000 	C:\WINDOWS\system32\twinapi.appcore.dll
0x00007fff683e0000 - 0x00007fff683f0000 	C:\Users\Jenna Miles Reyes\.p2\pool\plugins\org.eclipse.justj.openjdk.hotspot.jre.full.win32.x86_64_22.0.0.v20240322-1225\jre\bin\net.dll
0x00007fff6f430000 - 0x00007fff6f499000 	C:\WINDOWS\system32\mswsock.dll
0x00007fff683c0000 - 0x00007fff683d6000 	C:\Users\Jenna Miles Reyes\.p2\pool\plugins\org.eclipse.justj.openjdk.hotspot.jre.full.win32.x86_64_22.0.0.v20240322-1225\jre\bin\nio.dll
0x00007fff6cc40000 - 0x00007fff6cd74000 	C:\WINDOWS\SYSTEM32\CoreMessaging.dll
0x00007fff69250000 - 0x00007fff695bc000 	C:\WINDOWS\SYSTEM32\CoreUIComponents.dll
0x00007fff6f660000 - 0x00007fff6f66c000 	C:\WINDOWS\SYSTEM32\CRYPTBASE.DLL

dbghelp: loaded successfully - version: 4.0.5 - missing functions: none
symbol engine: initialized successfully - sym options: 0x614 - pdb path: .;C:\Users\Jenna Miles Reyes\.p2\pool\plugins\org.eclipse.justj.openjdk.hotspot.jre.full.win32.x86_64_22.0.0.v20240322-1225\jre\bin;C:\WINDOWS\SYSTEM32;C:\WINDOWS\WinSxS\amd64_microsoft.windows.common-controls_6595b64144ccf1df_6.0.22621.3235_none_270f74e173860f98;C:\Users\Jenna Miles Reyes\.p2\pool\plugins\org.eclipse.justj.openjdk.hotspot.jre.full.win32.x86_64_22.0.0.v20240322-1225\jre\bin\server;C:\WINDOWS\System32\DriverStore\FileRepository\u0390483.inf_amd64_b7c25444b8e9ca60\B389503

VM Arguments:
jvm_args: -Dfile.encoding=UTF-8 -Dstdout.encoding=UTF-8 -Dstderr.encoding=UTF-8 -XX:+ShowCodeDetailsInExceptionMessages 
java_command: JobBoard
java_class_path (initial): C:\Users\Jenna Miles Reyes\eclipse-workspace\Booking System\bin
Launcher Type: SUN_STANDARD

[Global flags]
     intx CICompilerCount                          = 4                                         {product} {ergonomic}
     uint ConcGCThreads                            = 3                                         {product} {ergonomic}
     uint G1ConcRefinementThreads                  = 10                                        {product} {ergonomic}
   size_t G1HeapRegionSize                         = 1048576                                   {product} {ergonomic}
   size_t InitialHeapSize                          = 98566144                                  {product} {ergonomic}
   size_t MarkStackSize                            = 4194304                                   {product} {ergonomic}
   size_t MaxHeapSize                              = 1570766848                                {product} {ergonomic}
   size_t MaxNewSize                               = 941621248                                 {product} {ergonomic}
   size_t MinHeapDeltaBytes                        = 1048576                                   {product} {ergonomic}
   size_t MinHeapSize                              = 8388608                                   {product} {ergonomic}
    uintx NonNMethodCodeHeapSize                   = 5839372                                {pd product} {ergonomic}
    uintx NonProfiledCodeHeapSize                  = 122909434                              {pd product} {ergonomic}
    uintx ProfiledCodeHeapSize                     = 122909434                              {pd product} {ergonomic}
    uintx ReservedCodeCacheSize                    = 251658240                              {pd product} {ergonomic}
     bool SegmentedCodeCache                       = true                                      {product} {ergonomic}
     bool ShowCodeDetailsInExceptionMessages       = true                                   {manageable} {command line}
   size_t SoftMaxHeapSize                          = 1570766848                             {manageable} {ergonomic}
     bool UseCompressedOops                        = true                           {product lp64_product} {ergonomic}
     bool UseG1GC                                  = true                                      {product} {ergonomic}
     bool UseLargePagesIndividualAllocation        = false                                  {pd product} {ergonomic}

Logging:
Log output configuration:
 #0: stdout all=warning uptime,level,tags foldmultilines=false
 #1: stderr all=off uptime,level,tags foldmultilines=false

Environment Variables:
PATH=C:/Users/Jenna Miles Reyes/.p2/pool/plugins/org.eclipse.justj.openjdk.hotspot.jre.full.win32.x86_64_22.0.0.v20240322-1225/jre/bin/server;C:/Users/Jenna Miles Reyes/.p2/pool/plugins/org.eclipse.justj.openjdk.hotspot.jre.full.win32.x86_64_22.0.0.v20240322-1225/jre/bin;C:\WINDOWS\system32;C:\WINDOWS;C:\WINDOWS\System32\Wbem;C:\WINDOWS\System32\WindowsPowerShell\v1.0\;C:\WINDOWS\System32\OpenSSH\;C:\Program Files\Microsoft SQL Server\150\Tools\Binn\;C:\Program Files\dotnet\;C:\Users\Jenna Miles Reyes\AppData\Local\Programs\Python\Python312\Scripts\;C:\Users\Jenna Miles Reyes\AppData\Local\Programs\Python\Python312\;C:\Users\Jenna Miles Reyes\AppData\Local\Programs\Python\Launcher\;C:\Users\Jenna Miles Reyes\AppData\Local\Microsoft\WindowsApps;C:\MinGW\bin;C:\Users\Jenna Miles Reyes\.dotnet\tools;C:\Users\Jenna Miles Reyes\AppData\Local\Programs\Microsoft VS Code\bin;C:\WINDOWS\system32;
USERNAME=Jenna Miles Reyes
OS=Windows_NT
PROCESSOR_IDENTIFIER=AMD64 Family 25 Model 80 Stepping 0, AuthenticAMD
TMP=C:\Users\JENNAM~1\AppData\Local\Temp
TEMP=C:\Users\JENNAM~1\AppData\Local\Temp




Periodic native trim disabled

---------------  S Y S T E M  ---------------

OS:
 Windows 11 , 64 bit Build 22621 (10.0.22621.3374)
OS uptime: 0 days 2:03 hours
Hyper-V role detected

CPU: total 12 (initial active 12) (12 cores per cpu, 2 threads per core) family 25 model 80 stepping 0 microcode 0x0, cx8, cmov, fxsr, ht, mmx, 3dnowpref, sse, sse2, sse3, ssse3, sse4a, sse4.1, sse4.2, popcnt, lzcnt, tsc, tscinvbit, avx, avx2, aes, erms, clmul, bmi1, bmi2, adx, sha, fma, vzeroupper, clflush, clflushopt, hv, rdtscp, rdpid, fsrm, f16c, cet_ss
Processor Information for processor 0
  Max Mhz: 2301, Current Mhz: 1798, Mhz Limit: 2301
Processor Information for processor 1
  Max Mhz: 2301, Current Mhz: 1798, Mhz Limit: 2301
Processor Information for processor 2
  Max Mhz: 2301, Current Mhz: 1798, Mhz Limit: 2301
Processor Information for processor 3
  Max Mhz: 2301, Current Mhz: 1798, Mhz Limit: 2301
Processor Information for processor 4
  Max Mhz: 2301, Current Mhz: 1798, Mhz Limit: 2301
Processor Information for processor 5
  Max Mhz: 2301, Current Mhz: 1904, Mhz Limit: 2301
Processor Information for processor 6
  Max Mhz: 2301, Current Mhz: 1798, Mhz Limit: 2301
Processor Information for processor 7
  Max Mhz: 2301, Current Mhz: 1798, Mhz Limit: 2301
Processor Information for processor 8
  Max Mhz: 2301, Current Mhz: 1798, Mhz Limit: 2301
Processor Information for processor 9
  Max Mhz: 2301, Current Mhz: 1798, Mhz Limit: 2301
Processor Information for processor 10
  Max Mhz: 2301, Current Mhz: 1798, Mhz Limit: 2301
Processor Information for processor 11
  Max Mhz: 2301, Current Mhz: 1798, Mhz Limit: 2301

Memory: 4k page, system-wide physical 5989M (795M free)
TotalPageFile size 24421M (AvailPageFile size 3M)
current process WorkingSet (physical memory assigned to process): 87M, peak: 87M
current process commit charge ("private bytes"): 220M, peak: 221M

vm_info: OpenJDK 64-Bit Server VM (22+36) for windows-amd64 JRE (22+36), built on 2024-03-19T00:00:00Z by "admin" with MS VC++ 17.7 (VS2022)

END.
