#
# There is insufficient memory for the Java Runtime Environment to continue.
# Native memory allocation (mmap) failed to map 18874368 bytes. Error detail: G1 virtual space
# Possible reasons:
#   The system is out of physical RAM or swap space
#   This process is running with CompressedOops enabled, and the Java Heap may be blocking the growth of the native heap
# Possible solutions:
#   Reduce memory load on the system
#   Increase physical memory or swap space
#   Check if swap backing store is full
#   Decrease Java heap size (-Xmx/-Xms)
#   Decrease number of Java threads
#   Decrease Java thread stack sizes (-Xss)
#   Set larger code cache with -XX:ReservedCodeCacheSize=
#   JVM is running with Unscaled Compressed Oops mode in which the Java heap is
#     placed in the first 4GB address space. The Java Heap base address is the
#     maximum limit for the native heap growth. Please use -XX:HeapBaseMinAddress
#     to set the Java Heap base and to place the Java Heap above 4GB virtual address.
# This output file may be truncated or incomplete.
#
#  Out of Memory Error (os_windows.cpp:3631), pid=9344, tid=3516
#
# JRE version: OpenJDK Runtime Environment Temurin-22+36 (22.0+36) (build 22+36)
# Java VM: OpenJDK 64-Bit Server VM Temurin-22+36 (22+36, mixed mode, tiered, compressed oops, compressed class ptrs, g1 gc, windows-amd64)
# No core dump will be written. Minidumps are not enabled by default on client versions of Windows
#

---------------  S U M M A R Y ------------

Command Line: -Dfile.encoding=UTF-8 -Dstdout.encoding=UTF-8 -Dstderr.encoding=UTF-8 -XX:+ShowCodeDetailsInExceptionMessages JobBoard

Host: AMD Ryzen 5 5625U with Radeon Graphics         , 12 cores, 5G,  Windows 11 , 64 bit Build 22621 (10.0.22621.3374)
Time: Thu Apr 25 11:58:15 2024 Malay Peninsula Standard Time elapsed time: 1796.370778 seconds (0d 0h 29m 56s)

---------------  T H R E A D  ---------------

Current thread (0x000001e2d45bf110):  VMThread "VM Thread"          [id=3516, stack(0x0000006e48500000,0x0000006e48600000) (1024K)]

Stack: [0x0000006e48500000,0x0000006e48600000]
Native frames: (J=compiled Java code, j=interpreted, Vv=VM code, C=native code)
V  [jvm.dll+0x6ea2f9]  (no source info available)
V  [jvm.dll+0x8ccec3]  (no source info available)
V  [jvm.dll+0x8cf2ee]  (no source info available)
V  [jvm.dll+0x8cf9c3]  (no source info available)
V  [jvm.dll+0x286dd6]  (no source info available)
V  [jvm.dll+0x6e6985]  (no source info available)
V  [jvm.dll+0x6db60a]  (no source info available)
V  [jvm.dll+0x3600fa]  (no source info available)
V  [jvm.dll+0x3685c6]  (no source info available)
V  [jvm.dll+0x3ba37e]  (no source info available)
V  [jvm.dll+0x3ba628]  (no source info available)
V  [jvm.dll+0x333bfc]  (no source info available)
V  [jvm.dll+0x336556]  (no source info available)
V  [jvm.dll+0x340941]  (no source info available)
V  [jvm.dll+0x376d7f]  (no source info available)
V  [jvm.dll+0x8d57af]  (no source info available)
V  [jvm.dll+0x8d6b36]  (no source info available)
V  [jvm.dll+0x8d70b0]  (no source info available)
V  [jvm.dll+0x8d7353]  (no source info available)
V  [jvm.dll+0x8752db]  (no source info available)
V  [jvm.dll+0x6e89f5]  (no source info available)
C  [ucrtbase.dll+0x29333]  (no source info available)
C  [KERNEL32.DLL+0x1257d]  (no source info available)
C  [ntdll.dll+0x5aa48]  (no source info available)

VM_Operation (0x0000006e480ff740): G1PauseRemark, mode: safepoint, requested by thread 0x000001e2bcc0f760


---------------  P R O C E S S  ---------------

Threads class SMR info:
_java_thread_list=0x000001e2d49a8910, length=16, elements={
0x000001e2d4733950, 0x000001e2d4734bb0, 0x000001e2d4735d20, 0x000001e2d4736c20,
0x000001e2d4737a30, 0x000001e2d473cd00, 0x000001e2d47380a0, 0x000001e2d473ff30,
0x000001e2d4739f10, 0x000001e2d4739880, 0x000001e2d473a5a0, 0x000001e2d473ac30,
0x000001e2d473b2c0, 0x000001e2d473bfe0, 0x000001e2d473b950, 0x000001e2d950ba40
}

Java Threads: ( => current thread )
  0x000001e2d4733950 JavaThread "Reference Handler"          daemon [_thread_blocked, id=13288, stack(0x0000006e48600000,0x0000006e48700000) (1024K)]
  0x000001e2d4734bb0 JavaThread "Finalizer"                  daemon [_thread_blocked, id=20088, stack(0x0000006e48700000,0x0000006e48800000) (1024K)]
  0x000001e2d4735d20 JavaThread "Signal Dispatcher"          daemon [_thread_blocked, id=18084, stack(0x0000006e48800000,0x0000006e48900000) (1024K)]
  0x000001e2d4736c20 JavaThread "Attach Listener"            daemon [_thread_blocked, id=18344, stack(0x0000006e48900000,0x0000006e48a00000) (1024K)]
  0x000001e2d4737a30 JavaThread "Service Thread"             daemon [_thread_blocked, id=11368, stack(0x0000006e48a00000,0x0000006e48b00000) (1024K)]
  0x000001e2d473cd00 JavaThread "Monitor Deflation Thread"   daemon [_thread_blocked, id=12172, stack(0x0000006e48b00000,0x0000006e48c00000) (1024K)]
  0x000001e2d47380a0 JavaThread "C2 CompilerThread0"         daemon [_thread_blocked, id=7012, stack(0x0000006e48c00000,0x0000006e48d00000) (1024K)]
  0x000001e2d473ff30 JavaThread "C1 CompilerThread0"         daemon [_thread_blocked, id=5356, stack(0x0000006e48d00000,0x0000006e48e00000) (1024K)]
  0x000001e2d4739f10 JavaThread "Notification Thread"        daemon [_thread_blocked, id=3608, stack(0x0000006e48e00000,0x0000006e48f00000) (1024K)]
  0x000001e2d4739880 JavaThread "Common-Cleaner"             daemon [_thread_blocked, id=17936, stack(0x0000006e48f00000,0x0000006e49000000) (1024K)]
  0x000001e2d473a5a0 JavaThread "Java2D Disposer"            daemon [_thread_blocked, id=5232, stack(0x0000006e49000000,0x0000006e49100000) (1024K)]
  0x000001e2d473ac30 JavaThread "AWT-Shutdown"                      [_thread_blocked, id=4072, stack(0x0000006e49100000,0x0000006e49200000) (1024K)]
  0x000001e2d473b2c0 JavaThread "AWT-Windows"                daemon [_thread_in_native, id=19920, stack(0x0000006e49200000,0x0000006e49300000) (1024K)]
  0x000001e2d473bfe0 JavaThread "AWT-EventQueue-0"                  [_thread_blocked, id=18488, stack(0x0000006e49e00000,0x0000006e49f00000) (1024K)]
  0x000001e2d473b950 JavaThread "D3D Screen Updater"         daemon [_thread_blocked, id=5576, stack(0x0000006e49f00000,0x0000006e4a000000) (1024K)]
  0x000001e2d950ba40 JavaThread "DestroyJavaVM"                     [_thread_blocked, id=15328, stack(0x0000006e47e00000,0x0000006e47f00000) (1024K)]
Total: 16

Other Threads:
=>0x000001e2d45bf110 VMThread "VM Thread"                           [id=3516, stack(0x0000006e48500000,0x0000006e48600000) (1024K)]
  0x000001e2d453d0a0 WatcherThread "VM Periodic Task Thread"        [id=20392, stack(0x0000006e48400000,0x0000006e48500000) (1024K)]
  0x000001e2bcc02a00 WorkerThread "GC Thread#0"                     [id=3736, stack(0x0000006e47f00000,0x0000006e48000000) (1024K)]
  0x000001e2d9178080 WorkerThread "GC Thread#1"                     [id=24116, stack(0x0000006e47d00000,0x0000006e47e00000) (1024K)]
  0x000001e2ba94cb60 WorkerThread "GC Thread#2"                     [id=24120, stack(0x0000006e49300000,0x0000006e49400000) (1024K)]
  0x000001e2d4ac6780 WorkerThread "GC Thread#3"                     [id=24128, stack(0x0000006e49400000,0x0000006e49500000) (1024K)]
  0x000001e2dee05e20 WorkerThread "GC Thread#4"                     [id=24136, stack(0x0000006e49d00000,0x0000006e49e00000) (1024K)]
  0x000001e2d9119d00 WorkerThread "GC Thread#5"                     [id=24152, stack(0x0000006e4a200000,0x0000006e4a300000) (1024K)]
  0x000001e2d97fa4b0 WorkerThread "GC Thread#6"                     [id=24164, stack(0x0000006e4a300000,0x0000006e4a400000) (1024K)]
  0x000001e2d47ad130 WorkerThread "GC Thread#7"                     [id=24168, stack(0x0000006e4a400000,0x0000006e4a500000) (1024K)]
  0x000001e2d95fbb50 WorkerThread "GC Thread#8"                     [id=24172, stack(0x0000006e4a500000,0x0000006e4a600000) (1024K)]
  0x000001e2d95e8260 WorkerThread "GC Thread#9"                     [id=24176, stack(0x0000006e4a600000,0x0000006e4a700000) (1024K)]
  0x000001e2bcc0f760 ConcurrentGCThread "G1 Main Marker"            [id=1480, stack(0x0000006e48000000,0x0000006e48100000) (1024K)]
  0x000001e2bcc10a10 WorkerThread "G1 Conc#0"                       [id=19692, stack(0x0000006e48100000,0x0000006e48200000) (1024K)]
  0x000001e2d95d9690 WorkerThread "G1 Conc#1"                       [id=24200, stack(0x0000006e4a700000,0x0000006e4a800000) (1024K)]
  0x000001e2d95d9a40 WorkerThread "G1 Conc#2"                       [id=24204, stack(0x0000006e4a800000,0x0000006e4a900000) (1024K)]
  0x000001e2d44134c0 ConcurrentGCThread "G1 Refine#0"               [id=7324, stack(0x0000006e48200000,0x0000006e48300000) (1024K)]
  0x000001e2d4413c50 ConcurrentGCThread "G1 Service"                [id=5324, stack(0x0000006e48300000,0x0000006e48400000) (1024K)]
Total: 18

Threads with active compile tasks:
Total: 0

VM state: at safepoint (normal execution)

VM Mutex/Monitor currently owned by a thread:  ([mutex/lock_event])
[0x00007ffef53affb8] Threads_lock - owner thread: 0x000001e2d45bf110
[0x00007ffef53b00b8] Heap_lock - owner thread: 0x000001e2bcc0f760

Heap address: 0x00000000a2600000, size: 1498 MB, Compressed Oops mode: 32-bit

CDS archive(s) not mapped
Compressed class space mapped at: 0x000000000a000000-0x000000004a000000, reserved size: 1073741824
Narrow klass base: 0x0000000000000000, Narrow klass shift: 0, Narrow klass range: 0x4a000000

GC Precious Log:
 CardTable entry size: 512
 Card Set container configuration: InlinePtr #cards 5 size 8 Array Of Cards #cards 12 size 40 Howl #buckets 4 coarsen threshold 1843 Howl Bitmap #cards 512 size 80 coarsen threshold 460 Card regions per heap region 1 cards per card region 2048
 CPUs: 12 total, 12 available
 Memory: 5989M
 Large Page Support: Disabled
 NUMA Support: Disabled
 Compressed Oops: Enabled (32-bit)
 Heap Region Size: 1M
 Heap Min Capacity: 8M
 Heap Initial Capacity: 94M
 Heap Max Capacity: 1498M
 Pre-touch: Disabled
 Parallel Workers: 10
 Concurrent Workers: 3
 Concurrent Refinement Workers: 10
 Periodic GC: Disabled

Heap:
 garbage-first heap   total reserved 1533952K, committed 96256K, used 68371K [0x00000000a2600000, 0x0000000100000000)
  region size 1024K, 4 young (4096K), 3 survivors (3072K)
 Metaspace       used 16338K, committed 16576K, reserved 1114112K
  class space    used 1543K, committed 1664K, reserved 1048576K

Heap Regions: E=young(eden), S=young(survivor), O=old, HS=humongous(starts), HC=humongous(continues), CS=collection set, F=free, TAMS=top-at-mark-start, PB=parsable bottom
|   0|0x00000000a2600000, 0x00000000a2700000, 0x00000000a2700000|100%| O|  |TAMS 0x00000000a2700000| PB 0x00000000a2700000| Untracked |  0
|   1|0x00000000a2700000, 0x00000000a2800000, 0x00000000a2800000|100%| O|  |TAMS 0x00000000a2800000| PB 0x00000000a2800000| Untracked |  0
|   2|0x00000000a2800000, 0x00000000a2900000, 0x00000000a2900000|100%| O|  |TAMS 0x00000000a2900000| PB 0x00000000a2900000| Untracked |  0
|   3|0x00000000a2900000, 0x00000000a2a00000, 0x00000000a2a00000|100%| O|  |TAMS 0x00000000a2a00000| PB 0x00000000a2a00000| Updating |  0
|   4|0x00000000a2a00000, 0x00000000a2b00000, 0x00000000a2b00000|100%| O|  |TAMS 0x00000000a2b00000| PB 0x00000000a2b00000| Untracked |  0
|   5|0x00000000a2b00000, 0x00000000a2c00000, 0x00000000a2c00000|100%| O|  |TAMS 0x00000000a2c00000| PB 0x00000000a2c00000| Untracked |  0
|   6|0x00000000a2c00000, 0x00000000a2d00000, 0x00000000a2d00000|100%| O|  |TAMS 0x00000000a2d00000| PB 0x00000000a2d00000| Updating |  0
|   7|0x00000000a2d00000, 0x00000000a2e00000, 0x00000000a2e00000|100%| O|  |TAMS 0x00000000a2e00000| PB 0x00000000a2e00000| Updating |  0
|   8|0x00000000a2e00000, 0x00000000a2f00000, 0x00000000a2f00000|100%| O|  |TAMS 0x00000000a2f00000| PB 0x00000000a2f00000| Untracked |  0
|   9|0x00000000a2f00000, 0x00000000a3000000, 0x00000000a3000000|100%| O|  |TAMS 0x00000000a3000000| PB 0x00000000a3000000| Updating |  0
|  10|0x00000000a3000000, 0x00000000a3100000, 0x00000000a3100000|100%| O|  |TAMS 0x00000000a3100000| PB 0x00000000a3100000| Updating |  0
|  11|0x00000000a3100000, 0x00000000a3200000, 0x00000000a3200000|100%| O|  |TAMS 0x00000000a3200000| PB 0x00000000a3200000| Untracked |  0
|  12|0x00000000a3200000, 0x00000000a3300000, 0x00000000a3300000|100%| O|  |TAMS 0x00000000a3300000| PB 0x00000000a3300000| Updating |  0
|  13|0x00000000a3300000, 0x00000000a3400000, 0x00000000a3400000|100%| O|  |TAMS 0x00000000a3400000| PB 0x00000000a3400000| Updating |  0
|  14|0x00000000a3400000, 0x00000000a3500000, 0x00000000a3500000|100%| O|  |TAMS 0x00000000a3500000| PB 0x00000000a3500000| Updating |  0
|  15|0x00000000a3500000, 0x00000000a3600000, 0x00000000a3600000|100%| O|  |TAMS 0x00000000a3600000| PB 0x00000000a3600000| Untracked |  0
|  16|0x00000000a3600000, 0x00000000a3700000, 0x00000000a3700000|100%| O|  |TAMS 0x00000000a3700000| PB 0x00000000a3700000| Untracked |  0
|  17|0x00000000a3700000, 0x00000000a3800000, 0x00000000a3800000|100%| O|  |TAMS 0x00000000a3800000| PB 0x00000000a3800000| Untracked |  0
|  18|0x00000000a3800000, 0x00000000a3900000, 0x00000000a3900000|100%| O|  |TAMS 0x00000000a3900000| PB 0x00000000a3900000| Updating |  0
|  19|0x00000000a3900000, 0x00000000a3a00000, 0x00000000a3a00000|100%| O|  |TAMS 0x00000000a3a00000| PB 0x00000000a3a00000| Updating |  0
|  20|0x00000000a3a00000, 0x00000000a3b00000, 0x00000000a3b00000|100%| O|  |TAMS 0x00000000a3b00000| PB 0x00000000a3b00000| Updating |  0
|  21|0x00000000a3b00000, 0x00000000a3c00000, 0x00000000a3c00000|100%| O|  |TAMS 0x00000000a3c00000| PB 0x00000000a3c00000| Updating |  0
|  22|0x00000000a3c00000, 0x00000000a3d00000, 0x00000000a3d00000|100%| O|  |TAMS 0x00000000a3d00000| PB 0x00000000a3d00000| Untracked |  0
|  23|0x00000000a3d00000, 0x00000000a3e00000, 0x00000000a3e00000|100%| O|  |TAMS 0x00000000a3e00000| PB 0x00000000a3e00000| Untracked |  0
|  24|0x00000000a3e00000, 0x00000000a3f00000, 0x00000000a3f00000|100%| O|  |TAMS 0x00000000a3f00000| PB 0x00000000a3f00000| Untracked |  0
|  25|0x00000000a3f00000, 0x00000000a4000000, 0x00000000a4000000|100%| O|  |TAMS 0x00000000a4000000| PB 0x00000000a4000000| Untracked |  0
|  26|0x00000000a4000000, 0x00000000a4100000, 0x00000000a4100000|100%| O|  |TAMS 0x00000000a4100000| PB 0x00000000a4100000| Updating |  0
|  27|0x00000000a4100000, 0x00000000a4200000, 0x00000000a4200000|100%| O|  |TAMS 0x00000000a4200000| PB 0x00000000a4200000| Updating |  0
|  28|0x00000000a4200000, 0x00000000a4300000, 0x00000000a4300000|100%| O|  |TAMS 0x00000000a4300000| PB 0x00000000a4300000| Updating |  0
|  29|0x00000000a4300000, 0x00000000a4400000, 0x00000000a4400000|100%| O|  |TAMS 0x00000000a4400000| PB 0x00000000a4400000| Updating |  0
|  30|0x00000000a4400000, 0x00000000a4500000, 0x00000000a4500000|100%| O|  |TAMS 0x00000000a4500000| PB 0x00000000a4500000| Untracked |  0
|  31|0x00000000a4500000, 0x00000000a4600000, 0x00000000a4600000|100%| O|  |TAMS 0x00000000a4600000| PB 0x00000000a4600000| Updating |  0
|  32|0x00000000a4600000, 0x00000000a4700000, 0x00000000a4700000|100%| O|  |TAMS 0x00000000a4700000| PB 0x00000000a4700000| Untracked |  0
|  33|0x00000000a4700000, 0x00000000a4800000, 0x00000000a4800000|100%| O|  |TAMS 0x00000000a4800000| PB 0x00000000a4800000| Updating |  0
|  34|0x00000000a4800000, 0x00000000a4900000, 0x00000000a4900000|100%| O|  |TAMS 0x00000000a4900000| PB 0x00000000a4900000| Untracked |  0
|  35|0x00000000a4900000, 0x00000000a4a00000, 0x00000000a4a00000|100%| O|  |TAMS 0x00000000a4a00000| PB 0x00000000a4a00000| Untracked |  0
|  36|0x00000000a4a00000, 0x00000000a4b00000, 0x00000000a4b00000|100%| O|  |TAMS 0x00000000a4b00000| PB 0x00000000a4b00000| Updating |  0
|  37|0x00000000a4b00000, 0x00000000a4c00000, 0x00000000a4c00000|100%| O|  |TAMS 0x00000000a4c00000| PB 0x00000000a4c00000| Untracked |  0
|  38|0x00000000a4c00000, 0x00000000a4d00000, 0x00000000a4d00000|100%| O|  |TAMS 0x00000000a4d00000| PB 0x00000000a4d00000| Untracked |  0
|  39|0x00000000a4d00000, 0x00000000a4e00000, 0x00000000a4e00000|100%| O|  |TAMS 0x00000000a4e00000| PB 0x00000000a4e00000| Untracked |  0
|  40|0x00000000a4e00000, 0x00000000a4f00000, 0x00000000a4f00000|100%| O|  |TAMS 0x00000000a4f00000| PB 0x00000000a4f00000| Updating |  0
|  41|0x00000000a4f00000, 0x00000000a5000000, 0x00000000a5000000|100%| O|  |TAMS 0x00000000a5000000| PB 0x00000000a5000000| Untracked |  0
|  42|0x00000000a5000000, 0x00000000a5100000, 0x00000000a5100000|100%| O|  |TAMS 0x00000000a5100000| PB 0x00000000a5100000| Updating |  0
|  43|0x00000000a5100000, 0x00000000a5200000, 0x00000000a5200000|100%| O|  |TAMS 0x00000000a5200000| PB 0x00000000a5200000| Updating |  0
|  44|0x00000000a5200000, 0x00000000a5300000, 0x00000000a5300000|100%| O|  |TAMS 0x00000000a5300000| PB 0x00000000a5300000| Untracked |  0
|  45|0x00000000a5300000, 0x00000000a5400000, 0x00000000a5400000|100%| O|  |TAMS 0x00000000a5400000| PB 0x00000000a5400000| Untracked |  0
|  46|0x00000000a5400000, 0x00000000a5500000, 0x00000000a5500000|100%| O|  |TAMS 0x00000000a5500000| PB 0x00000000a5500000| Updating |  0
|  47|0x00000000a5500000, 0x00000000a5600000, 0x00000000a5600000|100%| O|  |TAMS 0x00000000a55c4e40| PB 0x00000000a55c4e40| Updating |  0
|  48|0x00000000a5600000, 0x00000000a5700000, 0x00000000a5700000|100%| O|  |TAMS 0x00000000a5600000| PB 0x00000000a5600000| Untracked |  0
|  49|0x00000000a5700000, 0x00000000a5800000, 0x00000000a5800000|100%| O|  |TAMS 0x00000000a5700000| PB 0x00000000a5700000| Untracked |  0
|  50|0x00000000a5800000, 0x00000000a5900000, 0x00000000a5900000|100%| O|  |TAMS 0x00000000a5800000| PB 0x00000000a5800000| Untracked |  0
|  51|0x00000000a5900000, 0x00000000a5a00000, 0x00000000a5a00000|100%| O|  |TAMS 0x00000000a5900000| PB 0x00000000a5900000| Untracked |  0
|  52|0x00000000a5a00000, 0x00000000a5b00000, 0x00000000a5b00000|100%| O|  |TAMS 0x00000000a5a00000| PB 0x00000000a5a00000| Untracked |  0
|  53|0x00000000a5b00000, 0x00000000a5c00000, 0x00000000a5c00000|100%| O|  |TAMS 0x00000000a5b00000| PB 0x00000000a5b00000| Untracked |  0
|  54|0x00000000a5c00000, 0x00000000a5d00000, 0x00000000a5d00000|100%| O|  |TAMS 0x00000000a5c00000| PB 0x00000000a5c00000| Untracked |  0
|  55|0x00000000a5d00000, 0x00000000a5dc4e40, 0x00000000a5e00000| 76%| O|  |TAMS 0x00000000a5d00000| PB 0x00000000a5d00000| Updating |  0
|  56|0x00000000a5e00000, 0x00000000a5f00000, 0x00000000a5f00000|100%|HS|  |TAMS 0x00000000a5e00000| PB 0x00000000a5e00000| Complete |  0
|  57|0x00000000a5f00000, 0x00000000a6000000, 0x00000000a6000000|100%|HC|  |TAMS 0x00000000a5f00000| PB 0x00000000a5f00000| Complete |  0
|  58|0x00000000a6000000, 0x00000000a6100000, 0x00000000a6100000|100%|HC|  |TAMS 0x00000000a6000000| PB 0x00000000a6000000| Complete |  0
|  59|0x00000000a6100000, 0x00000000a6200000, 0x00000000a6200000|100%|HC|  |TAMS 0x00000000a6100000| PB 0x00000000a6100000| Complete |  0
|  60|0x00000000a6200000, 0x00000000a6300000, 0x00000000a6300000|100%|HC|  |TAMS 0x00000000a6200000| PB 0x00000000a6200000| Complete |  0
|  61|0x00000000a6300000, 0x00000000a6400000, 0x00000000a6400000|100%|HC|  |TAMS 0x00000000a6300000| PB 0x00000000a6300000| Complete |  0
|  62|0x00000000a6400000, 0x00000000a6500000, 0x00000000a6500000|100%|HC|  |TAMS 0x00000000a6400000| PB 0x00000000a6400000| Complete |  0
|  63|0x00000000a6500000, 0x00000000a6600000, 0x00000000a6600000|100%|HC|  |TAMS 0x00000000a6500000| PB 0x00000000a6500000| Complete |  0
|  64|0x00000000a6600000, 0x00000000a6600000, 0x00000000a6700000|  0%| F|  |TAMS 0x00000000a6600000| PB 0x00000000a6600000| Untracked |  0
|  65|0x00000000a6700000, 0x00000000a6700000, 0x00000000a6800000|  0%| F|  |TAMS 0x00000000a6700000| PB 0x00000000a6700000| Untracked |  0
|  66|0x00000000a6800000, 0x00000000a6800000, 0x00000000a6900000|  0%| F|  |TAMS 0x00000000a6800000| PB 0x00000000a6800000| Untracked |  0
|  67|0x00000000a6900000, 0x00000000a6900000, 0x00000000a6a00000|  0%| F|  |TAMS 0x00000000a6900000| PB 0x00000000a6900000| Untracked |  0
|  68|0x00000000a6a00000, 0x00000000a6a00000, 0x00000000a6b00000|  0%| F|  |TAMS 0x00000000a6a00000| PB 0x00000000a6a00000| Untracked |  0
|  69|0x00000000a6b00000, 0x00000000a6b00000, 0x00000000a6c00000|  0%| F|  |TAMS 0x00000000a6b00000| PB 0x00000000a6b00000| Untracked |  0
|  70|0x00000000a6c00000, 0x00000000a6c00000, 0x00000000a6d00000|  0%| F|  |TAMS 0x00000000a6c00000| PB 0x00000000a6c00000| Untracked |  0
|  71|0x00000000a6d00000, 0x00000000a6d00000, 0x00000000a6e00000|  0%| F|  |TAMS 0x00000000a6d00000| PB 0x00000000a6d00000| Untracked |  0
|  72|0x00000000a6e00000, 0x00000000a6e00000, 0x00000000a6f00000|  0%| F|  |TAMS 0x00000000a6e00000| PB 0x00000000a6e00000| Untracked |  0
|  73|0x00000000a6f00000, 0x00000000a6f00000, 0x00000000a7000000|  0%| F|  |TAMS 0x00000000a6f00000| PB 0x00000000a6f00000| Untracked |  0
|  74|0x00000000a7000000, 0x00000000a7000000, 0x00000000a7100000|  0%| F|  |TAMS 0x00000000a7000000| PB 0x00000000a7000000| Untracked |  0
|  75|0x00000000a7100000, 0x00000000a7100000, 0x00000000a7200000|  0%| F|  |TAMS 0x00000000a7100000| PB 0x00000000a7100000| Untracked |  0
|  76|0x00000000a7200000, 0x00000000a7200000, 0x00000000a7300000|  0%| F|  |TAMS 0x00000000a7200000| PB 0x00000000a7200000| Untracked |  0
|  77|0x00000000a7300000, 0x00000000a7300000, 0x00000000a7400000|  0%| F|  |TAMS 0x00000000a7300000| PB 0x00000000a7300000| Untracked |  0
|  78|0x00000000a7400000, 0x00000000a7400000, 0x00000000a7500000|  0%| F|  |TAMS 0x00000000a7400000| PB 0x00000000a7400000| Untracked |  0
|  79|0x00000000a7500000, 0x00000000a7500000, 0x00000000a7600000|  0%| F|  |TAMS 0x00000000a7500000| PB 0x00000000a7500000| Untracked |  0
|  80|0x00000000a7600000, 0x00000000a7600000, 0x00000000a7700000|  0%| F|  |TAMS 0x00000000a7600000| PB 0x00000000a7600000| Untracked |  0
|  81|0x00000000a7700000, 0x00000000a7700000, 0x00000000a7800000|  0%| F|  |TAMS 0x00000000a7700000| PB 0x00000000a7700000| Untracked |  0
|  82|0x00000000a7800000, 0x00000000a7800000, 0x00000000a7900000|  0%| F|  |TAMS 0x00000000a7800000| PB 0x00000000a7800000| Untracked |  0
|  83|0x00000000a7900000, 0x00000000a7900000, 0x00000000a7a00000|  0%| F|  |TAMS 0x00000000a7900000| PB 0x00000000a7900000| Untracked |  0
|  84|0x00000000a7a00000, 0x00000000a7a00000, 0x00000000a7b00000|  0%| F|  |TAMS 0x00000000a7a00000| PB 0x00000000a7a00000| Untracked |  0
|  85|0x00000000a7b00000, 0x00000000a7c00000, 0x00000000a7c00000|100%| S|CS|TAMS 0x00000000a7b00000| PB 0x00000000a7b00000| Complete |  0
|  86|0x00000000a7c00000, 0x00000000a7d00000, 0x00000000a7d00000|100%| S|CS|TAMS 0x00000000a7c00000| PB 0x00000000a7c00000| Complete |  0
|  87|0x00000000a7d00000, 0x00000000a7e00000, 0x00000000a7e00000|100%| S|CS|TAMS 0x00000000a7d00000| PB 0x00000000a7d00000| Complete |  0
|  88|0x00000000a7e00000, 0x00000000a7e00000, 0x00000000a7f00000|  0%| F|  |TAMS 0x00000000a7e00000| PB 0x00000000a7e00000| Untracked |  0
|  89|0x00000000a7f00000, 0x00000000a7f00000, 0x00000000a8000000|  0%| F|  |TAMS 0x00000000a7f00000| PB 0x00000000a7f00000| Untracked |  0
|  90|0x00000000a8000000, 0x00000000a8000000, 0x00000000a8100000|  0%| F|  |TAMS 0x00000000a8000000| PB 0x00000000a8000000| Untracked |  0
|  91|0x00000000a8100000, 0x00000000a8100000, 0x00000000a8200000|  0%| F|  |TAMS 0x00000000a8100000| PB 0x00000000a8100000| Untracked |  0
|  92|0x00000000a8200000, 0x00000000a8200000, 0x00000000a8300000|  0%| F|  |TAMS 0x00000000a8200000| PB 0x00000000a8200000| Untracked |  0
|  93|0x00000000a8300000, 0x00000000a83174d0, 0x00000000a8400000|  9%| E|  |TAMS 0x00000000a8300000| PB 0x00000000a8300000| Complete |  0

Card table byte_map: [0x000001e2cfef0000,0x000001e2d01e0000] _byte_map_base: 0x000001e2cf9dd000

Marking Bits: (CMBitMap*) 0x000001e2bcc03110
 Bits: [0x000001e2d01e0000, 0x000001e2d1948000)

Polling page: 0x000001e2bc380000

Metaspace:

Usage:
  Non-class:     14.45 MB used.
      Class:      1.51 MB used.
       Both:     15.96 MB used.

Virtual space:
  Non-class space:       64.00 MB reserved,      14.56 MB ( 23%) committed,  1 nodes.
      Class space:        1.00 GB reserved,       1.62 MB ( <1%) committed,  1 nodes.
             Both:        1.06 GB reserved,      16.19 MB (  1%) committed. 

Chunk freelists:
   Non-Class:  1.06 MB
       Class:  14.28 MB
        Both:  15.34 MB

MaxMetaspaceSize: unlimited
CompressedClassSpaceSize: 1.00 GB
Initial GC threshold: 21.00 MB
Current GC threshold: 21.00 MB
CDS: off
 - commit_granule_bytes: 65536.
 - commit_granule_words: 8192.
 - virtual_space_node_default_size: 8388608.
 - enlarge_chunks_in_place: 1.
 - use_allocation_guard: 0.


Internal statistics:

num_allocs_failed_limit: 0.
num_arena_births: 152.
num_arena_deaths: 60.
num_vsnodes_births: 2.
num_vsnodes_deaths: 0.
num_space_committed: 259.
num_space_uncommitted: 0.
num_chunks_returned_to_freelist: 75.
num_chunks_taken_from_freelist: 239.
num_chunk_merges: 14.
num_chunk_splits: 123.
num_chunks_enlarged: 43.
num_inconsistent_stats: 0.

CodeHeap 'non-profiled nmethods': size=120000Kb used=630Kb max_used=630Kb free=119369Kb
 bounds [0x000001e2c8180000, 0x000001e2c83f0000, 0x000001e2cf6b0000]
CodeHeap 'profiled nmethods': size=120000Kb used=3693Kb max_used=3693Kb free=116307Kb
 bounds [0x000001e2c06b0000, 0x000001e2c0a50000, 0x000001e2c7be0000]
CodeHeap 'non-nmethods': size=5760Kb used=1558Kb max_used=1583Kb free=4201Kb
 bounds [0x000001e2c7be0000, 0x000001e2c7e50000, 0x000001e2c8180000]
 total_blobs=2662 nmethods=2038 adapters=529
 compilation: enabled
              stopped_count=0, restarted_count=0
 full_count=0

Compilation events (20 events):
Event: 1795.959 Thread 0x000001e2d473ff30 2030  s    3       sun.awt.Win32GraphicsConfig::getColorModel (8 bytes)
Event: 1795.961 Thread 0x000001e2d473ff30 nmethod 2030 0x000001e2c0a47c10 code [0x000001e2c0a47dc0, 0x000001e2c0a48150]
Event: 1795.961 Thread 0x000001e2d473ff30 2031       3       sun.awt.Win32GraphicsDevice::getColorModel (25 bytes)
Event: 1795.962 Thread 0x000001e2d473ff30 nmethod 2031 0x000001e2c0a48290 code [0x000001e2c0a48440, 0x000001e2c0a48620]
Event: 1795.962 Thread 0x000001e2d473ff30 2032       3       sun.awt.image.SunWritableRaster::stealData (11 bytes)
Event: 1795.962 Thread 0x000001e2d473ff30 nmethod 2032 0x000001e2c0a48710 code [0x000001e2c0a488c0, 0x000001e2c0a48a78]
Event: 1795.962 Thread 0x000001e2d473ff30 2033       3       java.awt.image.DataBuffer$1::getData (7 bytes)
Event: 1795.962 Thread 0x000001e2d473ff30 nmethod 2033 0x000001e2c0a48c10 code [0x000001e2c0a48da0, 0x000001e2c0a48ee0]
Event: 1796.085 Thread 0x000001e2d473ff30 2034       3       java.awt.image.DirectColorModel::getRedMask (7 bytes)
Event: 1796.099 Thread 0x000001e2d473ff30 nmethod 2034 0x000001e2c0a49010 code [0x000001e2c0a491a0, 0x000001e2c0a492d8]
Event: 1796.100 Thread 0x000001e2d473ff30 2035       3       java.awt.image.DirectColorModel::getGreenMask (7 bytes)
Event: 1796.100 Thread 0x000001e2d473ff30 nmethod 2035 0x000001e2c0a49390 code [0x000001e2c0a49520, 0x000001e2c0a49658]
Event: 1796.100 Thread 0x000001e2d473ff30 2036       3       java.awt.image.DirectColorModel::getBlueMask (7 bytes)
Event: 1796.100 Thread 0x000001e2d473ff30 nmethod 2036 0x000001e2c0a49710 code [0x000001e2c0a498a0, 0x000001e2c0a499d8]
Event: 1796.100 Thread 0x000001e2d473ff30 2037       3       sun.java2d.SurfaceData::invalidate (13 bytes)
Event: 1796.101 Thread 0x000001e2d473ff30 nmethod 2037 0x000001e2c0a49a90 code [0x000001e2c0a49c20, 0x000001e2c0a49dc0]
Event: 1796.101 Thread 0x000001e2d473ff30 2038       3       sun.awt.image.IntegerInterleavedRaster::<init> (32 bytes)
Event: 1796.175 Thread 0x000001e2d473ff30 nmethod 2038 0x000001e2c0a49e90 code [0x000001e2c0a4a060, 0x000001e2c0a4a3f8]
Event: 1796.175 Thread 0x000001e2d473ff30 2039       3       sun.awt.image.IntegerInterleavedRaster::<init> (170 bytes)
Event: 1796.176 Thread 0x000001e2d473ff30 nmethod 2039 0x000001e2c0a4a610 code [0x000001e2c0a4a820, 0x000001e2c0a4b058]

GC Heap History (10 events):
Event: 1795.435 GC heap before
{Heap before GC invocations=0 (full 0):
 garbage-first heap   total reserved 1533952K, committed 96256K, used 23552K [0x00000000a2600000, 0x0000000100000000)
  region size 1024K, 24 young (24576K), 0 survivors (0K)
 Metaspace       used 16378K, committed 16576K, reserved 1114112K
  class space    used 1558K, committed 1664K, reserved 1048576K
}
Event: 1795.799 GC heap after
{Heap after GC invocations=1 (full 0):
 garbage-first heap   total reserved 1533952K, committed 96256K, used 9823K [0x00000000a2600000, 0x0000000100000000)
  region size 1024K, 3 young (3072K), 3 survivors (3072K)
 Metaspace       used 16378K, committed 16576K, reserved 1114112K
  class space    used 1558K, committed 1664K, reserved 1048576K
}
Event: 1795.839 GC heap before
{Heap before GC invocations=1 (full 0):
 garbage-first heap   total reserved 1533952K, committed 96256K, used 11871K [0x00000000a2600000, 0x0000000100000000)
  region size 1024K, 6 young (6144K), 3 survivors (3072K)
 Metaspace       used 16380K, committed 16576K, reserved 1114112K
  class space    used 1558K, committed 1664K, reserved 1048576K
}
Event: 1795.848 GC heap after
{Heap after GC invocations=2 (full 0):
 garbage-first heap   total reserved 1533952K, committed 96256K, used 14099K [0x00000000a2600000, 0x0000000100000000)
  region size 1024K, 1 young (1024K), 1 survivors (1024K)
 Metaspace       used 16380K, committed 16576K, reserved 1114112K
  class space    used 1558K, committed 1664K, reserved 1048576K
}
Event: 1795.932 GC heap before
{Heap before GC invocations=2 (full 0):
 garbage-first heap   total reserved 1533952K, committed 96256K, used 29459K [0x00000000a2600000, 0x0000000100000000)
  region size 1024K, 17 young (17408K), 1 survivors (1024K)
 Metaspace       used 16383K, committed 16576K, reserved 1114112K
  class space    used 1558K, committed 1664K, reserved 1048576K
}
Event: 1795.950 GC heap after
{Heap after GC invocations=3 (full 0):
 garbage-first heap   total reserved 1533952K, committed 96256K, used 33161K [0x00000000a2600000, 0x0000000100000000)
  region size 1024K, 3 young (3072K), 3 survivors (3072K)
 Metaspace       used 16383K, committed 16576K, reserved 1114112K
  class space    used 1558K, committed 1664K, reserved 1048576K
}
Event: 1795.963 GC heap before
{Heap before GC invocations=3 (full 0):
 garbage-first heap   total reserved 1533952K, committed 96256K, used 49545K [0x00000000a2600000, 0x0000000100000000)
  region size 1024K, 20 young (20480K), 3 survivors (3072K)
 Metaspace       used 16385K, committed 16576K, reserved 1114112K
  class space    used 1558K, committed 1664K, reserved 1048576K
}
Event: 1796.084 GC heap after
{Heap after GC invocations=4 (full 0):
 garbage-first heap   total reserved 1533952K, committed 96256K, used 51987K [0x00000000a2600000, 0x0000000100000000)
  region size 1024K, 3 young (3072K), 3 survivors (3072K)
 Metaspace       used 16385K, committed 16576K, reserved 1114112K
  class space    used 1558K, committed 1664K, reserved 1048576K
}
Event: 1796.130 GC heap before
{Heap before GC invocations=4 (full 0):
 garbage-first heap   total reserved 1533952K, committed 96256K, used 56083K [0x00000000a2600000, 0x0000000100000000)
  region size 1024K, 9 young (9216K), 3 survivors (3072K)
 Metaspace       used 16387K, committed 16576K, reserved 1114112K
  class space    used 1558K, committed 1664K, reserved 1048576K
}
Event: 1796.169 GC heap after
{Heap after GC invocations=5 (full 0):
 garbage-first heap   total reserved 1533952K, committed 96256K, used 60179K [0x00000000a2600000, 0x0000000100000000)
  region size 1024K, 3 young (3072K), 3 survivors (3072K)
 Metaspace       used 16387K, committed 16576K, reserved 1114112K
  class space    used 1558K, committed 1664K, reserved 1048576K
}

Dll operation events (9 events):
Event: 0.016 Loaded shared library C:\Users\Jenna Miles Reyes\.p2\pool\plugins\org.eclipse.justj.openjdk.hotspot.jre.full.win32.x86_64_22.0.0.v20240322-1225\jre\bin\java.dll
Event: 0.025 Loaded shared library C:\Users\Jenna Miles Reyes\.p2\pool\plugins\org.eclipse.justj.openjdk.hotspot.jre.full.win32.x86_64_22.0.0.v20240322-1225\jre\bin\zip.dll
Event: 0.260 Loaded shared library C:\Users\Jenna Miles Reyes\.p2\pool\plugins\org.eclipse.justj.openjdk.hotspot.jre.full.win32.x86_64_22.0.0.v20240322-1225\jre\bin\jimage.dll
Event: 0.306 Loaded shared library C:\Users\Jenna Miles Reyes\.p2\pool\plugins\org.eclipse.justj.openjdk.hotspot.jre.full.win32.x86_64_22.0.0.v20240322-1225\jre\bin\awt.dll
Event: 0.680 Loaded shared library C:\Users\Jenna Miles Reyes\.p2\pool\plugins\org.eclipse.justj.openjdk.hotspot.jre.full.win32.x86_64_22.0.0.v20240322-1225\jre\bin\zip.dll
Event: 0.925 Loaded shared library C:\Users\Jenna Miles Reyes\.p2\pool\plugins\org.eclipse.justj.openjdk.hotspot.jre.full.win32.x86_64_22.0.0.v20240322-1225\jre\bin\freetype.dll
Event: 0.927 Loaded shared library C:\Users\Jenna Miles Reyes\.p2\pool\plugins\org.eclipse.justj.openjdk.hotspot.jre.full.win32.x86_64_22.0.0.v20240322-1225\jre\bin\fontmanager.dll
Event: 1.137 Loaded shared library C:\Users\Jenna Miles Reyes\.p2\pool\plugins\org.eclipse.justj.openjdk.hotspot.jre.full.win32.x86_64_22.0.0.v20240322-1225\jre\bin\net.dll
Event: 1.141 Loaded shared library C:\Users\Jenna Miles Reyes\.p2\pool\plugins\org.eclipse.justj.openjdk.hotspot.jre.full.win32.x86_64_22.0.0.v20240322-1225\jre\bin\nio.dll

Deoptimization events (20 events):
Event: 11.012 Thread 0x000001e2d473bfe0 Uncommon trap: trap_request=0xffffff6e fr.pc=0x000001e2c8206f60 relative=0x0000000000000820
Event: 11.012 Thread 0x000001e2d473bfe0 Uncommon trap: reason=loop_limit_check action=maybe_recompile pc=0x000001e2c8206f60 method=java.awt.geom.AffineTransform.transform([DI[DII)V @ 454 c2
Event: 11.012 Thread 0x000001e2d473bfe0 DEOPT PACKING pc=0x000001e2c8206f60 sp=0x0000006e49efd6c0
Event: 11.012 Thread 0x000001e2d473bfe0 DEOPT UNPACKING pc=0x000001e2c7c346a2 sp=0x0000006e49efd630 mode 2
Event: 65.680 Thread 0x000001e2d473bfe0 Uncommon trap: trap_request=0xffffff45 fr.pc=0x000001e2c8215c2c relative=0x00000000000002ac
Event: 65.680 Thread 0x000001e2d473bfe0 Uncommon trap: reason=unstable_if action=reinterpret pc=0x000001e2c8215c2c method=java.security.AccessController.getContext()Ljava/security/AccessControlContext; @ 5 c2
Event: 65.680 Thread 0x000001e2d473bfe0 DEOPT PACKING pc=0x000001e2c8215c2c sp=0x0000006e49efe7d0
Event: 65.680 Thread 0x000001e2d473bfe0 DEOPT UNPACKING pc=0x000001e2c7c346a2 sp=0x0000006e49efe778 mode 2
Event: 475.707 Thread 0x000001e2d473b950 Uncommon trap: trap_request=0xffffffcc fr.pc=0x000001e2c82164ec relative=0x000000000000022c
Event: 475.708 Thread 0x000001e2d473b950 Uncommon trap: reason=intrinsic_or_type_checked_inlining action=make_not_entrant pc=0x000001e2c82164ec method=java.util.Arrays.copyOf([Ljava/lang/Object;ILjava/lang/Class;)[Ljava/lang/Object; @ 35 c2
Event: 475.708 Thread 0x000001e2d473b950 DEOPT PACKING pc=0x000001e2c82164ec sp=0x0000006e49fff4c0
Event: 475.708 Thread 0x000001e2d473b950 DEOPT UNPACKING pc=0x000001e2c7c346a2 sp=0x0000006e49fff450 mode 2
Event: 563.353 Thread 0x000001e2d473b950 Uncommon trap: trap_request=0xffffffdc fr.pc=0x000001e2c821871c relative=0x000000000000017c
Event: 563.353 Thread 0x000001e2d473b950 Uncommon trap: reason=class_check action=make_not_entrant pc=0x000001e2c821871c method=java.util.ArrayList.toArray([Ljava/lang/Object;)[Ljava/lang/Object; @ 21 c2
Event: 563.353 Thread 0x000001e2d473b950 DEOPT PACKING pc=0x000001e2c821871c sp=0x0000006e49fff520
Event: 563.354 Thread 0x000001e2d473b950 DEOPT UNPACKING pc=0x000001e2c7c346a2 sp=0x0000006e49fff4e0 mode 2
Event: 1787.536 Thread 0x000001e2d473bfe0 Uncommon trap: trap_request=0xffffff45 fr.pc=0x000001e2c81e49dc relative=0x000000000000005c
Event: 1787.537 Thread 0x000001e2d473bfe0 Uncommon trap: reason=unstable_if action=reinterpret pc=0x000001e2c81e49dc method=sun.java2d.d3d.D3DGraphicsDevice.getDefaultConfiguration()Ljava/awt/GraphicsConfiguration; @ 4 c2
Event: 1787.538 Thread 0x000001e2d473bfe0 DEOPT PACKING pc=0x000001e2c81e49dc sp=0x0000006e49eff0a0
Event: 1787.540 Thread 0x000001e2d473bfe0 DEOPT UNPACKING pc=0x000001e2c7c346a2 sp=0x0000006e49eff040 mode 2

Classes loaded (20 events):
Event: 14.430 Loading class javax/swing/JComponent$KeyboardState
Event: 14.430 Loading class javax/swing/JComponent$KeyboardState done
Event: 14.430 Loading class javax/swing/JComponent$IntVector
Event: 14.432 Loading class javax/swing/JComponent$IntVector done
Event: 14.432 Loading class javax/swing/KeyboardManager
Event: 14.432 Loading class javax/swing/KeyboardManager done
Event: 14.432 Loading class javax/swing/Popup$HeavyWeightWindow
Event: 14.433 Loading class sun/awt/ModalExclude
Event: 14.433 Loading class sun/awt/ModalExclude done
Event: 14.433 Loading class javax/swing/JWindow
Event: 14.433 Loading class javax/swing/JWindow done
Event: 14.434 Loading class javax/swing/Popup$HeavyWeightWindow done
Event: 65.680 Loading class java/awt/KeyboardFocusManager$2
Event: 65.680 Loading class java/awt/KeyboardFocusManager$2 done
Event: 65.680 Loading class sun/awt/SunToolkit$1
Event: 65.680 Loading class sun/awt/SunToolkit$1 done
Event: 1787.926 Loading class java/util/WeakHashMap$KeyIterator
Event: 1788.069 Loading class java/util/WeakHashMap$HashIterator
Event: 1788.364 Loading class java/util/WeakHashMap$HashIterator done
Event: 1788.365 Loading class java/util/WeakHashMap$KeyIterator done

Classes unloaded (20 events):
Event: 1796.215 Thread 0x000001e2d45bf110 Unloading class 0x000000000a0c8800 'java/lang/invoke/LambdaForm$MH+0x000000000a0c8800'
Event: 1796.215 Thread 0x000001e2d45bf110 Unloading class 0x000000000a0c8000 'java/lang/invoke/LambdaForm$MH+0x000000000a0c8000'
Event: 1796.215 Thread 0x000001e2d45bf110 Unloading class 0x000000000a0c7400 'java/lang/invoke/LambdaForm$MH+0x000000000a0c7400'
Event: 1796.215 Thread 0x000001e2d45bf110 Unloading class 0x000000000a0c7000 'java/lang/invoke/LambdaForm$MH+0x000000000a0c7000'
Event: 1796.215 Thread 0x000001e2d45bf110 Unloading class 0x000000000a0c6800 'java/lang/invoke/LambdaForm$MH+0x000000000a0c6800'
Event: 1796.219 Thread 0x000001e2d45bf110 Unloading class 0x000000000a0c6000 'java/lang/invoke/LambdaForm$MH+0x000000000a0c6000'
Event: 1796.219 Thread 0x000001e2d45bf110 Unloading class 0x000000000a0c5800 'java/lang/invoke/LambdaForm$MH+0x000000000a0c5800'
Event: 1796.219 Thread 0x000001e2d45bf110 Unloading class 0x000000000a0c5400 'java/lang/invoke/LambdaForm$MH+0x000000000a0c5400'
Event: 1796.219 Thread 0x000001e2d45bf110 Unloading class 0x000000000a0c5000 'java/lang/invoke/LambdaForm$MH+0x000000000a0c5000'
Event: 1796.219 Thread 0x000001e2d45bf110 Unloading class 0x000000000a0c4c00 'java/lang/invoke/LambdaForm$MH+0x000000000a0c4c00'
Event: 1796.219 Thread 0x000001e2d45bf110 Unloading class 0x000000000a0c4000 'java/lang/invoke/LambdaForm$MH+0x000000000a0c4000'
Event: 1796.219 Thread 0x000001e2d45bf110 Unloading class 0x000000000a0c3c00 'java/lang/invoke/LambdaForm$MH+0x000000000a0c3c00'
Event: 1796.219 Thread 0x000001e2d45bf110 Unloading class 0x000000000a0c3800 'java/lang/invoke/LambdaForm$MH+0x000000000a0c3800'
Event: 1796.219 Thread 0x000001e2d45bf110 Unloading class 0x000000000a0c3000 'java/lang/invoke/LambdaForm$MH+0x000000000a0c3000'
Event: 1796.219 Thread 0x000001e2d45bf110 Unloading class 0x000000000a0c2400 'java/lang/invoke/LambdaForm$MH+0x000000000a0c2400'
Event: 1796.219 Thread 0x000001e2d45bf110 Unloading class 0x000000000a0c2000 'java/lang/invoke/LambdaForm$MH+0x000000000a0c2000'
Event: 1796.219 Thread 0x000001e2d45bf110 Unloading class 0x000000000a0c1800 'java/lang/invoke/LambdaForm$MH+0x000000000a0c1800'
Event: 1796.219 Thread 0x000001e2d45bf110 Unloading class 0x000000000a0c1000 'java/lang/invoke/LambdaForm$MH+0x000000000a0c1000'
Event: 1796.219 Thread 0x000001e2d45bf110 Unloading class 0x000000000a0c0400 'java/lang/invoke/LambdaForm$MH+0x000000000a0c0400'
Event: 1796.219 Thread 0x000001e2d45bf110 Unloading class 0x000000000a000400 'java/lang/invoke/LambdaForm$MH+0x000000000a000400'

Classes redefined (0 events):
No events

Internal exceptions (13 events):
Event: 0.283 Thread 0x000001e2ba96f990 Exception <a 'java/lang/ClassNotFoundException'{0x00000000a82c1208}: sun/awt/resources/spi/awtProvider> (0x00000000a82c1208) 
thrown [s\src\hotspot\share\classfile\systemDictionary.cpp, line 313]
Event: 0.329 Thread 0x000001e2ba96f990 Exception <a 'java/io/FileNotFoundException'{0x00000000a81261b0}> (0x00000000a81261b0) 
thrown [s\src\hotspot\share\prims\jni.cpp, line 520]
Event: 0.341 Thread 0x000001e2ba96f990 Exception <a 'java/io/FileNotFoundException'{0x00000000a81544c0}> (0x00000000a81544c0) 
thrown [s\src\hotspot\share\prims\jni.cpp, line 520]
Event: 0.562 Thread 0x000001e2ba96f990 Exception <a 'java/lang/NoSuchMethodError'{0x00000000a81e6b58}: 'void java.lang.invoke.DirectMethodHandle$Holder.invokeSpecial(java.lang.Object, java.lang.Object, java.lang.Object)'> (0x00000000a81e6b58) 
thrown [s\src\hotspot\share\interpreter\linkResolver.cpp, line 774]
Event: 0.574 Thread 0x000001e2ba96f990 Exception <a 'java/lang/NoSuchMethodError'{0x00000000a80921a8}: 'java.lang.Object java.lang.invoke.DirectMethodHandle$Holder.newInvokeSpecial(java.lang.Object, java.lang.Object, java.lang.Object, java.lang.Object, java.lang.Object)'> (0x00000000a80921a8) 
thrown [s\src\hotspot\share\interpreter\linkResolver.cpp, line 774]
Event: 0.583 Thread 0x000001e2ba96f990 Exception <a 'java/lang/NoSuchMethodError'{0x00000000a80beb48}: 'java.lang.Object java.lang.invoke.DirectMethodHandle$Holder.invokeStatic(java.lang.Object, int, java.lang.Object)'> (0x00000000a80beb48) 
thrown [s\src\hotspot\share\interpreter\linkResolver.cpp, line 774]
Event: 0.617 Thread 0x000001e2ba96f990 Exception <a 'java/lang/ClassNotFoundException'{0x00000000a7f60e50}: com/sun/swing/internal/plaf/metal/resources/spi/metalProvider> (0x00000000a7f60e50) 
thrown [s\src\hotspot\share\classfile\systemDictionary.cpp, line 313]
Event: 0.619 Thread 0x000001e2ba96f990 Exception <a 'java/lang/ClassNotFoundException'{0x00000000a7f64e30}: com/sun/swing/internal/plaf/basic/resources/spi/basicProvider> (0x00000000a7f64e30) 
thrown [s\src\hotspot\share\classfile\systemDictionary.cpp, line 313]
Event: 0.636 Thread 0x000001e2ba96f990 Exception <a 'java/lang/NoSuchMethodError'{0x00000000a7f84f48}: 'int java.lang.invoke.Invokers$Holder.invokeExact_MT(java.lang.Object, java.lang.Object)'> (0x00000000a7f84f48) 
thrown [s\src\hotspot\share\interpreter\linkResolver.cpp, line 774]
Event: 0.816 Thread 0x000001e2d473c670 Exception <a 'java/lang/NoSuchMethodError'{0x00000000a7dd5a98}: 'java.lang.Object java.lang.invoke.DirectMethodHandle$Holder.newInvokeSpecial(java.lang.Object, java.lang.Object, java.lang.Object, int, int, int, int, int)'> (0x00000000a7dd5a98) 
thrown [s\src\hotspot\share\interpreter\linkResolver.cpp, line 774]
Event: 0.887 Thread 0x000001e2d473b2c0 Exception <a 'java/lang/NoSuchMethodError'{0x00000000a800e8e0}: 'void java.lang.invoke.DirectMethodHandle$Holder.invokeVirtual(java.lang.Object, java.lang.Object)'> (0x00000000a800e8e0) 
thrown [s\src\hotspot\share\interpreter\linkResolver.cpp, line 774]
Event: 0.915 Thread 0x000001e2ba96f990 Exception <a 'java/lang/NoSuchMethodError'{0x00000000a7fcc478}: 'void java.lang.invoke.DirectMethodHandle$Holder.invokeStaticInit(java.lang.Object)'> (0x00000000a7fcc478) 
thrown [s\src\hotspot\share\interpreter\linkResolver.cpp, line 774]
Event: 65.680 Thread 0x000001e2d473bfe0 Implicit null exception at 0x000001e2c82159ac to 0x000001e2c8215c1e

ZGC Phase Switch (0 events):
No events

VM Operations (20 events):
Event: 60.143 Executing VM operation: RendezvousGCThreads done
Event: 64.173 Executing VM operation: Cleanup
Event: 64.173 Executing VM operation: Cleanup done
Event: 65.175 Executing VM operation: Cleanup
Event: 65.175 Executing VM operation: Cleanup done
Event: 496.936 Executing VM operation: Cleanup
Event: 496.951 Executing VM operation: Cleanup done
Event: 1786.086 Executing VM operation: Cleanup
Event: 1786.197 Executing VM operation: Cleanup done
Event: 1795.418 Executing VM operation: G1CollectForAllocation (G1 Evacuation Pause)
Event: 1795.799 Executing VM operation: G1CollectForAllocation (G1 Evacuation Pause) done
Event: 1795.839 Executing VM operation: G1CollectForAllocation (G1 Evacuation Pause)
Event: 1795.848 Executing VM operation: G1CollectForAllocation (G1 Evacuation Pause) done
Event: 1795.932 Executing VM operation: G1CollectForAllocation (G1 Evacuation Pause)
Event: 1795.950 Executing VM operation: G1CollectForAllocation (G1 Evacuation Pause) done
Event: 1795.963 Executing VM operation: G1CollectForAllocation (G1 Evacuation Pause)
Event: 1796.084 Executing VM operation: G1CollectForAllocation (G1 Evacuation Pause) done
Event: 1796.102 Executing VM operation: G1TryInitiateConcMark (G1 Humongous Allocation)
Event: 1796.170 Executing VM operation: G1TryInitiateConcMark (G1 Humongous Allocation) done
Event: 1796.186 Executing VM operation: G1PauseRemark

Events (20 events):
Event: 0.023 Thread 0x000001e2ba96f990 Thread added: 0x000001e2ba96f990
Event: 0.109 Thread 0x000001e2d4733950 Thread added: 0x000001e2d4733950
Event: 0.109 Thread 0x000001e2d4734bb0 Thread added: 0x000001e2d4734bb0
Event: 0.111 Thread 0x000001e2d4735d20 Thread added: 0x000001e2d4735d20
Event: 0.111 Thread 0x000001e2d4736c20 Thread added: 0x000001e2d4736c20
Event: 0.112 Thread 0x000001e2d4737a30 Thread added: 0x000001e2d4737a30
Event: 0.112 Thread 0x000001e2d473cd00 Thread added: 0x000001e2d473cd00
Event: 0.112 Thread 0x000001e2d47380a0 Thread added: 0x000001e2d47380a0
Event: 0.112 Thread 0x000001e2d473ff30 Thread added: 0x000001e2d473ff30
Event: 0.170 Thread 0x000001e2d4739f10 Thread added: 0x000001e2d4739f10
Event: 0.182 Thread 0x000001e2d4739880 Thread added: 0x000001e2d4739880
Event: 0.429 Thread 0x000001e2d473a5a0 Thread added: 0x000001e2d473a5a0
Event: 0.432 Thread 0x000001e2d473ac30 Thread added: 0x000001e2d473ac30
Event: 0.435 Thread 0x000001e2d473b2c0 Thread added: 0x000001e2d473b2c0
Event: 0.670 Thread 0x000001e2d473c670 Thread added: 0x000001e2d473c670
Event: 0.891 Thread 0x000001e2d473bfe0 Thread added: 0x000001e2d473bfe0
Event: 1.067 Thread 0x000001e2d473b950 Thread added: 0x000001e2d473b950
Event: 1.073 Thread 0x000001e2ba96f990 Thread exited: 0x000001e2ba96f990
Event: 1.073 Thread 0x000001e2d950ba40 Thread added: 0x000001e2d950ba40
Event: 5.861 Thread 0x000001e2d473c670 Thread exited: 0x000001e2d473c670


Dynamic libraries:
0x00007ff6ff5e0000 - 0x00007ff6ff5ee000 	C:\Users\Jenna Miles Reyes\.p2\pool\plugins\org.eclipse.justj.openjdk.hotspot.jre.full.win32.x86_64_22.0.0.v20240322-1225\jre\bin\javaw.exe
0x00007fff73bf0000 - 0x00007fff73e06000 	C:\WINDOWS\SYSTEM32\ntdll.dll
0x00007fff72620000 - 0x00007fff726e4000 	C:\WINDOWS\System32\KERNEL32.DLL
0x00007fff71100000 - 0x00007fff714a7000 	C:\WINDOWS\System32\KERNELBASE.dll
0x00007fff717d0000 - 0x00007fff718e1000 	C:\WINDOWS\System32\ucrtbase.dll
0x00007fff6b280000 - 0x00007fff6b297000 	C:\Users\Jenna Miles Reyes\.p2\pool\plugins\org.eclipse.justj.openjdk.hotspot.jre.full.win32.x86_64_22.0.0.v20240322-1225\jre\bin\jli.dll
0x00007fff55dc0000 - 0x00007fff55ddb000 	C:\Users\Jenna Miles Reyes\.p2\pool\plugins\org.eclipse.justj.openjdk.hotspot.jre.full.win32.x86_64_22.0.0.v20240322-1225\jre\bin\VCRUNTIME140.dll
0x00007fff736b0000 - 0x00007fff7385e000 	C:\WINDOWS\System32\USER32.dll
0x00007fff710d0000 - 0x00007fff710f6000 	C:\WINDOWS\System32\win32u.dll
0x00007fff72e90000 - 0x00007fff72eb9000 	C:\WINDOWS\System32\GDI32.dll
0x00007fff70f10000 - 0x00007fff71029000 	C:\WINDOWS\System32\gdi32full.dll
0x00007fff71030000 - 0x00007fff710ca000 	C:\WINDOWS\System32\msvcp_win.dll
0x00007fff70270000 - 0x00007fff70503000 	C:\WINDOWS\WinSxS\amd64_microsoft.windows.common-controls_6595b64144ccf1df_6.0.22621.3235_none_270f74e173860f98\COMCTL32.dll
0x00007fff732d0000 - 0x00007fff73377000 	C:\WINDOWS\System32\msvcrt.dll
0x00007fff73b20000 - 0x00007fff73b51000 	C:\WINDOWS\System32\IMM32.DLL
0x00007fff70730000 - 0x00007fff7073c000 	C:\Users\Jenna Miles Reyes\.p2\pool\plugins\org.eclipse.justj.openjdk.hotspot.jre.full.win32.x86_64_22.0.0.v20240322-1225\jre\bin\vcruntime140_1.dll
0x00007fff339e0000 - 0x00007fff33a6e000 	C:\Users\Jenna Miles Reyes\.p2\pool\plugins\org.eclipse.justj.openjdk.hotspot.jre.full.win32.x86_64_22.0.0.v20240322-1225\jre\bin\msvcp140.dll
0x00007ffef46d0000 - 0x00007ffef5492000 	C:\Users\Jenna Miles Reyes\.p2\pool\plugins\org.eclipse.justj.openjdk.hotspot.jre.full.win32.x86_64_22.0.0.v20240322-1225\jre\bin\server\jvm.dll
0x00007fff73580000 - 0x00007fff73632000 	C:\WINDOWS\System32\ADVAPI32.dll
0x00007fff72290000 - 0x00007fff72338000 	C:\WINDOWS\System32\sechost.dll
0x00007fff718f0000 - 0x00007fff71918000 	C:\WINDOWS\System32\bcrypt.dll
0x00007fff72d70000 - 0x00007fff72e85000 	C:\WINDOWS\System32\RPCRT4.dll
0x00007fff72b70000 - 0x00007fff72be1000 	C:\WINDOWS\System32\WS2_32.dll
0x00007fff70c30000 - 0x00007fff70c7d000 	C:\WINDOWS\SYSTEM32\POWRPROF.dll
0x00007fff6d8f0000 - 0x00007fff6d924000 	C:\WINDOWS\SYSTEM32\WINMM.dll
0x00007fff66880000 - 0x00007fff6688a000 	C:\WINDOWS\SYSTEM32\VERSION.dll
0x00007fff70c10000 - 0x00007fff70c23000 	C:\WINDOWS\SYSTEM32\UMPDC.dll
0x00007fff6f000000 - 0x00007fff6f018000 	C:\WINDOWS\SYSTEM32\kernel.appcore.dll
0x00007fff6cfb0000 - 0x00007fff6cfba000 	C:\Users\Jenna Miles Reyes\.p2\pool\plugins\org.eclipse.justj.openjdk.hotspot.jre.full.win32.x86_64_22.0.0.v20240322-1225\jre\bin\jimage.dll
0x00007fff70800000 - 0x00007fff70a33000 	C:\WINDOWS\SYSTEM32\DBGHELP.DLL
0x00007fff72f40000 - 0x00007fff732c8000 	C:\WINDOWS\System32\combase.dll
0x00007fff73380000 - 0x00007fff73457000 	C:\WINDOWS\System32\OLEAUT32.dll
0x00007fff706f0000 - 0x00007fff70722000 	C:\WINDOWS\SYSTEM32\dbgcore.DLL
0x00007fff71520000 - 0x00007fff71599000 	C:\WINDOWS\System32\bcryptPrimitives.dll
0x00007fff68410000 - 0x00007fff6842e000 	C:\Users\Jenna Miles Reyes\.p2\pool\plugins\org.eclipse.justj.openjdk.hotspot.jre.full.win32.x86_64_22.0.0.v20240322-1225\jre\bin\java.dll
0x00007fff719a0000 - 0x00007fff721fc000 	C:\WINDOWS\System32\SHELL32.dll
0x00007fff73970000 - 0x00007fff73b15000 	C:\WINDOWS\System32\ole32.dll
0x00007fff683f0000 - 0x00007fff68407000 	C:\Users\Jenna Miles Reyes\.p2\pool\plugins\org.eclipse.justj.openjdk.hotspot.jre.full.win32.x86_64_22.0.0.v20240322-1225\jre\bin\zip.dll
0x00007fff6df10000 - 0x00007fff6e809000 	C:\WINDOWS\SYSTEM32\windows.storage.dll
0x00007fff6ddd0000 - 0x00007fff6df0e000 	C:\WINDOWS\SYSTEM32\wintypes.dll
0x00007fff73870000 - 0x00007fff73963000 	C:\WINDOWS\System32\SHCORE.dll
0x00007fff72ec0000 - 0x00007fff72f1e000 	C:\WINDOWS\System32\shlwapi.dll
0x00007fff70e40000 - 0x00007fff70e61000 	C:\WINDOWS\SYSTEM32\profapi.dll
0x00007ffed98b0000 - 0x00007ffed9a3c000 	C:\Users\Jenna Miles Reyes\.p2\pool\plugins\org.eclipse.justj.openjdk.hotspot.jre.full.win32.x86_64_22.0.0.v20240322-1225\jre\bin\awt.dll
0x00007fff6d020000 - 0x00007fff6d0b7000 	C:\WINDOWS\SYSTEM32\apphelp.dll
0x00007fff6d440000 - 0x00007fff6d46b000 	C:\WINDOWS\system32\DWMAPI.DLL
0x00007fff6d1c0000 - 0x00007fff6d26b000 	C:\WINDOWS\system32\uxtheme.dll
0x00007fff118b0000 - 0x00007fff119b0000 	C:\WINDOWS\system32\opengl32.dll
0x00007fff11390000 - 0x00007fff113bd000 	C:\WINDOWS\SYSTEM32\GLU32.dll
0x00007fff6d2f0000 - 0x00007fff6d329000 	C:\WINDOWS\SYSTEM32\dxcore.dll
0x00007fff72c10000 - 0x00007fff72d63000 	C:\WINDOWS\System32\MSCTF.dll
0x00007fff1a3c0000 - 0x00007fff1a569000 	C:\WINDOWS\system32\d3d9.dll
0x00007fff66890000 - 0x00007fff66a4b000 	C:\WINDOWS\System32\DriverStore\FileRepository\u0390483.inf_amd64_b7c25444b8e9ca60\B389503\aticfx64.dll
0x00007fff0cfa0000 - 0x00007fff0cfd4000 	C:\WINDOWS\System32\DriverStore\FileRepository\u0390483.inf_amd64_b7c25444b8e9ca60\B389503\atiu9p64.dll
0x00007fff0c240000 - 0x00007fff0cf95000 	C:\WINDOWS\System32\DriverStore\FileRepository\u0390483.inf_amd64_b7c25444b8e9ca60\B389503\atiumd64.dll
0x0000000056810000 - 0x0000000057738000 	C:\WINDOWS\System32\DriverStore\FileRepository\u0390483.inf_amd64_b7c25444b8e9ca60\B389503\atiumd6a.dll
0x00007fff726f0000 - 0x00007fff72b64000 	C:\WINDOWS\System32\SETUPAPI.dll
0x00007fff64840000 - 0x00007fff64875000 	C:\WINDOWS\SYSTEM32\amdihk64.dll
0x00007fff6a460000 - 0x00007fff6a4aa000 	C:\WINDOWS\SYSTEM32\directxdatabasehelper.dll
0x00007fff23fe0000 - 0x00007fff24067000 	C:\Users\Jenna Miles Reyes\.p2\pool\plugins\org.eclipse.justj.openjdk.hotspot.jre.full.win32.x86_64_22.0.0.v20240322-1225\jre\bin\freetype.dll
0x00007ffed97d0000 - 0x00007ffed98a8000 	C:\Users\Jenna Miles Reyes\.p2\pool\plugins\org.eclipse.justj.openjdk.hotspot.jre.full.win32.x86_64_22.0.0.v20240322-1225\jre\bin\fontmanager.dll
0x00007fff60070000 - 0x00007fff601ba000 	C:\WINDOWS\SYSTEM32\textinputframework.dll
0x00007fff683e0000 - 0x00007fff683f0000 	C:\Users\Jenna Miles Reyes\.p2\pool\plugins\org.eclipse.justj.openjdk.hotspot.jre.full.win32.x86_64_22.0.0.v20240322-1225\jre\bin\net.dll
0x00007fff6f430000 - 0x00007fff6f499000 	C:\WINDOWS\system32\mswsock.dll
0x00007fff683c0000 - 0x00007fff683d6000 	C:\Users\Jenna Miles Reyes\.p2\pool\plugins\org.eclipse.justj.openjdk.hotspot.jre.full.win32.x86_64_22.0.0.v20240322-1225\jre\bin\nio.dll
0x00007fff6cc40000 - 0x00007fff6cd74000 	C:\WINDOWS\SYSTEM32\CoreMessaging.dll
0x00007fff69250000 - 0x00007fff695bc000 	C:\WINDOWS\SYSTEM32\CoreUIComponents.dll
0x00007fff6f660000 - 0x00007fff6f66c000 	C:\WINDOWS\SYSTEM32\CRYPTBASE.DLL
0x00007fff45c90000 - 0x00007fff45cfb000 	C:\WINDOWS\system32\Ninput.dll
0x00007fff557a0000 - 0x00007fff55850000 	C:\WINDOWS\SYSTEM32\TextShaping.dll

dbghelp: loaded successfully - version: 4.0.5 - missing functions: none
symbol engine: initialized successfully - sym options: 0x614 - pdb path: .;C:\Users\Jenna Miles Reyes\.p2\pool\plugins\org.eclipse.justj.openjdk.hotspot.jre.full.win32.x86_64_22.0.0.v20240322-1225\jre\bin;C:\WINDOWS\SYSTEM32;C:\WINDOWS\WinSxS\amd64_microsoft.windows.common-controls_6595b64144ccf1df_6.0.22621.3235_none_270f74e173860f98;C:\Users\Jenna Miles Reyes\.p2\pool\plugins\org.eclipse.justj.openjdk.hotspot.jre.full.win32.x86_64_22.0.0.v20240322-1225\jre\bin\server;C:\WINDOWS\System32\DriverStore\FileRepository\u0390483.inf_amd64_b7c25444b8e9ca60\B389503

VM Arguments:
jvm_args: -Dfile.encoding=UTF-8 -Dstdout.encoding=UTF-8 -Dstderr.encoding=UTF-8 -XX:+ShowCodeDetailsInExceptionMessages 
java_command: JobBoard
java_class_path (initial): C:\Users\Jenna Miles Reyes\eclipse-workspace\Booking System\bin
Launcher Type: SUN_STANDARD

[Global flags]
     intx CICompilerCount                          = 4                                         {product} {ergonomic}
     uint ConcGCThreads                            = 3                                         {product} {ergonomic}
     uint G1ConcRefinementThreads                  = 10                                        {product} {ergonomic}
   size_t G1HeapRegionSize                         = 1048576                                   {product} {ergonomic}
   size_t InitialHeapSize                          = 98566144                                  {product} {ergonomic}
   size_t MarkStackSize                            = 4194304                                   {product} {ergonomic}
   size_t MaxHeapSize                              = 1570766848                                {product} {ergonomic}
   size_t MaxNewSize                               = 941621248                                 {product} {ergonomic}
   size_t MinHeapDeltaBytes                        = 1048576                                   {product} {ergonomic}
   size_t MinHeapSize                              = 8388608                                   {product} {ergonomic}
    uintx NonNMethodCodeHeapSize                   = 5839372                                {pd product} {ergonomic}
    uintx NonProfiledCodeHeapSize                  = 122909434                              {pd product} {ergonomic}
    uintx ProfiledCodeHeapSize                     = 122909434                              {pd product} {ergonomic}
    uintx ReservedCodeCacheSize                    = 251658240                              {pd product} {ergonomic}
     bool SegmentedCodeCache                       = true                                      {product} {ergonomic}
     bool ShowCodeDetailsInExceptionMessages       = true                                   {manageable} {command line}
   size_t SoftMaxHeapSize                          = 1570766848                             {manageable} {ergonomic}
     bool UseCompressedOops                        = true                           {product lp64_product} {ergonomic}
     bool UseG1GC                                  = true                                      {product} {ergonomic}
     bool UseLargePagesIndividualAllocation        = false                                  {pd product} {ergonomic}

Logging:
Log output configuration:
 #0: stdout all=warning uptime,level,tags foldmultilines=false
 #1: stderr all=off uptime,level,tags foldmultilines=false

Environment Variables:
PATH=C:/Users/Jenna Miles Reyes/.p2/pool/plugins/org.eclipse.justj.openjdk.hotspot.jre.full.win32.x86_64_22.0.0.v20240322-1225/jre/bin/server;C:/Users/Jenna Miles Reyes/.p2/pool/plugins/org.eclipse.justj.openjdk.hotspot.jre.full.win32.x86_64_22.0.0.v20240322-1225/jre/bin;C:\WINDOWS\system32;C:\WINDOWS;C:\WINDOWS\System32\Wbem;C:\WINDOWS\System32\WindowsPowerShell\v1.0\;C:\WINDOWS\System32\OpenSSH\;C:\Program Files\Microsoft SQL Server\150\Tools\Binn\;C:\Program Files\dotnet\;C:\Users\Jenna Miles Reyes\AppData\Local\Programs\Python\Python312\Scripts\;C:\Users\Jenna Miles Reyes\AppData\Local\Programs\Python\Python312\;C:\Users\Jenna Miles Reyes\AppData\Local\Programs\Python\Launcher\;C:\Users\Jenna Miles Reyes\AppData\Local\Microsoft\WindowsApps;C:\MinGW\bin;C:\Users\Jenna Miles Reyes\.dotnet\tools;C:\Users\Jenna Miles Reyes\AppData\Local\Programs\Microsoft VS Code\bin;C:\WINDOWS\system32;
USERNAME=Jenna Miles Reyes
OS=Windows_NT
PROCESSOR_IDENTIFIER=AMD64 Family 25 Model 80 Stepping 0, AuthenticAMD
TMP=C:\Users\JENNAM~1\AppData\Local\Temp
TEMP=C:\Users\JENNAM~1\AppData\Local\Temp




Periodic native trim disabled

---------------  S Y S T E M  ---------------

OS:
 Windows 11 , 64 bit Build 22621 (10.0.22621.3374)
OS uptime: 0 days 1:05 hours
Hyper-V role detected

CPU: total 12 (initial active 12) (12 cores per cpu, 2 threads per core) family 25 model 80 stepping 0 microcode 0x0, cx8, cmov, fxsr, ht, mmx, 3dnowpref, sse, sse2, sse3, ssse3, sse4a, sse4.1, sse4.2, popcnt, lzcnt, tsc, tscinvbit, avx, avx2, aes, erms, clmul, bmi1, bmi2, adx, sha, fma, vzeroupper, clflush, clflushopt, hv, rdtscp, rdpid, fsrm, f16c, cet_ss
Processor Information for processor 0
  Max Mhz: 2301, Current Mhz: 1904, Mhz Limit: 2301
Processor Information for processor 1
  Max Mhz: 2301, Current Mhz: 1904, Mhz Limit: 2301
Processor Information for processor 2
  Max Mhz: 2301, Current Mhz: 1798, Mhz Limit: 2301
Processor Information for processor 3
  Max Mhz: 2301, Current Mhz: 1904, Mhz Limit: 2301
Processor Information for processor 4
  Max Mhz: 2301, Current Mhz: 1798, Mhz Limit: 2301
Processor Information for processor 5
  Max Mhz: 2301, Current Mhz: 1904, Mhz Limit: 2301
Processor Information for processor 6
  Max Mhz: 2301, Current Mhz: 1798, Mhz Limit: 2301
Processor Information for processor 7
  Max Mhz: 2301, Current Mhz: 1904, Mhz Limit: 2301
Processor Information for processor 8
  Max Mhz: 2301, Current Mhz: 1904, Mhz Limit: 2301
Processor Information for processor 9
  Max Mhz: 2301, Current Mhz: 1904, Mhz Limit: 2301
Processor Information for processor 10
  Max Mhz: 2301, Current Mhz: 1904, Mhz Limit: 2301
Processor Information for processor 11
  Max Mhz: 2301, Current Mhz: 1904, Mhz Limit: 2301

Memory: 4k page, system-wide physical 5989M (23M free)
TotalPageFile size 24421M (AvailPageFile size 134M)
current process WorkingSet (physical memory assigned to process): 112M, peak: 438M
current process commit charge ("private bytes"): 883M, peak: 901M

vm_info: OpenJDK 64-Bit Server VM (22+36) for windows-amd64 JRE (22+36), built on 2024-03-19T00:00:00Z by "admin" with MS VC++ 17.7 (VS2022)

END.
