#
# There is insufficient memory for the Java Runtime Environment to continue.
# Native memory allocation (mmap) failed to map 147849216 bytes. Error detail: G1 virtual space
# Possible reasons:
#   The system is out of physical RAM or swap space
#   This process is running with CompressedOops enabled, and the Java Heap may be blocking the growth of the native heap
# Possible solutions:
#   Reduce memory load on the system
#   Increase physical memory or swap space
#   Check if swap backing store is full
#   Decrease Java heap size (-Xmx/-Xms)
#   Decrease number of Java threads
#   Decrease Java thread stack sizes (-Xss)
#   Set larger code cache with -XX:ReservedCodeCacheSize=
#   JVM is running with Unscaled Compressed Oops mode in which the Java heap is
#     placed in the first 4GB address space. The Java Heap base address is the
#     maximum limit for the native heap growth. Please use -XX:HeapBaseMinAddress
#     to set the Java Heap base and to place the Java Heap above 4GB virtual address.
# This output file may be truncated or incomplete.
#
#  Out of Memory Error (os_windows.cpp:3631), pid=2688, tid=5604
#
# JRE version: OpenJDK Runtime Environment Temurin-22+36 (22.0+36) (build 22+36)
# Java VM: OpenJDK 64-Bit Server VM Temurin-22+36 (22+36, mixed mode, tiered, compressed oops, compressed class ptrs, g1 gc, windows-amd64)
# No core dump will be written. Minidumps are not enabled by default on client versions of Windows
#

---------------  S U M M A R Y ------------

Command Line: -Dfile.encoding=UTF-8 -Dstdout.encoding=UTF-8 -Dstderr.encoding=UTF-8 -XX:+ShowCodeDetailsInExceptionMessages JobBoard

Host: AMD Ryzen 5 5625U with Radeon Graphics         , 12 cores, 5G,  Windows 11 , 64 bit Build 22621 (10.0.22621.3374)
Time: Thu Apr 25 11:58:13 2024 Malay Peninsula Standard Time elapsed time: 2394.473205 seconds (0d 0h 39m 54s)

---------------  T H R E A D  ---------------

Current thread (0x000002c99ee36a70):  VMThread "VM Thread"          [id=5604, stack(0x000000f686c00000,0x000000f686d00000) (1024K)]

Stack: [0x000000f686c00000,0x000000f686d00000]
Native frames: (J=compiled Java code, j=interpreted, Vv=VM code, C=native code)
V  [jvm.dll+0x6ea2f9]  (no source info available)
V  [jvm.dll+0x8ccec3]  (no source info available)
V  [jvm.dll+0x8cf2ee]  (no source info available)
V  [jvm.dll+0x8cf9c3]  (no source info available)
V  [jvm.dll+0x286dd6]  (no source info available)
V  [jvm.dll+0x6e6985]  (no source info available)
V  [jvm.dll+0x6db60a]  (no source info available)
V  [jvm.dll+0x3600fa]  (no source info available)
V  [jvm.dll+0x3685c6]  (no source info available)
V  [jvm.dll+0x3ba37e]  (no source info available)
V  [jvm.dll+0x3ba628]  (no source info available)
V  [jvm.dll+0x333bfc]  (no source info available)
V  [jvm.dll+0x333c87]  (no source info available)
V  [jvm.dll+0x378d0c]  (no source info available)
V  [jvm.dll+0x377410]  (no source info available)
V  [jvm.dll+0x3332f7]  (no source info available)
V  [jvm.dll+0x376b24]  (no source info available)
V  [jvm.dll+0x8d57af]  (no source info available)
V  [jvm.dll+0x8d6b36]  (no source info available)
V  [jvm.dll+0x8d70b0]  (no source info available)
V  [jvm.dll+0x8d7353]  (no source info available)
V  [jvm.dll+0x8752db]  (no source info available)
V  [jvm.dll+0x6e89f5]  (no source info available)
C  [ucrtbase.dll+0x29333]  (no source info available)
C  [KERNEL32.DLL+0x1257d]  (no source info available)
C  [ntdll.dll+0x5aa48]  (no source info available)

VM_Operation (0x000000f6885fe4f0): G1CollectForAllocation, mode: safepoint, requested by thread 0x000002c9a3a84750


---------------  P R O C E S S  ---------------

Threads class SMR info:
_java_thread_list=0x000002c9a3b13140, length=16, elements={
0x000002c9a304c340, 0x000002c9a3094b20, 0x000002c9a30a5080, 0x000002c9a3096e90,
0x000002c9a3097900, 0x000002c9a3072ae0, 0x000002c9a307e690, 0x000002c9a30a8800,
0x000002c9a3249850, 0x000002c9a325b750, 0x000002c9a366b610, 0x000002c9a3674e40,
0x000002c9a3670db0, 0x000002c9a3a84750, 0x000002c9a3b160e0, 0x000002c98529b550
}

Java Threads: ( => current thread )
  0x000002c9a304c340 JavaThread "Reference Handler"          daemon [_thread_blocked, id=12184, stack(0x000000f686d00000,0x000000f686e00000) (1024K)]
  0x000002c9a3094b20 JavaThread "Finalizer"                  daemon [_thread_blocked, id=11144, stack(0x000000f686e00000,0x000000f686f00000) (1024K)]
  0x000002c9a30a5080 JavaThread "Signal Dispatcher"          daemon [_thread_blocked, id=17304, stack(0x000000f686f00000,0x000000f687000000) (1024K)]
  0x000002c9a3096e90 JavaThread "Attach Listener"            daemon [_thread_blocked, id=19644, stack(0x000000f687000000,0x000000f687100000) (1024K)]
  0x000002c9a3097900 JavaThread "Service Thread"             daemon [_thread_blocked, id=11868, stack(0x000000f687100000,0x000000f687200000) (1024K)]
  0x000002c9a3072ae0 JavaThread "Monitor Deflation Thread"   daemon [_thread_blocked, id=7984, stack(0x000000f687200000,0x000000f687300000) (1024K)]
  0x000002c9a307e690 JavaThread "C2 CompilerThread0"         daemon [_thread_blocked, id=18952, stack(0x000000f687300000,0x000000f687400000) (1024K)]
  0x000002c9a30a8800 JavaThread "C1 CompilerThread0"         daemon [_thread_blocked, id=11496, stack(0x000000f687400000,0x000000f687500000) (1024K)]
  0x000002c9a3249850 JavaThread "Notification Thread"        daemon [_thread_blocked, id=17300, stack(0x000000f687500000,0x000000f687600000) (1024K)]
  0x000002c9a325b750 JavaThread "Common-Cleaner"             daemon [_thread_blocked, id=3896, stack(0x000000f687600000,0x000000f687700000) (1024K)]
  0x000002c9a366b610 JavaThread "Java2D Disposer"            daemon [_thread_in_native, id=17548, stack(0x000000f687700000,0x000000f687800000) (1024K)]
  0x000002c9a3674e40 JavaThread "AWT-Shutdown"                      [_thread_blocked, id=20276, stack(0x000000f687800000,0x000000f687900000) (1024K)]
  0x000002c9a3670db0 JavaThread "AWT-Windows"                daemon [_thread_blocked, id=18392, stack(0x000000f687900000,0x000000f687a00000) (1024K)]
  0x000002c9a3a84750 JavaThread "AWT-EventQueue-0"                  [_thread_blocked, id=20292, stack(0x000000f688500000,0x000000f688600000) (1024K)]
  0x000002c9a3b160e0 JavaThread "D3D Screen Updater"         daemon [_thread_blocked, id=6132, stack(0x000000f688600000,0x000000f688700000) (1024K)]
  0x000002c98529b550 JavaThread "DestroyJavaVM"                     [_thread_blocked, id=10628, stack(0x000000f686500000,0x000000f686600000) (1024K)]
Total: 16

Other Threads:
=>0x000002c99ee36a70 VMThread "VM Thread"                           [id=5604, stack(0x000000f686c00000,0x000000f686d00000) (1024K)]
  0x000002c99ede74b0 WatcherThread "VM Periodic Task Thread"        [id=7068, stack(0x000000f686b00000,0x000000f686c00000) (1024K)]
  0x000002c987460ad0 WorkerThread "GC Thread#0"                     [id=1328, stack(0x000000f686600000,0x000000f686700000) (1024K)]
  0x000002c9a39d6370 WorkerThread "GC Thread#1"                     [id=23860, stack(0x000000f686400000,0x000000f686500000) (1024K)]
  0x000002c9a36b76d0 WorkerThread "GC Thread#2"                     [id=23864, stack(0x000000f687a00000,0x000000f687b00000) (1024K)]
  0x000002c9a3d01f20 WorkerThread "GC Thread#3"                     [id=23868, stack(0x000000f687b00000,0x000000f687c00000) (1024K)]
  0x000002c9a37358a0 WorkerThread "GC Thread#4"                     [id=23872, stack(0x000000f688400000,0x000000f688500000) (1024K)]
  0x000002c9a3735c50 WorkerThread "GC Thread#5"                     [id=23876, stack(0x000000f688900000,0x000000f688a00000) (1024K)]
  0x000002c9a96c67e0 WorkerThread "GC Thread#6"                     [id=23912, stack(0x000000f688a00000,0x000000f688b00000) (1024K)]
  0x000002c9a913dd30 WorkerThread "GC Thread#7"                     [id=23916, stack(0x000000f688b00000,0x000000f688c00000) (1024K)]
  0x000002c9a913ed00 WorkerThread "GC Thread#8"                     [id=23920, stack(0x000000f688c00000,0x000000f688d00000) (1024K)]
  0x000002c9a913f4b0 WorkerThread "GC Thread#9"                     [id=23924, stack(0x000000f688d00000,0x000000f688e00000) (1024K)]
  0x000002c98748b890 ConcurrentGCThread "G1 Main Marker"            [id=3040, stack(0x000000f686700000,0x000000f686800000) (1024K)]
  0x000002c98748c9b0 WorkerThread "G1 Conc#0"                       [id=3980, stack(0x000000f686800000,0x000000f686900000) (1024K)]
  0x000002c99ecb9120 ConcurrentGCThread "G1 Refine#0"               [id=7700, stack(0x000000f686900000,0x000000f686a00000) (1024K)]
  0x000002c99ecbcad0 ConcurrentGCThread "G1 Service"                [id=9740, stack(0x000000f686a00000,0x000000f686b00000) (1024K)]
Total: 16

Threads with active compile tasks:
Total: 0

VM state: at safepoint (normal execution)

VM Mutex/Monitor currently owned by a thread:  ([mutex/lock_event])
[0x00007ffef53affb8] Threads_lock - owner thread: 0x000002c99ee36a70
[0x00007ffef53b00b8] Heap_lock - owner thread: 0x000002c9a3a84750

Heap address: 0x00000000a2600000, size: 1498 MB, Compressed Oops mode: 32-bit

CDS archive(s) not mapped
Compressed class space mapped at: 0x000000002f000000-0x000000006f000000, reserved size: 1073741824
Narrow klass base: 0x0000000000000000, Narrow klass shift: 0, Narrow klass range: 0x6f000000

GC Precious Log:
 CardTable entry size: 512
 Card Set container configuration: InlinePtr #cards 5 size 8 Array Of Cards #cards 12 size 40 Howl #buckets 4 coarsen threshold 1843 Howl Bitmap #cards 512 size 80 coarsen threshold 460 Card regions per heap region 1 cards per card region 2048
 CPUs: 12 total, 12 available
 Memory: 5989M
 Large Page Support: Disabled
 NUMA Support: Disabled
 Compressed Oops: Enabled (32-bit)
 Heap Region Size: 1M
 Heap Min Capacity: 8M
 Heap Initial Capacity: 94M
 Heap Max Capacity: 1498M
 Pre-touch: Disabled
 Parallel Workers: 10
 Concurrent Workers: 3
 Concurrent Refinement Workers: 10
 Periodic GC: Disabled

Heap:
 garbage-first heap   total reserved 1533952K, committed 96256K, used 46672K [0x00000000a2600000, 0x0000000100000000)
  region size 1024K, 2 young (2048K), 2 survivors (2048K)
 Metaspace       used 16366K, committed 16512K, reserved 1114112K
  class space    used 1545K, committed 1600K, reserved 1048576K

Heap Regions: E=young(eden), S=young(survivor), O=old, HS=humongous(starts), HC=humongous(continues), CS=collection set, F=free, TAMS=top-at-mark-start, PB=parsable bottom
|   0|0x00000000a2600000, 0x00000000a2700000, 0x00000000a2700000|100%| O|  |TAMS 0x00000000a2600000| PB 0x00000000a2600000| Untracked |  0
|   1|0x00000000a2700000, 0x00000000a2800000, 0x00000000a2800000|100%| O|  |TAMS 0x00000000a2700000| PB 0x00000000a2700000| Untracked |  0
|   2|0x00000000a2800000, 0x00000000a2900000, 0x00000000a2900000|100%| O|  |TAMS 0x00000000a2800000| PB 0x00000000a2800000| Untracked |  0
|   3|0x00000000a2900000, 0x00000000a2a00000, 0x00000000a2a00000|100%| O|  |TAMS 0x00000000a2900000| PB 0x00000000a2900000| Untracked |  0
|   4|0x00000000a2a00000, 0x00000000a2b00000, 0x00000000a2b00000|100%| O|  |TAMS 0x00000000a2a00000| PB 0x00000000a2a00000| Untracked |  0
|   5|0x00000000a2b00000, 0x00000000a2c00000, 0x00000000a2c00000|100%| O|  |TAMS 0x00000000a2b00000| PB 0x00000000a2b00000| Untracked |  0
|   6|0x00000000a2c00000, 0x00000000a2d00000, 0x00000000a2d00000|100%| O|  |TAMS 0x00000000a2c00000| PB 0x00000000a2c00000| Untracked |  0
|   7|0x00000000a2d00000, 0x00000000a2e00000, 0x00000000a2e00000|100%| O|  |TAMS 0x00000000a2d00000| PB 0x00000000a2d00000| Untracked |  0
|   8|0x00000000a2e00000, 0x00000000a2f00000, 0x00000000a2f00000|100%| O|  |TAMS 0x00000000a2e00000| PB 0x00000000a2e00000| Untracked |  0
|   9|0x00000000a2f00000, 0x00000000a3000000, 0x00000000a3000000|100%| O|  |TAMS 0x00000000a2f00000| PB 0x00000000a2f00000| Untracked |  0
|  10|0x00000000a3000000, 0x00000000a3100000, 0x00000000a3100000|100%| O|  |TAMS 0x00000000a3000000| PB 0x00000000a3000000| Untracked |  0
|  11|0x00000000a3100000, 0x00000000a3200000, 0x00000000a3200000|100%| O|  |TAMS 0x00000000a3100000| PB 0x00000000a3100000| Untracked |  0
|  12|0x00000000a3200000, 0x00000000a3300000, 0x00000000a3300000|100%| O|  |TAMS 0x00000000a3200000| PB 0x00000000a3200000| Untracked |  0
|  13|0x00000000a3300000, 0x00000000a3400000, 0x00000000a3400000|100%| O|  |TAMS 0x00000000a3300000| PB 0x00000000a3300000| Untracked |  0
|  14|0x00000000a3400000, 0x00000000a3500000, 0x00000000a3500000|100%| O|  |TAMS 0x00000000a3400000| PB 0x00000000a3400000| Untracked |  0
|  15|0x00000000a3500000, 0x00000000a3600000, 0x00000000a3600000|100%| O|  |TAMS 0x00000000a3500000| PB 0x00000000a3500000| Untracked |  0
|  16|0x00000000a3600000, 0x00000000a3700000, 0x00000000a3700000|100%| O|  |TAMS 0x00000000a3600000| PB 0x00000000a3600000| Untracked |  0
|  17|0x00000000a3700000, 0x00000000a3800000, 0x00000000a3800000|100%| O|  |TAMS 0x00000000a3700000| PB 0x00000000a3700000| Untracked |  0
|  18|0x00000000a3800000, 0x00000000a3900000, 0x00000000a3900000|100%| O|  |TAMS 0x00000000a3800000| PB 0x00000000a3800000| Untracked |  0
|  19|0x00000000a3900000, 0x00000000a3a00000, 0x00000000a3a00000|100%| O|  |TAMS 0x00000000a3900000| PB 0x00000000a3900000| Untracked |  0
|  20|0x00000000a3a00000, 0x00000000a3b00000, 0x00000000a3b00000|100%| O|  |TAMS 0x00000000a3a00000| PB 0x00000000a3a00000| Untracked |  0
|  21|0x00000000a3b00000, 0x00000000a3c00000, 0x00000000a3c00000|100%| O|  |TAMS 0x00000000a3b00000| PB 0x00000000a3b00000| Untracked |  0
|  22|0x00000000a3c00000, 0x00000000a3d00000, 0x00000000a3d00000|100%| O|  |TAMS 0x00000000a3c00000| PB 0x00000000a3c00000| Untracked |  0
|  23|0x00000000a3d00000, 0x00000000a3e00000, 0x00000000a3e00000|100%| O|  |TAMS 0x00000000a3d00000| PB 0x00000000a3d00000| Untracked |  0
|  24|0x00000000a3e00000, 0x00000000a3f00000, 0x00000000a3f00000|100%| O|  |TAMS 0x00000000a3e00000| PB 0x00000000a3e00000| Untracked |  0
|  25|0x00000000a3f00000, 0x00000000a4000000, 0x00000000a4000000|100%| O|  |TAMS 0x00000000a3f00000| PB 0x00000000a3f00000| Untracked |  0
|  26|0x00000000a4000000, 0x00000000a4100000, 0x00000000a4100000|100%| O|  |TAMS 0x00000000a4000000| PB 0x00000000a4000000| Untracked |  0
|  27|0x00000000a4100000, 0x00000000a4200000, 0x00000000a4200000|100%| O|  |TAMS 0x00000000a4100000| PB 0x00000000a4100000| Untracked |  0
|  28|0x00000000a4200000, 0x00000000a4300000, 0x00000000a4300000|100%| O|  |TAMS 0x00000000a4200000| PB 0x00000000a4200000| Untracked |  0
|  29|0x00000000a4300000, 0x00000000a4400000, 0x00000000a4400000|100%| O|  |TAMS 0x00000000a4300000| PB 0x00000000a4300000| Untracked |  0
|  30|0x00000000a4400000, 0x00000000a4500000, 0x00000000a4500000|100%| O|  |TAMS 0x00000000a4400000| PB 0x00000000a4400000| Untracked |  0
|  31|0x00000000a4500000, 0x00000000a4600000, 0x00000000a4600000|100%| O|  |TAMS 0x00000000a4500000| PB 0x00000000a4500000| Untracked |  0
|  32|0x00000000a4600000, 0x00000000a4700000, 0x00000000a4700000|100%| O|  |TAMS 0x00000000a4600000| PB 0x00000000a4600000| Untracked |  0
|  33|0x00000000a4700000, 0x00000000a4800000, 0x00000000a4800000|100%| O|  |TAMS 0x00000000a4700000| PB 0x00000000a4700000| Untracked |  0
|  34|0x00000000a4800000, 0x00000000a4900000, 0x00000000a4900000|100%| O|  |TAMS 0x00000000a4800000| PB 0x00000000a4800000| Untracked |  0
|  35|0x00000000a4900000, 0x00000000a4a00000, 0x00000000a4a00000|100%| O|  |TAMS 0x00000000a4900000| PB 0x00000000a4900000| Untracked |  0
|  36|0x00000000a4a00000, 0x00000000a4b00000, 0x00000000a4b00000|100%| O|  |TAMS 0x00000000a4a00000| PB 0x00000000a4a00000| Untracked |  0
|  37|0x00000000a4b00000, 0x00000000a4c00000, 0x00000000a4c00000|100%| O|  |TAMS 0x00000000a4b00000| PB 0x00000000a4b00000| Untracked |  0
|  38|0x00000000a4c00000, 0x00000000a4d00000, 0x00000000a4d00000|100%| O|  |TAMS 0x00000000a4c00000| PB 0x00000000a4c00000| Untracked |  0
|  39|0x00000000a4d00000, 0x00000000a4e00000, 0x00000000a4e00000|100%| O|  |TAMS 0x00000000a4d00000| PB 0x00000000a4d00000| Untracked |  0
|  40|0x00000000a4e00000, 0x00000000a4f00000, 0x00000000a4f00000|100%| O|  |TAMS 0x00000000a4e00000| PB 0x00000000a4e00000| Untracked |  0
|  41|0x00000000a4f00000, 0x00000000a5000000, 0x00000000a5000000|100%| O|  |TAMS 0x00000000a4f00000| PB 0x00000000a4f00000| Untracked |  0
|  42|0x00000000a5000000, 0x00000000a5100000, 0x00000000a5100000|100%| O|  |TAMS 0x00000000a5000000| PB 0x00000000a5000000| Untracked |  0
|  43|0x00000000a5100000, 0x00000000a51942c0, 0x00000000a5200000| 57%| O|  |TAMS 0x00000000a5100000| PB 0x00000000a5100000| Untracked |  0
|  44|0x00000000a5200000, 0x00000000a5200000, 0x00000000a5300000|  0%| F|  |TAMS 0x00000000a5200000| PB 0x00000000a5200000| Untracked |  0
|  45|0x00000000a5300000, 0x00000000a5300000, 0x00000000a5400000|  0%| F|  |TAMS 0x00000000a5300000| PB 0x00000000a5300000| Untracked |  0
|  46|0x00000000a5400000, 0x00000000a5400000, 0x00000000a5500000|  0%| F|  |TAMS 0x00000000a5400000| PB 0x00000000a5400000| Untracked |  0
|  47|0x00000000a5500000, 0x00000000a5500000, 0x00000000a5600000|  0%| F|  |TAMS 0x00000000a5500000| PB 0x00000000a5500000| Untracked |  0
|  48|0x00000000a5600000, 0x00000000a5600000, 0x00000000a5700000|  0%| F|  |TAMS 0x00000000a5600000| PB 0x00000000a5600000| Untracked |  0
|  49|0x00000000a5700000, 0x00000000a5700000, 0x00000000a5800000|  0%| F|  |TAMS 0x00000000a5700000| PB 0x00000000a5700000| Untracked |  0
|  50|0x00000000a5800000, 0x00000000a5800000, 0x00000000a5900000|  0%| F|  |TAMS 0x00000000a5800000| PB 0x00000000a5800000| Untracked |  0
|  51|0x00000000a5900000, 0x00000000a5900000, 0x00000000a5a00000|  0%| F|  |TAMS 0x00000000a5900000| PB 0x00000000a5900000| Untracked |  0
|  52|0x00000000a5a00000, 0x00000000a5a00000, 0x00000000a5b00000|  0%| F|  |TAMS 0x00000000a5a00000| PB 0x00000000a5a00000| Untracked |  0
|  53|0x00000000a5b00000, 0x00000000a5b00000, 0x00000000a5c00000|  0%| F|  |TAMS 0x00000000a5b00000| PB 0x00000000a5b00000| Untracked |  0
|  54|0x00000000a5c00000, 0x00000000a5c00000, 0x00000000a5d00000|  0%| F|  |TAMS 0x00000000a5c00000| PB 0x00000000a5c00000| Untracked |  0
|  55|0x00000000a5d00000, 0x00000000a5d00000, 0x00000000a5e00000|  0%| F|  |TAMS 0x00000000a5d00000| PB 0x00000000a5d00000| Untracked |  0
|  56|0x00000000a5e00000, 0x00000000a5e00000, 0x00000000a5f00000|  0%| F|  |TAMS 0x00000000a5e00000| PB 0x00000000a5e00000| Untracked |  0
|  57|0x00000000a5f00000, 0x00000000a5f00000, 0x00000000a6000000|  0%| F|  |TAMS 0x00000000a5f00000| PB 0x00000000a5f00000| Untracked |  0
|  58|0x00000000a6000000, 0x00000000a6000000, 0x00000000a6100000|  0%| F|  |TAMS 0x00000000a6000000| PB 0x00000000a6000000| Untracked |  0
|  59|0x00000000a6100000, 0x00000000a6100000, 0x00000000a6200000|  0%| F|  |TAMS 0x00000000a6100000| PB 0x00000000a6100000| Untracked |  0
|  60|0x00000000a6200000, 0x00000000a6200000, 0x00000000a6300000|  0%| F|  |TAMS 0x00000000a6200000| PB 0x00000000a6200000| Untracked |  0
|  61|0x00000000a6300000, 0x00000000a6300000, 0x00000000a6400000|  0%| F|  |TAMS 0x00000000a6300000| PB 0x00000000a6300000| Untracked |  0
|  62|0x00000000a6400000, 0x00000000a6400000, 0x00000000a6500000|  0%| F|  |TAMS 0x00000000a6400000| PB 0x00000000a6400000| Untracked |  0
|  63|0x00000000a6500000, 0x00000000a6500000, 0x00000000a6600000|  0%| F|  |TAMS 0x00000000a6500000| PB 0x00000000a6500000| Untracked |  0
|  64|0x00000000a6600000, 0x00000000a6600000, 0x00000000a6700000|  0%| F|  |TAMS 0x00000000a6600000| PB 0x00000000a6600000| Untracked |  0
|  65|0x00000000a6700000, 0x00000000a6700000, 0x00000000a6800000|  0%| F|  |TAMS 0x00000000a6700000| PB 0x00000000a6700000| Untracked |  0
|  66|0x00000000a6800000, 0x00000000a6800000, 0x00000000a6900000|  0%| F|  |TAMS 0x00000000a6800000| PB 0x00000000a6800000| Untracked |  0
|  67|0x00000000a6900000, 0x00000000a6900000, 0x00000000a6a00000|  0%| F|  |TAMS 0x00000000a6900000| PB 0x00000000a6900000| Untracked |  0
|  68|0x00000000a6a00000, 0x00000000a6a00000, 0x00000000a6b00000|  0%| F|  |TAMS 0x00000000a6a00000| PB 0x00000000a6a00000| Untracked |  0
|  69|0x00000000a6b00000, 0x00000000a6b00000, 0x00000000a6c00000|  0%| F|  |TAMS 0x00000000a6b00000| PB 0x00000000a6b00000| Untracked |  0
|  70|0x00000000a6c00000, 0x00000000a6c00000, 0x00000000a6d00000|  0%| F|  |TAMS 0x00000000a6c00000| PB 0x00000000a6c00000| Untracked |  0
|  71|0x00000000a6d00000, 0x00000000a6d00000, 0x00000000a6e00000|  0%| F|  |TAMS 0x00000000a6d00000| PB 0x00000000a6d00000| Untracked |  0
|  72|0x00000000a6e00000, 0x00000000a6e00000, 0x00000000a6f00000|  0%| F|  |TAMS 0x00000000a6e00000| PB 0x00000000a6e00000| Untracked |  0
|  73|0x00000000a6f00000, 0x00000000a6f00000, 0x00000000a7000000|  0%| F|  |TAMS 0x00000000a6f00000| PB 0x00000000a6f00000| Untracked |  0
|  74|0x00000000a7000000, 0x00000000a7000000, 0x00000000a7100000|  0%| F|  |TAMS 0x00000000a7000000| PB 0x00000000a7000000| Untracked |  0
|  75|0x00000000a7100000, 0x00000000a7100000, 0x00000000a7200000|  0%| F|  |TAMS 0x00000000a7100000| PB 0x00000000a7100000| Untracked |  0
|  76|0x00000000a7200000, 0x00000000a7200000, 0x00000000a7300000|  0%| F|  |TAMS 0x00000000a7200000| PB 0x00000000a7200000| Untracked |  0
|  77|0x00000000a7300000, 0x00000000a7300000, 0x00000000a7400000|  0%| F|  |TAMS 0x00000000a7300000| PB 0x00000000a7300000| Untracked |  0
|  78|0x00000000a7400000, 0x00000000a7400000, 0x00000000a7500000|  0%| F|  |TAMS 0x00000000a7400000| PB 0x00000000a7400000| Untracked |  0
|  79|0x00000000a7500000, 0x00000000a7500000, 0x00000000a7600000|  0%| F|  |TAMS 0x00000000a7500000| PB 0x00000000a7500000| Untracked |  0
|  80|0x00000000a7600000, 0x00000000a7700000, 0x00000000a7700000|100%| S|CS|TAMS 0x00000000a7600000| PB 0x00000000a7600000| Complete |  0
|  81|0x00000000a7700000, 0x00000000a7800000, 0x00000000a7800000|100%| S|CS|TAMS 0x00000000a7700000| PB 0x00000000a7700000| Complete |  0
|  82|0x00000000a7800000, 0x00000000a7800000, 0x00000000a7900000|  0%| F|  |TAMS 0x00000000a7800000| PB 0x00000000a7800000| Untracked |  0
|  83|0x00000000a7900000, 0x00000000a7900000, 0x00000000a7a00000|  0%| F|  |TAMS 0x00000000a7900000| PB 0x00000000a7900000| Untracked |  0
|  84|0x00000000a7a00000, 0x00000000a7a00000, 0x00000000a7b00000|  0%| F|  |TAMS 0x00000000a7a00000| PB 0x00000000a7a00000| Untracked |  0
|  85|0x00000000a7b00000, 0x00000000a7b00000, 0x00000000a7c00000|  0%| F|  |TAMS 0x00000000a7b00000| PB 0x00000000a7b00000| Untracked |  0
|  86|0x00000000a7c00000, 0x00000000a7c00000, 0x00000000a7d00000|  0%| F|  |TAMS 0x00000000a7c00000| PB 0x00000000a7c00000| Untracked |  0
|  87|0x00000000a7d00000, 0x00000000a7d00000, 0x00000000a7e00000|  0%| F|  |TAMS 0x00000000a7d00000| PB 0x00000000a7d00000| Untracked |  0
|  88|0x00000000a7e00000, 0x00000000a7e00000, 0x00000000a7f00000|  0%| F|  |TAMS 0x00000000a7e00000| PB 0x00000000a7e00000| Untracked |  0
|  89|0x00000000a7f00000, 0x00000000a7f00000, 0x00000000a8000000|  0%| F|  |TAMS 0x00000000a7f00000| PB 0x00000000a7f00000| Untracked |  0
|  90|0x00000000a8000000, 0x00000000a8000000, 0x00000000a8100000|  0%| F|  |TAMS 0x00000000a8000000| PB 0x00000000a8000000| Untracked |  0
|  91|0x00000000a8100000, 0x00000000a8100000, 0x00000000a8200000|  0%| F|  |TAMS 0x00000000a8100000| PB 0x00000000a8100000| Untracked |  0
|  92|0x00000000a8200000, 0x00000000a8200000, 0x00000000a8300000|  0%| F|  |TAMS 0x00000000a8200000| PB 0x00000000a8200000| Untracked |  0
|  93|0x00000000a8300000, 0x00000000a8300000, 0x00000000a8400000|  0%| F|  |TAMS 0x00000000a8300000| PB 0x00000000a8300000| Untracked |  0

Card table byte_map: [0x000002c99a750000,0x000002c99aa40000] _byte_map_base: 0x000002c99a23d000

Marking Bits: (CMBitMap*) 0x000002c9874611e0
 Bits: [0x000002c99aa40000, 0x000002c99c1a8000)

Polling page: 0x000002c9853b0000

Metaspace:

Usage:
  Non-class:     14.47 MB used.
      Class:      1.51 MB used.
       Both:     15.98 MB used.

Virtual space:
  Non-class space:       64.00 MB reserved,      14.56 MB ( 23%) committed,  1 nodes.
      Class space:        1.00 GB reserved,       1.56 MB ( <1%) committed,  1 nodes.
             Both:        1.06 GB reserved,      16.12 MB (  1%) committed. 

Chunk freelists:
   Non-Class:  1.00 MB
       Class:  14.25 MB
        Both:  15.25 MB

MaxMetaspaceSize: unlimited
CompressedClassSpaceSize: 1.00 GB
Initial GC threshold: 21.00 MB
Current GC threshold: 21.00 MB
CDS: off
 - commit_granule_bytes: 65536.
 - commit_granule_words: 8192.
 - virtual_space_node_default_size: 8388608.
 - enlarge_chunks_in_place: 1.
 - use_allocation_guard: 0.


Internal statistics:

num_allocs_failed_limit: 0.
num_arena_births: 152.
num_arena_deaths: 0.
num_vsnodes_births: 2.
num_vsnodes_deaths: 0.
num_space_committed: 258.
num_space_uncommitted: 0.
num_chunks_returned_to_freelist: 0.
num_chunks_taken_from_freelist: 238.
num_chunk_merges: 0.
num_chunk_splits: 123.
num_chunks_enlarged: 43.
num_inconsistent_stats: 0.

CodeHeap 'non-profiled nmethods': size=120000Kb used=671Kb max_used=671Kb free=119328Kb
 bounds [0x000002c9929e0000, 0x000002c992c50000, 0x000002c999f10000]
CodeHeap 'profiled nmethods': size=120000Kb used=3763Kb max_used=3763Kb free=116236Kb
 bounds [0x000002c98af10000, 0x000002c98b2c0000, 0x000002c992440000]
CodeHeap 'non-nmethods': size=5760Kb used=1556Kb max_used=1575Kb free=4203Kb
 bounds [0x000002c992440000, 0x000002c9926b0000, 0x000002c9929e0000]
 total_blobs=2665 nmethods=2043 adapters=527
 compilation: enabled
              stopped_count=0, restarted_count=0
 full_count=0

Compilation events (20 events):
Event: 2394.433 Thread 0x000002c9a30a8800 2034       1       java.awt.image.ColorModel::getColorSpace (5 bytes)
Event: 2394.434 Thread 0x000002c9a30a8800 nmethod 2034 0x000002c992a87690 code [0x000002c992a87820, 0x000002c992a878e8]
Event: 2394.435 Thread 0x000002c9a30a8800 2035       1       sun.awt.image.IntegerInterleavedRaster::getDataStorage (5 bytes)
Event: 2394.436 Thread 0x000002c9a30a8800 nmethod 2035 0x000002c992a87990 code [0x000002c992a87b20, 0x000002c992a87be8]
Event: 2394.436 Thread 0x000002c9a30a8800 2036       1       sun.awt.image.IntegerInterleavedRaster::getScanlineStride (5 bytes)
Event: 2394.436 Thread 0x000002c9a30a8800 nmethod 2036 0x000002c992a87c90 code [0x000002c992a87e20, 0x000002c992a87ee8]
Event: 2394.436 Thread 0x000002c9a30a8800 2037       3       sun.awt.image.SunWritableRaster::stealTrackable (10 bytes)
Event: 2394.437 Thread 0x000002c9a30a8800 nmethod 2037 0x000002c98b2b9c90 code [0x000002c98b2b9e40, 0x000002c98b2b9fd0]
Event: 2394.437 Thread 0x000002c9a30a8800 2038       3       java.awt.image.DataBuffer$1::getTrackable (5 bytes)
Event: 2394.437 Thread 0x000002c9a30a8800 nmethod 2038 0x000002c98b2ba110 code [0x000002c98b2ba2a0, 0x000002c98b2ba3b8]
Event: 2394.438 Thread 0x000002c9a30a8800 2039  s    3       sun.awt.Win32GraphicsConfig::getColorModel (8 bytes)
Event: 2394.440 Thread 0x000002c9a30a8800 nmethod 2039 0x000002c98b2ba490 code [0x000002c98b2ba640, 0x000002c98b2ba9d0]
Event: 2394.440 Thread 0x000002c9a30a8800 2041       3       sun.awt.image.IntegerComponentRaster::verify (410 bytes)
Event: 2394.446 Thread 0x000002c9a30a8800 nmethod 2041 0x000002c98b2bab10 code [0x000002c98b2bae40, 0x000002c98b2bbc18]
Event: 2394.446 Thread 0x000002c9a30a8800 2042       3       sun.awt.image.SunWritableRaster::stealData (11 bytes)
Event: 2394.447 Thread 0x000002c9a30a8800 nmethod 2042 0x000002c98b2bc210 code [0x000002c98b2bc3c0, 0x000002c98b2bc578]
Event: 2394.447 Thread 0x000002c9a30a8800 2043       3       java.awt.image.DataBuffer$1::getData (7 bytes)
Event: 2394.447 Thread 0x000002c9a30a8800 nmethod 2043 0x000002c98b2bc710 code [0x000002c98b2bc8a0, 0x000002c98b2bc9e0]
Event: 2394.447 Thread 0x000002c9a30a8800 2040       3       sun.awt.Win32GraphicsDevice::getColorModel (25 bytes)
Event: 2394.447 Thread 0x000002c9a30a8800 nmethod 2040 0x000002c98b2bcb10 code [0x000002c98b2bccc0, 0x000002c98b2bcea0]

GC Heap History (11 events):
Event: 2392.822 GC heap before
{Heap before GC invocations=0 (full 0):
 garbage-first heap   total reserved 1533952K, committed 96256K, used 23552K [0x00000000a2600000, 0x0000000100000000)
  region size 1024K, 24 young (24576K), 0 survivors (0K)
 Metaspace       used 16357K, committed 16512K, reserved 1114112K
  class space    used 1545K, committed 1600K, reserved 1048576K
}
Event: 2393.596 GC heap after
{Heap after GC invocations=1 (full 0):
 garbage-first heap   total reserved 1533952K, committed 96256K, used 6330K [0x00000000a2600000, 0x0000000100000000)
  region size 1024K, 3 young (3072K), 3 survivors (3072K)
 Metaspace       used 16357K, committed 16512K, reserved 1114112K
  class space    used 1545K, committed 1600K, reserved 1048576K
}
Event: 2393.927 GC heap before
{Heap before GC invocations=1 (full 0):
 garbage-first heap   total reserved 1533952K, committed 96256K, used 7354K [0x00000000a2600000, 0x0000000100000000)
  region size 1024K, 4 young (4096K), 3 survivors (3072K)
 Metaspace       used 16361K, committed 16512K, reserved 1114112K
  class space    used 1545K, committed 1600K, reserved 1048576K
}
Event: 2393.960 GC heap after
{Heap after GC invocations=2 (full 0):
 garbage-first heap   total reserved 1533952K, committed 96256K, used 7371K [0x00000000a2600000, 0x0000000100000000)
  region size 1024K, 1 young (1024K), 1 survivors (1024K)
 Metaspace       used 16361K, committed 16512K, reserved 1114112K
  class space    used 1545K, committed 1600K, reserved 1048576K
}
Event: 2394.387 GC heap before
{Heap before GC invocations=2 (full 0):
 garbage-first heap   total reserved 1533952K, committed 96256K, used 14539K [0x00000000a2600000, 0x0000000100000000)
  region size 1024K, 9 young (9216K), 1 survivors (1024K)
 Metaspace       used 16361K, committed 16512K, reserved 1114112K
  class space    used 1545K, committed 1600K, reserved 1048576K
}
Event: 2394.395 GC heap after
{Heap after GC invocations=3 (full 0):
 garbage-first heap   total reserved 1533952K, committed 96256K, used 17171K [0x00000000a2600000, 0x0000000100000000)
  region size 1024K, 2 young (2048K), 2 survivors (2048K)
 Metaspace       used 16361K, committed 16512K, reserved 1114112K
  class space    used 1545K, committed 1600K, reserved 1048576K
}
Event: 2394.410 GC heap before
{Heap before GC invocations=3 (full 0):
 garbage-first heap   total reserved 1533952K, committed 96256K, used 22291K [0x00000000a2600000, 0x0000000100000000)
  region size 1024K, 8 young (8192K), 2 survivors (2048K)
 Metaspace       used 16361K, committed 16512K, reserved 1114112K
  class space    used 1545K, committed 1600K, reserved 1048576K
}
Event: 2394.416 GC heap after
{Heap after GC invocations=4 (full 0):
 garbage-first heap   total reserved 1533952K, committed 96256K, used 24142K [0x00000000a2600000, 0x0000000100000000)
  region size 1024K, 1 young (1024K), 1 survivors (1024K)
 Metaspace       used 16361K, committed 16512K, reserved 1114112K
  class space    used 1545K, committed 1600K, reserved 1048576K
}
Event: 2394.425 GC heap before
{Heap before GC invocations=4 (full 0):
 garbage-first heap   total reserved 1533952K, committed 96256K, used 32334K [0x00000000a2600000, 0x0000000100000000)
  region size 1024K, 10 young (10240K), 1 survivors (1024K)
 Metaspace       used 16363K, committed 16512K, reserved 1114112K
  class space    used 1545K, committed 1600K, reserved 1048576K
}
Event: 2394.432 GC heap after
{Heap after GC invocations=5 (full 0):
 garbage-first heap   total reserved 1533952K, committed 96256K, used 35406K [0x00000000a2600000, 0x0000000100000000)
  region size 1024K, 2 young (2048K), 2 survivors (2048K)
 Metaspace       used 16363K, committed 16512K, reserved 1114112K
  class space    used 1545K, committed 1600K, reserved 1048576K
}
Event: 2394.450 GC heap before
{Heap before GC invocations=5 (full 0):
 garbage-first heap   total reserved 1533952K, committed 96256K, used 44622K [0x00000000a2600000, 0x0000000100000000)
  region size 1024K, 12 young (12288K), 2 survivors (2048K)
 Metaspace       used 16366K, committed 16512K, reserved 1114112K
  class space    used 1545K, committed 1600K, reserved 1048576K
}

Dll operation events (9 events):
Event: 0.013 Loaded shared library C:\Users\Jenna Miles Reyes\.p2\pool\plugins\org.eclipse.justj.openjdk.hotspot.jre.full.win32.x86_64_22.0.0.v20240322-1225\jre\bin\java.dll
Event: 0.019 Loaded shared library C:\Users\Jenna Miles Reyes\.p2\pool\plugins\org.eclipse.justj.openjdk.hotspot.jre.full.win32.x86_64_22.0.0.v20240322-1225\jre\bin\zip.dll
Event: 0.184 Loaded shared library C:\Users\Jenna Miles Reyes\.p2\pool\plugins\org.eclipse.justj.openjdk.hotspot.jre.full.win32.x86_64_22.0.0.v20240322-1225\jre\bin\jimage.dll
Event: 0.224 Loaded shared library C:\Users\Jenna Miles Reyes\.p2\pool\plugins\org.eclipse.justj.openjdk.hotspot.jre.full.win32.x86_64_22.0.0.v20240322-1225\jre\bin\awt.dll
Event: 0.494 Loaded shared library C:\Users\Jenna Miles Reyes\.p2\pool\plugins\org.eclipse.justj.openjdk.hotspot.jre.full.win32.x86_64_22.0.0.v20240322-1225\jre\bin\zip.dll
Event: 0.676 Loaded shared library C:\Users\Jenna Miles Reyes\.p2\pool\plugins\org.eclipse.justj.openjdk.hotspot.jre.full.win32.x86_64_22.0.0.v20240322-1225\jre\bin\freetype.dll
Event: 0.677 Loaded shared library C:\Users\Jenna Miles Reyes\.p2\pool\plugins\org.eclipse.justj.openjdk.hotspot.jre.full.win32.x86_64_22.0.0.v20240322-1225\jre\bin\fontmanager.dll
Event: 0.796 Loaded shared library C:\Users\Jenna Miles Reyes\.p2\pool\plugins\org.eclipse.justj.openjdk.hotspot.jre.full.win32.x86_64_22.0.0.v20240322-1225\jre\bin\net.dll
Event: 0.800 Loaded shared library C:\Users\Jenna Miles Reyes\.p2\pool\plugins\org.eclipse.justj.openjdk.hotspot.jre.full.win32.x86_64_22.0.0.v20240322-1225\jre\bin\nio.dll

Deoptimization events (20 events):
Event: 10.301 Thread 0x000002c9a3a84750 Uncommon trap: trap_request=0xffffff6e fr.pc=0x000002c992a6a7e0 relative=0x0000000000000820
Event: 10.301 Thread 0x000002c9a3a84750 Uncommon trap: reason=loop_limit_check action=maybe_recompile pc=0x000002c992a6a7e0 method=java.awt.geom.AffineTransform.transform([DI[DII)V @ 454 c2
Event: 10.301 Thread 0x000002c9a3a84750 DEOPT PACKING pc=0x000002c992a6a7e0 sp=0x000000f6885fd090
Event: 10.301 Thread 0x000002c9a3a84750 DEOPT UNPACKING pc=0x000002c9924946a2 sp=0x000000f6885fd000 mode 2
Event: 13.730 Thread 0x000002c9a3a84750 Uncommon trap: trap_request=0xffffff45 fr.pc=0x000002c992a737a8 relative=0x0000000000000288
Event: 13.730 Thread 0x000002c9a3a84750 Uncommon trap: reason=unstable_if action=reinterpret pc=0x000002c992a737a8 method=java.util.LinkedList$ListItr.<init>(Ljava/util/LinkedList;I)V @ 26 c2
Event: 13.730 Thread 0x000002c9a3a84750 DEOPT PACKING pc=0x000002c992a737a8 sp=0x000000f6885fe9b0
Event: 13.730 Thread 0x000002c9a3a84750 DEOPT UNPACKING pc=0x000002c9924946a2 sp=0x000000f6885fe980 mode 2
Event: 493.663 Thread 0x000002c9a3b160e0 Uncommon trap: trap_request=0xffffffcc fr.pc=0x000002c992a7f66c relative=0x000000000000022c
Event: 493.663 Thread 0x000002c9a3b160e0 Uncommon trap: reason=intrinsic_or_type_checked_inlining action=make_not_entrant pc=0x000002c992a7f66c method=java.util.Arrays.copyOf([Ljava/lang/Object;ILjava/lang/Class;)[Ljava/lang/Object; @ 35 c2
Event: 493.663 Thread 0x000002c9a3b160e0 DEOPT PACKING pc=0x000002c992a7f66c sp=0x000000f6886fefc0
Event: 493.664 Thread 0x000002c9a3b160e0 DEOPT UNPACKING pc=0x000002c9924946a2 sp=0x000000f6886fef50 mode 2
Event: 559.149 Thread 0x000002c9a3b160e0 Uncommon trap: trap_request=0xffffffdc fr.pc=0x000002c992a8139c relative=0x000000000000017c
Event: 559.149 Thread 0x000002c9a3b160e0 Uncommon trap: reason=class_check action=make_not_entrant pc=0x000002c992a8139c method=java.util.ArrayList.toArray([Ljava/lang/Object;)[Ljava/lang/Object; @ 21 c2
Event: 559.149 Thread 0x000002c9a3b160e0 DEOPT PACKING pc=0x000002c992a8139c sp=0x000000f6886ff020
Event: 559.149 Thread 0x000002c9a3b160e0 DEOPT UNPACKING pc=0x000002c9924946a2 sp=0x000000f6886fefe0 mode 2
Event: 2388.116 Thread 0x000002c9a3a84750 Uncommon trap: trap_request=0xffffff45 fr.pc=0x000002c992a4095c relative=0x000000000000005c
Event: 2388.117 Thread 0x000002c9a3a84750 Uncommon trap: reason=unstable_if action=reinterpret pc=0x000002c992a4095c method=sun.java2d.d3d.D3DGraphicsDevice.getDefaultConfiguration()Ljava/awt/GraphicsConfiguration; @ 4 c2
Event: 2388.123 Thread 0x000002c9a3a84750 DEOPT PACKING pc=0x000002c992a4095c sp=0x000000f6885feac0
Event: 2388.130 Thread 0x000002c9a3a84750 DEOPT UNPACKING pc=0x000002c9924946a2 sp=0x000000f6885fea60 mode 2

Classes loaded (20 events):
Event: 0.899 Loading class java/text/AttributedString
Event: 0.900 Loading class java/text/AttributedString done
Event: 0.900 Loading class java/text/AttributedString$AttributedStringIterator
Event: 0.900 Loading class java/text/AttributedCharacterIterator
Event: 0.900 Loading class java/text/CharacterIterator
Event: 0.900 Loading class java/text/CharacterIterator done
Event: 0.900 Loading class java/text/AttributedCharacterIterator done
Event: 0.900 Loading class java/text/AttributedString$AttributedStringIterator done
Event: 1.499 Loading class java/awt/LightweightDispatcher$2
Event: 1.499 Loading class java/awt/LightweightDispatcher$2 done
Event: 7.130 Loading class java/awt/event/MouseWheelEvent
Event: 7.130 Loading class java/awt/event/MouseWheelEvent done
Event: 13.710 Loading class java/awt/KeyboardFocusManager$2
Event: 13.710 Loading class java/awt/KeyboardFocusManager$2 done
Event: 13.710 Loading class sun/awt/SunToolkit$1
Event: 13.711 Loading class sun/awt/SunToolkit$1 done
Event: 2388.470 Loading class java/util/WeakHashMap$KeyIterator
Event: 2388.899 Loading class java/util/WeakHashMap$HashIterator
Event: 2389.330 Loading class java/util/WeakHashMap$HashIterator done
Event: 2389.344 Loading class java/util/WeakHashMap$KeyIterator done

Classes unloaded (0 events):
No events

Classes redefined (0 events):
No events

Internal exceptions (12 events):
Event: 0.206 Thread 0x000002c98529b550 Exception <a 'java/lang/ClassNotFoundException'{0x00000000a82c1050}: sun/awt/resources/spi/awtProvider> (0x00000000a82c1050) 
thrown [s\src\hotspot\share\classfile\systemDictionary.cpp, line 313]
Event: 0.240 Thread 0x000002c98529b550 Exception <a 'java/io/FileNotFoundException'{0x00000000a8126078}> (0x00000000a8126078) 
thrown [s\src\hotspot\share\prims\jni.cpp, line 520]
Event: 0.248 Thread 0x000002c98529b550 Exception <a 'java/io/FileNotFoundException'{0x00000000a8154388}> (0x00000000a8154388) 
thrown [s\src\hotspot\share\prims\jni.cpp, line 520]
Event: 0.415 Thread 0x000002c98529b550 Exception <a 'java/lang/NoSuchMethodError'{0x00000000a81e6b00}: 'void java.lang.invoke.DirectMethodHandle$Holder.invokeSpecial(java.lang.Object, java.lang.Object, java.lang.Object)'> (0x00000000a81e6b00) 
thrown [s\src\hotspot\share\interpreter\linkResolver.cpp, line 774]
Event: 0.423 Thread 0x000002c98529b550 Exception <a 'java/lang/NoSuchMethodError'{0x00000000a80921a8}: 'java.lang.Object java.lang.invoke.DirectMethodHandle$Holder.newInvokeSpecial(java.lang.Object, java.lang.Object, java.lang.Object, java.lang.Object, java.lang.Object)'> (0x00000000a80921a8) 
thrown [s\src\hotspot\share\interpreter\linkResolver.cpp, line 774]
Event: 0.429 Thread 0x000002c98529b550 Exception <a 'java/lang/NoSuchMethodError'{0x00000000a80beac0}: 'java.lang.Object java.lang.invoke.DirectMethodHandle$Holder.invokeStatic(java.lang.Object, int, java.lang.Object)'> (0x00000000a80beac0) 
thrown [s\src\hotspot\share\interpreter\linkResolver.cpp, line 774]
Event: 0.456 Thread 0x000002c98529b550 Exception <a 'java/lang/ClassNotFoundException'{0x00000000a7f60e50}: com/sun/swing/internal/plaf/metal/resources/spi/metalProvider> (0x00000000a7f60e50) 
thrown [s\src\hotspot\share\classfile\systemDictionary.cpp, line 313]
Event: 0.457 Thread 0x000002c98529b550 Exception <a 'java/lang/ClassNotFoundException'{0x00000000a7f64e30}: com/sun/swing/internal/plaf/basic/resources/spi/basicProvider> (0x00000000a7f64e30) 
thrown [s\src\hotspot\share\classfile\systemDictionary.cpp, line 313]
Event: 0.471 Thread 0x000002c98529b550 Exception <a 'java/lang/NoSuchMethodError'{0x00000000a7f85000}: 'int java.lang.invoke.Invokers$Holder.invokeExact_MT(java.lang.Object, java.lang.Object)'> (0x00000000a7f85000) 
thrown [s\src\hotspot\share\interpreter\linkResolver.cpp, line 774]
Event: 0.589 Thread 0x000002c9a3904aa0 Exception <a 'java/lang/NoSuchMethodError'{0x00000000a7dd5ee0}: 'java.lang.Object java.lang.invoke.DirectMethodHandle$Holder.newInvokeSpecial(java.lang.Object, java.lang.Object, java.lang.Object, int, int, int, int, int)'> (0x00000000a7dd5ee0) 
thrown [s\src\hotspot\share\interpreter\linkResolver.cpp, line 774]
Event: 0.647 Thread 0x000002c9a3670db0 Exception <a 'java/lang/NoSuchMethodError'{0x00000000a800e7f0}: 'void java.lang.invoke.DirectMethodHandle$Holder.invokeVirtual(java.lang.Object, java.lang.Object)'> (0x00000000a800e7f0) 
thrown [s\src\hotspot\share\interpreter\linkResolver.cpp, line 774]
Event: 0.668 Thread 0x000002c98529b550 Exception <a 'java/lang/NoSuchMethodError'{0x00000000a7fcb820}: 'void java.lang.invoke.DirectMethodHandle$Holder.invokeStaticInit(java.lang.Object)'> (0x00000000a7fcb820) 
thrown [s\src\hotspot\share\interpreter\linkResolver.cpp, line 774]

ZGC Phase Switch (0 events):
No events

VM Operations (20 events):
Event: 13.885 Executing VM operation: Cleanup done
Event: 60.134 Executing VM operation: HandshakeAllThreads (HandshakeForDeflation)
Event: 60.134 Executing VM operation: HandshakeAllThreads (HandshakeForDeflation) done
Event: 60.134 Executing VM operation: RendezvousGCThreads
Event: 60.134 Executing VM operation: RendezvousGCThreads done
Event: 386.682 Executing VM operation: Cleanup
Event: 386.683 Executing VM operation: Cleanup done
Event: 448.172 Executing VM operation: Cleanup
Event: 448.173 Executing VM operation: Cleanup done
Event: 2392.792 Executing VM operation: G1CollectForAllocation (G1 Evacuation Pause)
Event: 2393.598 Executing VM operation: G1CollectForAllocation (G1 Evacuation Pause) done
Event: 2393.927 Executing VM operation: G1CollectForAllocation (G1 Evacuation Pause)
Event: 2393.960 Executing VM operation: G1CollectForAllocation (G1 Evacuation Pause) done
Event: 2394.387 Executing VM operation: G1CollectForAllocation (G1 Evacuation Pause)
Event: 2394.395 Executing VM operation: G1CollectForAllocation (G1 Evacuation Pause) done
Event: 2394.410 Executing VM operation: G1CollectForAllocation (G1 Evacuation Pause)
Event: 2394.416 Executing VM operation: G1CollectForAllocation (G1 Evacuation Pause) done
Event: 2394.425 Executing VM operation: G1CollectForAllocation (G1 Evacuation Pause)
Event: 2394.432 Executing VM operation: G1CollectForAllocation (G1 Evacuation Pause) done
Event: 2394.450 Executing VM operation: G1CollectForAllocation (G1 Evacuation Pause)

Events (20 events):
Event: 0.081 Thread 0x000002c9a3094b20 Thread added: 0x000002c9a3094b20
Event: 0.083 Thread 0x000002c9a30a5080 Thread added: 0x000002c9a30a5080
Event: 0.083 Thread 0x000002c9a3096e90 Thread added: 0x000002c9a3096e90
Event: 0.083 Thread 0x000002c9a3097900 Thread added: 0x000002c9a3097900
Event: 0.083 Thread 0x000002c9a3072ae0 Thread added: 0x000002c9a3072ae0
Event: 0.083 Thread 0x000002c9a307e690 Thread added: 0x000002c9a307e690
Event: 0.084 Thread 0x000002c9a30a8800 Thread added: 0x000002c9a30a8800
Event: 0.126 Thread 0x000002c9a3249850 Thread added: 0x000002c9a3249850
Event: 0.133 Thread 0x000002c9a325b750 Thread added: 0x000002c9a325b750
Event: 0.310 Thread 0x000002c9a366b610 Thread added: 0x000002c9a366b610
Event: 0.312 Thread 0x000002c9a3674e40 Thread added: 0x000002c9a3674e40
Event: 0.314 Thread 0x000002c9a3670db0 Thread added: 0x000002c9a3670db0
Event: 0.486 Thread 0x000002c9a3904aa0 Thread added: 0x000002c9a3904aa0
Event: 0.650 Thread 0x000002c9a3a84750 Thread added: 0x000002c9a3a84750
Event: 0.773 Thread 0x000002c9a3b160e0 Thread added: 0x000002c9a3b160e0
Event: 0.783 Thread 0x000002c98529b550 Thread exited: 0x000002c98529b550
Event: 0.783 Thread 0x000002c98529b550 Thread added: 0x000002c98529b550
Event: 5.640 Thread 0x000002c9a3904aa0 Thread exited: 0x000002c9a3904aa0
Event: 9.359 Thread 0x000002c9a30a95a0 Thread added: 0x000002c9a30a95a0
Event: 9.657 Thread 0x000002c9a30a95a0 Thread exited: 0x000002c9a30a95a0


Dynamic libraries:
0x00007ff6ff5e0000 - 0x00007ff6ff5ee000 	C:\Users\Jenna Miles Reyes\.p2\pool\plugins\org.eclipse.justj.openjdk.hotspot.jre.full.win32.x86_64_22.0.0.v20240322-1225\jre\bin\javaw.exe
0x00007fff73bf0000 - 0x00007fff73e06000 	C:\WINDOWS\SYSTEM32\ntdll.dll
0x00007fff72620000 - 0x00007fff726e4000 	C:\WINDOWS\System32\KERNEL32.DLL
0x00007fff71100000 - 0x00007fff714a7000 	C:\WINDOWS\System32\KERNELBASE.dll
0x00007fff717d0000 - 0x00007fff718e1000 	C:\WINDOWS\System32\ucrtbase.dll
0x00007fff6b280000 - 0x00007fff6b297000 	C:\Users\Jenna Miles Reyes\.p2\pool\plugins\org.eclipse.justj.openjdk.hotspot.jre.full.win32.x86_64_22.0.0.v20240322-1225\jre\bin\jli.dll
0x00007fff55dc0000 - 0x00007fff55ddb000 	C:\Users\Jenna Miles Reyes\.p2\pool\plugins\org.eclipse.justj.openjdk.hotspot.jre.full.win32.x86_64_22.0.0.v20240322-1225\jre\bin\VCRUNTIME140.dll
0x00007fff736b0000 - 0x00007fff7385e000 	C:\WINDOWS\System32\USER32.dll
0x00007fff710d0000 - 0x00007fff710f6000 	C:\WINDOWS\System32\win32u.dll
0x00007fff70270000 - 0x00007fff70503000 	C:\WINDOWS\WinSxS\amd64_microsoft.windows.common-controls_6595b64144ccf1df_6.0.22621.3235_none_270f74e173860f98\COMCTL32.dll
0x00007fff72e90000 - 0x00007fff72eb9000 	C:\WINDOWS\System32\GDI32.dll
0x00007fff70f10000 - 0x00007fff71029000 	C:\WINDOWS\System32\gdi32full.dll
0x00007fff732d0000 - 0x00007fff73377000 	C:\WINDOWS\System32\msvcrt.dll
0x00007fff71030000 - 0x00007fff710ca000 	C:\WINDOWS\System32\msvcp_win.dll
0x00007fff73b20000 - 0x00007fff73b51000 	C:\WINDOWS\System32\IMM32.DLL
0x00007fff70730000 - 0x00007fff7073c000 	C:\Users\Jenna Miles Reyes\.p2\pool\plugins\org.eclipse.justj.openjdk.hotspot.jre.full.win32.x86_64_22.0.0.v20240322-1225\jre\bin\vcruntime140_1.dll
0x00007fff339e0000 - 0x00007fff33a6e000 	C:\Users\Jenna Miles Reyes\.p2\pool\plugins\org.eclipse.justj.openjdk.hotspot.jre.full.win32.x86_64_22.0.0.v20240322-1225\jre\bin\msvcp140.dll
0x00007ffef46d0000 - 0x00007ffef5492000 	C:\Users\Jenna Miles Reyes\.p2\pool\plugins\org.eclipse.justj.openjdk.hotspot.jre.full.win32.x86_64_22.0.0.v20240322-1225\jre\bin\server\jvm.dll
0x00007fff73580000 - 0x00007fff73632000 	C:\WINDOWS\System32\ADVAPI32.dll
0x00007fff72290000 - 0x00007fff72338000 	C:\WINDOWS\System32\sechost.dll
0x00007fff718f0000 - 0x00007fff71918000 	C:\WINDOWS\System32\bcrypt.dll
0x00007fff72d70000 - 0x00007fff72e85000 	C:\WINDOWS\System32\RPCRT4.dll
0x00007fff72b70000 - 0x00007fff72be1000 	C:\WINDOWS\System32\WS2_32.dll
0x00007fff70c30000 - 0x00007fff70c7d000 	C:\WINDOWS\SYSTEM32\POWRPROF.dll
0x00007fff6d8f0000 - 0x00007fff6d924000 	C:\WINDOWS\SYSTEM32\WINMM.dll
0x00007fff66880000 - 0x00007fff6688a000 	C:\WINDOWS\SYSTEM32\VERSION.dll
0x00007fff70c10000 - 0x00007fff70c23000 	C:\WINDOWS\SYSTEM32\UMPDC.dll
0x00007fff6f000000 - 0x00007fff6f018000 	C:\WINDOWS\SYSTEM32\kernel.appcore.dll
0x00007fff6cfb0000 - 0x00007fff6cfba000 	C:\Users\Jenna Miles Reyes\.p2\pool\plugins\org.eclipse.justj.openjdk.hotspot.jre.full.win32.x86_64_22.0.0.v20240322-1225\jre\bin\jimage.dll
0x00007fff70800000 - 0x00007fff70a33000 	C:\WINDOWS\SYSTEM32\DBGHELP.DLL
0x00007fff72f40000 - 0x00007fff732c8000 	C:\WINDOWS\System32\combase.dll
0x00007fff73380000 - 0x00007fff73457000 	C:\WINDOWS\System32\OLEAUT32.dll
0x00007fff706f0000 - 0x00007fff70722000 	C:\WINDOWS\SYSTEM32\dbgcore.DLL
0x00007fff71520000 - 0x00007fff71599000 	C:\WINDOWS\System32\bcryptPrimitives.dll
0x00007fff68410000 - 0x00007fff6842e000 	C:\Users\Jenna Miles Reyes\.p2\pool\plugins\org.eclipse.justj.openjdk.hotspot.jre.full.win32.x86_64_22.0.0.v20240322-1225\jre\bin\java.dll
0x00007fff719a0000 - 0x00007fff721fc000 	C:\WINDOWS\System32\SHELL32.dll
0x00007fff73970000 - 0x00007fff73b15000 	C:\WINDOWS\System32\ole32.dll
0x00007fff683f0000 - 0x00007fff68407000 	C:\Users\Jenna Miles Reyes\.p2\pool\plugins\org.eclipse.justj.openjdk.hotspot.jre.full.win32.x86_64_22.0.0.v20240322-1225\jre\bin\zip.dll
0x00007fff6df10000 - 0x00007fff6e809000 	C:\WINDOWS\SYSTEM32\windows.storage.dll
0x00007fff6ddd0000 - 0x00007fff6df0e000 	C:\WINDOWS\SYSTEM32\wintypes.dll
0x00007fff73870000 - 0x00007fff73963000 	C:\WINDOWS\System32\SHCORE.dll
0x00007fff72ec0000 - 0x00007fff72f1e000 	C:\WINDOWS\System32\shlwapi.dll
0x00007fff70e40000 - 0x00007fff70e61000 	C:\WINDOWS\SYSTEM32\profapi.dll
0x00007ffed98b0000 - 0x00007ffed9a3c000 	C:\Users\Jenna Miles Reyes\.p2\pool\plugins\org.eclipse.justj.openjdk.hotspot.jre.full.win32.x86_64_22.0.0.v20240322-1225\jre\bin\awt.dll
0x00007fff6d020000 - 0x00007fff6d0b7000 	C:\WINDOWS\SYSTEM32\apphelp.dll
0x00007fff6d440000 - 0x00007fff6d46b000 	C:\WINDOWS\system32\DWMAPI.DLL
0x00007fff6d1c0000 - 0x00007fff6d26b000 	C:\WINDOWS\system32\uxtheme.dll
0x00007fff118b0000 - 0x00007fff119b0000 	C:\WINDOWS\system32\opengl32.dll
0x00007fff11390000 - 0x00007fff113bd000 	C:\WINDOWS\SYSTEM32\GLU32.dll
0x00007fff6d2f0000 - 0x00007fff6d329000 	C:\WINDOWS\SYSTEM32\dxcore.dll
0x00007fff72c10000 - 0x00007fff72d63000 	C:\WINDOWS\System32\MSCTF.dll
0x00007fff1a3c0000 - 0x00007fff1a569000 	C:\WINDOWS\system32\d3d9.dll
0x00007fff66890000 - 0x00007fff66a4b000 	C:\WINDOWS\System32\DriverStore\FileRepository\u0390483.inf_amd64_b7c25444b8e9ca60\B389503\aticfx64.dll
0x00007fff0cfa0000 - 0x00007fff0cfd4000 	C:\WINDOWS\System32\DriverStore\FileRepository\u0390483.inf_amd64_b7c25444b8e9ca60\B389503\atiu9p64.dll
0x00007fff0c240000 - 0x00007fff0cf95000 	C:\WINDOWS\System32\DriverStore\FileRepository\u0390483.inf_amd64_b7c25444b8e9ca60\B389503\atiumd64.dll
0x0000000000040000 - 0x0000000000f68000 	C:\WINDOWS\System32\DriverStore\FileRepository\u0390483.inf_amd64_b7c25444b8e9ca60\B389503\atiumd6a.dll
0x00007fff726f0000 - 0x00007fff72b64000 	C:\WINDOWS\System32\SETUPAPI.dll
0x00007fff64840000 - 0x00007fff64875000 	C:\WINDOWS\SYSTEM32\amdihk64.dll
0x00007fff6a460000 - 0x00007fff6a4aa000 	C:\WINDOWS\SYSTEM32\directxdatabasehelper.dll
0x00007fff23fe0000 - 0x00007fff24067000 	C:\Users\Jenna Miles Reyes\.p2\pool\plugins\org.eclipse.justj.openjdk.hotspot.jre.full.win32.x86_64_22.0.0.v20240322-1225\jre\bin\freetype.dll
0x00007ffed97d0000 - 0x00007ffed98a8000 	C:\Users\Jenna Miles Reyes\.p2\pool\plugins\org.eclipse.justj.openjdk.hotspot.jre.full.win32.x86_64_22.0.0.v20240322-1225\jre\bin\fontmanager.dll
0x00007fff60070000 - 0x00007fff601ba000 	C:\WINDOWS\SYSTEM32\textinputframework.dll
0x00007fff683e0000 - 0x00007fff683f0000 	C:\Users\Jenna Miles Reyes\.p2\pool\plugins\org.eclipse.justj.openjdk.hotspot.jre.full.win32.x86_64_22.0.0.v20240322-1225\jre\bin\net.dll
0x00007fff6f430000 - 0x00007fff6f499000 	C:\WINDOWS\system32\mswsock.dll
0x00007fff683c0000 - 0x00007fff683d6000 	C:\Users\Jenna Miles Reyes\.p2\pool\plugins\org.eclipse.justj.openjdk.hotspot.jre.full.win32.x86_64_22.0.0.v20240322-1225\jre\bin\nio.dll
0x00007fff6cc40000 - 0x00007fff6cd74000 	C:\WINDOWS\SYSTEM32\CoreMessaging.dll
0x00007fff69250000 - 0x00007fff695bc000 	C:\WINDOWS\SYSTEM32\CoreUIComponents.dll
0x00007fff6f660000 - 0x00007fff6f66c000 	C:\WINDOWS\SYSTEM32\CRYPTBASE.DLL
0x00007fff45c90000 - 0x00007fff45cfb000 	C:\WINDOWS\system32\Ninput.dll
0x00007fff557a0000 - 0x00007fff55850000 	C:\WINDOWS\SYSTEM32\TextShaping.dll

dbghelp: loaded successfully - version: 4.0.5 - missing functions: none
symbol engine: initialized successfully - sym options: 0x614 - pdb path: .;C:\Users\Jenna Miles Reyes\.p2\pool\plugins\org.eclipse.justj.openjdk.hotspot.jre.full.win32.x86_64_22.0.0.v20240322-1225\jre\bin;C:\WINDOWS\SYSTEM32;C:\WINDOWS\WinSxS\amd64_microsoft.windows.common-controls_6595b64144ccf1df_6.0.22621.3235_none_270f74e173860f98;C:\Users\Jenna Miles Reyes\.p2\pool\plugins\org.eclipse.justj.openjdk.hotspot.jre.full.win32.x86_64_22.0.0.v20240322-1225\jre\bin\server;C:\WINDOWS\System32\DriverStore\FileRepository\u0390483.inf_amd64_b7c25444b8e9ca60\B389503

VM Arguments:
jvm_args: -Dfile.encoding=UTF-8 -Dstdout.encoding=UTF-8 -Dstderr.encoding=UTF-8 -XX:+ShowCodeDetailsInExceptionMessages 
java_command: JobBoard
java_class_path (initial): C:\Users\Jenna Miles Reyes\eclipse-workspace\Booking System\bin
Launcher Type: SUN_STANDARD

[Global flags]
     intx CICompilerCount                          = 4                                         {product} {ergonomic}
     uint ConcGCThreads                            = 3                                         {product} {ergonomic}
     uint G1ConcRefinementThreads                  = 10                                        {product} {ergonomic}
   size_t G1HeapRegionSize                         = 1048576                                   {product} {ergonomic}
   size_t InitialHeapSize                          = 98566144                                  {product} {ergonomic}
   size_t MarkStackSize                            = 4194304                                   {product} {ergonomic}
   size_t MaxHeapSize                              = 1570766848                                {product} {ergonomic}
   size_t MaxNewSize                               = 941621248                                 {product} {ergonomic}
   size_t MinHeapDeltaBytes                        = 1048576                                   {product} {ergonomic}
   size_t MinHeapSize                              = 8388608                                   {product} {ergonomic}
    uintx NonNMethodCodeHeapSize                   = 5839372                                {pd product} {ergonomic}
    uintx NonProfiledCodeHeapSize                  = 122909434                              {pd product} {ergonomic}
    uintx ProfiledCodeHeapSize                     = 122909434                              {pd product} {ergonomic}
    uintx ReservedCodeCacheSize                    = 251658240                              {pd product} {ergonomic}
     bool SegmentedCodeCache                       = true                                      {product} {ergonomic}
     bool ShowCodeDetailsInExceptionMessages       = true                                   {manageable} {command line}
   size_t SoftMaxHeapSize                          = 1570766848                             {manageable} {ergonomic}
     bool UseCompressedOops                        = true                           {product lp64_product} {ergonomic}
     bool UseG1GC                                  = true                                      {product} {ergonomic}
     bool UseLargePagesIndividualAllocation        = false                                  {pd product} {ergonomic}

Logging:
Log output configuration:
 #0: stdout all=warning uptime,level,tags foldmultilines=false
 #1: stderr all=off uptime,level,tags foldmultilines=false

Environment Variables:
PATH=C:/Users/Jenna Miles Reyes/.p2/pool/plugins/org.eclipse.justj.openjdk.hotspot.jre.full.win32.x86_64_22.0.0.v20240322-1225/jre/bin/server;C:/Users/Jenna Miles Reyes/.p2/pool/plugins/org.eclipse.justj.openjdk.hotspot.jre.full.win32.x86_64_22.0.0.v20240322-1225/jre/bin;C:\WINDOWS\system32;C:\WINDOWS;C:\WINDOWS\System32\Wbem;C:\WINDOWS\System32\WindowsPowerShell\v1.0\;C:\WINDOWS\System32\OpenSSH\;C:\Program Files\Microsoft SQL Server\150\Tools\Binn\;C:\Program Files\dotnet\;C:\Users\Jenna Miles Reyes\AppData\Local\Programs\Python\Python312\Scripts\;C:\Users\Jenna Miles Reyes\AppData\Local\Programs\Python\Python312\;C:\Users\Jenna Miles Reyes\AppData\Local\Programs\Python\Launcher\;C:\Users\Jenna Miles Reyes\AppData\Local\Microsoft\WindowsApps;C:\MinGW\bin;C:\Users\Jenna Miles Reyes\.dotnet\tools;C:\Users\Jenna Miles Reyes\AppData\Local\Programs\Microsoft VS Code\bin;C:\WINDOWS\system32;
USERNAME=Jenna Miles Reyes
OS=Windows_NT
PROCESSOR_IDENTIFIER=AMD64 Family 25 Model 80 Stepping 0, AuthenticAMD
TMP=C:\Users\JENNAM~1\AppData\Local\Temp
TEMP=C:\Users\JENNAM~1\AppData\Local\Temp




Periodic native trim disabled

---------------  S Y S T E M  ---------------

OS:
 Windows 11 , 64 bit Build 22621 (10.0.22621.3374)
OS uptime: 0 days 1:05 hours
Hyper-V role detected

CPU: total 12 (initial active 12) (12 cores per cpu, 2 threads per core) family 25 model 80 stepping 0 microcode 0x0, cx8, cmov, fxsr, ht, mmx, 3dnowpref, sse, sse2, sse3, ssse3, sse4a, sse4.1, sse4.2, popcnt, lzcnt, tsc, tscinvbit, avx, avx2, aes, erms, clmul, bmi1, bmi2, adx, sha, fma, vzeroupper, clflush, clflushopt, hv, rdtscp, rdpid, fsrm, f16c, cet_ss
Processor Information for all 12 processors :
  Max Mhz: 2301, Current Mhz: 1904, Mhz Limit: 2301

Memory: 4k page, system-wide physical 5989M (27M free)
TotalPageFile size 24421M (AvailPageFile size 38M)
current process WorkingSet (physical memory assigned to process): 84M, peak: 549M
current process commit charge ("private bytes"): 1209M, peak: 1349M

vm_info: OpenJDK 64-Bit Server VM (22+36) for windows-amd64 JRE (22+36), built on 2024-03-19T00:00:00Z by "admin" with MS VC++ 17.7 (VS2022)

END.
