#
# There is insufficient memory for the Java Runtime Environment to continue.
# Native memory allocation (malloc) failed to allocate 163168 bytes. Error detail: Chunk::new
# Possible reasons:
#   The system is out of physical RAM or swap space
#   This process is running with CompressedOops enabled, and the Java Heap may be blocking the growth of the native heap
# Possible solutions:
#   Reduce memory load on the system
#   Increase physical memory or swap space
#   Check if swap backing store is full
#   Decrease Java heap size (-Xmx/-Xms)
#   Decrease number of Java threads
#   Decrease Java thread stack sizes (-Xss)
#   Set larger code cache with -XX:ReservedCodeCacheSize=
#   JVM is running with Unscaled Compressed Oops mode in which the Java heap is
#     placed in the first 4GB address space. The Java Heap base address is the
#     maximum limit for the native heap growth. Please use -XX:HeapBaseMinAddress
#     to set the Java Heap base and to place the Java Heap above 4GB virtual address.
# This output file may be truncated or incomplete.
#
#  Out of Memory Error (arena.cpp:150), pid=32700, tid=33976
#
# JRE version: OpenJDK Runtime Environment Temurin-22+36 (22.0+36) (build 22+36)
# Java VM: OpenJDK 64-Bit Server VM Temurin-22+36 (22+36, mixed mode, tiered, compressed oops, compressed class ptrs, g1 gc, windows-amd64)
# No core dump will be written. Minidumps are not enabled by default on client versions of Windows
#

---------------  S U M M A R Y ------------

Command Line: -Dfile.encoding=UTF-8 -Dstdout.encoding=UTF-8 -Dstderr.encoding=UTF-8 -XX:+ShowCodeDetailsInExceptionMessages JobBoard

Host: AMD Ryzen 5 5625U with Radeon Graphics         , 12 cores, 5G,  Windows 11 , 64 bit Build 22621 (10.0.22621.3374)
Time: Thu Apr 25 10:51:05 2024 Malay Peninsula Standard Time elapsed time: 332.543262 seconds (0d 0h 5m 32s)

---------------  T H R E A D  ---------------

Current thread (0x000001f24d865030):  JavaThread "C2 CompilerThread0" daemon [_thread_in_native, id=33976, stack(0x0000000cdfd00000,0x0000000cdfe00000) (1024K)]


Current CompileTask:
C2:332543 1399       4       java.util.HashMap::put (13 bytes)

Stack: [0x0000000cdfd00000,0x0000000cdfe00000]
Native frames: (J=compiled Java code, j=interpreted, Vv=VM code, C=native code)
V  [jvm.dll+0x6ea2f9]  (no source info available)
V  [jvm.dll+0x8ccec3]  (no source info available)
V  [jvm.dll+0x8cf2ee]  (no source info available)
V  [jvm.dll+0x8cf9c3]  (no source info available)
V  [jvm.dll+0x286dd6]  (no source info available)
V  [jvm.dll+0xc3b8f]  (no source info available)
V  [jvm.dll+0xc3deb]  (no source info available)
V  [jvm.dll+0x3c15fc]  (no source info available)
V  [jvm.dll+0x38e1ab]  (no source info available)
V  [jvm.dll+0x38d60a]  (no source info available)
V  [jvm.dll+0x24dea8]  (no source info available)
V  [jvm.dll+0x24d54f]  (no source info available)
V  [jvm.dll+0x1cad00]  (no source info available)
V  [jvm.dll+0x25d3bb]  (no source info available)
V  [jvm.dll+0x25b68a]  (no source info available)
V  [jvm.dll+0x3fbc96]  (no source info available)
V  [jvm.dll+0x8752db]  (no source info available)
V  [jvm.dll+0x6e89f5]  (no source info available)
C  [ucrtbase.dll+0x29333]  (no source info available)
C  [KERNEL32.DLL+0x1257d]  (no source info available)
C  [ntdll.dll+0x5aa48]  (no source info available)


---------------  P R O C E S S  ---------------

Threads class SMR info:
_java_thread_list=0x000001f2523b00b0, length=16, elements={
0x000001f24d842fb0, 0x000001f24d845630, 0x000001f24d850f30, 0x000001f24d851f10,
0x000001f24d875660, 0x000001f24d852580, 0x000001f24d865030, 0x000001f24d881a40,
0x000001f24da09310, 0x000001f24da341e0, 0x000001f2521184d0, 0x000001f252118b40,
0x000001f252129620, 0x000001f2523a3350, 0x000001f233befe10, 0x000001f2523bb6a0
}

Java Threads: ( => current thread )
  0x000001f24d842fb0 JavaThread "Reference Handler"          daemon [_thread_blocked, id=4812, stack(0x0000000cdf700000,0x0000000cdf800000) (1024K)]
  0x000001f24d845630 JavaThread "Finalizer"                  daemon [_thread_blocked, id=34056, stack(0x0000000cdf800000,0x0000000cdf900000) (1024K)]
  0x000001f24d850f30 JavaThread "Signal Dispatcher"          daemon [_thread_blocked, id=34236, stack(0x0000000cdf900000,0x0000000cdfa00000) (1024K)]
  0x000001f24d851f10 JavaThread "Attach Listener"            daemon [_thread_blocked, id=34332, stack(0x0000000cdfa00000,0x0000000cdfb00000) (1024K)]
  0x000001f24d875660 JavaThread "Service Thread"             daemon [_thread_blocked, id=33560, stack(0x0000000cdfb00000,0x0000000cdfc00000) (1024K)]
  0x000001f24d852580 JavaThread "Monitor Deflation Thread"   daemon [_thread_blocked, id=33548, stack(0x0000000cdfc00000,0x0000000cdfd00000) (1024K)]
=>0x000001f24d865030 JavaThread "C2 CompilerThread0"         daemon [_thread_in_native, id=33976, stack(0x0000000cdfd00000,0x0000000cdfe00000) (1024K)]
  0x000001f24d881a40 JavaThread "C1 CompilerThread0"         daemon [_thread_blocked, id=16648, stack(0x0000000cdfe00000,0x0000000cdff00000) (1024K)]
  0x000001f24da09310 JavaThread "Notification Thread"        daemon [_thread_blocked, id=30752, stack(0x0000000cdff00000,0x0000000ce0000000) (1024K)]
  0x000001f24da341e0 JavaThread "Common-Cleaner"             daemon [_thread_blocked, id=2588, stack(0x0000000ce0000000,0x0000000ce0100000) (1024K)]
  0x000001f2521184d0 JavaThread "Java2D Disposer"            daemon [_thread_blocked, id=33852, stack(0x0000000ce0100000,0x0000000ce0200000) (1024K)]
  0x000001f252118b40 JavaThread "AWT-Shutdown"                      [_thread_blocked, id=12020, stack(0x0000000ce0200000,0x0000000ce0300000) (1024K)]
  0x000001f252129620 JavaThread "AWT-Windows"                daemon [_thread_in_native, id=34412, stack(0x0000000ce0300000,0x0000000ce0400000) (1024K)]
  0x000001f2523a3350 JavaThread "AWT-EventQueue-0"                  [_thread_in_native, id=23904, stack(0x0000000ce0e00000,0x0000000ce0f00000) (1024K)]
  0x000001f233befe10 JavaThread "DestroyJavaVM"                     [_thread_blocked, id=6256, stack(0x0000000cdef00000,0x0000000cdf000000) (1024K)]
  0x000001f2523bb6a0 JavaThread "D3D Screen Updater"         daemon [_thread_blocked, id=34552, stack(0x0000000ce0f00000,0x0000000ce1000000) (1024K)]
Total: 16

Other Threads:
  0x000001f24d7abfb0 VMThread "VM Thread"                           [id=14008, stack(0x0000000cdf600000,0x0000000cdf700000) (1024K)]
  0x000001f24d75ce80 WatcherThread "VM Periodic Task Thread"        [id=34700, stack(0x0000000cdf500000,0x0000000cdf600000) (1024K)]
  0x000001f235e01e80 WorkerThread "GC Thread#0"                     [id=4068, stack(0x0000000cdf000000,0x0000000cdf100000) (1024K)]
  0x000001f235e0ebe0 ConcurrentGCThread "G1 Main Marker"            [id=14012, stack(0x0000000cdf100000,0x0000000cdf200000) (1024K)]
  0x000001f235e0fe90 WorkerThread "G1 Conc#0"                       [id=30700, stack(0x0000000cdf200000,0x0000000cdf300000) (1024K)]
  0x000001f235e7e5b0 ConcurrentGCThread "G1 Refine#0"               [id=33880, stack(0x0000000cdf300000,0x0000000cdf400000) (1024K)]
  0x000001f24d6332e0 ConcurrentGCThread "G1 Service"                [id=32648, stack(0x0000000cdf400000,0x0000000cdf500000) (1024K)]
Total: 7

Threads with active compile tasks:
C2 CompilerThread0  332672 1399       4       java.util.HashMap::put (13 bytes)
Total: 1

VM state: not at safepoint (normal execution)

VM Mutex/Monitor currently owned by a thread: None

Heap address: 0x00000000a2600000, size: 1498 MB, Compressed Oops mode: 32-bit

CDS archive(s) not mapped
Compressed class space mapped at: 0x000000000a000000-0x000000004a000000, reserved size: 1073741824
Narrow klass base: 0x0000000000000000, Narrow klass shift: 0, Narrow klass range: 0x4a000000

GC Precious Log:
 CardTable entry size: 512
 Card Set container configuration: InlinePtr #cards 5 size 8 Array Of Cards #cards 12 size 40 Howl #buckets 4 coarsen threshold 1843 Howl Bitmap #cards 512 size 80 coarsen threshold 460 Card regions per heap region 1 cards per card region 2048
 CPUs: 12 total, 12 available
 Memory: 5989M
 Large Page Support: Disabled
 NUMA Support: Disabled
 Compressed Oops: Enabled (32-bit)
 Heap Region Size: 1M
 Heap Min Capacity: 8M
 Heap Initial Capacity: 94M
 Heap Max Capacity: 1498M
 Pre-touch: Disabled
 Parallel Workers: 10
 Concurrent Workers: 3
 Concurrent Refinement Workers: 10
 Periodic GC: Disabled

Heap:
 garbage-first heap   total reserved 1533952K, committed 96256K, used 25600K [0x00000000a2600000, 0x0000000100000000)
  region size 1024K, 19 young (19456K), 0 survivors (0K)
 Metaspace       used 14001K, committed 14208K, reserved 1114112K
  class space    used 1328K, committed 1472K, reserved 1048576K

Heap Regions: E=young(eden), S=young(survivor), O=old, HS=humongous(starts), HC=humongous(continues), CS=collection set, F=free, TAMS=top-at-mark-start, PB=parsable bottom
|   0|0x00000000a2600000, 0x00000000a2700000, 0x00000000a2700000|100%|HS|  |TAMS 0x00000000a2600000| PB 0x00000000a2600000| Complete |  0
|   1|0x00000000a2700000, 0x00000000a2800000, 0x00000000a2800000|100%|HC|  |TAMS 0x00000000a2700000| PB 0x00000000a2700000| Complete |  0
|   2|0x00000000a2800000, 0x00000000a2900000, 0x00000000a2900000|100%|HC|  |TAMS 0x00000000a2800000| PB 0x00000000a2800000| Complete |  0
|   3|0x00000000a2900000, 0x00000000a2a00000, 0x00000000a2a00000|100%|HC|  |TAMS 0x00000000a2900000| PB 0x00000000a2900000| Complete |  0
|   4|0x00000000a2a00000, 0x00000000a2b00000, 0x00000000a2b00000|100%|HC|  |TAMS 0x00000000a2a00000| PB 0x00000000a2a00000| Complete |  0
|   5|0x00000000a2b00000, 0x00000000a2c00000, 0x00000000a2c00000|100%|HC|  |TAMS 0x00000000a2b00000| PB 0x00000000a2b00000| Complete |  0
|   6|0x00000000a2c00000, 0x00000000a2d00000, 0x00000000a2d00000|100%|HC|  |TAMS 0x00000000a2c00000| PB 0x00000000a2c00000| Complete |  0
|   7|0x00000000a2d00000, 0x00000000a2e00000, 0x00000000a2e00000|100%|HC|  |TAMS 0x00000000a2d00000| PB 0x00000000a2d00000| Complete |  0
|   8|0x00000000a2e00000, 0x00000000a2e00000, 0x00000000a2f00000|  0%| F|  |TAMS 0x00000000a2e00000| PB 0x00000000a2e00000| Untracked |  0
|   9|0x00000000a2f00000, 0x00000000a2f00000, 0x00000000a3000000|  0%| F|  |TAMS 0x00000000a2f00000| PB 0x00000000a2f00000| Untracked |  0
|  10|0x00000000a3000000, 0x00000000a3000000, 0x00000000a3100000|  0%| F|  |TAMS 0x00000000a3000000| PB 0x00000000a3000000| Untracked |  0
|  11|0x00000000a3100000, 0x00000000a3100000, 0x00000000a3200000|  0%| F|  |TAMS 0x00000000a3100000| PB 0x00000000a3100000| Untracked |  0
|  12|0x00000000a3200000, 0x00000000a3200000, 0x00000000a3300000|  0%| F|  |TAMS 0x00000000a3200000| PB 0x00000000a3200000| Untracked |  0
|  13|0x00000000a3300000, 0x00000000a3300000, 0x00000000a3400000|  0%| F|  |TAMS 0x00000000a3300000| PB 0x00000000a3300000| Untracked |  0
|  14|0x00000000a3400000, 0x00000000a3400000, 0x00000000a3500000|  0%| F|  |TAMS 0x00000000a3400000| PB 0x00000000a3400000| Untracked |  0
|  15|0x00000000a3500000, 0x00000000a3500000, 0x00000000a3600000|  0%| F|  |TAMS 0x00000000a3500000| PB 0x00000000a3500000| Untracked |  0
|  16|0x00000000a3600000, 0x00000000a3600000, 0x00000000a3700000|  0%| F|  |TAMS 0x00000000a3600000| PB 0x00000000a3600000| Untracked |  0
|  17|0x00000000a3700000, 0x00000000a3700000, 0x00000000a3800000|  0%| F|  |TAMS 0x00000000a3700000| PB 0x00000000a3700000| Untracked |  0
|  18|0x00000000a3800000, 0x00000000a3800000, 0x00000000a3900000|  0%| F|  |TAMS 0x00000000a3800000| PB 0x00000000a3800000| Untracked |  0
|  19|0x00000000a3900000, 0x00000000a3900000, 0x00000000a3a00000|  0%| F|  |TAMS 0x00000000a3900000| PB 0x00000000a3900000| Untracked |  0
|  20|0x00000000a3a00000, 0x00000000a3a00000, 0x00000000a3b00000|  0%| F|  |TAMS 0x00000000a3a00000| PB 0x00000000a3a00000| Untracked |  0
|  21|0x00000000a3b00000, 0x00000000a3b00000, 0x00000000a3c00000|  0%| F|  |TAMS 0x00000000a3b00000| PB 0x00000000a3b00000| Untracked |  0
|  22|0x00000000a3c00000, 0x00000000a3c00000, 0x00000000a3d00000|  0%| F|  |TAMS 0x00000000a3c00000| PB 0x00000000a3c00000| Untracked |  0
|  23|0x00000000a3d00000, 0x00000000a3d00000, 0x00000000a3e00000|  0%| F|  |TAMS 0x00000000a3d00000| PB 0x00000000a3d00000| Untracked |  0
|  24|0x00000000a3e00000, 0x00000000a3e00000, 0x00000000a3f00000|  0%| F|  |TAMS 0x00000000a3e00000| PB 0x00000000a3e00000| Untracked |  0
|  25|0x00000000a3f00000, 0x00000000a3f00000, 0x00000000a4000000|  0%| F|  |TAMS 0x00000000a3f00000| PB 0x00000000a3f00000| Untracked |  0
|  26|0x00000000a4000000, 0x00000000a4000000, 0x00000000a4100000|  0%| F|  |TAMS 0x00000000a4000000| PB 0x00000000a4000000| Untracked |  0
|  27|0x00000000a4100000, 0x00000000a4100000, 0x00000000a4200000|  0%| F|  |TAMS 0x00000000a4100000| PB 0x00000000a4100000| Untracked |  0
|  28|0x00000000a4200000, 0x00000000a4200000, 0x00000000a4300000|  0%| F|  |TAMS 0x00000000a4200000| PB 0x00000000a4200000| Untracked |  0
|  29|0x00000000a4300000, 0x00000000a4300000, 0x00000000a4400000|  0%| F|  |TAMS 0x00000000a4300000| PB 0x00000000a4300000| Untracked |  0
|  30|0x00000000a4400000, 0x00000000a4400000, 0x00000000a4500000|  0%| F|  |TAMS 0x00000000a4400000| PB 0x00000000a4400000| Untracked |  0
|  31|0x00000000a4500000, 0x00000000a4500000, 0x00000000a4600000|  0%| F|  |TAMS 0x00000000a4500000| PB 0x00000000a4500000| Untracked |  0
|  32|0x00000000a4600000, 0x00000000a4600000, 0x00000000a4700000|  0%| F|  |TAMS 0x00000000a4600000| PB 0x00000000a4600000| Untracked |  0
|  33|0x00000000a4700000, 0x00000000a4700000, 0x00000000a4800000|  0%| F|  |TAMS 0x00000000a4700000| PB 0x00000000a4700000| Untracked |  0
|  34|0x00000000a4800000, 0x00000000a4800000, 0x00000000a4900000|  0%| F|  |TAMS 0x00000000a4800000| PB 0x00000000a4800000| Untracked |  0
|  35|0x00000000a4900000, 0x00000000a4900000, 0x00000000a4a00000|  0%| F|  |TAMS 0x00000000a4900000| PB 0x00000000a4900000| Untracked |  0
|  36|0x00000000a4a00000, 0x00000000a4a00000, 0x00000000a4b00000|  0%| F|  |TAMS 0x00000000a4a00000| PB 0x00000000a4a00000| Untracked |  0
|  37|0x00000000a4b00000, 0x00000000a4b00000, 0x00000000a4c00000|  0%| F|  |TAMS 0x00000000a4b00000| PB 0x00000000a4b00000| Untracked |  0
|  38|0x00000000a4c00000, 0x00000000a4c00000, 0x00000000a4d00000|  0%| F|  |TAMS 0x00000000a4c00000| PB 0x00000000a4c00000| Untracked |  0
|  39|0x00000000a4d00000, 0x00000000a4d00000, 0x00000000a4e00000|  0%| F|  |TAMS 0x00000000a4d00000| PB 0x00000000a4d00000| Untracked |  0
|  40|0x00000000a4e00000, 0x00000000a4e00000, 0x00000000a4f00000|  0%| F|  |TAMS 0x00000000a4e00000| PB 0x00000000a4e00000| Untracked |  0
|  41|0x00000000a4f00000, 0x00000000a4f00000, 0x00000000a5000000|  0%| F|  |TAMS 0x00000000a4f00000| PB 0x00000000a4f00000| Untracked |  0
|  42|0x00000000a5000000, 0x00000000a5000000, 0x00000000a5100000|  0%| F|  |TAMS 0x00000000a5000000| PB 0x00000000a5000000| Untracked |  0
|  43|0x00000000a5100000, 0x00000000a5100000, 0x00000000a5200000|  0%| F|  |TAMS 0x00000000a5100000| PB 0x00000000a5100000| Untracked |  0
|  44|0x00000000a5200000, 0x00000000a5200000, 0x00000000a5300000|  0%| F|  |TAMS 0x00000000a5200000| PB 0x00000000a5200000| Untracked |  0
|  45|0x00000000a5300000, 0x00000000a5300000, 0x00000000a5400000|  0%| F|  |TAMS 0x00000000a5300000| PB 0x00000000a5300000| Untracked |  0
|  46|0x00000000a5400000, 0x00000000a5400000, 0x00000000a5500000|  0%| F|  |TAMS 0x00000000a5400000| PB 0x00000000a5400000| Untracked |  0
|  47|0x00000000a5500000, 0x00000000a5500000, 0x00000000a5600000|  0%| F|  |TAMS 0x00000000a5500000| PB 0x00000000a5500000| Untracked |  0
|  48|0x00000000a5600000, 0x00000000a5600000, 0x00000000a5700000|  0%| F|  |TAMS 0x00000000a5600000| PB 0x00000000a5600000| Untracked |  0
|  49|0x00000000a5700000, 0x00000000a5700000, 0x00000000a5800000|  0%| F|  |TAMS 0x00000000a5700000| PB 0x00000000a5700000| Untracked |  0
|  50|0x00000000a5800000, 0x00000000a5800000, 0x00000000a5900000|  0%| F|  |TAMS 0x00000000a5800000| PB 0x00000000a5800000| Untracked |  0
|  51|0x00000000a5900000, 0x00000000a5900000, 0x00000000a5a00000|  0%| F|  |TAMS 0x00000000a5900000| PB 0x00000000a5900000| Untracked |  0
|  52|0x00000000a5a00000, 0x00000000a5a00000, 0x00000000a5b00000|  0%| F|  |TAMS 0x00000000a5a00000| PB 0x00000000a5a00000| Untracked |  0
|  53|0x00000000a5b00000, 0x00000000a5b00000, 0x00000000a5c00000|  0%| F|  |TAMS 0x00000000a5b00000| PB 0x00000000a5b00000| Untracked |  0
|  54|0x00000000a5c00000, 0x00000000a5c00000, 0x00000000a5d00000|  0%| F|  |TAMS 0x00000000a5c00000| PB 0x00000000a5c00000| Untracked |  0
|  55|0x00000000a5d00000, 0x00000000a5d00000, 0x00000000a5e00000|  0%| F|  |TAMS 0x00000000a5d00000| PB 0x00000000a5d00000| Untracked |  0
|  56|0x00000000a5e00000, 0x00000000a5e00000, 0x00000000a5f00000|  0%| F|  |TAMS 0x00000000a5e00000| PB 0x00000000a5e00000| Untracked |  0
|  57|0x00000000a5f00000, 0x00000000a5f00000, 0x00000000a6000000|  0%| F|  |TAMS 0x00000000a5f00000| PB 0x00000000a5f00000| Untracked |  0
|  58|0x00000000a6000000, 0x00000000a6000000, 0x00000000a6100000|  0%| F|  |TAMS 0x00000000a6000000| PB 0x00000000a6000000| Untracked |  0
|  59|0x00000000a6100000, 0x00000000a6100000, 0x00000000a6200000|  0%| F|  |TAMS 0x00000000a6100000| PB 0x00000000a6100000| Untracked |  0
|  60|0x00000000a6200000, 0x00000000a6200000, 0x00000000a6300000|  0%| F|  |TAMS 0x00000000a6200000| PB 0x00000000a6200000| Untracked |  0
|  61|0x00000000a6300000, 0x00000000a6300000, 0x00000000a6400000|  0%| F|  |TAMS 0x00000000a6300000| PB 0x00000000a6300000| Untracked |  0
|  62|0x00000000a6400000, 0x00000000a6400000, 0x00000000a6500000|  0%| F|  |TAMS 0x00000000a6400000| PB 0x00000000a6400000| Untracked |  0
|  63|0x00000000a6500000, 0x00000000a6500000, 0x00000000a6600000|  0%| F|  |TAMS 0x00000000a6500000| PB 0x00000000a6500000| Untracked |  0
|  64|0x00000000a6600000, 0x00000000a6600000, 0x00000000a6700000|  0%| F|  |TAMS 0x00000000a6600000| PB 0x00000000a6600000| Untracked |  0
|  65|0x00000000a6700000, 0x00000000a6700000, 0x00000000a6800000|  0%| F|  |TAMS 0x00000000a6700000| PB 0x00000000a6700000| Untracked |  0
|  66|0x00000000a6800000, 0x00000000a6800000, 0x00000000a6900000|  0%| F|  |TAMS 0x00000000a6800000| PB 0x00000000a6800000| Untracked |  0
|  67|0x00000000a6900000, 0x00000000a6900000, 0x00000000a6a00000|  0%| F|  |TAMS 0x00000000a6900000| PB 0x00000000a6900000| Untracked |  0
|  68|0x00000000a6a00000, 0x00000000a6a00000, 0x00000000a6b00000|  0%| F|  |TAMS 0x00000000a6a00000| PB 0x00000000a6a00000| Untracked |  0
|  69|0x00000000a6b00000, 0x00000000a6b00000, 0x00000000a6c00000|  0%| F|  |TAMS 0x00000000a6b00000| PB 0x00000000a6b00000| Untracked |  0
|  70|0x00000000a6c00000, 0x00000000a6c00000, 0x00000000a6d00000|  0%| F|  |TAMS 0x00000000a6c00000| PB 0x00000000a6c00000| Untracked |  0
|  71|0x00000000a6d00000, 0x00000000a6d00000, 0x00000000a6e00000|  0%| F|  |TAMS 0x00000000a6d00000| PB 0x00000000a6d00000| Untracked |  0
|  72|0x00000000a6e00000, 0x00000000a6e00000, 0x00000000a6f00000|  0%| F|  |TAMS 0x00000000a6e00000| PB 0x00000000a6e00000| Untracked |  0
|  73|0x00000000a6f00000, 0x00000000a6faa330, 0x00000000a7000000| 66%| E|  |TAMS 0x00000000a6f00000| PB 0x00000000a6f00000| Complete |  0
|  74|0x00000000a7000000, 0x00000000a7100000, 0x00000000a7100000|100%| E|CS|TAMS 0x00000000a7000000| PB 0x00000000a7000000| Complete |  0
|  75|0x00000000a7100000, 0x00000000a7200000, 0x00000000a7200000|100%| E|CS|TAMS 0x00000000a7100000| PB 0x00000000a7100000| Complete |  0
|  76|0x00000000a7200000, 0x00000000a7300000, 0x00000000a7300000|100%| E|  |TAMS 0x00000000a7200000| PB 0x00000000a7200000| Complete |  0
|  77|0x00000000a7300000, 0x00000000a7400000, 0x00000000a7400000|100%| E|CS|TAMS 0x00000000a7300000| PB 0x00000000a7300000| Complete |  0
|  78|0x00000000a7400000, 0x00000000a7500000, 0x00000000a7500000|100%| E|CS|TAMS 0x00000000a7400000| PB 0x00000000a7400000| Complete |  0
|  79|0x00000000a7500000, 0x00000000a7600000, 0x00000000a7600000|100%| E|CS|TAMS 0x00000000a7500000| PB 0x00000000a7500000| Complete |  0
|  80|0x00000000a7600000, 0x00000000a7700000, 0x00000000a7700000|100%| E|CS|TAMS 0x00000000a7600000| PB 0x00000000a7600000| Complete |  0
|  81|0x00000000a7700000, 0x00000000a7800000, 0x00000000a7800000|100%| E|CS|TAMS 0x00000000a7700000| PB 0x00000000a7700000| Complete |  0
|  82|0x00000000a7800000, 0x00000000a7900000, 0x00000000a7900000|100%| E|CS|TAMS 0x00000000a7800000| PB 0x00000000a7800000| Complete |  0
|  83|0x00000000a7900000, 0x00000000a7a00000, 0x00000000a7a00000|100%| E|CS|TAMS 0x00000000a7900000| PB 0x00000000a7900000| Complete |  0
|  84|0x00000000a7a00000, 0x00000000a7b00000, 0x00000000a7b00000|100%| E|CS|TAMS 0x00000000a7a00000| PB 0x00000000a7a00000| Complete |  0
|  85|0x00000000a7b00000, 0x00000000a7c00000, 0x00000000a7c00000|100%| E|CS|TAMS 0x00000000a7b00000| PB 0x00000000a7b00000| Complete |  0
|  86|0x00000000a7c00000, 0x00000000a7d00000, 0x00000000a7d00000|100%| E|CS|TAMS 0x00000000a7c00000| PB 0x00000000a7c00000| Complete |  0
|  87|0x00000000a7d00000, 0x00000000a7e00000, 0x00000000a7e00000|100%| E|CS|TAMS 0x00000000a7d00000| PB 0x00000000a7d00000| Complete |  0
|  88|0x00000000a7e00000, 0x00000000a7f00000, 0x00000000a7f00000|100%| E|CS|TAMS 0x00000000a7e00000| PB 0x00000000a7e00000| Complete |  0
|  89|0x00000000a7f00000, 0x00000000a8000000, 0x00000000a8000000|100%| E|CS|TAMS 0x00000000a7f00000| PB 0x00000000a7f00000| Complete |  0
|  90|0x00000000a8000000, 0x00000000a8100000, 0x00000000a8100000|100%| E|CS|TAMS 0x00000000a8000000| PB 0x00000000a8000000| Complete |  0
|  91|0x00000000a8100000, 0x00000000a8200000, 0x00000000a8200000|100%| E|CS|TAMS 0x00000000a8100000| PB 0x00000000a8100000| Complete |  0
|  92|0x00000000a8200000, 0x00000000a8300000, 0x00000000a8300000|100%| E|CS|TAMS 0x00000000a8200000| PB 0x00000000a8200000| Complete |  0
|  93|0x00000000a8300000, 0x00000000a8400000, 0x00000000a8400000|100%| E|CS|TAMS 0x00000000a8300000| PB 0x00000000a8300000| Complete |  0

Card table byte_map: [0x000001f2490f0000,0x000001f2493e0000] _byte_map_base: 0x000001f248bdd000

Marking Bits: (CMBitMap*) 0x000001f235e02590
 Bits: [0x000001f2493e0000, 0x000001f24ab48000)

Polling page: 0x000001f233bb0000

Metaspace:

Usage:
  Non-class:     12.38 MB used.
      Class:      1.30 MB used.
       Both:     13.68 MB used.

Virtual space:
  Non-class space:       64.00 MB reserved,      12.44 MB ( 19%) committed,  1 nodes.
      Class space:        1.00 GB reserved,       1.44 MB ( <1%) committed,  1 nodes.
             Both:        1.06 GB reserved,      13.88 MB (  1%) committed. 

Chunk freelists:
   Non-Class:  3.00 MB
       Class:  14.61 MB
        Both:  17.61 MB

MaxMetaspaceSize: unlimited
CompressedClassSpaceSize: 1.00 GB
Initial GC threshold: 21.00 MB
Current GC threshold: 21.00 MB
CDS: off
 - commit_granule_bytes: 65536.
 - commit_granule_words: 8192.
 - virtual_space_node_default_size: 8388608.
 - enlarge_chunks_in_place: 1.
 - use_allocation_guard: 0.


Internal statistics:

num_allocs_failed_limit: 0.
num_arena_births: 140.
num_arena_deaths: 0.
num_vsnodes_births: 2.
num_vsnodes_deaths: 0.
num_space_committed: 222.
num_space_uncommitted: 0.
num_chunks_returned_to_freelist: 0.
num_chunks_taken_from_freelist: 212.
num_chunk_merges: 0.
num_chunk_splits: 111.
num_chunks_enlarged: 38.
num_inconsistent_stats: 0.

CodeHeap 'non-profiled nmethods': size=120000Kb used=381Kb max_used=381Kb free=119618Kb
 bounds [0x000001f241380000, 0x000001f2415f0000, 0x000001f2488b0000]
CodeHeap 'profiled nmethods': size=120000Kb used=2369Kb max_used=2369Kb free=117630Kb
 bounds [0x000001f2398b0000, 0x000001f239b20000, 0x000001f240de0000]
CodeHeap 'non-nmethods': size=5760Kb used=1526Kb max_used=1526Kb free=4233Kb
 bounds [0x000001f240de0000, 0x000001f241050000, 0x000001f241380000]
 total_blobs=2040 nmethods=1442 adapters=503
 compilation: enabled
              stopped_count=0, restarted_count=0
 full_count=0

Compilation events (20 events):
Event: 16.730 Thread 0x000001f24d865030 nmethod 1390 0x000001f2413d8d10 code [0x000001f2413d8e80, 0x000001f2413d8ef0]
Event: 16.731 Thread 0x000001f24d881a40 1391       3       sun.java2d.pipe.Region::getIntersection (132 bytes)
Event: 16.731 Thread 0x000001f24d881a40 nmethod 1391 0x000001f239af4990 code [0x000001f239af4ba0, 0x000001f239af51d0]
Event: 16.731 Thread 0x000001f24d881a40 1392       3       java.lang.invoke.Invokers$Holder::linkToTargetMethod (9 bytes)
Event: 16.731 Thread 0x000001f24d881a40 nmethod 1392 0x000001f239af5390 code [0x000001f239af5540, 0x000001f239af58a8]
Event: 16.943 Thread 0x000001f24d865030 1393       4       java.lang.StringLatin1::hashCode (52 bytes)
Event: 16.944 Thread 0x000001f24d881a40 1394       3       javax.swing.SwingUtilities::getWindowAncestor (31 bytes)
Event: 16.944 Thread 0x000001f24d865030 nmethod 1393 0x000001f2413d9010 code [0x000001f2413d91c0, 0x000001f2413d9458]
Event: 16.944 Thread 0x000001f24d881a40 nmethod 1394 0x000001f239af5990 code [0x000001f239af5b60, 0x000001f239af60a0]
Event: 17.149 Thread 0x000001f24d865030 1395       4       java.util.HashMap::putVal (300 bytes)
Event: 17.156 Thread 0x000001f24d865030 nmethod 1395 0x000001f2413d9510 code [0x000001f2413d9700, 0x000001f2413da0b8]
Event: 17.294 Thread 0x000001f24d881a40 1396       3       java.util.IdentityHashMap$IdentityHashMapIterator::<init> (63 bytes)
Event: 17.294 Thread 0x000001f24d881a40 nmethod 1396 0x000001f239af6210 code [0x000001f239af63c0, 0x000001f239af6660]
Event: 25.293 Thread 0x000001f24d881a40 1397       3       sun.java2d.StateTrackableDelegate$1::isCurrent (17 bytes)
Event: 25.294 Thread 0x000001f24d881a40 nmethod 1397 0x000001f239af6790 code [0x000001f239af6920, 0x000001f239af6a88]
Event: 332.531 Thread 0x000001f24d881a40 1400       3       java.util.WeakHashMap$HashIterator::hasNext (95 bytes)
Event: 332.531 Thread 0x000001f24d865030 1399       4       java.util.HashMap::put (13 bytes)
Event: 332.532 Thread 0x000001f24d881a40 nmethod 1400 0x000001f239af6b10 code [0x000001f239af6ce0, 0x000001f239af7220]
Event: 332.532 Thread 0x000001f24d881a40 1401       3       java.util.WeakHashMap$KeyIterator::next (8 bytes)
Event: 332.532 Thread 0x000001f24d881a40 nmethod 1401 0x000001f239af7410 code [0x000001f239af75e0, 0x000001f239af7968]

GC Heap History (0 events):
No events

Dll operation events (8 events):
Event: 0.011 Loaded shared library C:\Users\Jenna Miles Reyes\.p2\pool\plugins\org.eclipse.justj.openjdk.hotspot.jre.full.win32.x86_64_22.0.0.v20240322-1225\jre\bin\java.dll
Event: 0.016 Loaded shared library C:\Users\Jenna Miles Reyes\.p2\pool\plugins\org.eclipse.justj.openjdk.hotspot.jre.full.win32.x86_64_22.0.0.v20240322-1225\jre\bin\zip.dll
Event: 0.119 Loaded shared library C:\Users\Jenna Miles Reyes\.p2\pool\plugins\org.eclipse.justj.openjdk.hotspot.jre.full.win32.x86_64_22.0.0.v20240322-1225\jre\bin\jimage.dll
Event: 0.141 Loaded shared library C:\Users\Jenna Miles Reyes\.p2\pool\plugins\org.eclipse.justj.openjdk.hotspot.jre.full.win32.x86_64_22.0.0.v20240322-1225\jre\bin\awt.dll
Event: 0.341 Loaded shared library C:\Users\Jenna Miles Reyes\.p2\pool\plugins\org.eclipse.justj.openjdk.hotspot.jre.full.win32.x86_64_22.0.0.v20240322-1225\jre\bin\freetype.dll
Event: 0.342 Loaded shared library C:\Users\Jenna Miles Reyes\.p2\pool\plugins\org.eclipse.justj.openjdk.hotspot.jre.full.win32.x86_64_22.0.0.v20240322-1225\jre\bin\fontmanager.dll
Event: 0.430 Loaded shared library C:\Users\Jenna Miles Reyes\.p2\pool\plugins\org.eclipse.justj.openjdk.hotspot.jre.full.win32.x86_64_22.0.0.v20240322-1225\jre\bin\net.dll
Event: 0.432 Loaded shared library C:\Users\Jenna Miles Reyes\.p2\pool\plugins\org.eclipse.justj.openjdk.hotspot.jre.full.win32.x86_64_22.0.0.v20240322-1225\jre\bin\nio.dll

Deoptimization events (2 events):
Event: 0.362 Thread 0x000001f233befe10 DEOPT PACKING pc=0x000001f2398c8f7c sp=0x0000000cdeffe7e0
Event: 0.362 Thread 0x000001f233befe10 DEOPT UNPACKING pc=0x000001f240e34e42 sp=0x0000000cdeffdc00 mode 0

Classes loaded (20 events):
Event: 332.532 Loading class java/awt/image/DataBufferInt
Event: 332.532 Loading class java/awt/image/DataBuffer
Event: 332.533 Loading class java/awt/image/DataBuffer done
Event: 332.533 Loading class java/awt/image/DataBufferInt done
Event: 332.533 Loading class java/awt/image/DataBuffer$1
Event: 332.533 Loading class sun/awt/image/SunWritableRaster$DataStealer
Event: 332.533 Loading class sun/awt/image/SunWritableRaster$DataStealer done
Event: 332.533 Loading class java/awt/image/DataBuffer$1 done
Event: 332.533 Loading class sun/awt/image/SunWritableRaster
Event: 332.533 Loading class java/awt/image/WritableRaster
Event: 332.534 Loading class java/awt/image/WritableRaster done
Event: 332.534 Loading class sun/awt/image/SunWritableRaster done
Event: 332.534 Loading class java/awt/image/SinglePixelPackedSampleModel
Event: 332.534 Loading class java/awt/image/SampleModel
Event: 332.535 Loading class java/awt/image/SampleModel done
Event: 332.535 Loading class java/awt/image/SinglePixelPackedSampleModel done
Event: 332.536 Loading class sun/awt/image/IntegerInterleavedRaster
Event: 332.540 Loading class sun/awt/image/IntegerComponentRaster
Event: 332.541 Loading class sun/awt/image/IntegerComponentRaster done
Event: 332.541 Loading class sun/awt/image/IntegerInterleavedRaster done

Classes unloaded (0 events):
No events

Classes redefined (0 events):
No events

Internal exceptions (11 events):
Event: 0.131 Thread 0x000001f233befe10 Exception <a 'java/lang/ClassNotFoundException'{0x00000000a82c0620}: sun/awt/resources/spi/awtProvider> (0x00000000a82c0620) 
thrown [s\src\hotspot\share\classfile\systemDictionary.cpp, line 313]
Event: 0.152 Thread 0x000001f233befe10 Exception <a 'java/io/FileNotFoundException'{0x00000000a81255d0}> (0x00000000a81255d0) 
thrown [s\src\hotspot\share\prims\jni.cpp, line 520]
Event: 0.157 Thread 0x000001f233befe10 Exception <a 'java/io/FileNotFoundException'{0x00000000a81538e0}> (0x00000000a81538e0) 
thrown [s\src\hotspot\share\prims\jni.cpp, line 520]
Event: 0.277 Thread 0x000001f233befe10 Exception <a 'java/lang/NoSuchMethodError'{0x00000000a81e6060}: 'void java.lang.invoke.DirectMethodHandle$Holder.invokeSpecial(java.lang.Object, java.lang.Object, java.lang.Object)'> (0x00000000a81e6060) 
thrown [s\src\hotspot\share\interpreter\linkResolver.cpp, line 774]
Event: 0.283 Thread 0x000001f233befe10 Exception <a 'java/lang/NoSuchMethodError'{0x00000000a80915e0}: 'java.lang.Object java.lang.invoke.DirectMethodHandle$Holder.newInvokeSpecial(java.lang.Object, java.lang.Object, java.lang.Object, java.lang.Object, java.lang.Object)'> (0x00000000a80915e0) 
thrown [s\src\hotspot\share\interpreter\linkResolver.cpp, line 774]
Event: 0.286 Thread 0x000001f233befe10 Exception <a 'java/lang/NoSuchMethodError'{0x00000000a80bdf80}: 'java.lang.Object java.lang.invoke.DirectMethodHandle$Holder.invokeStatic(java.lang.Object, int, java.lang.Object)'> (0x00000000a80bdf80) 
thrown [s\src\hotspot\share\interpreter\linkResolver.cpp, line 774]
Event: 0.299 Thread 0x000001f233befe10 Exception <a 'java/lang/ClassNotFoundException'{0x00000000a7f5fd68}: com/sun/swing/internal/plaf/metal/resources/spi/metalProvider> (0x00000000a7f5fd68) 
thrown [s\src\hotspot\share\classfile\systemDictionary.cpp, line 313]
Event: 0.300 Thread 0x000001f233befe10 Exception <a 'java/lang/ClassNotFoundException'{0x00000000a7f63d48}: com/sun/swing/internal/plaf/basic/resources/spi/basicProvider> (0x00000000a7f63d48) 
thrown [s\src\hotspot\share\classfile\systemDictionary.cpp, line 313]
Event: 0.308 Thread 0x000001f233befe10 Exception <a 'java/lang/NoSuchMethodError'{0x00000000a7f83eb8}: 'int java.lang.invoke.Invokers$Holder.invokeExact_MT(java.lang.Object, java.lang.Object)'> (0x00000000a7f83eb8) 
thrown [s\src\hotspot\share\interpreter\linkResolver.cpp, line 774]
Event: 0.325 Thread 0x000001f252129620 Exception <a 'java/lang/NoSuchMethodError'{0x00000000a800e7f0}: 'void java.lang.invoke.DirectMethodHandle$Holder.invokeVirtual(java.lang.Object, java.lang.Object)'> (0x00000000a800e7f0) 
thrown [s\src\hotspot\share\interpreter\linkResolver.cpp, line 774]
Event: 0.337 Thread 0x000001f233befe10 Exception <a 'java/lang/NoSuchMethodError'{0x00000000a7fc5338}: 'void java.lang.invoke.DirectMethodHandle$Holder.invokeStaticInit(java.lang.Object)'> (0x00000000a7fc5338) 
thrown [s\src\hotspot\share\interpreter\linkResolver.cpp, line 774]

ZGC Phase Switch (0 events):
No events

VM Operations (20 events):
Event: 11.544 Executing VM operation: Cleanup
Event: 11.544 Executing VM operation: Cleanup done
Event: 12.552 Executing VM operation: Cleanup
Event: 12.552 Executing VM operation: Cleanup done
Event: 13.560 Executing VM operation: Cleanup
Event: 13.560 Executing VM operation: Cleanup done
Event: 15.577 Executing VM operation: Cleanup
Event: 15.577 Executing VM operation: Cleanup done
Event: 16.591 Executing VM operation: Cleanup
Event: 16.591 Executing VM operation: Cleanup done
Event: 17.593 Executing VM operation: Cleanup
Event: 17.593 Executing VM operation: Cleanup done
Event: 18.605 Executing VM operation: Cleanup
Event: 18.606 Executing VM operation: Cleanup done
Event: 25.665 Executing VM operation: Cleanup
Event: 25.665 Executing VM operation: Cleanup done
Event: 60.123 Executing VM operation: HandshakeAllThreads (HandshakeForDeflation)
Event: 60.123 Executing VM operation: HandshakeAllThreads (HandshakeForDeflation) done
Event: 60.123 Executing VM operation: RendezvousGCThreads
Event: 60.123 Executing VM operation: RendezvousGCThreads done

Events (18 events):
Event: 0.015 Thread 0x000001f233befe10 Thread added: 0x000001f233befe10
Event: 0.052 Thread 0x000001f24d842fb0 Thread added: 0x000001f24d842fb0
Event: 0.052 Thread 0x000001f24d845630 Thread added: 0x000001f24d845630
Event: 0.053 Thread 0x000001f24d850f30 Thread added: 0x000001f24d850f30
Event: 0.053 Thread 0x000001f24d851f10 Thread added: 0x000001f24d851f10
Event: 0.053 Thread 0x000001f24d875660 Thread added: 0x000001f24d875660
Event: 0.053 Thread 0x000001f24d852580 Thread added: 0x000001f24d852580
Event: 0.053 Thread 0x000001f24d865030 Thread added: 0x000001f24d865030
Event: 0.053 Thread 0x000001f24d881a40 Thread added: 0x000001f24d881a40
Event: 0.082 Thread 0x000001f24da09310 Thread added: 0x000001f24da09310
Event: 0.086 Thread 0x000001f24da341e0 Thread added: 0x000001f24da341e0
Event: 0.204 Thread 0x000001f2521184d0 Thread added: 0x000001f2521184d0
Event: 0.205 Thread 0x000001f252118b40 Thread added: 0x000001f252118b40
Event: 0.207 Thread 0x000001f252129620 Thread added: 0x000001f252129620
Event: 0.326 Thread 0x000001f2523a3350 Thread added: 0x000001f2523a3350
Event: 0.415 Thread 0x000001f233befe10 Thread exited: 0x000001f233befe10
Event: 0.415 Thread 0x000001f233befe10 Thread added: 0x000001f233befe10
Event: 0.419 Thread 0x000001f2523bb6a0 Thread added: 0x000001f2523bb6a0


Dynamic libraries:
0x00007ff7acad0000 - 0x00007ff7acade000 	C:\Users\Jenna Miles Reyes\.p2\pool\plugins\org.eclipse.justj.openjdk.hotspot.jre.full.win32.x86_64_22.0.0.v20240322-1225\jre\bin\javaw.exe
0x00007ff96fd90000 - 0x00007ff96ffa6000 	C:\WINDOWS\SYSTEM32\ntdll.dll
0x00007ff96ee50000 - 0x00007ff96ef14000 	C:\WINDOWS\System32\KERNEL32.DLL
0x00007ff96d710000 - 0x00007ff96dab7000 	C:\WINDOWS\System32\KERNELBASE.dll
0x00007ff96d130000 - 0x00007ff96d241000 	C:\WINDOWS\System32\ucrtbase.dll
0x00007ff952bc0000 - 0x00007ff952bd7000 	C:\Users\Jenna Miles Reyes\.p2\pool\plugins\org.eclipse.justj.openjdk.hotspot.jre.full.win32.x86_64_22.0.0.v20240322-1225\jre\bin\jli.dll
0x00007ff950d60000 - 0x00007ff950d7b000 	C:\Users\Jenna Miles Reyes\.p2\pool\plugins\org.eclipse.justj.openjdk.hotspot.jre.full.win32.x86_64_22.0.0.v20240322-1225\jre\bin\VCRUNTIME140.dll
0x00007ff96daf0000 - 0x00007ff96dc9e000 	C:\WINDOWS\System32\USER32.dll
0x00007ff96d310000 - 0x00007ff96d336000 	C:\WINDOWS\System32\win32u.dll
0x00007ff9540a0000 - 0x00007ff954333000 	C:\WINDOWS\WinSxS\amd64_microsoft.windows.common-controls_6595b64144ccf1df_6.0.22621.3235_none_270f74e173860f98\COMCTL32.dll
0x00007ff96dac0000 - 0x00007ff96dae9000 	C:\WINDOWS\System32\GDI32.dll
0x00007ff96e6f0000 - 0x00007ff96e797000 	C:\WINDOWS\System32\msvcrt.dll
0x00007ff96d550000 - 0x00007ff96d669000 	C:\WINDOWS\System32\gdi32full.dll
0x00007ff96d670000 - 0x00007ff96d70a000 	C:\WINDOWS\System32\msvcp_win.dll
0x00007ff96faa0000 - 0x00007ff96fad1000 	C:\WINDOWS\System32\IMM32.DLL
0x00007ff9682d0000 - 0x00007ff9682dc000 	C:\Users\Jenna Miles Reyes\.p2\pool\plugins\org.eclipse.justj.openjdk.hotspot.jre.full.win32.x86_64_22.0.0.v20240322-1225\jre\bin\vcruntime140_1.dll
0x00007ff94fcf0000 - 0x00007ff94fd7e000 	C:\Users\Jenna Miles Reyes\.p2\pool\plugins\org.eclipse.justj.openjdk.hotspot.jre.full.win32.x86_64_22.0.0.v20240322-1225\jre\bin\msvcp140.dll
0x00007ff903bd0000 - 0x00007ff904992000 	C:\Users\Jenna Miles Reyes\.p2\pool\plugins\org.eclipse.justj.openjdk.hotspot.jre.full.win32.x86_64_22.0.0.v20240322-1225\jre\bin\server\jvm.dll
0x00007ff96e900000 - 0x00007ff96e9b2000 	C:\WINDOWS\System32\ADVAPI32.dll
0x00007ff96dca0000 - 0x00007ff96dd48000 	C:\WINDOWS\System32\sechost.dll
0x00007ff96d520000 - 0x00007ff96d548000 	C:\WINDOWS\System32\bcrypt.dll
0x00007ff96e040000 - 0x00007ff96e155000 	C:\WINDOWS\System32\RPCRT4.dll
0x00007ff96f810000 - 0x00007ff96f881000 	C:\WINDOWS\System32\WS2_32.dll
0x00007ff96cd20000 - 0x00007ff96cd6d000 	C:\WINDOWS\SYSTEM32\POWRPROF.dll
0x00007ff9655b0000 - 0x00007ff9655ba000 	C:\WINDOWS\SYSTEM32\VERSION.dll
0x00007ff96ab00000 - 0x00007ff96ab34000 	C:\WINDOWS\SYSTEM32\WINMM.dll
0x00007ff96cd00000 - 0x00007ff96cd13000 	C:\WINDOWS\SYSTEM32\UMPDC.dll
0x00007ff96c050000 - 0x00007ff96c068000 	C:\WINDOWS\SYSTEM32\kernel.appcore.dll
0x00007ff964820000 - 0x00007ff96482a000 	C:\Users\Jenna Miles Reyes\.p2\pool\plugins\org.eclipse.justj.openjdk.hotspot.jre.full.win32.x86_64_22.0.0.v20240322-1225\jre\bin\jimage.dll
0x00007ff96a8c0000 - 0x00007ff96aaf3000 	C:\WINDOWS\SYSTEM32\DBGHELP.DLL
0x00007ff96eac0000 - 0x00007ff96ee48000 	C:\WINDOWS\System32\combase.dll
0x00007ff96fae0000 - 0x00007ff96fbb7000 	C:\WINDOWS\System32\OLEAUT32.dll
0x00007ff96a720000 - 0x00007ff96a752000 	C:\WINDOWS\SYSTEM32\dbgcore.DLL
0x00007ff96d0b0000 - 0x00007ff96d129000 	C:\WINDOWS\System32\bcryptPrimitives.dll
0x00007ff952bf0000 - 0x00007ff952c0e000 	C:\Users\Jenna Miles Reyes\.p2\pool\plugins\org.eclipse.justj.openjdk.hotspot.jre.full.win32.x86_64_22.0.0.v20240322-1225\jre\bin\java.dll
0x00007ff96ef50000 - 0x00007ff96f7ac000 	C:\WINDOWS\System32\SHELL32.dll
0x00007ff96f8f0000 - 0x00007ff96fa95000 	C:\WINDOWS\System32\ole32.dll
0x00007ff951590000 - 0x00007ff9515a7000 	C:\Users\Jenna Miles Reyes\.p2\pool\plugins\org.eclipse.justj.openjdk.hotspot.jre.full.win32.x86_64_22.0.0.v20240322-1225\jre\bin\zip.dll
0x00007ff96afc0000 - 0x00007ff96b8b9000 	C:\WINDOWS\SYSTEM32\windows.storage.dll
0x00007ff96ae80000 - 0x00007ff96afbe000 	C:\WINDOWS\SYSTEM32\wintypes.dll
0x00007ff96fbc0000 - 0x00007ff96fcb3000 	C:\WINDOWS\System32\SHCORE.dll
0x00007ff96df20000 - 0x00007ff96df7e000 	C:\WINDOWS\System32\shlwapi.dll
0x00007ff96cfe0000 - 0x00007ff96d001000 	C:\WINDOWS\SYSTEM32\profapi.dll
0x00007ff926760000 - 0x00007ff9268ec000 	C:\Users\Jenna Miles Reyes\.p2\pool\plugins\org.eclipse.justj.openjdk.hotspot.jre.full.win32.x86_64_22.0.0.v20240322-1225\jre\bin\awt.dll
0x00007ff969d60000 - 0x00007ff969df7000 	C:\WINDOWS\SYSTEM32\apphelp.dll
0x00007ff96a190000 - 0x00007ff96a1bb000 	C:\WINDOWS\system32\DWMAPI.DLL
0x00007ff969f30000 - 0x00007ff969fdb000 	C:\WINDOWS\system32\uxtheme.dll
0x00007ff91f420000 - 0x00007ff91f520000 	C:\WINDOWS\system32\opengl32.dll
0x00007ff933de0000 - 0x00007ff933e0d000 	C:\WINDOWS\SYSTEM32\GLU32.dll
0x00007ff96a030000 - 0x00007ff96a069000 	C:\WINDOWS\SYSTEM32\dxcore.dll
0x00007ff96e7a0000 - 0x00007ff96e8f3000 	C:\WINDOWS\System32\MSCTF.dll
0x00007ff933e10000 - 0x00007ff933fb9000 	C:\WINDOWS\system32\d3d9.dll
0x00007ff9639d0000 - 0x00007ff963b8b000 	C:\WINDOWS\System32\DriverStore\FileRepository\u0390483.inf_amd64_b7c25444b8e9ca60\B389503\aticfx64.dll
0x00007ff91c100000 - 0x00007ff91c134000 	C:\WINDOWS\System32\DriverStore\FileRepository\u0390483.inf_amd64_b7c25444b8e9ca60\B389503\atiu9p64.dll
0x00007ff919b70000 - 0x00007ff91a8c5000 	C:\WINDOWS\System32\DriverStore\FileRepository\u0390483.inf_amd64_b7c25444b8e9ca60\B389503\atiumd64.dll
0x00000000541f0000 - 0x0000000055118000 	C:\WINDOWS\System32\DriverStore\FileRepository\u0390483.inf_amd64_b7c25444b8e9ca60\B389503\atiumd6a.dll
0x00007ff96e270000 - 0x00007ff96e6e4000 	C:\WINDOWS\System32\SETUPAPI.dll
0x00007ff9638d0000 - 0x00007ff963905000 	C:\WINDOWS\SYSTEM32\amdihk64.dll
0x00007ff967a50000 - 0x00007ff967a9a000 	C:\WINDOWS\SYSTEM32\directxdatabasehelper.dll
0x00007ff94fb50000 - 0x00007ff94fbd7000 	C:\Users\Jenna Miles Reyes\.p2\pool\plugins\org.eclipse.justj.openjdk.hotspot.jre.full.win32.x86_64_22.0.0.v20240322-1225\jre\bin\freetype.dll
0x00007ff93e130000 - 0x00007ff93e208000 	C:\Users\Jenna Miles Reyes\.p2\pool\plugins\org.eclipse.justj.openjdk.hotspot.jre.full.win32.x86_64_22.0.0.v20240322-1225\jre\bin\fontmanager.dll
0x00007ff94c190000 - 0x00007ff94c2da000 	C:\WINDOWS\SYSTEM32\textinputframework.dll
0x00007ff964810000 - 0x00007ff964820000 	C:\Users\Jenna Miles Reyes\.p2\pool\plugins\org.eclipse.justj.openjdk.hotspot.jre.full.win32.x86_64_22.0.0.v20240322-1225\jre\bin\net.dll
0x00007ff96c520000 - 0x00007ff96c589000 	C:\WINDOWS\system32\mswsock.dll
0x00007ff950bb0000 - 0x00007ff950bc6000 	C:\Users\Jenna Miles Reyes\.p2\pool\plugins\org.eclipse.justj.openjdk.hotspot.jre.full.win32.x86_64_22.0.0.v20240322-1225\jre\bin\nio.dll
0x00007ff969a70000 - 0x00007ff969ba4000 	C:\WINDOWS\SYSTEM32\CoreMessaging.dll
0x00007ff966ee0000 - 0x00007ff96724c000 	C:\WINDOWS\SYSTEM32\CoreUIComponents.dll
0x00007ff96c760000 - 0x00007ff96c76c000 	C:\WINDOWS\SYSTEM32\CRYPTBASE.DLL

dbghelp: loaded successfully - version: 4.0.5 - missing functions: none
symbol engine: initialized successfully - sym options: 0x614 - pdb path: .;C:\Users\Jenna Miles Reyes\.p2\pool\plugins\org.eclipse.justj.openjdk.hotspot.jre.full.win32.x86_64_22.0.0.v20240322-1225\jre\bin;C:\WINDOWS\SYSTEM32;C:\WINDOWS\WinSxS\amd64_microsoft.windows.common-controls_6595b64144ccf1df_6.0.22621.3235_none_270f74e173860f98;C:\Users\Jenna Miles Reyes\.p2\pool\plugins\org.eclipse.justj.openjdk.hotspot.jre.full.win32.x86_64_22.0.0.v20240322-1225\jre\bin\server;C:\WINDOWS\System32\DriverStore\FileRepository\u0390483.inf_amd64_b7c25444b8e9ca60\B389503

VM Arguments:
jvm_args: -Dfile.encoding=UTF-8 -Dstdout.encoding=UTF-8 -Dstderr.encoding=UTF-8 -XX:+ShowCodeDetailsInExceptionMessages 
java_command: JobBoard
java_class_path (initial): C:\Users\Jenna Miles Reyes\eclipse-workspace\Booking System\bin
Launcher Type: SUN_STANDARD

[Global flags]
     intx CICompilerCount                          = 4                                         {product} {ergonomic}
     uint ConcGCThreads                            = 3                                         {product} {ergonomic}
     uint G1ConcRefinementThreads                  = 10                                        {product} {ergonomic}
   size_t G1HeapRegionSize                         = 1048576                                   {product} {ergonomic}
   size_t InitialHeapSize                          = 98566144                                  {product} {ergonomic}
   size_t MarkStackSize                            = 4194304                                   {product} {ergonomic}
   size_t MaxHeapSize                              = 1570766848                                {product} {ergonomic}
   size_t MaxNewSize                               = 941621248                                 {product} {ergonomic}
   size_t MinHeapDeltaBytes                        = 1048576                                   {product} {ergonomic}
   size_t MinHeapSize                              = 8388608                                   {product} {ergonomic}
    uintx NonNMethodCodeHeapSize                   = 5839372                                {pd product} {ergonomic}
    uintx NonProfiledCodeHeapSize                  = 122909434                              {pd product} {ergonomic}
    uintx ProfiledCodeHeapSize                     = 122909434                              {pd product} {ergonomic}
    uintx ReservedCodeCacheSize                    = 251658240                              {pd product} {ergonomic}
     bool SegmentedCodeCache                       = true                                      {product} {ergonomic}
     bool ShowCodeDetailsInExceptionMessages       = true                                   {manageable} {command line}
   size_t SoftMaxHeapSize                          = 1570766848                             {manageable} {ergonomic}
     bool UseCompressedOops                        = true                           {product lp64_product} {ergonomic}
     bool UseG1GC                                  = true                                      {product} {ergonomic}
     bool UseLargePagesIndividualAllocation        = false                                  {pd product} {ergonomic}

Logging:
Log output configuration:
 #0: stdout all=warning uptime,level,tags foldmultilines=false
 #1: stderr all=off uptime,level,tags foldmultilines=false

Environment Variables:
PATH=C:/Users/Jenna Miles Reyes/.p2/pool/plugins/org.eclipse.justj.openjdk.hotspot.jre.full.win32.x86_64_22.0.0.v20240322-1225/jre/bin/server;C:/Users/Jenna Miles Reyes/.p2/pool/plugins/org.eclipse.justj.openjdk.hotspot.jre.full.win32.x86_64_22.0.0.v20240322-1225/jre/bin;C:\WINDOWS\system32;C:\WINDOWS;C:\WINDOWS\System32\Wbem;C:\WINDOWS\System32\WindowsPowerShell\v1.0\;C:\WINDOWS\System32\OpenSSH\;C:\Program Files\Microsoft SQL Server\150\Tools\Binn\;C:\Program Files\dotnet\;C:\Users\Jenna Miles Reyes\AppData\Local\Programs\Python\Python312\Scripts\;C:\Users\Jenna Miles Reyes\AppData\Local\Programs\Python\Python312\;C:\Users\Jenna Miles Reyes\AppData\Local\Programs\Python\Launcher\;C:\Users\Jenna Miles Reyes\AppData\Local\Microsoft\WindowsApps;C:\MinGW\bin;C:\Users\Jenna Miles Reyes\.dotnet\tools;C:\Users\Jenna Miles Reyes\AppData\Local\Programs\Microsoft VS Code\bin;C:\WINDOWS\System32;
USERNAME=Jenna Miles Reyes
OS=Windows_NT
PROCESSOR_IDENTIFIER=AMD64 Family 25 Model 80 Stepping 0, AuthenticAMD
TMP=C:\Users\JENNAM~1\AppData\Local\Temp
TEMP=C:\Users\JENNAM~1\AppData\Local\Temp




Periodic native trim disabled

---------------  S Y S T E M  ---------------

OS:
 Windows 11 , 64 bit Build 22621 (10.0.22621.3374)
OS uptime: 7 days 13:59 hours
Hyper-V role detected

CPU: total 12 (initial active 12) (12 cores per cpu, 2 threads per core) family 25 model 80 stepping 0 microcode 0x0, cx8, cmov, fxsr, ht, mmx, 3dnowpref, sse, sse2, sse3, ssse3, sse4a, sse4.1, sse4.2, popcnt, lzcnt, tsc, tscinvbit, avx, avx2, aes, erms, clmul, bmi1, bmi2, adx, sha, fma, vzeroupper, clflush, clflushopt, hv, rdtscp, rdpid, fsrm, f16c, cet_ss
Processor Information for all 12 processors :
  Max Mhz: 2301, Current Mhz: 2301, Mhz Limit: 2301

Memory: 4k page, system-wide physical 5989M (311M free)
TotalPageFile size 24421M (AvailPageFile size 0M)
current process WorkingSet (physical memory assigned to process): 105M, peak: 105M
current process commit charge ("private bytes"): 291M, peak: 291M

vm_info: OpenJDK 64-Bit Server VM (22+36) for windows-amd64 JRE (22+36), built on 2024-03-19T00:00:00Z by "admin" with MS VC++ 17.7 (VS2022)

END.
