#
# There is insufficient memory for the Java Runtime Environment to continue.
# Native memory allocation (mmap) failed to map 197132288 bytes. Error detail: G1 virtual space
# Possible reasons:
#   The system is out of physical RAM or swap space
#   This process is running with CompressedOops enabled, and the Java Heap may be blocking the growth of the native heap
# Possible solutions:
#   Reduce memory load on the system
#   Increase physical memory or swap space
#   Check if swap backing store is full
#   Decrease Java heap size (-Xmx/-Xms)
#   Decrease number of Java threads
#   Decrease Java thread stack sizes (-Xss)
#   Set larger code cache with -XX:ReservedCodeCacheSize=
#   JVM is running with Unscaled Compressed Oops mode in which the Java heap is
#     placed in the first 4GB address space. The Java Heap base address is the
#     maximum limit for the native heap growth. Please use -XX:HeapBaseMinAddress
#     to set the Java Heap base and to place the Java Heap above 4GB virtual address.
# This output file may be truncated or incomplete.
#
#  Out of Memory Error (os_windows.cpp:3631), pid=18120, tid=15320
#
# JRE version: OpenJDK Runtime Environment Temurin-22+36 (22.0+36) (build 22+36)
# Java VM: OpenJDK 64-Bit Server VM Temurin-22+36 (22+36, mixed mode, tiered, compressed oops, compressed class ptrs, g1 gc, windows-amd64)
# No core dump will be written. Minidumps are not enabled by default on client versions of Windows
#

---------------  S U M M A R Y ------------

Command Line: -Dfile.encoding=UTF-8 -Dstdout.encoding=UTF-8 -Dstderr.encoding=UTF-8 -XX:+ShowCodeDetailsInExceptionMessages JobBoard

Host: AMD Ryzen 5 5625U with Radeon Graphics         , 12 cores, 5G,  Windows 11 , 64 bit Build 22621 (10.0.22621.3374)
Time: Thu Apr 25 11:58:15 2024 Malay Peninsula Standard Time elapsed time: 1753.208049 seconds (0d 0h 29m 13s)

---------------  T H R E A D  ---------------

Current thread (0x000002cbd796cbb0):  VMThread "VM Thread"          [id=15320, stack(0x000000ef1f200000,0x000000ef1f300000) (1024K)]

Stack: [0x000000ef1f200000,0x000000ef1f300000]
Native frames: (J=compiled Java code, j=interpreted, Vv=VM code, C=native code)
V  [jvm.dll+0x6ea2f9]  (no source info available)
V  [jvm.dll+0x8ccec3]  (no source info available)
V  [jvm.dll+0x8cf2ee]  (no source info available)
V  [jvm.dll+0x8cf9c3]  (no source info available)
V  [jvm.dll+0x286dd6]  (no source info available)
V  [jvm.dll+0x6e6985]  (no source info available)
V  [jvm.dll+0x6db60a]  (no source info available)
V  [jvm.dll+0x3600fa]  (no source info available)
V  [jvm.dll+0x3685c6]  (no source info available)
V  [jvm.dll+0x3ba37e]  (no source info available)
V  [jvm.dll+0x3ba628]  (no source info available)
V  [jvm.dll+0x333bfc]  (no source info available)
V  [jvm.dll+0x333c87]  (no source info available)
V  [jvm.dll+0x378d0c]  (no source info available)
V  [jvm.dll+0x377410]  (no source info available)
V  [jvm.dll+0x3332f7]  (no source info available)
V  [jvm.dll+0x376b24]  (no source info available)
V  [jvm.dll+0x8d57af]  (no source info available)
V  [jvm.dll+0x8d6b36]  (no source info available)
V  [jvm.dll+0x8d70b0]  (no source info available)
V  [jvm.dll+0x8d7353]  (no source info available)
V  [jvm.dll+0x8752db]  (no source info available)
V  [jvm.dll+0x6e89f5]  (no source info available)
C  [ucrtbase.dll+0x29333]  (no source info available)
C  [KERNEL32.DLL+0x1257d]  (no source info available)
C  [ntdll.dll+0x5aa48]  (no source info available)

VM_Operation (0x000000ef20bfe650): G1CollectForAllocation, mode: safepoint, requested by thread 0x000002cbdc54bc70


---------------  P R O C E S S  ---------------

Threads class SMR info:
_java_thread_list=0x000002cbdc699f50, length=16, elements={
0x000002cbd7ad46c0, 0x000002cbd7ad5280, 0x000002cbd7b04dc0, 0x000002cbd7b05820,
0x000002cbd7af72b0, 0x000002cbd7adaa80, 0x000002cbd7adbfb0, 0x000002cbd7ae29d0,
0x000002cbd7cae730, 0x000002cbd7cd95f0, 0x000002cbdc105f40, 0x000002cbd7e58150,
0x000002cbd7e587c0, 0x000002cbdc54bc70, 0x000002cbdc6adc90, 0x000002cbbdd7a980
}

Java Threads: ( => current thread )
  0x000002cbd7ad46c0 JavaThread "Reference Handler"          daemon [_thread_blocked, id=9612, stack(0x000000ef1f300000,0x000000ef1f400000) (1024K)]
  0x000002cbd7ad5280 JavaThread "Finalizer"                  daemon [_thread_blocked, id=20012, stack(0x000000ef1f400000,0x000000ef1f500000) (1024K)]
  0x000002cbd7b04dc0 JavaThread "Signal Dispatcher"          daemon [_thread_blocked, id=9512, stack(0x000000ef1f500000,0x000000ef1f600000) (1024K)]
  0x000002cbd7b05820 JavaThread "Attach Listener"            daemon [_thread_blocked, id=19400, stack(0x000000ef1f600000,0x000000ef1f700000) (1024K)]
  0x000002cbd7af72b0 JavaThread "Service Thread"             daemon [_thread_blocked, id=20140, stack(0x000000ef1f700000,0x000000ef1f800000) (1024K)]
  0x000002cbd7adaa80 JavaThread "Monitor Deflation Thread"   daemon [_thread_blocked, id=16040, stack(0x000000ef1f800000,0x000000ef1f900000) (1024K)]
  0x000002cbd7adbfb0 JavaThread "C2 CompilerThread0"         daemon [_thread_blocked, id=5024, stack(0x000000ef1f900000,0x000000ef1fa00000) (1024K)]
  0x000002cbd7ae29d0 JavaThread "C1 CompilerThread0"         daemon [_thread_blocked, id=1840, stack(0x000000ef1fa00000,0x000000ef1fb00000) (1024K)]
  0x000002cbd7cae730 JavaThread "Notification Thread"        daemon [_thread_blocked, id=15388, stack(0x000000ef1fb00000,0x000000ef1fc00000) (1024K)]
  0x000002cbd7cd95f0 JavaThread "Common-Cleaner"             daemon [_thread_blocked, id=13664, stack(0x000000ef1fc00000,0x000000ef1fd00000) (1024K)]
  0x000002cbdc105f40 JavaThread "Java2D Disposer"            daemon [_thread_blocked, id=6632, stack(0x000000ef1fd00000,0x000000ef1fe00000) (1024K)]
  0x000002cbd7e58150 JavaThread "AWT-Shutdown"                      [_thread_blocked, id=3332, stack(0x000000ef1fe00000,0x000000ef1ff00000) (1024K)]
  0x000002cbd7e587c0 JavaThread "AWT-Windows"                daemon [_thread_in_native, id=3376, stack(0x000000ef1ff00000,0x000000ef20000000) (1024K)]
  0x000002cbdc54bc70 JavaThread "AWT-EventQueue-0"                  [_thread_blocked, id=19856, stack(0x000000ef20b00000,0x000000ef20c00000) (1024K)]
  0x000002cbdc6adc90 JavaThread "D3D Screen Updater"         daemon [_thread_blocked, id=5584, stack(0x000000ef20c00000,0x000000ef20d00000) (1024K)]
  0x000002cbbdd7a980 JavaThread "DestroyJavaVM"                     [_thread_blocked, id=6980, stack(0x000000ef1eb00000,0x000000ef1ec00000) (1024K)]
Total: 16

Other Threads:
=>0x000002cbd796cbb0 VMThread "VM Thread"                           [id=15320, stack(0x000000ef1f200000,0x000000ef1f300000) (1024K)]
  0x000002cbd78e8ed0 WatcherThread "VM Periodic Task Thread"        [id=8072, stack(0x000000ef1f100000,0x000000ef1f200000) (1024K)]
  0x000002cbbff843a0 WorkerThread "GC Thread#0"                     [id=4656, stack(0x000000ef1ec00000,0x000000ef1ed00000) (1024K)]
  0x000002cbe25a3640 WorkerThread "GC Thread#1"                     [id=24124, stack(0x000000ef1ea00000,0x000000ef1eb00000) (1024K)]
  0x000002cbe25a39f0 WorkerThread "GC Thread#2"                     [id=24132, stack(0x000000ef20000000,0x000000ef20100000) (1024K)]
  0x000002cbe25a2ee0 WorkerThread "GC Thread#3"                     [id=24140, stack(0x000000ef20100000,0x000000ef20200000) (1024K)]
  0x000002cbe25a3290 WorkerThread "GC Thread#4"                     [id=24144, stack(0x000000ef20a00000,0x000000ef20b00000) (1024K)]
  0x000002cbe25a48b0 WorkerThread "GC Thread#5"                     [id=24148, stack(0x000000ef20f00000,0x000000ef21000000) (1024K)]
  0x000002cbe25a3da0 WorkerThread "GC Thread#6"                     [id=24180, stack(0x000000ef21000000,0x000000ef21100000) (1024K)]
  0x000002cbe25a4150 WorkerThread "GC Thread#7"                     [id=24184, stack(0x000000ef21100000,0x000000ef21200000) (1024K)]
  0x000002cbe25a4500 WorkerThread "GC Thread#8"                     [id=24188, stack(0x000000ef21200000,0x000000ef21300000) (1024K)]
  0x000002cbd7e2e0e0 WorkerThread "GC Thread#9"                     [id=24192, stack(0x000000ef21300000,0x000000ef21400000) (1024K)]
  0x000002cbbff91820 ConcurrentGCThread "G1 Main Marker"            [id=18428, stack(0x000000ef1ed00000,0x000000ef1ee00000) (1024K)]
  0x000002cbbff92330 WorkerThread "G1 Conc#0"                       [id=7960, stack(0x000000ef1ee00000,0x000000ef1ef00000) (1024K)]
  0x000002cbd7e30210 WorkerThread "G1 Conc#1"                       [id=24208, stack(0x000000ef21400000,0x000000ef21500000) (1024K)]
  0x000002cbd7e2f700 WorkerThread "G1 Conc#2"                       [id=24212, stack(0x000000ef21500000,0x000000ef21600000) (1024K)]
  0x000002cbd77c10b0 ConcurrentGCThread "G1 Refine#0"               [id=8420, stack(0x000000ef1ef00000,0x000000ef1f000000) (1024K)]
  0x000002cbd77c1c30 ConcurrentGCThread "G1 Service"                [id=11532, stack(0x000000ef1f000000,0x000000ef1f100000) (1024K)]
Total: 18

Threads with active compile tasks:
C1 CompilerThread0  1753416 2019       3       java.awt.image.DirectColorModel::isCompatibleRaster (93 bytes)
Total: 1

VM state: at safepoint (normal execution)

VM Mutex/Monitor currently owned by a thread:  ([mutex/lock_event])
[0x00007ffef53affb8] Threads_lock - owner thread: 0x000002cbd796cbb0
[0x00007ffef53b00b8] Heap_lock - owner thread: 0x000002cbdc54bc70

Heap address: 0x00000000a2600000, size: 1498 MB, Compressed Oops mode: 32-bit

CDS archive(s) not mapped
Compressed class space mapped at: 0x0000000002000000-0x0000000042000000, reserved size: 1073741824
Narrow klass base: 0x0000000000000000, Narrow klass shift: 0, Narrow klass range: 0x42000000

GC Precious Log:
 CardTable entry size: 512
 Card Set container configuration: InlinePtr #cards 5 size 8 Array Of Cards #cards 12 size 40 Howl #buckets 4 coarsen threshold 1843 Howl Bitmap #cards 512 size 80 coarsen threshold 460 Card regions per heap region 1 cards per card region 2048
 CPUs: 12 total, 12 available
 Memory: 5989M
 Large Page Support: Disabled
 NUMA Support: Disabled
 Compressed Oops: Enabled (32-bit)
 Heap Region Size: 1M
 Heap Min Capacity: 8M
 Heap Initial Capacity: 94M
 Heap Max Capacity: 1498M
 Pre-touch: Disabled
 Parallel Workers: 10
 Concurrent Workers: 3
 Concurrent Refinement Workers: 10
 Periodic GC: Disabled

Heap:
 garbage-first heap   total reserved 1533952K, committed 96256K, used 74948K [0x00000000a2600000, 0x0000000100000000)
  region size 1024K, 2 young (2048K), 2 survivors (2048K)
 Metaspace       used 16330K, committed 16448K, reserved 1114112K
  class space    used 1546K, committed 1600K, reserved 1048576K

Heap Regions: E=young(eden), S=young(survivor), O=old, HS=humongous(starts), HC=humongous(continues), CS=collection set, F=free, TAMS=top-at-mark-start, PB=parsable bottom
|   0|0x00000000a2600000, 0x00000000a2700000, 0x00000000a2700000|100%| O|  |TAMS 0x00000000a2700000| PB 0x00000000a2600000| Untracked |  0
|   1|0x00000000a2700000, 0x00000000a2800000, 0x00000000a2800000|100%| O|  |TAMS 0x00000000a2800000| PB 0x00000000a2700000| Untracked |  0
|   2|0x00000000a2800000, 0x00000000a2900000, 0x00000000a2900000|100%| O|  |TAMS 0x00000000a2900000| PB 0x00000000a2800000| Untracked |  0
|   3|0x00000000a2900000, 0x00000000a2a00000, 0x00000000a2a00000|100%| O|  |TAMS 0x00000000a2a00000| PB 0x00000000a2900000| Untracked |  0
|   4|0x00000000a2a00000, 0x00000000a2b00000, 0x00000000a2b00000|100%| O|  |TAMS 0x00000000a2b00000| PB 0x00000000a2a00000| Untracked |  0
|   5|0x00000000a2b00000, 0x00000000a2c00000, 0x00000000a2c00000|100%| O|  |TAMS 0x00000000a2c00000| PB 0x00000000a2b00000| Untracked |  0
|   6|0x00000000a2c00000, 0x00000000a2d00000, 0x00000000a2d00000|100%| O|  |TAMS 0x00000000a2d00000| PB 0x00000000a2c00000| Untracked |  0
|   7|0x00000000a2d00000, 0x00000000a2e00000, 0x00000000a2e00000|100%| O|  |TAMS 0x00000000a2e00000| PB 0x00000000a2d00000| Untracked |  0
|   8|0x00000000a2e00000, 0x00000000a2f00000, 0x00000000a2f00000|100%| O|  |TAMS 0x00000000a2f00000| PB 0x00000000a2e00000| Untracked |  0
|   9|0x00000000a2f00000, 0x00000000a3000000, 0x00000000a3000000|100%| O|  |TAMS 0x00000000a3000000| PB 0x00000000a2f00000| Untracked |  0
|  10|0x00000000a3000000, 0x00000000a3100000, 0x00000000a3100000|100%| O|  |TAMS 0x00000000a3100000| PB 0x00000000a3000000| Untracked |  0
|  11|0x00000000a3100000, 0x00000000a3200000, 0x00000000a3200000|100%| O|  |TAMS 0x00000000a3200000| PB 0x00000000a3100000| Untracked |  0
|  12|0x00000000a3200000, 0x00000000a3300000, 0x00000000a3300000|100%| O|  |TAMS 0x00000000a3300000| PB 0x00000000a3200000| Untracked |  0
|  13|0x00000000a3300000, 0x00000000a3400000, 0x00000000a3400000|100%| O|  |TAMS 0x00000000a3400000| PB 0x00000000a3300000| Untracked |  0
|  14|0x00000000a3400000, 0x00000000a3500000, 0x00000000a3500000|100%| O|  |TAMS 0x00000000a3500000| PB 0x00000000a3400000| Untracked |  0
|  15|0x00000000a3500000, 0x00000000a3600000, 0x00000000a3600000|100%| O|  |TAMS 0x00000000a3600000| PB 0x00000000a3500000| Untracked |  0
|  16|0x00000000a3600000, 0x00000000a3700000, 0x00000000a3700000|100%| O|  |TAMS 0x00000000a3700000| PB 0x00000000a3600000| Untracked |  0
|  17|0x00000000a3700000, 0x00000000a3800000, 0x00000000a3800000|100%| O|  |TAMS 0x00000000a3800000| PB 0x00000000a3700000| Untracked |  0
|  18|0x00000000a3800000, 0x00000000a3900000, 0x00000000a3900000|100%| O|  |TAMS 0x00000000a3900000| PB 0x00000000a3800000| Untracked |  0
|  19|0x00000000a3900000, 0x00000000a3a00000, 0x00000000a3a00000|100%| O|  |TAMS 0x00000000a3a00000| PB 0x00000000a3900000| Untracked |  0
|  20|0x00000000a3a00000, 0x00000000a3b00000, 0x00000000a3b00000|100%| O|  |TAMS 0x00000000a3b00000| PB 0x00000000a3a00000| Untracked |  0
|  21|0x00000000a3b00000, 0x00000000a3c00000, 0x00000000a3c00000|100%| O|  |TAMS 0x00000000a3c00000| PB 0x00000000a3b00000| Untracked |  0
|  22|0x00000000a3c00000, 0x00000000a3d00000, 0x00000000a3d00000|100%| O|  |TAMS 0x00000000a3d00000| PB 0x00000000a3c00000| Untracked |  0
|  23|0x00000000a3d00000, 0x00000000a3e00000, 0x00000000a3e00000|100%| O|  |TAMS 0x00000000a3e00000| PB 0x00000000a3d00000| Untracked |  0
|  24|0x00000000a3e00000, 0x00000000a3f00000, 0x00000000a3f00000|100%| O|  |TAMS 0x00000000a3f00000| PB 0x00000000a3e00000| Untracked |  0
|  25|0x00000000a3f00000, 0x00000000a4000000, 0x00000000a4000000|100%| O|  |TAMS 0x00000000a4000000| PB 0x00000000a3f00000| Untracked |  0
|  26|0x00000000a4000000, 0x00000000a4100000, 0x00000000a4100000|100%| O|  |TAMS 0x00000000a4100000| PB 0x00000000a4000000| Untracked |  0
|  27|0x00000000a4100000, 0x00000000a4200000, 0x00000000a4200000|100%| O|  |TAMS 0x00000000a4200000| PB 0x00000000a4100000| Untracked |  0
|  28|0x00000000a4200000, 0x00000000a4300000, 0x00000000a4300000|100%| O|  |TAMS 0x00000000a4300000| PB 0x00000000a4200000| Untracked |  0
|  29|0x00000000a4300000, 0x00000000a4400000, 0x00000000a4400000|100%| O|  |TAMS 0x00000000a4400000| PB 0x00000000a4300000| Untracked |  0
|  30|0x00000000a4400000, 0x00000000a4500000, 0x00000000a4500000|100%| O|  |TAMS 0x00000000a4500000| PB 0x00000000a4400000| Untracked |  0
|  31|0x00000000a4500000, 0x00000000a4600000, 0x00000000a4600000|100%| O|  |TAMS 0x00000000a4600000| PB 0x00000000a4500000| Untracked |  0
|  32|0x00000000a4600000, 0x00000000a4700000, 0x00000000a4700000|100%| O|  |TAMS 0x00000000a4700000| PB 0x00000000a4600000| Untracked |  0
|  33|0x00000000a4700000, 0x00000000a4800000, 0x00000000a4800000|100%| O|  |TAMS 0x00000000a4800000| PB 0x00000000a4700000| Untracked |  0
|  34|0x00000000a4800000, 0x00000000a4900000, 0x00000000a4900000|100%| O|  |TAMS 0x00000000a4900000| PB 0x00000000a4800000| Untracked |  0
|  35|0x00000000a4900000, 0x00000000a4a00000, 0x00000000a4a00000|100%| O|  |TAMS 0x00000000a4a00000| PB 0x00000000a4900000| Untracked |  0
|  36|0x00000000a4a00000, 0x00000000a4b00000, 0x00000000a4b00000|100%| O|  |TAMS 0x00000000a4b00000| PB 0x00000000a4a00000| Untracked |  0
|  37|0x00000000a4b00000, 0x00000000a4c00000, 0x00000000a4c00000|100%| O|  |TAMS 0x00000000a4c00000| PB 0x00000000a4b00000| Untracked |  0
|  38|0x00000000a4c00000, 0x00000000a4d00000, 0x00000000a4d00000|100%| O|  |TAMS 0x00000000a4d00000| PB 0x00000000a4c00000| Untracked |  0
|  39|0x00000000a4d00000, 0x00000000a4e00000, 0x00000000a4e00000|100%| O|  |TAMS 0x00000000a4e00000| PB 0x00000000a4d00000| Untracked |  0
|  40|0x00000000a4e00000, 0x00000000a4f00000, 0x00000000a4f00000|100%| O|  |TAMS 0x00000000a4f00000| PB 0x00000000a4e00000| Untracked |  0
|  41|0x00000000a4f00000, 0x00000000a5000000, 0x00000000a5000000|100%| O|  |TAMS 0x00000000a5000000| PB 0x00000000a4f00000| Untracked |  0
|  42|0x00000000a5000000, 0x00000000a5100000, 0x00000000a5100000|100%| O|  |TAMS 0x00000000a5100000| PB 0x00000000a5000000| Untracked |  0
|  43|0x00000000a5100000, 0x00000000a5200000, 0x00000000a5200000|100%| O|  |TAMS 0x00000000a51f61d0| PB 0x00000000a5100000| Untracked |  0
|  44|0x00000000a5200000, 0x00000000a5300000, 0x00000000a5300000|100%| O|  |TAMS 0x00000000a5200000| PB 0x00000000a5200000| Untracked |  0
|  45|0x00000000a5300000, 0x00000000a5400000, 0x00000000a5400000|100%| O|  |TAMS 0x00000000a5300000| PB 0x00000000a5300000| Untracked |  0
|  46|0x00000000a5400000, 0x00000000a5500000, 0x00000000a5500000|100%| O|  |TAMS 0x00000000a5400000| PB 0x00000000a5400000| Untracked |  0
|  47|0x00000000a5500000, 0x00000000a5600000, 0x00000000a5600000|100%| O|  |TAMS 0x00000000a5500000| PB 0x00000000a5500000| Untracked |  0
|  48|0x00000000a5600000, 0x00000000a5700000, 0x00000000a5700000|100%| O|  |TAMS 0x00000000a5600000| PB 0x00000000a5600000| Untracked |  0
|  49|0x00000000a5700000, 0x00000000a5800000, 0x00000000a5800000|100%| O|  |TAMS 0x00000000a5700000| PB 0x00000000a5700000| Untracked |  0
|  50|0x00000000a5800000, 0x00000000a5900000, 0x00000000a5900000|100%| O|  |TAMS 0x00000000a5800000| PB 0x00000000a5800000| Untracked |  0
|  51|0x00000000a5900000, 0x00000000a5a00000, 0x00000000a5a00000|100%| O|  |TAMS 0x00000000a5900000| PB 0x00000000a5900000| Untracked |  0
|  52|0x00000000a5a00000, 0x00000000a5b00000, 0x00000000a5b00000|100%| O|  |TAMS 0x00000000a5a00000| PB 0x00000000a5a00000| Untracked |  0
|  53|0x00000000a5b00000, 0x00000000a5c00000, 0x00000000a5c00000|100%| O|  |TAMS 0x00000000a5b00000| PB 0x00000000a5b00000| Untracked |  0
|  54|0x00000000a5c00000, 0x00000000a5d00000, 0x00000000a5d00000|100%| O|  |TAMS 0x00000000a5c00000| PB 0x00000000a5c00000| Untracked |  0
|  55|0x00000000a5d00000, 0x00000000a5e00000, 0x00000000a5e00000|100%| O|  |TAMS 0x00000000a5d00000| PB 0x00000000a5d00000| Untracked |  0
|  56|0x00000000a5e00000, 0x00000000a5f00000, 0x00000000a5f00000|100%| O|  |TAMS 0x00000000a5e00000| PB 0x00000000a5e00000| Untracked |  0
|  57|0x00000000a5f00000, 0x00000000a6000000, 0x00000000a6000000|100%| O|  |TAMS 0x00000000a5f00000| PB 0x00000000a5f00000| Untracked |  0
|  58|0x00000000a6000000, 0x00000000a6100000, 0x00000000a6100000|100%| O|  |TAMS 0x00000000a6000000| PB 0x00000000a6000000| Untracked |  0
|  59|0x00000000a6100000, 0x00000000a6200000, 0x00000000a6200000|100%| O|  |TAMS 0x00000000a6100000| PB 0x00000000a6100000| Untracked |  0
|  60|0x00000000a6200000, 0x00000000a6300000, 0x00000000a6300000|100%| O|  |TAMS 0x00000000a6200000| PB 0x00000000a6200000| Untracked |  0
|  61|0x00000000a6300000, 0x00000000a6400000, 0x00000000a6400000|100%| O|  |TAMS 0x00000000a6300000| PB 0x00000000a6300000| Untracked |  0
|  62|0x00000000a6400000, 0x00000000a6500000, 0x00000000a6500000|100%| O|  |TAMS 0x00000000a6400000| PB 0x00000000a6400000| Untracked |  0
|  63|0x00000000a6500000, 0x00000000a6600000, 0x00000000a6600000|100%| O|  |TAMS 0x00000000a6500000| PB 0x00000000a6500000| Untracked |  0
|  64|0x00000000a6600000, 0x00000000a6700000, 0x00000000a6700000|100%| O|  |TAMS 0x00000000a6600000| PB 0x00000000a6600000| Untracked |  0
|  65|0x00000000a6700000, 0x00000000a6800000, 0x00000000a6800000|100%| O|  |TAMS 0x00000000a6700000| PB 0x00000000a6700000| Untracked |  0
|  66|0x00000000a6800000, 0x00000000a6900000, 0x00000000a6900000|100%| O|  |TAMS 0x00000000a6800000| PB 0x00000000a6800000| Untracked |  0
|  67|0x00000000a6900000, 0x00000000a6a00000, 0x00000000a6a00000|100%| O|  |TAMS 0x00000000a6900000| PB 0x00000000a6900000| Untracked |  0
|  68|0x00000000a6a00000, 0x00000000a6b00000, 0x00000000a6b00000|100%| O|  |TAMS 0x00000000a6a00000| PB 0x00000000a6a00000| Untracked |  0
|  69|0x00000000a6b00000, 0x00000000a6c00000, 0x00000000a6c00000|100%| O|  |TAMS 0x00000000a6b00000| PB 0x00000000a6b00000| Untracked |  0
|  70|0x00000000a6c00000, 0x00000000a6d00000, 0x00000000a6d00000|100%| O|  |TAMS 0x00000000a6c00000| PB 0x00000000a6c00000| Untracked |  0
|  71|0x00000000a6d00000, 0x00000000a6d31390, 0x00000000a6e00000| 19%| O|  |TAMS 0x00000000a6d00000| PB 0x00000000a6d00000| Untracked |  0
|  72|0x00000000a6e00000, 0x00000000a6e00000, 0x00000000a6f00000|  0%| F|  |TAMS 0x00000000a6e00000| PB 0x00000000a6e00000| Untracked |  0
|  73|0x00000000a6f00000, 0x00000000a6f00000, 0x00000000a7000000|  0%| F|  |TAMS 0x00000000a6f00000| PB 0x00000000a6f00000| Untracked |  0
|  74|0x00000000a7000000, 0x00000000a7000000, 0x00000000a7100000|  0%| F|  |TAMS 0x00000000a7000000| PB 0x00000000a7000000| Untracked |  0
|  75|0x00000000a7100000, 0x00000000a7100000, 0x00000000a7200000|  0%| F|  |TAMS 0x00000000a7100000| PB 0x00000000a7100000| Untracked |  0
|  76|0x00000000a7200000, 0x00000000a7200000, 0x00000000a7300000|  0%| F|  |TAMS 0x00000000a7200000| PB 0x00000000a7200000| Untracked |  0
|  77|0x00000000a7300000, 0x00000000a7300000, 0x00000000a7400000|  0%| F|  |TAMS 0x00000000a7300000| PB 0x00000000a7300000| Untracked |  0
|  78|0x00000000a7400000, 0x00000000a7400000, 0x00000000a7500000|  0%| F|  |TAMS 0x00000000a7400000| PB 0x00000000a7400000| Untracked |  0
|  79|0x00000000a7500000, 0x00000000a7500000, 0x00000000a7600000|  0%| F|  |TAMS 0x00000000a7500000| PB 0x00000000a7500000| Untracked |  0
|  80|0x00000000a7600000, 0x00000000a7600000, 0x00000000a7700000|  0%| F|  |TAMS 0x00000000a7600000| PB 0x00000000a7600000| Untracked |  0
|  81|0x00000000a7700000, 0x00000000a7700000, 0x00000000a7800000|  0%| F|  |TAMS 0x00000000a7700000| PB 0x00000000a7700000| Untracked |  0
|  82|0x00000000a7800000, 0x00000000a7800000, 0x00000000a7900000|  0%| F|  |TAMS 0x00000000a7800000| PB 0x00000000a7800000| Untracked |  0
|  83|0x00000000a7900000, 0x00000000a7a00000, 0x00000000a7a00000|100%| S|CS|TAMS 0x00000000a7900000| PB 0x00000000a7900000| Complete |  0
|  84|0x00000000a7a00000, 0x00000000a7b00000, 0x00000000a7b00000|100%| S|CS|TAMS 0x00000000a7a00000| PB 0x00000000a7a00000| Complete |  0
|  85|0x00000000a7b00000, 0x00000000a7b00000, 0x00000000a7c00000|  0%| F|  |TAMS 0x00000000a7b00000| PB 0x00000000a7b00000| Untracked |  0
|  86|0x00000000a7c00000, 0x00000000a7c00000, 0x00000000a7d00000|  0%| F|  |TAMS 0x00000000a7c00000| PB 0x00000000a7c00000| Untracked |  0
|  87|0x00000000a7d00000, 0x00000000a7d00000, 0x00000000a7e00000|  0%| F|  |TAMS 0x00000000a7d00000| PB 0x00000000a7d00000| Untracked |  0
|  88|0x00000000a7e00000, 0x00000000a7e00000, 0x00000000a7f00000|  0%| F|  |TAMS 0x00000000a7e00000| PB 0x00000000a7e00000| Untracked |  0
|  89|0x00000000a7f00000, 0x00000000a7f00000, 0x00000000a8000000|  0%| F|  |TAMS 0x00000000a7f00000| PB 0x00000000a7f00000| Untracked |  0
|  90|0x00000000a8000000, 0x00000000a8000000, 0x00000000a8100000|  0%| F|  |TAMS 0x00000000a8000000| PB 0x00000000a8000000| Untracked |  0
|  91|0x00000000a8100000, 0x00000000a8100000, 0x00000000a8200000|  0%| F|  |TAMS 0x00000000a8100000| PB 0x00000000a8100000| Untracked |  0
|  92|0x00000000a8200000, 0x00000000a8200000, 0x00000000a8300000|  0%| F|  |TAMS 0x00000000a8200000| PB 0x00000000a8200000| Untracked |  0
|  93|0x00000000a8300000, 0x00000000a8300000, 0x00000000a8400000|  0%| F|  |TAMS 0x00000000a8300000| PB 0x00000000a8300000| Untracked |  0

Card table byte_map: [0x000002cbd3280000,0x000002cbd3570000] _byte_map_base: 0x000002cbd2d6d000

Marking Bits: (CMBitMap*) 0x000002cbbff84ab0
 Bits: [0x000002cbd3570000, 0x000002cbd4cd8000)

Polling page: 0x000002cbbdd40000

Metaspace:

Usage:
  Non-class:     14.44 MB used.
      Class:      1.51 MB used.
       Both:     15.95 MB used.

Virtual space:
  Non-class space:       64.00 MB reserved,      14.50 MB ( 23%) committed,  1 nodes.
      Class space:        1.00 GB reserved,       1.56 MB ( <1%) committed,  1 nodes.
             Both:        1.06 GB reserved,      16.06 MB (  1%) committed. 

Chunk freelists:
   Non-Class:  1.00 MB
       Class:  14.25 MB
        Both:  15.25 MB

MaxMetaspaceSize: unlimited
CompressedClassSpaceSize: 1.00 GB
Initial GC threshold: 21.00 MB
Current GC threshold: 21.00 MB
CDS: off
 - commit_granule_bytes: 65536.
 - commit_granule_words: 8192.
 - virtual_space_node_default_size: 8388608.
 - enlarge_chunks_in_place: 1.
 - use_allocation_guard: 0.


Internal statistics:

num_allocs_failed_limit: 0.
num_arena_births: 152.
num_arena_deaths: 0.
num_vsnodes_births: 2.
num_vsnodes_deaths: 0.
num_space_committed: 257.
num_space_uncommitted: 0.
num_chunks_returned_to_freelist: 0.
num_chunks_taken_from_freelist: 239.
num_chunk_merges: 0.
num_chunk_splits: 123.
num_chunks_enlarged: 43.
num_inconsistent_stats: 0.

CodeHeap 'non-profiled nmethods': size=120000Kb used=614Kb max_used=614Kb free=119385Kb
 bounds [0x000002cbcb500000, 0x000002cbcb770000, 0x000002cbd2a30000]
CodeHeap 'profiled nmethods': size=120000Kb used=3692Kb max_used=3692Kb free=116307Kb
 bounds [0x000002cbc3a30000, 0x000002cbc3dd0000, 0x000002cbcaf60000]
CodeHeap 'non-nmethods': size=5760Kb used=1560Kb max_used=1584Kb free=4199Kb
 bounds [0x000002cbcaf60000, 0x000002cbcb1d0000, 0x000002cbcb500000]
 total_blobs=2643 nmethods=2018 adapters=529
 compilation: enabled
              stopped_count=0, restarted_count=0
 full_count=0

Compilation events (20 events):
Event: 1752.926 Thread 0x000002cbd7ae29d0 nmethod 2009 0x000002cbcb599290 code [0x000002cbcb599420, 0x000002cbcb5994e8]
Event: 1752.926 Thread 0x000002cbd7ae29d0 2010       1       sun.awt.image.IntegerInterleavedRaster::getDataStorage (5 bytes)
Event: 1752.928 Thread 0x000002cbd7ae29d0 nmethod 2010 0x000002cbcb599590 code [0x000002cbcb599720, 0x000002cbcb5997e8]
Event: 1752.928 Thread 0x000002cbd7ae29d0 2011       1       sun.awt.image.IntegerInterleavedRaster::getScanlineStride (5 bytes)
Event: 1752.928 Thread 0x000002cbd7ae29d0 nmethod 2011 0x000002cbcb599890 code [0x000002cbcb599a20, 0x000002cbcb599ae8]
Event: 1753.139 Thread 0x000002cbd7ae29d0 2012       3       sun.awt.image.IntegerComponentRaster::verify (410 bytes)
Event: 1753.143 Thread 0x000002cbd7ae29d0 nmethod 2012 0x000002cbc3dc7b90 code [0x000002cbc3dc7ec0, 0x000002cbc3dc8c98]
Event: 1753.143 Thread 0x000002cbd7ae29d0 2013       3       sun.awt.image.SunWritableRaster::stealData (11 bytes)
Event: 1753.144 Thread 0x000002cbd7ae29d0 nmethod 2013 0x000002cbc3dc9290 code [0x000002cbc3dc9440, 0x000002cbc3dc95f8]
Event: 1753.144 Thread 0x000002cbd7ae29d0 2014       3       java.awt.image.DataBuffer$1::getData (7 bytes)
Event: 1753.144 Thread 0x000002cbd7ae29d0 nmethod 2014 0x000002cbc3dc9790 code [0x000002cbc3dc9920, 0x000002cbc3dc9a60]
Event: 1753.159 Thread 0x000002cbd7ae29d0 2015       3       java.awt.image.SampleModel::<init> (124 bytes)
Event: 1753.161 Thread 0x000002cbd7ae29d0 nmethod 2015 0x000002cbc3dc9b90 code [0x000002cbc3dc9dc0, 0x000002cbc3dca4c8]
Event: 1753.162 Thread 0x000002cbd7ae29d0 2016       3       java.awt.image.DirectColorModel::getRedMask (7 bytes)
Event: 1753.162 Thread 0x000002cbd7ae29d0 nmethod 2016 0x000002cbc3dca790 code [0x000002cbc3dca920, 0x000002cbc3dcaa58]
Event: 1753.162 Thread 0x000002cbd7ae29d0 2017       3       sun.java2d.SurfaceData::invalidate (13 bytes)
Event: 1753.162 Thread 0x000002cbd7ae29d0 nmethod 2017 0x000002cbc3dcab10 code [0x000002cbc3dcaca0, 0x000002cbc3dcae40]
Event: 1753.162 Thread 0x000002cbd7ae29d0 2018       3       sun.awt.image.IntegerInterleavedRaster::getDataOffset (7 bytes)
Event: 1753.163 Thread 0x000002cbd7ae29d0 nmethod 2018 0x000002cbc3dcaf10 code [0x000002cbc3dcb0a0, 0x000002cbc3dcb1d8]
Event: 1753.190 Thread 0x000002cbd7ae29d0 2019       3       java.awt.image.DirectColorModel::isCompatibleRaster (93 bytes)

GC Heap History (11 events):
Event: 1752.405 GC heap before
{Heap before GC invocations=0 (full 0):
 garbage-first heap   total reserved 1533952K, committed 96256K, used 23552K [0x00000000a2600000, 0x0000000100000000)
  region size 1024K, 24 young (24576K), 0 survivors (0K)
 Metaspace       used 16320K, committed 16448K, reserved 1114112K
  class space    used 1546K, committed 1600K, reserved 1048576K
}
Event: 1752.810 GC heap after
{Heap after GC invocations=1 (full 0):
 garbage-first heap   total reserved 1533952K, committed 96256K, used 10826K [0x00000000a2600000, 0x0000000100000000)
  region size 1024K, 3 young (3072K), 3 survivors (3072K)
 Metaspace       used 16320K, committed 16448K, reserved 1114112K
  class space    used 1546K, committed 1600K, reserved 1048576K
}
Event: 1752.837 GC heap before
{Heap before GC invocations=1 (full 0):
 garbage-first heap   total reserved 1533952K, committed 96256K, used 12874K [0x00000000a2600000, 0x0000000100000000)
  region size 1024K, 6 young (6144K), 3 survivors (3072K)
 Metaspace       used 16322K, committed 16448K, reserved 1114112K
  class space    used 1546K, committed 1600K, reserved 1048576K
}
Event: 1752.850 GC heap after
{Heap after GC invocations=2 (full 0):
 garbage-first heap   total reserved 1533952K, committed 96256K, used 13902K [0x00000000a2600000, 0x0000000100000000)
  region size 1024K, 1 young (1024K), 1 survivors (1024K)
 Metaspace       used 16322K, committed 16448K, reserved 1114112K
  class space    used 1546K, committed 1600K, reserved 1048576K
}
Event: 1752.939 GC heap before
{Heap before GC invocations=2 (full 0):
 garbage-first heap   total reserved 1533952K, committed 96256K, used 29262K [0x00000000a2600000, 0x0000000100000000)
  region size 1024K, 17 young (17408K), 1 survivors (1024K)
 Metaspace       used 16326K, committed 16448K, reserved 1114112K
  class space    used 1546K, committed 1600K, reserved 1048576K
}
Event: 1753.102 GC heap after
{Heap after GC invocations=3 (full 0):
 garbage-first heap   total reserved 1533952K, committed 96256K, used 31704K [0x00000000a2600000, 0x0000000100000000)
  region size 1024K, 3 young (3072K), 3 survivors (3072K)
 Metaspace       used 16326K, committed 16448K, reserved 1114112K
  class space    used 1546K, committed 1600K, reserved 1048576K
}
Event: 1753.147 GC heap before
{Heap before GC invocations=3 (full 0):
 garbage-first heap   total reserved 1533952K, committed 96256K, used 43992K [0x00000000a2600000, 0x0000000100000000)
  region size 1024K, 16 young (16384K), 3 survivors (3072K)
 Metaspace       used 16327K, committed 16448K, reserved 1114112K
  class space    used 1546K, committed 1600K, reserved 1048576K
}
Event: 1753.157 GC heap after
{Heap after GC invocations=4 (full 0):
 garbage-first heap   total reserved 1533952K, committed 96256K, used 47064K [0x00000000a2600000, 0x0000000100000000)
  region size 1024K, 2 young (2048K), 2 survivors (2048K)
 Metaspace       used 16327K, committed 16448K, reserved 1114112K
  class space    used 1546K, committed 1600K, reserved 1048576K
}
Event: 1753.168 GC heap before
{Heap before GC invocations=4 (full 0):
 garbage-first heap   total reserved 1533952K, committed 96256K, used 62424K [0x00000000a2600000, 0x0000000100000000)
  region size 1024K, 18 young (18432K), 2 survivors (2048K)
 Metaspace       used 16328K, committed 16448K, reserved 1114112K
  class space    used 1546K, committed 1600K, reserved 1048576K
}
Event: 1753.179 GC heap after
{Heap after GC invocations=5 (full 0):
 garbage-first heap   total reserved 1533952K, committed 96256K, used 64708K [0x00000000a2600000, 0x0000000100000000)
  region size 1024K, 3 young (3072K), 3 survivors (3072K)
 Metaspace       used 16328K, committed 16448K, reserved 1114112K
  class space    used 1546K, committed 1600K, reserved 1048576K
}
Event: 1753.191 GC heap before
{Heap before GC invocations=5 (full 0):
 garbage-first heap   total reserved 1533952K, committed 96256K, used 72900K [0x00000000a2600000, 0x0000000100000000)
  region size 1024K, 12 young (12288K), 3 survivors (3072K)
 Metaspace       used 16330K, committed 16448K, reserved 1114112K
  class space    used 1546K, committed 1600K, reserved 1048576K
}

Dll operation events (9 events):
Event: 0.016 Loaded shared library C:\Users\Jenna Miles Reyes\.p2\pool\plugins\org.eclipse.justj.openjdk.hotspot.jre.full.win32.x86_64_22.0.0.v20240322-1225\jre\bin\java.dll
Event: 0.024 Loaded shared library C:\Users\Jenna Miles Reyes\.p2\pool\plugins\org.eclipse.justj.openjdk.hotspot.jre.full.win32.x86_64_22.0.0.v20240322-1225\jre\bin\zip.dll
Event: 0.242 Loaded shared library C:\Users\Jenna Miles Reyes\.p2\pool\plugins\org.eclipse.justj.openjdk.hotspot.jre.full.win32.x86_64_22.0.0.v20240322-1225\jre\bin\jimage.dll
Event: 0.296 Loaded shared library C:\Users\Jenna Miles Reyes\.p2\pool\plugins\org.eclipse.justj.openjdk.hotspot.jre.full.win32.x86_64_22.0.0.v20240322-1225\jre\bin\awt.dll
Event: 0.697 Loaded shared library C:\Users\Jenna Miles Reyes\.p2\pool\plugins\org.eclipse.justj.openjdk.hotspot.jre.full.win32.x86_64_22.0.0.v20240322-1225\jre\bin\zip.dll
Event: 0.995 Loaded shared library C:\Users\Jenna Miles Reyes\.p2\pool\plugins\org.eclipse.justj.openjdk.hotspot.jre.full.win32.x86_64_22.0.0.v20240322-1225\jre\bin\freetype.dll
Event: 0.997 Loaded shared library C:\Users\Jenna Miles Reyes\.p2\pool\plugins\org.eclipse.justj.openjdk.hotspot.jre.full.win32.x86_64_22.0.0.v20240322-1225\jre\bin\fontmanager.dll
Event: 1.185 Loaded shared library C:\Users\Jenna Miles Reyes\.p2\pool\plugins\org.eclipse.justj.openjdk.hotspot.jre.full.win32.x86_64_22.0.0.v20240322-1225\jre\bin\net.dll
Event: 1.188 Loaded shared library C:\Users\Jenna Miles Reyes\.p2\pool\plugins\org.eclipse.justj.openjdk.hotspot.jre.full.win32.x86_64_22.0.0.v20240322-1225\jre\bin\nio.dll

Deoptimization events (20 events):
Event: 9.760 Thread 0x000002cbdc54bc70 Uncommon trap: trap_request=0xffffff45 fr.pc=0x000002cbcb56f6d8 relative=0x0000000000002698
Event: 9.760 Thread 0x000002cbdc54bc70 Uncommon trap: reason=unstable_if action=reinterpret pc=0x000002cbcb56f6d8 method=sun.java2d.pipe.BufferedContext.validate(Lsun/java2d/pipe/hw/AccelSurface;Lsun/java2d/pipe/hw/AccelSurface;Lsun/java2d/pipe/Region;Ljava/awt/Composite;Ljava/awt/geom/AffineT
Event: 9.760 Thread 0x000002cbdc54bc70 DEOPT PACKING pc=0x000002cbcb56f6d8 sp=0x000000ef20bfd640
Event: 9.761 Thread 0x000002cbdc54bc70 DEOPT UNPACKING pc=0x000002cbcafb46a2 sp=0x000000ef20bfd5d0 mode 2
Event: 12.141 Thread 0x000002cbdc54bc70 Uncommon trap: trap_request=0xffffff6e fr.pc=0x000002cbcb5846b8 relative=0x00000000000006f8
Event: 12.141 Thread 0x000002cbdc54bc70 Uncommon trap: reason=loop_limit_check action=maybe_recompile pc=0x000002cbcb5846b8 method=java.awt.geom.AffineTransform.transform([DI[DII)V @ 454 c2
Event: 12.141 Thread 0x000002cbdc54bc70 DEOPT PACKING pc=0x000002cbcb5846b8 sp=0x000000ef20bfd2a0
Event: 12.141 Thread 0x000002cbdc54bc70 DEOPT UNPACKING pc=0x000002cbcafb46a2 sp=0x000000ef20bfd210 mode 2
Event: 467.895 Thread 0x000002cbdc6adc90 Uncommon trap: trap_request=0xffffffcc fr.pc=0x000002cbcb5925ec relative=0x000000000000022c
Event: 467.895 Thread 0x000002cbdc6adc90 Uncommon trap: reason=intrinsic_or_type_checked_inlining action=make_not_entrant pc=0x000002cbcb5925ec method=java.util.Arrays.copyOf([Ljava/lang/Object;ILjava/lang/Class;)[Ljava/lang/Object; @ 35 c2
Event: 467.895 Thread 0x000002cbdc6adc90 DEOPT PACKING pc=0x000002cbcb5925ec sp=0x000000ef20cff0c0
Event: 467.899 Thread 0x000002cbdc6adc90 DEOPT UNPACKING pc=0x000002cbcafb46a2 sp=0x000000ef20cff050 mode 2
Event: 560.402 Thread 0x000002cbdc6adc90 Uncommon trap: trap_request=0xffffffdc fr.pc=0x000002cbcb59481c relative=0x000000000000017c
Event: 560.402 Thread 0x000002cbdc6adc90 Uncommon trap: reason=class_check action=make_not_entrant pc=0x000002cbcb59481c method=java.util.ArrayList.toArray([Ljava/lang/Object;)[Ljava/lang/Object; @ 21 c2
Event: 560.402 Thread 0x000002cbdc6adc90 DEOPT PACKING pc=0x000002cbcb59481c sp=0x000000ef20cff120
Event: 560.402 Thread 0x000002cbdc6adc90 DEOPT UNPACKING pc=0x000002cbcafb46a2 sp=0x000000ef20cff0e0 mode 2
Event: 1745.018 Thread 0x000002cbdc54bc70 Uncommon trap: trap_request=0xffffff45 fr.pc=0x000002cbcb56755c relative=0x000000000000005c
Event: 1745.029 Thread 0x000002cbdc54bc70 Uncommon trap: reason=unstable_if action=reinterpret pc=0x000002cbcb56755c method=sun.java2d.d3d.D3DGraphicsDevice.getDefaultConfiguration()Ljava/awt/GraphicsConfiguration; @ 4 c2
Event: 1745.031 Thread 0x000002cbdc54bc70 DEOPT PACKING pc=0x000002cbcb56755c sp=0x000000ef20bfec20
Event: 1745.032 Thread 0x000002cbdc54bc70 DEOPT UNPACKING pc=0x000002cbcafb46a2 sp=0x000000ef20bfebc0 mode 2

Classes loaded (20 events):
Event: 1.312 Loading class java/text/AttributedString
Event: 1.312 Loading class java/text/AttributedString done
Event: 1.313 Loading class java/text/AttributedString$AttributedStringIterator
Event: 1.313 Loading class java/text/AttributedCharacterIterator
Event: 1.313 Loading class java/text/CharacterIterator
Event: 1.313 Loading class java/text/CharacterIterator done
Event: 1.313 Loading class java/text/AttributedCharacterIterator done
Event: 1.313 Loading class java/text/AttributedString$AttributedStringIterator done
Event: 2.007 Loading class java/awt/LightweightDispatcher$2
Event: 2.007 Loading class java/awt/LightweightDispatcher$2 done
Event: 2.750 Loading class java/awt/event/MouseWheelEvent
Event: 2.750 Loading class java/awt/event/MouseWheelEvent done
Event: 15.906 Loading class java/awt/KeyboardFocusManager$2
Event: 15.906 Loading class java/awt/KeyboardFocusManager$2 done
Event: 15.906 Loading class sun/awt/SunToolkit$1
Event: 15.906 Loading class sun/awt/SunToolkit$1 done
Event: 1745.353 Loading class java/util/WeakHashMap$KeyIterator
Event: 1745.470 Loading class java/util/WeakHashMap$HashIterator
Event: 1745.830 Loading class java/util/WeakHashMap$HashIterator done
Event: 1745.830 Loading class java/util/WeakHashMap$KeyIterator done

Classes unloaded (0 events):
No events

Classes redefined (0 events):
No events

Internal exceptions (12 events):
Event: 0.268 Thread 0x000002cbbdd7a980 Exception <a 'java/lang/ClassNotFoundException'{0x00000000a82c1200}: sun/awt/resources/spi/awtProvider> (0x00000000a82c1200) 
thrown [s\src\hotspot\share\classfile\systemDictionary.cpp, line 313]
Event: 0.317 Thread 0x000002cbbdd7a980 Exception <a 'java/io/FileNotFoundException'{0x00000000a81261d8}> (0x00000000a81261d8) 
thrown [s\src\hotspot\share\prims\jni.cpp, line 520]
Event: 0.328 Thread 0x000002cbbdd7a980 Exception <a 'java/io/FileNotFoundException'{0x00000000a81544e8}> (0x00000000a81544e8) 
thrown [s\src\hotspot\share\prims\jni.cpp, line 520]
Event: 0.553 Thread 0x000002cbbdd7a980 Exception <a 'java/lang/NoSuchMethodError'{0x00000000a81e6b68}: 'void java.lang.invoke.DirectMethodHandle$Holder.invokeSpecial(java.lang.Object, java.lang.Object, java.lang.Object)'> (0x00000000a81e6b68) 
thrown [s\src\hotspot\share\interpreter\linkResolver.cpp, line 774]
Event: 0.570 Thread 0x000002cbbdd7a980 Exception <a 'java/lang/NoSuchMethodError'{0x00000000a80921a8}: 'java.lang.Object java.lang.invoke.DirectMethodHandle$Holder.newInvokeSpecial(java.lang.Object, java.lang.Object, java.lang.Object, java.lang.Object, java.lang.Object)'> (0x00000000a80921a8) 
thrown [s\src\hotspot\share\interpreter\linkResolver.cpp, line 774]
Event: 0.585 Thread 0x000002cbbdd7a980 Exception <a 'java/lang/NoSuchMethodError'{0x00000000a80beb48}: 'java.lang.Object java.lang.invoke.DirectMethodHandle$Holder.invokeStatic(java.lang.Object, int, java.lang.Object)'> (0x00000000a80beb48) 
thrown [s\src\hotspot\share\interpreter\linkResolver.cpp, line 774]
Event: 0.637 Thread 0x000002cbbdd7a980 Exception <a 'java/lang/ClassNotFoundException'{0x00000000a7f60e50}: com/sun/swing/internal/plaf/metal/resources/spi/metalProvider> (0x00000000a7f60e50) 
thrown [s\src\hotspot\share\classfile\systemDictionary.cpp, line 313]
Event: 0.640 Thread 0x000002cbbdd7a980 Exception <a 'java/lang/ClassNotFoundException'{0x00000000a7f64e30}: com/sun/swing/internal/plaf/basic/resources/spi/basicProvider> (0x00000000a7f64e30) 
thrown [s\src\hotspot\share\classfile\systemDictionary.cpp, line 313]
Event: 0.667 Thread 0x000002cbbdd7a980 Exception <a 'java/lang/NoSuchMethodError'{0x00000000a7f84f48}: 'int java.lang.invoke.Invokers$Holder.invokeExact_MT(java.lang.Object, java.lang.Object)'> (0x00000000a7f84f48) 
thrown [s\src\hotspot\share\interpreter\linkResolver.cpp, line 774]
Event: 0.853 Thread 0x000002cbdc383850 Exception <a 'java/lang/NoSuchMethodError'{0x00000000a7dd5d18}: 'java.lang.Object java.lang.invoke.DirectMethodHandle$Holder.newInvokeSpecial(java.lang.Object, java.lang.Object, java.lang.Object, int, int, int, int, int)'> (0x00000000a7dd5d18) 
thrown [s\src\hotspot\share\interpreter\linkResolver.cpp, line 774]
Event: 0.947 Thread 0x000002cbd7e587c0 Exception <a 'java/lang/NoSuchMethodError'{0x00000000a800e8e0}: 'void java.lang.invoke.DirectMethodHandle$Holder.invokeVirtual(java.lang.Object, java.lang.Object)'> (0x00000000a800e8e0) 
thrown [s\src\hotspot\share\interpreter\linkResolver.cpp, line 774]
Event: 0.984 Thread 0x000002cbbdd7a980 Exception <a 'java/lang/NoSuchMethodError'{0x00000000a7fcc5a0}: 'void java.lang.invoke.DirectMethodHandle$Holder.invokeStaticInit(java.lang.Object)'> (0x00000000a7fcc5a0) 
thrown [s\src\hotspot\share\interpreter\linkResolver.cpp, line 774]

ZGC Phase Switch (0 events):
No events

VM Operations (20 events):
Event: 60.259 Executing VM operation: HandshakeAllThreads (HandshakeForDeflation) done
Event: 60.259 Executing VM operation: RendezvousGCThreads
Event: 60.259 Executing VM operation: RendezvousGCThreads done
Event: 504.974 Executing VM operation: Cleanup
Event: 504.975 Executing VM operation: Cleanup done
Event: 1742.661 Executing VM operation: Cleanup
Event: 1742.709 Executing VM operation: Cleanup done
Event: 1744.712 Executing VM operation: Cleanup
Event: 1744.790 Executing VM operation: Cleanup done
Event: 1752.388 Executing VM operation: G1CollectForAllocation (G1 Evacuation Pause)
Event: 1752.811 Executing VM operation: G1CollectForAllocation (G1 Evacuation Pause) done
Event: 1752.837 Executing VM operation: G1CollectForAllocation (G1 Evacuation Pause)
Event: 1752.850 Executing VM operation: G1CollectForAllocation (G1 Evacuation Pause) done
Event: 1752.939 Executing VM operation: G1CollectForAllocation (G1 Evacuation Pause)
Event: 1753.103 Executing VM operation: G1CollectForAllocation (G1 Evacuation Pause) done
Event: 1753.147 Executing VM operation: G1CollectForAllocation (G1 Evacuation Pause)
Event: 1753.157 Executing VM operation: G1CollectForAllocation (G1 Evacuation Pause) done
Event: 1753.168 Executing VM operation: G1CollectForAllocation (G1 Evacuation Pause)
Event: 1753.180 Executing VM operation: G1CollectForAllocation (G1 Evacuation Pause) done
Event: 1753.191 Executing VM operation: G1CollectForAllocation (G1 Evacuation Pause)

Events (20 events):
Event: 0.023 Thread 0x000002cbbdd7a980 Thread added: 0x000002cbbdd7a980
Event: 0.106 Thread 0x000002cbd7ad46c0 Thread added: 0x000002cbd7ad46c0
Event: 0.106 Thread 0x000002cbd7ad5280 Thread added: 0x000002cbd7ad5280
Event: 0.108 Thread 0x000002cbd7b04dc0 Thread added: 0x000002cbd7b04dc0
Event: 0.108 Thread 0x000002cbd7b05820 Thread added: 0x000002cbd7b05820
Event: 0.108 Thread 0x000002cbd7af72b0 Thread added: 0x000002cbd7af72b0
Event: 0.108 Thread 0x000002cbd7adaa80 Thread added: 0x000002cbd7adaa80
Event: 0.108 Thread 0x000002cbd7adbfb0 Thread added: 0x000002cbd7adbfb0
Event: 0.108 Thread 0x000002cbd7ae29d0 Thread added: 0x000002cbd7ae29d0
Event: 0.161 Thread 0x000002cbd7cae730 Thread added: 0x000002cbd7cae730
Event: 0.171 Thread 0x000002cbd7cd95f0 Thread added: 0x000002cbd7cd95f0
Event: 0.411 Thread 0x000002cbdc105f40 Thread added: 0x000002cbdc105f40
Event: 0.413 Thread 0x000002cbd7e58150 Thread added: 0x000002cbd7e58150
Event: 0.416 Thread 0x000002cbd7e587c0 Thread added: 0x000002cbd7e587c0
Event: 0.688 Thread 0x000002cbdc383850 Thread added: 0x000002cbdc383850
Event: 0.951 Thread 0x000002cbdc54bc70 Thread added: 0x000002cbdc54bc70
Event: 1.163 Thread 0x000002cbdc6adc90 Thread added: 0x000002cbdc6adc90
Event: 1.173 Thread 0x000002cbbdd7a980 Thread exited: 0x000002cbbdd7a980
Event: 1.173 Thread 0x000002cbbdd7a980 Thread added: 0x000002cbbdd7a980
Event: 5.923 Thread 0x000002cbdc383850 Thread exited: 0x000002cbdc383850


Dynamic libraries:
0x00007ff6ff5e0000 - 0x00007ff6ff5ee000 	C:\Users\Jenna Miles Reyes\.p2\pool\plugins\org.eclipse.justj.openjdk.hotspot.jre.full.win32.x86_64_22.0.0.v20240322-1225\jre\bin\javaw.exe
0x00007fff73bf0000 - 0x00007fff73e06000 	C:\WINDOWS\SYSTEM32\ntdll.dll
0x00007fff72620000 - 0x00007fff726e4000 	C:\WINDOWS\System32\KERNEL32.DLL
0x00007fff71100000 - 0x00007fff714a7000 	C:\WINDOWS\System32\KERNELBASE.dll
0x00007fff717d0000 - 0x00007fff718e1000 	C:\WINDOWS\System32\ucrtbase.dll
0x00007fff6b280000 - 0x00007fff6b297000 	C:\Users\Jenna Miles Reyes\.p2\pool\plugins\org.eclipse.justj.openjdk.hotspot.jre.full.win32.x86_64_22.0.0.v20240322-1225\jre\bin\jli.dll
0x00007fff55dc0000 - 0x00007fff55ddb000 	C:\Users\Jenna Miles Reyes\.p2\pool\plugins\org.eclipse.justj.openjdk.hotspot.jre.full.win32.x86_64_22.0.0.v20240322-1225\jre\bin\VCRUNTIME140.dll
0x00007fff736b0000 - 0x00007fff7385e000 	C:\WINDOWS\System32\USER32.dll
0x00007fff710d0000 - 0x00007fff710f6000 	C:\WINDOWS\System32\win32u.dll
0x00007fff70270000 - 0x00007fff70503000 	C:\WINDOWS\WinSxS\amd64_microsoft.windows.common-controls_6595b64144ccf1df_6.0.22621.3235_none_270f74e173860f98\COMCTL32.dll
0x00007fff72e90000 - 0x00007fff72eb9000 	C:\WINDOWS\System32\GDI32.dll
0x00007fff732d0000 - 0x00007fff73377000 	C:\WINDOWS\System32\msvcrt.dll
0x00007fff70f10000 - 0x00007fff71029000 	C:\WINDOWS\System32\gdi32full.dll
0x00007fff71030000 - 0x00007fff710ca000 	C:\WINDOWS\System32\msvcp_win.dll
0x00007fff73b20000 - 0x00007fff73b51000 	C:\WINDOWS\System32\IMM32.DLL
0x00007fff70730000 - 0x00007fff7073c000 	C:\Users\Jenna Miles Reyes\.p2\pool\plugins\org.eclipse.justj.openjdk.hotspot.jre.full.win32.x86_64_22.0.0.v20240322-1225\jre\bin\vcruntime140_1.dll
0x00007fff339e0000 - 0x00007fff33a6e000 	C:\Users\Jenna Miles Reyes\.p2\pool\plugins\org.eclipse.justj.openjdk.hotspot.jre.full.win32.x86_64_22.0.0.v20240322-1225\jre\bin\msvcp140.dll
0x00007ffef46d0000 - 0x00007ffef5492000 	C:\Users\Jenna Miles Reyes\.p2\pool\plugins\org.eclipse.justj.openjdk.hotspot.jre.full.win32.x86_64_22.0.0.v20240322-1225\jre\bin\server\jvm.dll
0x00007fff73580000 - 0x00007fff73632000 	C:\WINDOWS\System32\ADVAPI32.dll
0x00007fff72290000 - 0x00007fff72338000 	C:\WINDOWS\System32\sechost.dll
0x00007fff718f0000 - 0x00007fff71918000 	C:\WINDOWS\System32\bcrypt.dll
0x00007fff72d70000 - 0x00007fff72e85000 	C:\WINDOWS\System32\RPCRT4.dll
0x00007fff72b70000 - 0x00007fff72be1000 	C:\WINDOWS\System32\WS2_32.dll
0x00007fff70c30000 - 0x00007fff70c7d000 	C:\WINDOWS\SYSTEM32\POWRPROF.dll
0x00007fff66880000 - 0x00007fff6688a000 	C:\WINDOWS\SYSTEM32\VERSION.dll
0x00007fff6d8f0000 - 0x00007fff6d924000 	C:\WINDOWS\SYSTEM32\WINMM.dll
0x00007fff70c10000 - 0x00007fff70c23000 	C:\WINDOWS\SYSTEM32\UMPDC.dll
0x00007fff6f000000 - 0x00007fff6f018000 	C:\WINDOWS\SYSTEM32\kernel.appcore.dll
0x00007fff6cfb0000 - 0x00007fff6cfba000 	C:\Users\Jenna Miles Reyes\.p2\pool\plugins\org.eclipse.justj.openjdk.hotspot.jre.full.win32.x86_64_22.0.0.v20240322-1225\jre\bin\jimage.dll
0x00007fff70800000 - 0x00007fff70a33000 	C:\WINDOWS\SYSTEM32\DBGHELP.DLL
0x00007fff72f40000 - 0x00007fff732c8000 	C:\WINDOWS\System32\combase.dll
0x00007fff73380000 - 0x00007fff73457000 	C:\WINDOWS\System32\OLEAUT32.dll
0x00007fff706f0000 - 0x00007fff70722000 	C:\WINDOWS\SYSTEM32\dbgcore.DLL
0x00007fff71520000 - 0x00007fff71599000 	C:\WINDOWS\System32\bcryptPrimitives.dll
0x00007fff68410000 - 0x00007fff6842e000 	C:\Users\Jenna Miles Reyes\.p2\pool\plugins\org.eclipse.justj.openjdk.hotspot.jre.full.win32.x86_64_22.0.0.v20240322-1225\jre\bin\java.dll
0x00007fff719a0000 - 0x00007fff721fc000 	C:\WINDOWS\System32\SHELL32.dll
0x00007fff73970000 - 0x00007fff73b15000 	C:\WINDOWS\System32\ole32.dll
0x00007fff683f0000 - 0x00007fff68407000 	C:\Users\Jenna Miles Reyes\.p2\pool\plugins\org.eclipse.justj.openjdk.hotspot.jre.full.win32.x86_64_22.0.0.v20240322-1225\jre\bin\zip.dll
0x00007fff6df10000 - 0x00007fff6e809000 	C:\WINDOWS\SYSTEM32\windows.storage.dll
0x00007fff6ddd0000 - 0x00007fff6df0e000 	C:\WINDOWS\SYSTEM32\wintypes.dll
0x00007fff73870000 - 0x00007fff73963000 	C:\WINDOWS\System32\SHCORE.dll
0x00007fff72ec0000 - 0x00007fff72f1e000 	C:\WINDOWS\System32\shlwapi.dll
0x00007fff70e40000 - 0x00007fff70e61000 	C:\WINDOWS\SYSTEM32\profapi.dll
0x00007ffed98b0000 - 0x00007ffed9a3c000 	C:\Users\Jenna Miles Reyes\.p2\pool\plugins\org.eclipse.justj.openjdk.hotspot.jre.full.win32.x86_64_22.0.0.v20240322-1225\jre\bin\awt.dll
0x00007fff6d020000 - 0x00007fff6d0b7000 	C:\WINDOWS\SYSTEM32\apphelp.dll
0x00007fff6d440000 - 0x00007fff6d46b000 	C:\WINDOWS\system32\DWMAPI.DLL
0x00007fff6d1c0000 - 0x00007fff6d26b000 	C:\WINDOWS\system32\uxtheme.dll
0x00007fff118b0000 - 0x00007fff119b0000 	C:\WINDOWS\system32\opengl32.dll
0x00007fff11390000 - 0x00007fff113bd000 	C:\WINDOWS\SYSTEM32\GLU32.dll
0x00007fff6d2f0000 - 0x00007fff6d329000 	C:\WINDOWS\SYSTEM32\dxcore.dll
0x00007fff72c10000 - 0x00007fff72d63000 	C:\WINDOWS\System32\MSCTF.dll
0x00007fff1a3c0000 - 0x00007fff1a569000 	C:\WINDOWS\system32\d3d9.dll
0x00007fff66890000 - 0x00007fff66a4b000 	C:\WINDOWS\System32\DriverStore\FileRepository\u0390483.inf_amd64_b7c25444b8e9ca60\B389503\aticfx64.dll
0x00007fff0cfa0000 - 0x00007fff0cfd4000 	C:\WINDOWS\System32\DriverStore\FileRepository\u0390483.inf_amd64_b7c25444b8e9ca60\B389503\atiu9p64.dll
0x00007fff0c240000 - 0x00007fff0cf95000 	C:\WINDOWS\System32\DriverStore\FileRepository\u0390483.inf_amd64_b7c25444b8e9ca60\B389503\atiumd64.dll
0x0000000056810000 - 0x0000000057738000 	C:\WINDOWS\System32\DriverStore\FileRepository\u0390483.inf_amd64_b7c25444b8e9ca60\B389503\atiumd6a.dll
0x00007fff726f0000 - 0x00007fff72b64000 	C:\WINDOWS\System32\SETUPAPI.dll
0x00007fff64840000 - 0x00007fff64875000 	C:\WINDOWS\SYSTEM32\amdihk64.dll
0x00007fff6a460000 - 0x00007fff6a4aa000 	C:\WINDOWS\SYSTEM32\directxdatabasehelper.dll
0x00007fff23fe0000 - 0x00007fff24067000 	C:\Users\Jenna Miles Reyes\.p2\pool\plugins\org.eclipse.justj.openjdk.hotspot.jre.full.win32.x86_64_22.0.0.v20240322-1225\jre\bin\freetype.dll
0x00007ffed97d0000 - 0x00007ffed98a8000 	C:\Users\Jenna Miles Reyes\.p2\pool\plugins\org.eclipse.justj.openjdk.hotspot.jre.full.win32.x86_64_22.0.0.v20240322-1225\jre\bin\fontmanager.dll
0x00007fff60070000 - 0x00007fff601ba000 	C:\WINDOWS\SYSTEM32\textinputframework.dll
0x00007fff683e0000 - 0x00007fff683f0000 	C:\Users\Jenna Miles Reyes\.p2\pool\plugins\org.eclipse.justj.openjdk.hotspot.jre.full.win32.x86_64_22.0.0.v20240322-1225\jre\bin\net.dll
0x00007fff6f430000 - 0x00007fff6f499000 	C:\WINDOWS\system32\mswsock.dll
0x00007fff683c0000 - 0x00007fff683d6000 	C:\Users\Jenna Miles Reyes\.p2\pool\plugins\org.eclipse.justj.openjdk.hotspot.jre.full.win32.x86_64_22.0.0.v20240322-1225\jre\bin\nio.dll
0x00007fff6cc40000 - 0x00007fff6cd74000 	C:\WINDOWS\SYSTEM32\CoreMessaging.dll
0x00007fff69250000 - 0x00007fff695bc000 	C:\WINDOWS\SYSTEM32\CoreUIComponents.dll
0x00007fff6f660000 - 0x00007fff6f66c000 	C:\WINDOWS\SYSTEM32\CRYPTBASE.DLL
0x00007fff45c90000 - 0x00007fff45cfb000 	C:\WINDOWS\system32\Ninput.dll
0x00007fff557a0000 - 0x00007fff55850000 	C:\WINDOWS\SYSTEM32\TextShaping.dll

dbghelp: loaded successfully - version: 4.0.5 - missing functions: none
symbol engine: initialized successfully - sym options: 0x614 - pdb path: .;C:\Users\Jenna Miles Reyes\.p2\pool\plugins\org.eclipse.justj.openjdk.hotspot.jre.full.win32.x86_64_22.0.0.v20240322-1225\jre\bin;C:\WINDOWS\SYSTEM32;C:\WINDOWS\WinSxS\amd64_microsoft.windows.common-controls_6595b64144ccf1df_6.0.22621.3235_none_270f74e173860f98;C:\Users\Jenna Miles Reyes\.p2\pool\plugins\org.eclipse.justj.openjdk.hotspot.jre.full.win32.x86_64_22.0.0.v20240322-1225\jre\bin\server;C:\WINDOWS\System32\DriverStore\FileRepository\u0390483.inf_amd64_b7c25444b8e9ca60\B389503

VM Arguments:
jvm_args: -Dfile.encoding=UTF-8 -Dstdout.encoding=UTF-8 -Dstderr.encoding=UTF-8 -XX:+ShowCodeDetailsInExceptionMessages 
java_command: JobBoard
java_class_path (initial): C:\Users\Jenna Miles Reyes\eclipse-workspace\Booking System\bin
Launcher Type: SUN_STANDARD

[Global flags]
     intx CICompilerCount                          = 4                                         {product} {ergonomic}
     uint ConcGCThreads                            = 3                                         {product} {ergonomic}
     uint G1ConcRefinementThreads                  = 10                                        {product} {ergonomic}
   size_t G1HeapRegionSize                         = 1048576                                   {product} {ergonomic}
   size_t InitialHeapSize                          = 98566144                                  {product} {ergonomic}
   size_t MarkStackSize                            = 4194304                                   {product} {ergonomic}
   size_t MaxHeapSize                              = 1570766848                                {product} {ergonomic}
   size_t MaxNewSize                               = 941621248                                 {product} {ergonomic}
   size_t MinHeapDeltaBytes                        = 1048576                                   {product} {ergonomic}
   size_t MinHeapSize                              = 8388608                                   {product} {ergonomic}
    uintx NonNMethodCodeHeapSize                   = 5839372                                {pd product} {ergonomic}
    uintx NonProfiledCodeHeapSize                  = 122909434                              {pd product} {ergonomic}
    uintx ProfiledCodeHeapSize                     = 122909434                              {pd product} {ergonomic}
    uintx ReservedCodeCacheSize                    = 251658240                              {pd product} {ergonomic}
     bool SegmentedCodeCache                       = true                                      {product} {ergonomic}
     bool ShowCodeDetailsInExceptionMessages       = true                                   {manageable} {command line}
   size_t SoftMaxHeapSize                          = 1570766848                             {manageable} {ergonomic}
     bool UseCompressedOops                        = true                           {product lp64_product} {ergonomic}
     bool UseG1GC                                  = true                                      {product} {ergonomic}
     bool UseLargePagesIndividualAllocation        = false                                  {pd product} {ergonomic}

Logging:
Log output configuration:
 #0: stdout all=warning uptime,level,tags foldmultilines=false
 #1: stderr all=off uptime,level,tags foldmultilines=false

Environment Variables:
PATH=C:/Users/Jenna Miles Reyes/.p2/pool/plugins/org.eclipse.justj.openjdk.hotspot.jre.full.win32.x86_64_22.0.0.v20240322-1225/jre/bin/server;C:/Users/Jenna Miles Reyes/.p2/pool/plugins/org.eclipse.justj.openjdk.hotspot.jre.full.win32.x86_64_22.0.0.v20240322-1225/jre/bin;C:\WINDOWS\system32;C:\WINDOWS;C:\WINDOWS\System32\Wbem;C:\WINDOWS\System32\WindowsPowerShell\v1.0\;C:\WINDOWS\System32\OpenSSH\;C:\Program Files\Microsoft SQL Server\150\Tools\Binn\;C:\Program Files\dotnet\;C:\Users\Jenna Miles Reyes\AppData\Local\Programs\Python\Python312\Scripts\;C:\Users\Jenna Miles Reyes\AppData\Local\Programs\Python\Python312\;C:\Users\Jenna Miles Reyes\AppData\Local\Programs\Python\Launcher\;C:\Users\Jenna Miles Reyes\AppData\Local\Microsoft\WindowsApps;C:\MinGW\bin;C:\Users\Jenna Miles Reyes\.dotnet\tools;C:\Users\Jenna Miles Reyes\AppData\Local\Programs\Microsoft VS Code\bin;C:\WINDOWS\system32;
USERNAME=Jenna Miles Reyes
OS=Windows_NT
PROCESSOR_IDENTIFIER=AMD64 Family 25 Model 80 Stepping 0, AuthenticAMD
TMP=C:\Users\JENNAM~1\AppData\Local\Temp
TEMP=C:\Users\JENNAM~1\AppData\Local\Temp




Periodic native trim disabled

---------------  S Y S T E M  ---------------

OS:
 Windows 11 , 64 bit Build 22621 (10.0.22621.3374)
OS uptime: 0 days 1:05 hours
Hyper-V role detected

CPU: total 12 (initial active 12) (12 cores per cpu, 2 threads per core) family 25 model 80 stepping 0 microcode 0x0, cx8, cmov, fxsr, ht, mmx, 3dnowpref, sse, sse2, sse3, ssse3, sse4a, sse4.1, sse4.2, popcnt, lzcnt, tsc, tscinvbit, avx, avx2, aes, erms, clmul, bmi1, bmi2, adx, sha, fma, vzeroupper, clflush, clflushopt, hv, rdtscp, rdpid, fsrm, f16c, cet_ss
Processor Information for processor 0
  Max Mhz: 2301, Current Mhz: 1904, Mhz Limit: 2301
Processor Information for processor 1
  Max Mhz: 2301, Current Mhz: 1904, Mhz Limit: 2301
Processor Information for processor 2
  Max Mhz: 2301, Current Mhz: 1904, Mhz Limit: 2301
Processor Information for processor 3
  Max Mhz: 2301, Current Mhz: 1904, Mhz Limit: 2301
Processor Information for processor 4
  Max Mhz: 2301, Current Mhz: 1904, Mhz Limit: 2301
Processor Information for processor 5
  Max Mhz: 2301, Current Mhz: 1904, Mhz Limit: 2301
Processor Information for processor 6
  Max Mhz: 2301, Current Mhz: 1904, Mhz Limit: 2301
Processor Information for processor 7
  Max Mhz: 2301, Current Mhz: 1798, Mhz Limit: 2301
Processor Information for processor 8
  Max Mhz: 2301, Current Mhz: 1904, Mhz Limit: 2301
Processor Information for processor 9
  Max Mhz: 2301, Current Mhz: 1904, Mhz Limit: 2301
Processor Information for processor 10
  Max Mhz: 2301, Current Mhz: 1904, Mhz Limit: 2301
Processor Information for processor 11
  Max Mhz: 2301, Current Mhz: 1904, Mhz Limit: 2301

Memory: 4k page, system-wide physical 5989M (16M free)
TotalPageFile size 24421M (AvailPageFile size 69M)
current process WorkingSet (physical memory assigned to process): 100M, peak: 132M
current process commit charge ("private bytes"): 783M, peak: 971M

vm_info: OpenJDK 64-Bit Server VM (22+36) for windows-amd64 JRE (22+36), built on 2024-03-19T00:00:00Z by "admin" with MS VC++ 17.7 (VS2022)

END.
