#
# There is insufficient memory for the Java Runtime Environment to continue.
# Native memory allocation (mmap) failed to map 209715200 bytes. Error detail: G1 virtual space
# Possible reasons:
#   The system is out of physical RAM or swap space
#   This process is running with CompressedOops enabled, and the Java Heap may be blocking the growth of the native heap
# Possible solutions:
#   Reduce memory load on the system
#   Increase physical memory or swap space
#   Check if swap backing store is full
#   Decrease Java heap size (-Xmx/-Xms)
#   Decrease number of Java threads
#   Decrease Java thread stack sizes (-Xss)
#   Set larger code cache with -XX:ReservedCodeCacheSize=
#   JVM is running with Unscaled Compressed Oops mode in which the Java heap is
#     placed in the first 4GB address space. The Java Heap base address is the
#     maximum limit for the native heap growth. Please use -XX:HeapBaseMinAddress
#     to set the Java Heap base and to place the Java Heap above 4GB virtual address.
# This output file may be truncated or incomplete.
#
#  Out of Memory Error (os_windows.cpp:3631), pid=12168, tid=5688
#
# JRE version: OpenJDK Runtime Environment Temurin-22+36 (22.0+36) (build 22+36)
# Java VM: OpenJDK 64-Bit Server VM Temurin-22+36 (22+36, mixed mode, tiered, compressed oops, compressed class ptrs, g1 gc, windows-amd64)
# No core dump will be written. Minidumps are not enabled by default on client versions of Windows
#

---------------  S U M M A R Y ------------

Command Line: -Dfile.encoding=UTF-8 -Dstdout.encoding=UTF-8 -Dstderr.encoding=UTF-8 -XX:+ShowCodeDetailsInExceptionMessages JobBoard

Host: AMD Ryzen 5 5625U with Radeon Graphics         , 12 cores, 5G,  Windows 11 , 64 bit Build 22621 (10.0.22621.3374)
Time: Thu Apr 25 11:58:13 2024 Malay Peninsula Standard Time elapsed time: 2189.507287 seconds (0d 0h 36m 29s)

---------------  T H R E A D  ---------------

Current thread (0x0000022ff2a2fec0):  VMThread "VM Thread"          [id=5688, stack(0x000000cb34c00000,0x000000cb34d00000) (1024K)]

Stack: [0x000000cb34c00000,0x000000cb34d00000]
Native frames: (J=compiled Java code, j=interpreted, Vv=VM code, C=native code)
V  [jvm.dll+0x6ea2f9]  (no source info available)
V  [jvm.dll+0x8ccec3]  (no source info available)
V  [jvm.dll+0x8cf2ee]  (no source info available)
V  [jvm.dll+0x8cf9c3]  (no source info available)
V  [jvm.dll+0x286dd6]  (no source info available)
V  [jvm.dll+0x6e6985]  (no source info available)
V  [jvm.dll+0x6db60a]  (no source info available)
V  [jvm.dll+0x3600fa]  (no source info available)
V  [jvm.dll+0x3685c6]  (no source info available)
V  [jvm.dll+0x3ba37e]  (no source info available)
V  [jvm.dll+0x3ba628]  (no source info available)
V  [jvm.dll+0x333bfc]  (no source info available)
V  [jvm.dll+0x333c87]  (no source info available)
V  [jvm.dll+0x378d0c]  (no source info available)
V  [jvm.dll+0x377410]  (no source info available)
V  [jvm.dll+0x3332f7]  (no source info available)
V  [jvm.dll+0x376b24]  (no source info available)
V  [jvm.dll+0x8d57af]  (no source info available)
V  [jvm.dll+0x8d6b36]  (no source info available)
V  [jvm.dll+0x8d70b0]  (no source info available)
V  [jvm.dll+0x8d7353]  (no source info available)
V  [jvm.dll+0x8752db]  (no source info available)
V  [jvm.dll+0x6e89f5]  (no source info available)
C  [ucrtbase.dll+0x29333]  (no source info available)
C  [KERNEL32.DLL+0x1257d]  (no source info available)
C  [ntdll.dll+0x5aa48]  (no source info available)

VM_Operation (0x000000cb365fe110): G1CollectForAllocation, mode: safepoint, requested by thread 0x0000022ff2bdf3b0


---------------  P R O C E S S  ---------------

Threads class SMR info:
_java_thread_list=0x0000022ffcd2d150, length=16, elements={
0x0000022ff2bb4d00, 0x0000022ff2bb5830, 0x0000022ff2be17a0, 0x0000022ff2bf6710,
0x0000022ff2c05150, 0x0000022ff2bdc5c0, 0x0000022ff2c0e510, 0x0000022ff2c12000,
0x0000022ff2bdd970, 0x0000022ff2bde000, 0x0000022ff2bdcc50, 0x0000022ff2bdd2e0,
0x0000022ff2bded20, 0x0000022ff2bdf3b0, 0x0000022ff2bdbf30, 0x0000022ff768e550
}

Java Threads: ( => current thread )
  0x0000022ff2bb4d00 JavaThread "Reference Handler"          daemon [_thread_blocked, id=6360, stack(0x000000cb34d00000,0x000000cb34e00000) (1024K)]
  0x0000022ff2bb5830 JavaThread "Finalizer"                  daemon [_thread_blocked, id=17768, stack(0x000000cb34e00000,0x000000cb34f00000) (1024K)]
  0x0000022ff2be17a0 JavaThread "Signal Dispatcher"          daemon [_thread_blocked, id=18516, stack(0x000000cb34f00000,0x000000cb35000000) (1024K)]
  0x0000022ff2bf6710 JavaThread "Attach Listener"            daemon [_thread_blocked, id=2644, stack(0x000000cb35000000,0x000000cb35100000) (1024K)]
  0x0000022ff2c05150 JavaThread "Service Thread"             daemon [_thread_blocked, id=16580, stack(0x000000cb35100000,0x000000cb35200000) (1024K)]
  0x0000022ff2bdc5c0 JavaThread "Monitor Deflation Thread"   daemon [_thread_blocked, id=20232, stack(0x000000cb35200000,0x000000cb35300000) (1024K)]
  0x0000022ff2c0e510 JavaThread "C2 CompilerThread0"         daemon [_thread_blocked, id=5036, stack(0x000000cb35300000,0x000000cb35400000) (1024K)]
  0x0000022ff2c12000 JavaThread "C1 CompilerThread0"         daemon [_thread_blocked, id=1308, stack(0x000000cb35400000,0x000000cb35500000) (1024K)]
  0x0000022ff2bdd970 JavaThread "Notification Thread"        daemon [_thread_blocked, id=3308, stack(0x000000cb35500000,0x000000cb35600000) (1024K)]
  0x0000022ff2bde000 JavaThread "Common-Cleaner"             daemon [_thread_blocked, id=8212, stack(0x000000cb35600000,0x000000cb35700000) (1024K)]
  0x0000022ff2bdcc50 JavaThread "Java2D Disposer"            daemon [_thread_in_native, id=15028, stack(0x000000cb35700000,0x000000cb35800000) (1024K)]
  0x0000022ff2bdd2e0 JavaThread "AWT-Shutdown"                      [_thread_blocked, id=5504, stack(0x000000cb35800000,0x000000cb35900000) (1024K)]
  0x0000022ff2bded20 JavaThread "AWT-Windows"                daemon [_thread_blocked, id=9240, stack(0x000000cb35900000,0x000000cb35a00000) (1024K)]
  0x0000022ff2bdf3b0 JavaThread "AWT-EventQueue-0"                  [_thread_blocked, id=5476, stack(0x000000cb36500000,0x000000cb36600000) (1024K)]
  0x0000022ff2bdbf30 JavaThread "DestroyJavaVM"                     [_thread_blocked, id=4108, stack(0x000000cb34500000,0x000000cb34600000) (1024K)]
  0x0000022ff768e550 JavaThread "D3D Screen Updater"         daemon [_thread_blocked, id=3852, stack(0x000000cb36600000,0x000000cb36700000) (1024K)]
Total: 16

Other Threads:
=>0x0000022ff2a2fec0 VMThread "VM Thread"                           [id=5688, stack(0x000000cb34c00000,0x000000cb34d00000) (1024K)]
  0x0000022ff29df440 WatcherThread "VM Periodic Task Thread"        [id=2264, stack(0x000000cb34b00000,0x000000cb34c00000) (1024K)]
  0x0000022fdb08fb20 WorkerThread "GC Thread#0"                     [id=15816, stack(0x000000cb34600000,0x000000cb34700000) (1024K)]
  0x0000022ff77f6cf0 WorkerThread "GC Thread#1"                     [id=23668, stack(0x000000cb34400000,0x000000cb34500000) (1024K)]
  0x0000022ff77f7bb0 WorkerThread "GC Thread#2"                     [id=23672, stack(0x000000cb35a00000,0x000000cb35b00000) (1024K)]
  0x0000022ff77f6940 WorkerThread "GC Thread#3"                     [id=23676, stack(0x000000cb35b00000,0x000000cb35c00000) (1024K)]
  0x0000022ff77f7f60 WorkerThread "GC Thread#4"                     [id=23680, stack(0x000000cb36400000,0x000000cb36500000) (1024K)]
  0x0000022ff77f8310 WorkerThread "GC Thread#5"                     [id=23684, stack(0x000000cb36900000,0x000000cb36a00000) (1024K)]
  0x0000022ff77f70a0 WorkerThread "GC Thread#6"                     [id=23788, stack(0x000000cb36a00000,0x000000cb36b00000) (1024K)]
  0x0000022ff77f7450 WorkerThread "GC Thread#7"                     [id=23792, stack(0x000000cb36b00000,0x000000cb36c00000) (1024K)]
  0x0000022ff77f7800 WorkerThread "GC Thread#8"                     [id=23796, stack(0x000000cb36c00000,0x000000cb36d00000) (1024K)]
  0x0000022ff2f0c4f0 WorkerThread "GC Thread#9"                     [id=23800, stack(0x000000cb36d00000,0x000000cb36e00000) (1024K)]
  0x0000022fdb09d660 ConcurrentGCThread "G1 Main Marker"            [id=11840, stack(0x000000cb34700000,0x000000cb34800000) (1024K)]
  0x0000022fdb09eac0 WorkerThread "G1 Conc#0"                       [id=20152, stack(0x000000cb34800000,0x000000cb34900000) (1024K)]
  0x0000022ff2f0ab20 WorkerThread "G1 Conc#1"                       [id=23928, stack(0x000000cb36e00000,0x000000cb36f00000) (1024K)]
  0x0000022ff2f0aed0 WorkerThread "G1 Conc#2"                       [id=23932, stack(0x000000cb36f00000,0x000000cb37000000) (1024K)]
  0x0000022ff28b20c0 ConcurrentGCThread "G1 Refine#0"               [id=13868, stack(0x000000cb34900000,0x000000cb34a00000) (1024K)]
  0x0000022ff28b2850 ConcurrentGCThread "G1 Service"                [id=20464, stack(0x000000cb34a00000,0x000000cb34b00000) (1024K)]
Total: 18

Threads with active compile tasks:
Total: 0

VM state: at safepoint (normal execution)

VM Mutex/Monitor currently owned by a thread:  ([mutex/lock_event])
[0x00007ffef53affb8] Threads_lock - owner thread: 0x0000022ff2a2fec0
[0x00007ffef53b00b8] Heap_lock - owner thread: 0x0000022ff2bdf3b0

Heap address: 0x00000000a2600000, size: 1498 MB, Compressed Oops mode: 32-bit

CDS archive(s) not mapped
Compressed class space mapped at: 0x000000000d000000-0x000000004d000000, reserved size: 1073741824
Narrow klass base: 0x0000000000000000, Narrow klass shift: 0, Narrow klass range: 0x4d000000

GC Precious Log:
 CardTable entry size: 512
 Card Set container configuration: InlinePtr #cards 5 size 8 Array Of Cards #cards 12 size 40 Howl #buckets 4 coarsen threshold 1843 Howl Bitmap #cards 512 size 80 coarsen threshold 460 Card regions per heap region 1 cards per card region 2048
 CPUs: 12 total, 12 available
 Memory: 5989M
 Large Page Support: Disabled
 NUMA Support: Disabled
 Compressed Oops: Enabled (32-bit)
 Heap Region Size: 1M
 Heap Min Capacity: 8M
 Heap Initial Capacity: 94M
 Heap Max Capacity: 1498M
 Pre-touch: Disabled
 Parallel Workers: 10
 Concurrent Workers: 3
 Concurrent Refinement Workers: 10
 Periodic GC: Disabled

Heap:
 garbage-first heap   total reserved 1533952K, committed 102400K, used 74740K [0x00000000a2600000, 0x0000000100000000)
  region size 1024K, 2 young (2048K), 2 survivors (2048K)
 Metaspace       used 15839K, committed 16064K, reserved 1114112K
  class space    used 1483K, committed 1600K, reserved 1048576K

Heap Regions: E=young(eden), S=young(survivor), O=old, HS=humongous(starts), HC=humongous(continues), CS=collection set, F=free, TAMS=top-at-mark-start, PB=parsable bottom
|   0|0x00000000a2600000, 0x00000000a2700000, 0x00000000a2700000|100%| O|  |TAMS 0x00000000a2700000| PB 0x00000000a2600000| Untracked |  0
|   1|0x00000000a2700000, 0x00000000a2800000, 0x00000000a2800000|100%| O|  |TAMS 0x00000000a2800000| PB 0x00000000a2700000| Untracked |  0
|   2|0x00000000a2800000, 0x00000000a2900000, 0x00000000a2900000|100%| O|  |TAMS 0x00000000a2900000| PB 0x00000000a2800000| Untracked |  0
|   3|0x00000000a2900000, 0x00000000a2a00000, 0x00000000a2a00000|100%| O|  |TAMS 0x00000000a2a00000| PB 0x00000000a2900000| Untracked |  0
|   4|0x00000000a2a00000, 0x00000000a2b00000, 0x00000000a2b00000|100%| O|  |TAMS 0x00000000a2b00000| PB 0x00000000a2a00000| Untracked |  0
|   5|0x00000000a2b00000, 0x00000000a2c00000, 0x00000000a2c00000|100%| O|  |TAMS 0x00000000a2c00000| PB 0x00000000a2b00000| Updating |  0
|   6|0x00000000a2c00000, 0x00000000a2d00000, 0x00000000a2d00000|100%| O|  |TAMS 0x00000000a2d00000| PB 0x00000000a2c00000| Untracked |  0
|   7|0x00000000a2d00000, 0x00000000a2e00000, 0x00000000a2e00000|100%| O|  |TAMS 0x00000000a2e00000| PB 0x00000000a2d00000| Untracked |  0
|   8|0x00000000a2e00000, 0x00000000a2f00000, 0x00000000a2f00000|100%| O|  |TAMS 0x00000000a2f00000| PB 0x00000000a2e00000| Untracked |  0
|   9|0x00000000a2f00000, 0x00000000a3000000, 0x00000000a3000000|100%| O|  |TAMS 0x00000000a3000000| PB 0x00000000a2f00000| Untracked |  0
|  10|0x00000000a3000000, 0x00000000a3100000, 0x00000000a3100000|100%| O|  |TAMS 0x00000000a3100000| PB 0x00000000a3000000| Untracked |  0
|  11|0x00000000a3100000, 0x00000000a3200000, 0x00000000a3200000|100%| O|  |TAMS 0x00000000a3200000| PB 0x00000000a3100000| Updating |  0
|  12|0x00000000a3200000, 0x00000000a3300000, 0x00000000a3300000|100%| O|  |TAMS 0x00000000a3300000| PB 0x00000000a3200000| Updating |  0
|  13|0x00000000a3300000, 0x00000000a3400000, 0x00000000a3400000|100%| O|  |TAMS 0x00000000a3400000| PB 0x00000000a3300000| Untracked |  0
|  14|0x00000000a3400000, 0x00000000a3500000, 0x00000000a3500000|100%| O|  |TAMS 0x00000000a3500000| PB 0x00000000a3400000| Updating |  0
|  15|0x00000000a3500000, 0x00000000a3600000, 0x00000000a3600000|100%| O|  |TAMS 0x00000000a3600000| PB 0x00000000a3500000| Updating |  0
|  16|0x00000000a3600000, 0x00000000a3700000, 0x00000000a3700000|100%| O|  |TAMS 0x00000000a3700000| PB 0x00000000a3600000| Untracked |  0
|  17|0x00000000a3700000, 0x00000000a3800000, 0x00000000a3800000|100%| O|  |TAMS 0x00000000a3800000| PB 0x00000000a3700000| Updating |  0
|  18|0x00000000a3800000, 0x00000000a3900000, 0x00000000a3900000|100%| O|  |TAMS 0x00000000a3900000| PB 0x00000000a3800000| Untracked |  0
|  19|0x00000000a3900000, 0x00000000a3a00000, 0x00000000a3a00000|100%| O|  |TAMS 0x00000000a3a00000| PB 0x00000000a3900000| Untracked |  0
|  20|0x00000000a3a00000, 0x00000000a3b00000, 0x00000000a3b00000|100%| O|  |TAMS 0x00000000a3b00000| PB 0x00000000a3a00000| Updating |  0
|  21|0x00000000a3b00000, 0x00000000a3c00000, 0x00000000a3c00000|100%| O|  |TAMS 0x00000000a3c00000| PB 0x00000000a3b00000| Updating |  0
|  22|0x00000000a3c00000, 0x00000000a3d00000, 0x00000000a3d00000|100%| O|  |TAMS 0x00000000a3d00000| PB 0x00000000a3c00000| Updating |  0
|  23|0x00000000a3d00000, 0x00000000a3e00000, 0x00000000a3e00000|100%| O|  |TAMS 0x00000000a3e00000| PB 0x00000000a3d00000| Updating |  0
|  24|0x00000000a3e00000, 0x00000000a3f00000, 0x00000000a3f00000|100%| O|  |TAMS 0x00000000a3f00000| PB 0x00000000a3e00000| Updating |  0
|  25|0x00000000a3f00000, 0x00000000a4000000, 0x00000000a4000000|100%| O|  |TAMS 0x00000000a4000000| PB 0x00000000a3f00000| Untracked |  0
|  26|0x00000000a4000000, 0x00000000a4100000, 0x00000000a4100000|100%| O|  |TAMS 0x00000000a4100000| PB 0x00000000a4000000| Untracked |  0
|  27|0x00000000a4100000, 0x00000000a4200000, 0x00000000a4200000|100%| O|  |TAMS 0x00000000a4200000| PB 0x00000000a4100000| Untracked |  0
|  28|0x00000000a4200000, 0x00000000a4300000, 0x00000000a4300000|100%| O|  |TAMS 0x00000000a4300000| PB 0x00000000a4200000| Updating |  0
|  29|0x00000000a4300000, 0x00000000a4400000, 0x00000000a4400000|100%| O|  |TAMS 0x00000000a4400000| PB 0x00000000a4400000| Untracked |  0
|  30|0x00000000a4400000, 0x00000000a4500000, 0x00000000a4500000|100%| O|  |TAMS 0x00000000a4500000| PB 0x00000000a4400000| Untracked |  0
|  31|0x00000000a4500000, 0x00000000a4600000, 0x00000000a4600000|100%| O|  |TAMS 0x00000000a4600000| PB 0x00000000a4500000| Untracked |  0
|  32|0x00000000a4600000, 0x00000000a4700000, 0x00000000a4700000|100%| O|  |TAMS 0x00000000a4700000| PB 0x00000000a4600000| Untracked |  0
|  33|0x00000000a4700000, 0x00000000a4800000, 0x00000000a4800000|100%| O|  |TAMS 0x00000000a4800000| PB 0x00000000a4700000| Untracked |  0
|  34|0x00000000a4800000, 0x00000000a4900000, 0x00000000a4900000|100%| O|  |TAMS 0x00000000a4900000| PB 0x00000000a4800000| Untracked |  0
|  35|0x00000000a4900000, 0x00000000a4a00000, 0x00000000a4a00000|100%| O|  |TAMS 0x00000000a49ef180| PB 0x00000000a4900000| Updating |  0
|  36|0x00000000a4a00000, 0x00000000a4b00000, 0x00000000a4b00000|100%| O|  |TAMS 0x00000000a4a00000| PB 0x00000000a4a00000| Untracked |  0
|  37|0x00000000a4b00000, 0x00000000a4c00000, 0x00000000a4c00000|100%| O|  |TAMS 0x00000000a4b00000| PB 0x00000000a4b00000| Untracked |  0
|  38|0x00000000a4c00000, 0x00000000a4d00000, 0x00000000a4d00000|100%| O|  |TAMS 0x00000000a4c00000| PB 0x00000000a4c00000| Untracked |  0
|  39|0x00000000a4d00000, 0x00000000a4e00000, 0x00000000a4e00000|100%| O|  |TAMS 0x00000000a4d00000| PB 0x00000000a4d00000| Untracked |  0
|  40|0x00000000a4e00000, 0x00000000a4f00000, 0x00000000a4f00000|100%| O|  |TAMS 0x00000000a4e00000| PB 0x00000000a4e00000| Untracked |  0
|  41|0x00000000a4f00000, 0x00000000a5000000, 0x00000000a5000000|100%| O|  |TAMS 0x00000000a4f00000| PB 0x00000000a4f00000| Untracked |  0
|  42|0x00000000a5000000, 0x00000000a5100000, 0x00000000a5100000|100%| O|  |TAMS 0x00000000a5000000| PB 0x00000000a5000000| Untracked |  0
|  43|0x00000000a5100000, 0x00000000a5200000, 0x00000000a5200000|100%| O|  |TAMS 0x00000000a5100000| PB 0x00000000a5100000| Untracked |  0
|  44|0x00000000a5200000, 0x00000000a5300000, 0x00000000a5300000|100%| O|  |TAMS 0x00000000a5200000| PB 0x00000000a5200000| Untracked |  0
|  45|0x00000000a5300000, 0x00000000a5400000, 0x00000000a5400000|100%| O|  |TAMS 0x00000000a5300000| PB 0x00000000a5300000| Untracked |  0
|  46|0x00000000a5400000, 0x00000000a5500000, 0x00000000a5500000|100%| O|  |TAMS 0x00000000a5400000| PB 0x00000000a5400000| Untracked |  0
|  47|0x00000000a5500000, 0x00000000a5600000, 0x00000000a5600000|100%| O|  |TAMS 0x00000000a5500000| PB 0x00000000a5500000| Untracked |  0
|  48|0x00000000a5600000, 0x00000000a5700000, 0x00000000a5700000|100%| O|  |TAMS 0x00000000a5600000| PB 0x00000000a5600000| Untracked |  0
|  49|0x00000000a5700000, 0x00000000a5800000, 0x00000000a5800000|100%| O|  |TAMS 0x00000000a5700000| PB 0x00000000a5700000| Updating |  0
|  50|0x00000000a5800000, 0x00000000a5900000, 0x00000000a5900000|100%|HS|  |TAMS 0x00000000a5800000| PB 0x00000000a5800000| Complete |  0
|  51|0x00000000a5900000, 0x00000000a5a00000, 0x00000000a5a00000|100%|HC|  |TAMS 0x00000000a5900000| PB 0x00000000a5900000| Complete |  0
|  52|0x00000000a5a00000, 0x00000000a5b00000, 0x00000000a5b00000|100%|HC|  |TAMS 0x00000000a5a00000| PB 0x00000000a5a00000| Complete |  0
|  53|0x00000000a5b00000, 0x00000000a5c00000, 0x00000000a5c00000|100%|HC|  |TAMS 0x00000000a5b00000| PB 0x00000000a5b00000| Complete |  0
|  54|0x00000000a5c00000, 0x00000000a5d00000, 0x00000000a5d00000|100%|HC|  |TAMS 0x00000000a5c00000| PB 0x00000000a5c00000| Complete |  0
|  55|0x00000000a5d00000, 0x00000000a5e00000, 0x00000000a5e00000|100%|HC|  |TAMS 0x00000000a5d00000| PB 0x00000000a5d00000| Complete |  0
|  56|0x00000000a5e00000, 0x00000000a5f00000, 0x00000000a5f00000|100%|HC|  |TAMS 0x00000000a5e00000| PB 0x00000000a5e00000| Complete |  0
|  57|0x00000000a5f00000, 0x00000000a6000000, 0x00000000a6000000|100%|HC|  |TAMS 0x00000000a5f00000| PB 0x00000000a5f00000| Complete |  0
|  58|0x00000000a6000000, 0x00000000a6100000, 0x00000000a6100000|100%| O|  |TAMS 0x00000000a6000000| PB 0x00000000a6000000| Untracked |  0
|  59|0x00000000a6100000, 0x00000000a6200000, 0x00000000a6200000|100%| O|  |TAMS 0x00000000a6100000| PB 0x00000000a6100000| Untracked |  0
|  60|0x00000000a6200000, 0x00000000a6300000, 0x00000000a6300000|100%| O|  |TAMS 0x00000000a6200000| PB 0x00000000a6200000| Untracked |  0
|  61|0x00000000a6300000, 0x00000000a6400000, 0x00000000a6400000|100%| O|  |TAMS 0x00000000a6300000| PB 0x00000000a6300000| Untracked |  0
|  62|0x00000000a6400000, 0x00000000a6500000, 0x00000000a6500000|100%| O|  |TAMS 0x00000000a6400000| PB 0x00000000a6400000| Untracked |  0
|  63|0x00000000a6500000, 0x00000000a6600000, 0x00000000a6600000|100%| O|  |TAMS 0x00000000a6500000| PB 0x00000000a6500000| Untracked |  0
|  64|0x00000000a6600000, 0x00000000a6700000, 0x00000000a6700000|100%| O|  |TAMS 0x00000000a6600000| PB 0x00000000a6600000| Untracked |  0
|  65|0x00000000a6700000, 0x00000000a6800000, 0x00000000a6800000|100%| O|  |TAMS 0x00000000a6700000| PB 0x00000000a6700000| Untracked |  0
|  66|0x00000000a6800000, 0x00000000a6900000, 0x00000000a6900000|100%| O|  |TAMS 0x00000000a6800000| PB 0x00000000a6800000| Untracked |  0
|  67|0x00000000a6900000, 0x00000000a6a00000, 0x00000000a6a00000|100%| O|  |TAMS 0x00000000a6900000| PB 0x00000000a6900000| Untracked |  0
|  68|0x00000000a6a00000, 0x00000000a6b00000, 0x00000000a6b00000|100%| O|  |TAMS 0x00000000a6a00000| PB 0x00000000a6a00000| Untracked |  0
|  69|0x00000000a6b00000, 0x00000000a6c00000, 0x00000000a6c00000|100%| O|  |TAMS 0x00000000a6b00000| PB 0x00000000a6b00000| Untracked |  0
|  70|0x00000000a6c00000, 0x00000000a6cfd260, 0x00000000a6d00000| 98%| O|  |TAMS 0x00000000a6c00000| PB 0x00000000a6c00000| Untracked |  0
|  71|0x00000000a6d00000, 0x00000000a6d00000, 0x00000000a6e00000|  0%| F|  |TAMS 0x00000000a6d00000| PB 0x00000000a6d00000| Untracked |  0
|  72|0x00000000a6e00000, 0x00000000a6e00000, 0x00000000a6f00000|  0%| F|  |TAMS 0x00000000a6e00000| PB 0x00000000a6e00000| Untracked |  0
|  73|0x00000000a6f00000, 0x00000000a6f00000, 0x00000000a7000000|  0%| F|  |TAMS 0x00000000a6f00000| PB 0x00000000a6f00000| Untracked |  0
|  74|0x00000000a7000000, 0x00000000a7000000, 0x00000000a7100000|  0%| F|  |TAMS 0x00000000a7000000| PB 0x00000000a7000000| Untracked |  0
|  75|0x00000000a7100000, 0x00000000a7100000, 0x00000000a7200000|  0%| F|  |TAMS 0x00000000a7100000| PB 0x00000000a7100000| Untracked |  0
|  76|0x00000000a7200000, 0x00000000a7200000, 0x00000000a7300000|  0%| F|  |TAMS 0x00000000a7200000| PB 0x00000000a7200000| Untracked |  0
|  77|0x00000000a7300000, 0x00000000a7300000, 0x00000000a7400000|  0%| F|  |TAMS 0x00000000a7300000| PB 0x00000000a7300000| Untracked |  0
|  78|0x00000000a7400000, 0x00000000a7400000, 0x00000000a7500000|  0%| F|  |TAMS 0x00000000a7400000| PB 0x00000000a7400000| Untracked |  0
|  79|0x00000000a7500000, 0x00000000a7500000, 0x00000000a7600000|  0%| F|  |TAMS 0x00000000a7500000| PB 0x00000000a7500000| Untracked |  0
|  80|0x00000000a7600000, 0x00000000a7600000, 0x00000000a7700000|  0%| F|  |TAMS 0x00000000a7600000| PB 0x00000000a7600000| Untracked |  0
|  81|0x00000000a7700000, 0x00000000a7700000, 0x00000000a7800000|  0%| F|  |TAMS 0x00000000a7700000| PB 0x00000000a7700000| Untracked |  0
|  82|0x00000000a7800000, 0x00000000a7800000, 0x00000000a7900000|  0%| F|  |TAMS 0x00000000a7800000| PB 0x00000000a7800000| Untracked |  0
|  83|0x00000000a7900000, 0x00000000a7900000, 0x00000000a7a00000|  0%| F|  |TAMS 0x00000000a7900000| PB 0x00000000a7900000| Untracked |  0
|  84|0x00000000a7a00000, 0x00000000a7a00000, 0x00000000a7b00000|  0%| F|  |TAMS 0x00000000a7a00000| PB 0x00000000a7a00000| Untracked |  0
|  85|0x00000000a7b00000, 0x00000000a7c00000, 0x00000000a7c00000|100%| S|CS|TAMS 0x00000000a7b00000| PB 0x00000000a7b00000| Complete |  0
|  86|0x00000000a7c00000, 0x00000000a7d00000, 0x00000000a7d00000|100%| S|CS|TAMS 0x00000000a7c00000| PB 0x00000000a7c00000| Complete |  0
|  87|0x00000000a7d00000, 0x00000000a7d00000, 0x00000000a7e00000|  0%| F|  |TAMS 0x00000000a7d00000| PB 0x00000000a7d00000| Untracked |  0
|  88|0x00000000a7e00000, 0x00000000a7e00000, 0x00000000a7f00000|  0%| F|  |TAMS 0x00000000a7e00000| PB 0x00000000a7e00000| Untracked |  0
|  89|0x00000000a7f00000, 0x00000000a7f00000, 0x00000000a8000000|  0%| F|  |TAMS 0x00000000a7f00000| PB 0x00000000a7f00000| Untracked |  0
|  90|0x00000000a8000000, 0x00000000a8000000, 0x00000000a8100000|  0%| F|  |TAMS 0x00000000a8000000| PB 0x00000000a8000000| Untracked |  0
|  91|0x00000000a8100000, 0x00000000a8100000, 0x00000000a8200000|  0%| F|  |TAMS 0x00000000a8100000| PB 0x00000000a8100000| Untracked |  0
|  92|0x00000000a8200000, 0x00000000a8200000, 0x00000000a8300000|  0%| F|  |TAMS 0x00000000a8200000| PB 0x00000000a8200000| Untracked |  0
|  93|0x00000000a8300000, 0x00000000a8300000, 0x00000000a8400000|  0%| F|  |TAMS 0x00000000a8300000| PB 0x00000000a8300000| Untracked |  0
|  94|0x00000000a8400000, 0x00000000a8400000, 0x00000000a8500000|  0%| F|  |TAMS 0x00000000a8400000| PB 0x00000000a8400000| Untracked |  0
|  95|0x00000000a8500000, 0x00000000a8500000, 0x00000000a8600000|  0%| F|  |TAMS 0x00000000a8500000| PB 0x00000000a8500000| Untracked |  0
|  96|0x00000000a8600000, 0x00000000a8600000, 0x00000000a8700000|  0%| F|  |TAMS 0x00000000a8600000| PB 0x00000000a8600000| Untracked |  0
|  97|0x00000000a8700000, 0x00000000a8700000, 0x00000000a8800000|  0%| F|  |TAMS 0x00000000a8700000| PB 0x00000000a8700000| Untracked |  0
|  98|0x00000000a8800000, 0x00000000a8800000, 0x00000000a8900000|  0%| F|  |TAMS 0x00000000a8800000| PB 0x00000000a8800000| Untracked |  0
|  99|0x00000000a8900000, 0x00000000a8900000, 0x00000000a8a00000|  0%| F|  |TAMS 0x00000000a8900000| PB 0x00000000a8900000| Untracked |  0

Card table byte_map: [0x0000022fee380000,0x0000022fee670000] _byte_map_base: 0x0000022fede6d000

Marking Bits: (CMBitMap*) 0x0000022fdb090230
 Bits: [0x0000022fee670000, 0x0000022fefdd8000)

Polling page: 0x0000022fd8e20000

Metaspace:

Usage:
  Non-class:     14.02 MB used.
      Class:      1.45 MB used.
       Both:     15.47 MB used.

Virtual space:
  Non-class space:       64.00 MB reserved,      14.12 MB ( 22%) committed,  1 nodes.
      Class space:        1.00 GB reserved,       1.56 MB ( <1%) committed,  1 nodes.
             Both:        1.06 GB reserved,      15.69 MB (  1%) committed. 

Chunk freelists:
   Non-Class:  1.06 MB
       Class:  14.28 MB
        Both:  15.34 MB

MaxMetaspaceSize: unlimited
CompressedClassSpaceSize: 1.00 GB
Initial GC threshold: 21.00 MB
Current GC threshold: 26.19 MB
CDS: off
 - commit_granule_bytes: 65536.
 - commit_granule_words: 8192.
 - virtual_space_node_default_size: 8388608.
 - enlarge_chunks_in_place: 1.
 - use_allocation_guard: 0.


Internal statistics:

num_allocs_failed_limit: 0.
num_arena_births: 152.
num_arena_deaths: 60.
num_vsnodes_births: 2.
num_vsnodes_deaths: 0.
num_space_committed: 251.
num_space_uncommitted: 0.
num_chunks_returned_to_freelist: 75.
num_chunks_taken_from_freelist: 237.
num_chunk_merges: 14.
num_chunk_splits: 123.
num_chunks_enlarged: 43.
num_inconsistent_stats: 0.

CodeHeap 'non-profiled nmethods': size=120000Kb used=472Kb max_used=472Kb free=119527Kb
 bounds [0x0000022fe6610000, 0x0000022fe6880000, 0x0000022fedb40000]
CodeHeap 'profiled nmethods': size=120000Kb used=3153Kb max_used=3153Kb free=116846Kb
 bounds [0x0000022fdeb40000, 0x0000022fdee60000, 0x0000022fe6070000]
CodeHeap 'non-nmethods': size=5760Kb used=1557Kb max_used=1574Kb free=4202Kb
 bounds [0x0000022fe6070000, 0x0000022fe62e0000, 0x0000022fe6610000]
 total_blobs=2395 nmethods=1771 adapters=529
 compilation: enabled
              stopped_count=0, restarted_count=0
 full_count=0

Compilation events (20 events):
Event: 2189.248 Thread 0x0000022ff2c12000 1761       3       java.awt.image.DirectColorModel::createCompatibleWritableRaster (114 bytes)
Event: 2189.248 Thread 0x0000022ff2c12000 nmethod 1761 0x0000022fdee4ef10 code [0x0000022fdee4f120, 0x0000022fdee4f700]
Event: 2189.248 Thread 0x0000022ff2c12000 1762       3       java.awt.image.Raster::createPackedRaster (103 bytes)
Event: 2189.251 Thread 0x0000022ff2c12000 nmethod 1762 0x0000022fdee4f910 code [0x0000022fdee4fb40, 0x0000022fdee50400]
Event: 2189.251 Thread 0x0000022ff2c12000 1763       3       java.awt.image.DataBufferInt::<init> (35 bytes)
Event: 2189.251 Thread 0x0000022ff2c12000 nmethod 1763 0x0000022fdee50710 code [0x0000022fdee508e0, 0x0000022fdee50d50]
Event: 2189.251 Thread 0x0000022ff2c12000 1764       3       java.awt.image.DataBuffer::<init> (40 bytes)
Event: 2189.252 Thread 0x0000022ff2c12000 nmethod 1764 0x0000022fdee50e90 code [0x0000022fdee51040, 0x0000022fdee51350]
Event: 2189.252 Thread 0x0000022ff2c12000 1765       3       sun.awt.image.IntegerInterleavedRaster::getDataOffset (7 bytes)
Event: 2189.252 Thread 0x0000022ff2c12000 nmethod 1765 0x0000022fdee51490 code [0x0000022fdee51620, 0x0000022fdee51758]
Event: 2189.252 Thread 0x0000022ff2c12000 1767       3       sun.awt.image.VolatileSurfaceManager::getBackupSurface (74 bytes)
Event: 2189.253 Thread 0x0000022ff2c12000 nmethod 1767 0x0000022fdee51810 code [0x0000022fdee51a40, 0x0000022fdee52258]
Event: 2189.253 Thread 0x0000022ff2c12000 1768       3       sun.awt.image.SunVolatileImage::getBackupImage (40 bytes)
Event: 2189.254 Thread 0x0000022ff2c12000 nmethod 1768 0x0000022fdee52690 code [0x0000022fdee52860, 0x0000022fdee52b70]
Event: 2189.254 Thread 0x0000022ff2c12000 1769       3       java.awt.GraphicsConfiguration::createCompatibleImage (71 bytes)
Event: 2189.255 Thread 0x0000022ff2c12000 nmethod 1769 0x0000022fdee52c90 code [0x0000022fdee52ee0, 0x0000022fdee53930]
Event: 2189.255 Thread 0x0000022ff2c12000 1770  s    3       sun.java2d.StateTrackableDelegate::setUntrackable (33 bytes)
Event: 2189.259 Thread 0x0000022ff2c12000 nmethod 1770 0x0000022fdee53c90 code [0x0000022fdee53e60, 0x0000022fdee541c8]
Event: 2189.264 Thread 0x0000022ff2c12000 1771       3       sun.java2d.d3d.D3DRenderQueue::flushNow (6 bytes)
Event: 2189.265 Thread 0x0000022ff2c12000 nmethod 1771 0x0000022fdee54290 code [0x0000022fdee54440, 0x0000022fdee54588]

GC Heap History (11 events):
Event: 2186.135 GC heap before
{Heap before GC invocations=0 (full 0):
 garbage-first heap   total reserved 1533952K, committed 96256K, used 23552K [0x00000000a2600000, 0x0000000100000000)
  region size 1024K, 24 young (24576K), 0 survivors (0K)
 Metaspace       used 15854K, committed 16064K, reserved 1114112K
  class space    used 1498K, committed 1600K, reserved 1048576K
}
Event: 2187.063 GC heap after
{Heap after GC invocations=1 (full 0):
 garbage-first heap   total reserved 1533952K, committed 96256K, used 15002K [0x00000000a2600000, 0x0000000100000000)
  region size 1024K, 3 young (3072K), 3 survivors (3072K)
 Metaspace       used 15854K, committed 16064K, reserved 1114112K
  class space    used 1498K, committed 1600K, reserved 1048576K
}
Event: 2187.085 GC heap before
{Heap before GC invocations=1 (full 0):
 garbage-first heap   total reserved 1533952K, committed 96256K, used 15002K [0x00000000a2600000, 0x0000000100000000)
  region size 1024K, 4 young (4096K), 3 survivors (3072K)
 Metaspace       used 15856K, committed 16064K, reserved 1114112K
  class space    used 1498K, committed 1600K, reserved 1048576K
}
Event: 2187.100 GC heap after
{Heap after GC invocations=2 (full 0):
 garbage-first heap   total reserved 1533952K, committed 96256K, used 16983K [0x00000000a2600000, 0x0000000100000000)
  region size 1024K, 1 young (1024K), 1 survivors (1024K)
 Metaspace       used 15856K, committed 16064K, reserved 1114112K
  class space    used 1498K, committed 1600K, reserved 1048576K
}
Event: 2187.970 GC heap before
{Heap before GC invocations=2 (full 0):
 garbage-first heap   total reserved 1533952K, committed 96256K, used 23127K [0x00000000a2600000, 0x0000000100000000)
  region size 1024K, 8 young (8192K), 1 survivors (1024K)
 Metaspace       used 15860K, committed 16064K, reserved 1114112K
  class space    used 1498K, committed 1600K, reserved 1048576K
}
Event: 2188.052 GC heap after
{Heap after GC invocations=3 (full 0):
 garbage-first heap   total reserved 1533952K, committed 96256K, used 26387K [0x00000000a2600000, 0x0000000100000000)
  region size 1024K, 1 young (1024K), 1 survivors (1024K)
 Metaspace       used 15860K, committed 16064K, reserved 1114112K
  class space    used 1498K, committed 1600K, reserved 1048576K
}
Event: 2188.287 GC heap before
{Heap before GC invocations=3 (full 0):
 garbage-first heap   total reserved 1533952K, committed 96256K, used 36627K [0x00000000a2600000, 0x0000000100000000)
  region size 1024K, 12 young (12288K), 1 survivors (1024K)
 Metaspace       used 15874K, committed 16064K, reserved 1114112K
  class space    used 1498K, committed 1600K, reserved 1048576K
}
Event: 2188.312 GC heap after
{Heap after GC invocations=4 (full 0):
 garbage-first heap   total reserved 1533952K, committed 96256K, used 38844K [0x00000000a2600000, 0x0000000100000000)
  region size 1024K, 2 young (2048K), 2 survivors (2048K)
 Metaspace       used 15874K, committed 16064K, reserved 1114112K
  class space    used 1498K, committed 1600K, reserved 1048576K
}
Event: 2188.374 GC heap before
{Heap before GC invocations=4 (full 0):
 garbage-first heap   total reserved 1533952K, committed 96256K, used 49084K [0x00000000a2600000, 0x0000000100000000)
  region size 1024K, 14 young (14336K), 2 survivors (2048K)
 Metaspace       used 15887K, committed 16064K, reserved 1114112K
  class space    used 1498K, committed 1600K, reserved 1048576K
}
Event: 2188.408 GC heap after
{Heap after GC invocations=5 (full 0):
 garbage-first heap   total reserved 1533952K, committed 96256K, used 52420K [0x00000000a2600000, 0x0000000100000000)
  region size 1024K, 2 young (2048K), 2 survivors (2048K)
 Metaspace       used 15887K, committed 16064K, reserved 1114112K
  class space    used 1498K, committed 1600K, reserved 1048576K
}
Event: 2189.324 GC heap before
{Heap before GC invocations=6 (full 0):
 garbage-first heap   total reserved 1533952K, committed 102400K, used 72900K [0x00000000a2600000, 0x0000000100000000)
  region size 1024K, 15 young (15360K), 2 survivors (2048K)
 Metaspace       used 15839K, committed 16064K, reserved 1114112K
  class space    used 1483K, committed 1600K, reserved 1048576K
}

Dll operation events (9 events):
Event: 0.014 Loaded shared library C:\Users\Jenna Miles Reyes\.p2\pool\plugins\org.eclipse.justj.openjdk.hotspot.jre.full.win32.x86_64_22.0.0.v20240322-1225\jre\bin\java.dll
Event: 0.022 Loaded shared library C:\Users\Jenna Miles Reyes\.p2\pool\plugins\org.eclipse.justj.openjdk.hotspot.jre.full.win32.x86_64_22.0.0.v20240322-1225\jre\bin\zip.dll
Event: 0.189 Loaded shared library C:\Users\Jenna Miles Reyes\.p2\pool\plugins\org.eclipse.justj.openjdk.hotspot.jre.full.win32.x86_64_22.0.0.v20240322-1225\jre\bin\jimage.dll
Event: 0.228 Loaded shared library C:\Users\Jenna Miles Reyes\.p2\pool\plugins\org.eclipse.justj.openjdk.hotspot.jre.full.win32.x86_64_22.0.0.v20240322-1225\jre\bin\awt.dll
Event: 0.501 Loaded shared library C:\Users\Jenna Miles Reyes\.p2\pool\plugins\org.eclipse.justj.openjdk.hotspot.jre.full.win32.x86_64_22.0.0.v20240322-1225\jre\bin\zip.dll
Event: 0.681 Loaded shared library C:\Users\Jenna Miles Reyes\.p2\pool\plugins\org.eclipse.justj.openjdk.hotspot.jre.full.win32.x86_64_22.0.0.v20240322-1225\jre\bin\freetype.dll
Event: 0.683 Loaded shared library C:\Users\Jenna Miles Reyes\.p2\pool\plugins\org.eclipse.justj.openjdk.hotspot.jre.full.win32.x86_64_22.0.0.v20240322-1225\jre\bin\fontmanager.dll
Event: 0.788 Loaded shared library C:\Users\Jenna Miles Reyes\.p2\pool\plugins\org.eclipse.justj.openjdk.hotspot.jre.full.win32.x86_64_22.0.0.v20240322-1225\jre\bin\net.dll
Event: 0.791 Loaded shared library C:\Users\Jenna Miles Reyes\.p2\pool\plugins\org.eclipse.justj.openjdk.hotspot.jre.full.win32.x86_64_22.0.0.v20240322-1225\jre\bin\nio.dll

Deoptimization events (20 events):
Event: 0.693 Thread 0x0000022fd8e5a4d0 Uncommon trap: trap_request=0xffffff45 fr.pc=0x0000022fe6639788 relative=0x00000000000001e8
Event: 0.693 Thread 0x0000022fd8e5a4d0 Uncommon trap: reason=unstable_if action=reinterpret pc=0x0000022fe6639788 method=java.lang.StringUTF16.compress([CI[BII)I @ 20 c2
Event: 0.693 Thread 0x0000022fd8e5a4d0 DEOPT PACKING pc=0x0000022fe6639788 sp=0x000000cb345fdc00
Event: 0.693 Thread 0x0000022fd8e5a4d0 DEOPT UNPACKING pc=0x0000022fe60c46a2 sp=0x000000cb345fdb70 mode 2
Event: 491.090 Thread 0x0000022ff768e550 Uncommon trap: trap_request=0xffffffcc fr.pc=0x0000022fe667e06c relative=0x000000000000022c
Event: 491.090 Thread 0x0000022ff768e550 Uncommon trap: reason=intrinsic_or_type_checked_inlining action=make_not_entrant pc=0x0000022fe667e06c method=java.util.Arrays.copyOf([Ljava/lang/Object;ILjava/lang/Class;)[Ljava/lang/Object; @ 35 c2
Event: 491.090 Thread 0x0000022ff768e550 DEOPT PACKING pc=0x0000022fe667e06c sp=0x000000cb366ff230
Event: 491.090 Thread 0x0000022ff768e550 DEOPT UNPACKING pc=0x0000022fe60c46a2 sp=0x000000cb366ff1c0 mode 2
Event: 557.563 Thread 0x0000022ff768e550 Uncommon trap: trap_request=0xffffffdc fr.pc=0x0000022fe667fd9c relative=0x000000000000017c
Event: 557.563 Thread 0x0000022ff768e550 Uncommon trap: reason=class_check action=make_not_entrant pc=0x0000022fe667fd9c method=java.util.ArrayList.toArray([Ljava/lang/Object;)[Ljava/lang/Object; @ 21 c2
Event: 557.563 Thread 0x0000022ff768e550 DEOPT PACKING pc=0x0000022fe667fd9c sp=0x000000cb366ff290
Event: 557.563 Thread 0x0000022ff768e550 DEOPT UNPACKING pc=0x0000022fe60c46a2 sp=0x000000cb366ff250 mode 2
Event: 2180.336 Thread 0x0000022ff768e550 Uncommon trap: trap_request=0xffffff45 fr.pc=0x0000022fe6680a10 relative=0x00000000000003f0
Event: 2180.337 Thread 0x0000022ff768e550 Uncommon trap: reason=unstable_if action=reinterpret pc=0x0000022fe6680a10 method=java.util.ArrayList.toArray([Ljava/lang/Object;)[Ljava/lang/Object; @ 6 c2
Event: 2180.337 Thread 0x0000022ff768e550 DEOPT PACKING pc=0x0000022fe6680a10 sp=0x000000cb366ff270
Event: 2180.337 Thread 0x0000022ff768e550 DEOPT UNPACKING pc=0x0000022fe60c46a2 sp=0x000000cb366ff258 mode 2
Event: 2182.362 Thread 0x0000022ff2bdf3b0 Uncommon trap: trap_request=0xffffff45 fr.pc=0x0000022fe667b6dc relative=0x000000000000005c
Event: 2182.364 Thread 0x0000022ff2bdf3b0 Uncommon trap: reason=unstable_if action=reinterpret pc=0x0000022fe667b6dc method=sun.java2d.d3d.D3DGraphicsDevice.getDefaultConfiguration()Ljava/awt/GraphicsConfiguration; @ 4 c2
Event: 2182.364 Thread 0x0000022ff2bdf3b0 DEOPT PACKING pc=0x0000022fe667b6dc sp=0x000000cb365feb60
Event: 2182.364 Thread 0x0000022ff2bdf3b0 DEOPT UNPACKING pc=0x0000022fe60c46a2 sp=0x000000cb365feb00 mode 2

Classes loaded (20 events):
Event: 11.545 Loading class javax/swing/CellRendererPane
Event: 11.545 Loading class javax/swing/CellRendererPane done
Event: 11.546 Loading class javax/swing/RepaintManager$3
Event: 11.546 Loading class javax/swing/RepaintManager$3 done
Event: 11.550 Loading class sun/font/StandardGlyphVector
Event: 11.551 Loading class java/awt/font/GlyphVector
Event: 11.551 Loading class java/awt/font/GlyphVector done
Event: 11.551 Loading class sun/font/StandardGlyphVector done
Event: 11.551 Loading class sun/font/FontSubstitution
Event: 11.551 Loading class sun/font/FontSubstitution done
Event: 11.551 Loading class sun/font/StandardGlyphVector$GlyphStrike
Event: 11.551 Loading class sun/font/StandardGlyphVector$GlyphStrike done
Event: 28.464 Loading class java/awt/KeyboardFocusManager$2
Event: 28.464 Loading class java/awt/KeyboardFocusManager$2 done
Event: 28.465 Loading class sun/awt/SunToolkit$1
Event: 28.465 Loading class sun/awt/SunToolkit$1 done
Event: 2182.726 Loading class java/util/WeakHashMap$KeyIterator
Event: 2182.836 Loading class java/util/WeakHashMap$HashIterator
Event: 2182.948 Loading class java/util/WeakHashMap$HashIterator done
Event: 2182.948 Loading class java/util/WeakHashMap$KeyIterator done

Classes unloaded (20 events):
Event: 2188.601 Thread 0x0000022ff2a2fec0 Unloading class 0x000000000d0c8800 'java/lang/invoke/LambdaForm$MH+0x000000000d0c8800'
Event: 2188.601 Thread 0x0000022ff2a2fec0 Unloading class 0x000000000d0c8000 'java/lang/invoke/LambdaForm$MH+0x000000000d0c8000'
Event: 2188.602 Thread 0x0000022ff2a2fec0 Unloading class 0x000000000d0c7400 'java/lang/invoke/LambdaForm$MH+0x000000000d0c7400'
Event: 2188.602 Thread 0x0000022ff2a2fec0 Unloading class 0x000000000d0c7000 'java/lang/invoke/LambdaForm$MH+0x000000000d0c7000'
Event: 2188.602 Thread 0x0000022ff2a2fec0 Unloading class 0x000000000d0c6800 'java/lang/invoke/LambdaForm$MH+0x000000000d0c6800'
Event: 2188.602 Thread 0x0000022ff2a2fec0 Unloading class 0x000000000d0c6000 'java/lang/invoke/LambdaForm$MH+0x000000000d0c6000'
Event: 2188.602 Thread 0x0000022ff2a2fec0 Unloading class 0x000000000d0c5800 'java/lang/invoke/LambdaForm$MH+0x000000000d0c5800'
Event: 2188.602 Thread 0x0000022ff2a2fec0 Unloading class 0x000000000d0c5400 'java/lang/invoke/LambdaForm$MH+0x000000000d0c5400'
Event: 2188.602 Thread 0x0000022ff2a2fec0 Unloading class 0x000000000d0c5000 'java/lang/invoke/LambdaForm$MH+0x000000000d0c5000'
Event: 2188.603 Thread 0x0000022ff2a2fec0 Unloading class 0x000000000d0c4c00 'java/lang/invoke/LambdaForm$MH+0x000000000d0c4c00'
Event: 2188.603 Thread 0x0000022ff2a2fec0 Unloading class 0x000000000d0c4000 'java/lang/invoke/LambdaForm$MH+0x000000000d0c4000'
Event: 2188.603 Thread 0x0000022ff2a2fec0 Unloading class 0x000000000d0c3c00 'java/lang/invoke/LambdaForm$MH+0x000000000d0c3c00'
Event: 2188.603 Thread 0x0000022ff2a2fec0 Unloading class 0x000000000d0c3800 'java/lang/invoke/LambdaForm$MH+0x000000000d0c3800'
Event: 2188.604 Thread 0x0000022ff2a2fec0 Unloading class 0x000000000d0c3000 'java/lang/invoke/LambdaForm$MH+0x000000000d0c3000'
Event: 2188.604 Thread 0x0000022ff2a2fec0 Unloading class 0x000000000d0c2400 'java/lang/invoke/LambdaForm$MH+0x000000000d0c2400'
Event: 2188.604 Thread 0x0000022ff2a2fec0 Unloading class 0x000000000d0c2000 'java/lang/invoke/LambdaForm$MH+0x000000000d0c2000'
Event: 2188.604 Thread 0x0000022ff2a2fec0 Unloading class 0x000000000d0c1800 'java/lang/invoke/LambdaForm$MH+0x000000000d0c1800'
Event: 2188.604 Thread 0x0000022ff2a2fec0 Unloading class 0x000000000d0c1000 'java/lang/invoke/LambdaForm$MH+0x000000000d0c1000'
Event: 2188.604 Thread 0x0000022ff2a2fec0 Unloading class 0x000000000d0c0400 'java/lang/invoke/LambdaForm$MH+0x000000000d0c0400'
Event: 2188.604 Thread 0x0000022ff2a2fec0 Unloading class 0x000000000d000400 'java/lang/invoke/LambdaForm$MH+0x000000000d000400'

Classes redefined (0 events):
No events

Internal exceptions (12 events):
Event: 0.207 Thread 0x0000022fd8e5a4d0 Exception <a 'java/lang/ClassNotFoundException'{0x00000000a82c0980}: sun/awt/resources/spi/awtProvider> (0x00000000a82c0980) 
thrown [s\src\hotspot\share\classfile\systemDictionary.cpp, line 313]
Event: 0.245 Thread 0x0000022fd8e5a4d0 Exception <a 'java/io/FileNotFoundException'{0x00000000a8125918}> (0x00000000a8125918) 
thrown [s\src\hotspot\share\prims\jni.cpp, line 520]
Event: 0.253 Thread 0x0000022fd8e5a4d0 Exception <a 'java/io/FileNotFoundException'{0x00000000a8153bc0}> (0x00000000a8153bc0) 
thrown [s\src\hotspot\share\prims\jni.cpp, line 520]
Event: 0.422 Thread 0x0000022fd8e5a4d0 Exception <a 'java/lang/NoSuchMethodError'{0x00000000a81e6260}: 'void java.lang.invoke.DirectMethodHandle$Holder.invokeSpecial(java.lang.Object, java.lang.Object, java.lang.Object)'> (0x00000000a81e6260) 
thrown [s\src\hotspot\share\interpreter\linkResolver.cpp, line 774]
Event: 0.431 Thread 0x0000022fd8e5a4d0 Exception <a 'java/lang/NoSuchMethodError'{0x00000000a8091768}: 'java.lang.Object java.lang.invoke.DirectMethodHandle$Holder.newInvokeSpecial(java.lang.Object, java.lang.Object, java.lang.Object, java.lang.Object, java.lang.Object)'> (0x00000000a8091768) 
thrown [s\src\hotspot\share\interpreter\linkResolver.cpp, line 774]
Event: 0.438 Thread 0x0000022fd8e5a4d0 Exception <a 'java/lang/NoSuchMethodError'{0x00000000a80be108}: 'java.lang.Object java.lang.invoke.DirectMethodHandle$Holder.invokeStatic(java.lang.Object, int, java.lang.Object)'> (0x00000000a80be108) 
thrown [s\src\hotspot\share\interpreter\linkResolver.cpp, line 774]
Event: 0.462 Thread 0x0000022fd8e5a4d0 Exception <a 'java/lang/ClassNotFoundException'{0x00000000a7f5ffe8}: com/sun/swing/internal/plaf/metal/resources/spi/metalProvider> (0x00000000a7f5ffe8) 
thrown [s\src\hotspot\share\classfile\systemDictionary.cpp, line 313]
Event: 0.464 Thread 0x0000022fd8e5a4d0 Exception <a 'java/lang/ClassNotFoundException'{0x00000000a7f63fc8}: com/sun/swing/internal/plaf/basic/resources/spi/basicProvider> (0x00000000a7f63fc8) 
thrown [s\src\hotspot\share\classfile\systemDictionary.cpp, line 313]
Event: 0.477 Thread 0x0000022fd8e5a4d0 Exception <a 'java/lang/NoSuchMethodError'{0x00000000a7f841a8}: 'int java.lang.invoke.Invokers$Holder.invokeExact_MT(java.lang.Object, java.lang.Object)'> (0x00000000a7f841a8) 
thrown [s\src\hotspot\share\interpreter\linkResolver.cpp, line 774]
Event: 0.598 Thread 0x0000022ff2bde690 Exception <a 'java/lang/NoSuchMethodError'{0x00000000a7dd5c28}: 'java.lang.Object java.lang.invoke.DirectMethodHandle$Holder.newInvokeSpecial(java.lang.Object, java.lang.Object, java.lang.Object, int, int, int, int, int)'> (0x00000000a7dd5c28) 
thrown [s\src\hotspot\share\interpreter\linkResolver.cpp, line 774]
Event: 0.654 Thread 0x0000022ff2bded20 Exception <a 'java/lang/NoSuchMethodError'{0x00000000a800e8e0}: 'void java.lang.invoke.DirectMethodHandle$Holder.invokeVirtual(java.lang.Object, java.lang.Object)'> (0x00000000a800e8e0) 
thrown [s\src\hotspot\share\interpreter\linkResolver.cpp, line 774]
Event: 0.674 Thread 0x0000022fd8e5a4d0 Exception <a 'java/lang/NoSuchMethodError'{0x00000000a7fcb7c0}: 'void java.lang.invoke.DirectMethodHandle$Holder.invokeStaticInit(java.lang.Object)'> (0x00000000a7fcb7c0) 
thrown [s\src\hotspot\share\interpreter\linkResolver.cpp, line 774]

ZGC Phase Switch (0 events):
No events

VM Operations (20 events):
Event: 181.084 Executing VM operation: Cleanup done
Event: 548.839 Executing VM operation: Cleanup
Event: 548.840 Executing VM operation: Cleanup done
Event: 2180.949 Executing VM operation: Cleanup
Event: 2180.950 Executing VM operation: Cleanup done
Event: 2182.950 Executing VM operation: Cleanup
Event: 2182.951 Executing VM operation: Cleanup done
Event: 2186.112 Executing VM operation: G1CollectForAllocation (G1 Evacuation Pause)
Event: 2187.064 Executing VM operation: G1CollectForAllocation (G1 Evacuation Pause) done
Event: 2187.084 Executing VM operation: G1CollectForAllocation (G1 Evacuation Pause)
Event: 2187.100 Executing VM operation: G1CollectForAllocation (G1 Evacuation Pause) done
Event: 2187.969 Executing VM operation: G1CollectForAllocation (G1 Evacuation Pause)
Event: 2188.052 Executing VM operation: G1CollectForAllocation (G1 Evacuation Pause) done
Event: 2188.287 Executing VM operation: G1CollectForAllocation (G1 Evacuation Pause)
Event: 2188.312 Executing VM operation: G1CollectForAllocation (G1 Evacuation Pause) done
Event: 2188.368 Executing VM operation: G1TryInitiateConcMark (G1 Humongous Allocation)
Event: 2188.410 Executing VM operation: G1TryInitiateConcMark (G1 Humongous Allocation) done
Event: 2188.538 Executing VM operation: G1PauseRemark
Event: 2189.216 Executing VM operation: G1PauseRemark done
Event: 2189.284 Executing VM operation: G1CollectForAllocation (G1 Evacuation Pause)

Events (20 events):
Event: 0.021 Thread 0x0000022fd8e5a4d0 Thread added: 0x0000022fd8e5a4d0
Event: 0.083 Thread 0x0000022ff2bb4d00 Thread added: 0x0000022ff2bb4d00
Event: 0.084 Thread 0x0000022ff2bb5830 Thread added: 0x0000022ff2bb5830
Event: 0.085 Thread 0x0000022ff2be17a0 Thread added: 0x0000022ff2be17a0
Event: 0.085 Thread 0x0000022ff2bf6710 Thread added: 0x0000022ff2bf6710
Event: 0.085 Thread 0x0000022ff2c05150 Thread added: 0x0000022ff2c05150
Event: 0.085 Thread 0x0000022ff2bdc5c0 Thread added: 0x0000022ff2bdc5c0
Event: 0.085 Thread 0x0000022ff2c0e510 Thread added: 0x0000022ff2c0e510
Event: 0.086 Thread 0x0000022ff2c12000 Thread added: 0x0000022ff2c12000
Event: 0.129 Thread 0x0000022ff2bdd970 Thread added: 0x0000022ff2bdd970
Event: 0.136 Thread 0x0000022ff2bde000 Thread added: 0x0000022ff2bde000
Event: 0.323 Thread 0x0000022ff2bdcc50 Thread added: 0x0000022ff2bdcc50
Event: 0.324 Thread 0x0000022ff2bdd2e0 Thread added: 0x0000022ff2bdd2e0
Event: 0.326 Thread 0x0000022ff2bded20 Thread added: 0x0000022ff2bded20
Event: 0.493 Thread 0x0000022ff2bde690 Thread added: 0x0000022ff2bde690
Event: 0.657 Thread 0x0000022ff2bdf3b0 Thread added: 0x0000022ff2bdf3b0
Event: 0.767 Thread 0x0000022fd8e5a4d0 Thread exited: 0x0000022fd8e5a4d0
Event: 0.767 Thread 0x0000022ff2bdbf30 Thread added: 0x0000022ff2bdbf30
Event: 0.770 Thread 0x0000022ff768e550 Thread added: 0x0000022ff768e550
Event: 5.639 Thread 0x0000022ff2bde690 Thread exited: 0x0000022ff2bde690


Dynamic libraries:
0x00007ff6ff5e0000 - 0x00007ff6ff5ee000 	C:\Users\Jenna Miles Reyes\.p2\pool\plugins\org.eclipse.justj.openjdk.hotspot.jre.full.win32.x86_64_22.0.0.v20240322-1225\jre\bin\javaw.exe
0x00007fff73bf0000 - 0x00007fff73e06000 	C:\WINDOWS\SYSTEM32\ntdll.dll
0x00007fff72620000 - 0x00007fff726e4000 	C:\WINDOWS\System32\KERNEL32.DLL
0x00007fff71100000 - 0x00007fff714a7000 	C:\WINDOWS\System32\KERNELBASE.dll
0x00007fff717d0000 - 0x00007fff718e1000 	C:\WINDOWS\System32\ucrtbase.dll
0x00007fff6b280000 - 0x00007fff6b297000 	C:\Users\Jenna Miles Reyes\.p2\pool\plugins\org.eclipse.justj.openjdk.hotspot.jre.full.win32.x86_64_22.0.0.v20240322-1225\jre\bin\jli.dll
0x00007fff55dc0000 - 0x00007fff55ddb000 	C:\Users\Jenna Miles Reyes\.p2\pool\plugins\org.eclipse.justj.openjdk.hotspot.jre.full.win32.x86_64_22.0.0.v20240322-1225\jre\bin\VCRUNTIME140.dll
0x00007fff736b0000 - 0x00007fff7385e000 	C:\WINDOWS\System32\USER32.dll
0x00007fff710d0000 - 0x00007fff710f6000 	C:\WINDOWS\System32\win32u.dll
0x00007fff70270000 - 0x00007fff70503000 	C:\WINDOWS\WinSxS\amd64_microsoft.windows.common-controls_6595b64144ccf1df_6.0.22621.3235_none_270f74e173860f98\COMCTL32.dll
0x00007fff72e90000 - 0x00007fff72eb9000 	C:\WINDOWS\System32\GDI32.dll
0x00007fff732d0000 - 0x00007fff73377000 	C:\WINDOWS\System32\msvcrt.dll
0x00007fff70f10000 - 0x00007fff71029000 	C:\WINDOWS\System32\gdi32full.dll
0x00007fff71030000 - 0x00007fff710ca000 	C:\WINDOWS\System32\msvcp_win.dll
0x00007fff73b20000 - 0x00007fff73b51000 	C:\WINDOWS\System32\IMM32.DLL
0x00007fff70730000 - 0x00007fff7073c000 	C:\Users\Jenna Miles Reyes\.p2\pool\plugins\org.eclipse.justj.openjdk.hotspot.jre.full.win32.x86_64_22.0.0.v20240322-1225\jre\bin\vcruntime140_1.dll
0x00007fff339e0000 - 0x00007fff33a6e000 	C:\Users\Jenna Miles Reyes\.p2\pool\plugins\org.eclipse.justj.openjdk.hotspot.jre.full.win32.x86_64_22.0.0.v20240322-1225\jre\bin\msvcp140.dll
0x00007ffef46d0000 - 0x00007ffef5492000 	C:\Users\Jenna Miles Reyes\.p2\pool\plugins\org.eclipse.justj.openjdk.hotspot.jre.full.win32.x86_64_22.0.0.v20240322-1225\jre\bin\server\jvm.dll
0x00007fff73580000 - 0x00007fff73632000 	C:\WINDOWS\System32\ADVAPI32.dll
0x00007fff72290000 - 0x00007fff72338000 	C:\WINDOWS\System32\sechost.dll
0x00007fff718f0000 - 0x00007fff71918000 	C:\WINDOWS\System32\bcrypt.dll
0x00007fff72d70000 - 0x00007fff72e85000 	C:\WINDOWS\System32\RPCRT4.dll
0x00007fff72b70000 - 0x00007fff72be1000 	C:\WINDOWS\System32\WS2_32.dll
0x00007fff70c30000 - 0x00007fff70c7d000 	C:\WINDOWS\SYSTEM32\POWRPROF.dll
0x00007fff6d8f0000 - 0x00007fff6d924000 	C:\WINDOWS\SYSTEM32\WINMM.dll
0x00007fff66880000 - 0x00007fff6688a000 	C:\WINDOWS\SYSTEM32\VERSION.dll
0x00007fff70c10000 - 0x00007fff70c23000 	C:\WINDOWS\SYSTEM32\UMPDC.dll
0x00007fff6f000000 - 0x00007fff6f018000 	C:\WINDOWS\SYSTEM32\kernel.appcore.dll
0x00007fff6cfb0000 - 0x00007fff6cfba000 	C:\Users\Jenna Miles Reyes\.p2\pool\plugins\org.eclipse.justj.openjdk.hotspot.jre.full.win32.x86_64_22.0.0.v20240322-1225\jre\bin\jimage.dll
0x00007fff70800000 - 0x00007fff70a33000 	C:\WINDOWS\SYSTEM32\DBGHELP.DLL
0x00007fff72f40000 - 0x00007fff732c8000 	C:\WINDOWS\System32\combase.dll
0x00007fff73380000 - 0x00007fff73457000 	C:\WINDOWS\System32\OLEAUT32.dll
0x00007fff706f0000 - 0x00007fff70722000 	C:\WINDOWS\SYSTEM32\dbgcore.DLL
0x00007fff71520000 - 0x00007fff71599000 	C:\WINDOWS\System32\bcryptPrimitives.dll
0x00007fff68410000 - 0x00007fff6842e000 	C:\Users\Jenna Miles Reyes\.p2\pool\plugins\org.eclipse.justj.openjdk.hotspot.jre.full.win32.x86_64_22.0.0.v20240322-1225\jre\bin\java.dll
0x00007fff719a0000 - 0x00007fff721fc000 	C:\WINDOWS\System32\SHELL32.dll
0x00007fff73970000 - 0x00007fff73b15000 	C:\WINDOWS\System32\ole32.dll
0x00007fff683f0000 - 0x00007fff68407000 	C:\Users\Jenna Miles Reyes\.p2\pool\plugins\org.eclipse.justj.openjdk.hotspot.jre.full.win32.x86_64_22.0.0.v20240322-1225\jre\bin\zip.dll
0x00007fff6df10000 - 0x00007fff6e809000 	C:\WINDOWS\SYSTEM32\windows.storage.dll
0x00007fff6ddd0000 - 0x00007fff6df0e000 	C:\WINDOWS\SYSTEM32\wintypes.dll
0x00007fff73870000 - 0x00007fff73963000 	C:\WINDOWS\System32\SHCORE.dll
0x00007fff72ec0000 - 0x00007fff72f1e000 	C:\WINDOWS\System32\shlwapi.dll
0x00007fff70e40000 - 0x00007fff70e61000 	C:\WINDOWS\SYSTEM32\profapi.dll
0x00007ffed98b0000 - 0x00007ffed9a3c000 	C:\Users\Jenna Miles Reyes\.p2\pool\plugins\org.eclipse.justj.openjdk.hotspot.jre.full.win32.x86_64_22.0.0.v20240322-1225\jre\bin\awt.dll
0x00007fff6d020000 - 0x00007fff6d0b7000 	C:\WINDOWS\SYSTEM32\apphelp.dll
0x00007fff6d440000 - 0x00007fff6d46b000 	C:\WINDOWS\system32\DWMAPI.DLL
0x00007fff6d1c0000 - 0x00007fff6d26b000 	C:\WINDOWS\system32\uxtheme.dll
0x00007fff118b0000 - 0x00007fff119b0000 	C:\WINDOWS\system32\opengl32.dll
0x00007fff11390000 - 0x00007fff113bd000 	C:\WINDOWS\SYSTEM32\GLU32.dll
0x00007fff6d2f0000 - 0x00007fff6d329000 	C:\WINDOWS\SYSTEM32\dxcore.dll
0x00007fff72c10000 - 0x00007fff72d63000 	C:\WINDOWS\System32\MSCTF.dll
0x00007fff1a3c0000 - 0x00007fff1a569000 	C:\WINDOWS\system32\d3d9.dll
0x00007fff66890000 - 0x00007fff66a4b000 	C:\WINDOWS\System32\DriverStore\FileRepository\u0390483.inf_amd64_b7c25444b8e9ca60\B389503\aticfx64.dll
0x00007fff0cfa0000 - 0x00007fff0cfd4000 	C:\WINDOWS\System32\DriverStore\FileRepository\u0390483.inf_amd64_b7c25444b8e9ca60\B389503\atiu9p64.dll
0x00007fff0c240000 - 0x00007fff0cf95000 	C:\WINDOWS\System32\DriverStore\FileRepository\u0390483.inf_amd64_b7c25444b8e9ca60\B389503\atiumd64.dll
0x0000000056810000 - 0x0000000057738000 	C:\WINDOWS\System32\DriverStore\FileRepository\u0390483.inf_amd64_b7c25444b8e9ca60\B389503\atiumd6a.dll
0x00007fff726f0000 - 0x00007fff72b64000 	C:\WINDOWS\System32\SETUPAPI.dll
0x00007fff64840000 - 0x00007fff64875000 	C:\WINDOWS\SYSTEM32\amdihk64.dll
0x00007fff6a460000 - 0x00007fff6a4aa000 	C:\WINDOWS\SYSTEM32\directxdatabasehelper.dll
0x00007fff23fe0000 - 0x00007fff24067000 	C:\Users\Jenna Miles Reyes\.p2\pool\plugins\org.eclipse.justj.openjdk.hotspot.jre.full.win32.x86_64_22.0.0.v20240322-1225\jre\bin\freetype.dll
0x00007ffed97d0000 - 0x00007ffed98a8000 	C:\Users\Jenna Miles Reyes\.p2\pool\plugins\org.eclipse.justj.openjdk.hotspot.jre.full.win32.x86_64_22.0.0.v20240322-1225\jre\bin\fontmanager.dll
0x00007fff60070000 - 0x00007fff601ba000 	C:\WINDOWS\SYSTEM32\textinputframework.dll
0x00007fff683e0000 - 0x00007fff683f0000 	C:\Users\Jenna Miles Reyes\.p2\pool\plugins\org.eclipse.justj.openjdk.hotspot.jre.full.win32.x86_64_22.0.0.v20240322-1225\jre\bin\net.dll
0x00007fff6f430000 - 0x00007fff6f499000 	C:\WINDOWS\system32\mswsock.dll
0x00007fff683c0000 - 0x00007fff683d6000 	C:\Users\Jenna Miles Reyes\.p2\pool\plugins\org.eclipse.justj.openjdk.hotspot.jre.full.win32.x86_64_22.0.0.v20240322-1225\jre\bin\nio.dll
0x00007fff6cc40000 - 0x00007fff6cd74000 	C:\WINDOWS\SYSTEM32\CoreMessaging.dll
0x00007fff69250000 - 0x00007fff695bc000 	C:\WINDOWS\SYSTEM32\CoreUIComponents.dll
0x00007fff6f660000 - 0x00007fff6f66c000 	C:\WINDOWS\SYSTEM32\CRYPTBASE.DLL
0x00007fff45c90000 - 0x00007fff45cfb000 	C:\WINDOWS\system32\Ninput.dll
0x00007fff557a0000 - 0x00007fff55850000 	C:\WINDOWS\SYSTEM32\TextShaping.dll

dbghelp: loaded successfully - version: 4.0.5 - missing functions: none
symbol engine: initialized successfully - sym options: 0x614 - pdb path: .;C:\Users\Jenna Miles Reyes\.p2\pool\plugins\org.eclipse.justj.openjdk.hotspot.jre.full.win32.x86_64_22.0.0.v20240322-1225\jre\bin;C:\WINDOWS\SYSTEM32;C:\WINDOWS\WinSxS\amd64_microsoft.windows.common-controls_6595b64144ccf1df_6.0.22621.3235_none_270f74e173860f98;C:\Users\Jenna Miles Reyes\.p2\pool\plugins\org.eclipse.justj.openjdk.hotspot.jre.full.win32.x86_64_22.0.0.v20240322-1225\jre\bin\server;C:\WINDOWS\System32\DriverStore\FileRepository\u0390483.inf_amd64_b7c25444b8e9ca60\B389503

VM Arguments:
jvm_args: -Dfile.encoding=UTF-8 -Dstdout.encoding=UTF-8 -Dstderr.encoding=UTF-8 -XX:+ShowCodeDetailsInExceptionMessages 
java_command: JobBoard
java_class_path (initial): C:\Users\Jenna Miles Reyes\eclipse-workspace\Booking System\bin
Launcher Type: SUN_STANDARD

[Global flags]
     intx CICompilerCount                          = 4                                         {product} {ergonomic}
     uint ConcGCThreads                            = 3                                         {product} {ergonomic}
     uint G1ConcRefinementThreads                  = 10                                        {product} {ergonomic}
   size_t G1HeapRegionSize                         = 1048576                                   {product} {ergonomic}
   size_t InitialHeapSize                          = 98566144                                  {product} {ergonomic}
   size_t MarkStackSize                            = 4194304                                   {product} {ergonomic}
   size_t MaxHeapSize                              = 1570766848                                {product} {ergonomic}
   size_t MaxNewSize                               = 941621248                                 {product} {ergonomic}
   size_t MinHeapDeltaBytes                        = 1048576                                   {product} {ergonomic}
   size_t MinHeapSize                              = 8388608                                   {product} {ergonomic}
    uintx NonNMethodCodeHeapSize                   = 5839372                                {pd product} {ergonomic}
    uintx NonProfiledCodeHeapSize                  = 122909434                              {pd product} {ergonomic}
    uintx ProfiledCodeHeapSize                     = 122909434                              {pd product} {ergonomic}
    uintx ReservedCodeCacheSize                    = 251658240                              {pd product} {ergonomic}
     bool SegmentedCodeCache                       = true                                      {product} {ergonomic}
     bool ShowCodeDetailsInExceptionMessages       = true                                   {manageable} {command line}
   size_t SoftMaxHeapSize                          = 1570766848                             {manageable} {ergonomic}
     bool UseCompressedOops                        = true                           {product lp64_product} {ergonomic}
     bool UseG1GC                                  = true                                      {product} {ergonomic}
     bool UseLargePagesIndividualAllocation        = false                                  {pd product} {ergonomic}

Logging:
Log output configuration:
 #0: stdout all=warning uptime,level,tags foldmultilines=false
 #1: stderr all=off uptime,level,tags foldmultilines=false

Environment Variables:
PATH=C:/Users/Jenna Miles Reyes/.p2/pool/plugins/org.eclipse.justj.openjdk.hotspot.jre.full.win32.x86_64_22.0.0.v20240322-1225/jre/bin/server;C:/Users/Jenna Miles Reyes/.p2/pool/plugins/org.eclipse.justj.openjdk.hotspot.jre.full.win32.x86_64_22.0.0.v20240322-1225/jre/bin;C:\WINDOWS\system32;C:\WINDOWS;C:\WINDOWS\System32\Wbem;C:\WINDOWS\System32\WindowsPowerShell\v1.0\;C:\WINDOWS\System32\OpenSSH\;C:\Program Files\Microsoft SQL Server\150\Tools\Binn\;C:\Program Files\dotnet\;C:\Users\Jenna Miles Reyes\AppData\Local\Programs\Python\Python312\Scripts\;C:\Users\Jenna Miles Reyes\AppData\Local\Programs\Python\Python312\;C:\Users\Jenna Miles Reyes\AppData\Local\Programs\Python\Launcher\;C:\Users\Jenna Miles Reyes\AppData\Local\Microsoft\WindowsApps;C:\MinGW\bin;C:\Users\Jenna Miles Reyes\.dotnet\tools;C:\Users\Jenna Miles Reyes\AppData\Local\Programs\Microsoft VS Code\bin;C:\WINDOWS\system32;
USERNAME=Jenna Miles Reyes
OS=Windows_NT
PROCESSOR_IDENTIFIER=AMD64 Family 25 Model 80 Stepping 0, AuthenticAMD
TMP=C:\Users\JENNAM~1\AppData\Local\Temp
TEMP=C:\Users\JENNAM~1\AppData\Local\Temp




Periodic native trim disabled

---------------  S Y S T E M  ---------------

OS:
 Windows 11 , 64 bit Build 22621 (10.0.22621.3374)
OS uptime: 0 days 1:05 hours
Hyper-V role detected

CPU: total 12 (initial active 12) (12 cores per cpu, 2 threads per core) family 25 model 80 stepping 0 microcode 0x0, cx8, cmov, fxsr, ht, mmx, 3dnowpref, sse, sse2, sse3, ssse3, sse4a, sse4.1, sse4.2, popcnt, lzcnt, tsc, tscinvbit, avx, avx2, aes, erms, clmul, bmi1, bmi2, adx, sha, fma, vzeroupper, clflush, clflushopt, hv, rdtscp, rdpid, fsrm, f16c, cet_ss
Processor Information for all 12 processors :
  Max Mhz: 2301, Current Mhz: 1904, Mhz Limit: 2301

Memory: 4k page, system-wide physical 5989M (10M free)
TotalPageFile size 24421M (AvailPageFile size 47M)
current process WorkingSet (physical memory assigned to process): 113M, peak: 222M
current process commit charge ("private bytes"): 394M, peak: 593M

vm_info: OpenJDK 64-Bit Server VM (22+36) for windows-amd64 JRE (22+36), built on 2024-03-19T00:00:00Z by "admin" with MS VC++ 17.7 (VS2022)

END.
