#
# There is insufficient memory for the Java Runtime Environment to continue.
# Native memory allocation (mmap) failed to map 65536 bytes. Error detail: Failed to commit metaspace.
# Possible reasons:
#   The system is out of physical RAM or swap space
#   This process is running with CompressedOops enabled, and the Java Heap may be blocking the growth of the native heap
# Possible solutions:
#   Reduce memory load on the system
#   Increase physical memory or swap space
#   Check if swap backing store is full
#   Decrease Java heap size (-Xmx/-Xms)
#   Decrease number of Java threads
#   Decrease Java thread stack sizes (-Xss)
#   Set larger code cache with -XX:ReservedCodeCacheSize=
#   JVM is running with Unscaled Compressed Oops mode in which the Java heap is
#     placed in the first 4GB address space. The Java Heap base address is the
#     maximum limit for the native heap growth. Please use -XX:HeapBaseMinAddress
#     to set the Java Heap base and to place the Java Heap above 4GB virtual address.
# This output file may be truncated or incomplete.
#
#  Out of Memory Error (virtualSpaceNode.cpp:112), pid=18768, tid=8228
#
# JRE version: OpenJDK Runtime Environment Temurin-22+36 (22.0+36) (build 22+36)
# Java VM: OpenJDK 64-Bit Server VM Temurin-22+36 (22+36, mixed mode, tiered, compressed oops, compressed class ptrs, g1 gc, windows-amd64)
# No core dump will be written. Minidumps are not enabled by default on client versions of Windows
#

---------------  S U M M A R Y ------------

Command Line: -Dfile.encoding=UTF-8 -Dstdout.encoding=UTF-8 -Dstderr.encoding=UTF-8 -XX:+ShowCodeDetailsInExceptionMessages JobBoard

Host: AMD Ryzen 5 5625U with Radeon Graphics         , 12 cores, 5G,  Windows 11 , 64 bit Build 22621 (10.0.22621.3374)
Time: Thu Apr 25 12:55:22 2024 Malay Peninsula Standard Time elapsed time: 3.346271 seconds (0d 0h 0m 3s)

---------------  T H R E A D  ---------------

Current thread (0x0000027bfc7f04a0):  JavaThread "C1 CompilerThread0" daemon [_thread_in_vm, id=8228, stack(0x0000008125e00000,0x0000008125f00000) (1024K)]


Current CompileTask:
C1:3346 1282       3       java.awt.geom.AffineTransform::createInverse (543 bytes)

Stack: [0x0000008125e00000,0x0000008125f00000]
Native frames: (J=compiled Java code, j=interpreted, Vv=VM code, C=native code)
V  [jvm.dll+0x6ea2f9]  (no source info available)
V  [jvm.dll+0x8ccec3]  (no source info available)
V  [jvm.dll+0x8cf2ee]  (no source info available)
V  [jvm.dll+0x8cf9c3]  (no source info available)
V  [jvm.dll+0x286dd6]  (no source info available)
V  [jvm.dll+0x8c8c5e]  (no source info available)
V  [jvm.dll+0x68be65]  (no source info available)
V  [jvm.dll+0x68beca]  (no source info available)
V  [jvm.dll+0x68e6e7]  (no source info available)
V  [jvm.dll+0x22b46c]  (no source info available)
V  [jvm.dll+0x68c87e]  (no source info available)
V  [jvm.dll+0x69deba]  (no source info available)
V  [jvm.dll+0x696d62]  (no source info available)
V  [jvm.dll+0x1f7c10]  (no source info available)
V  [jvm.dll+0x1f7df8]  (no source info available)
V  [jvm.dll+0x158ca2]  (no source info available)
V  [jvm.dll+0x1590e0]  (no source info available)
V  [jvm.dll+0x15845d]  (no source info available)
V  [jvm.dll+0x15a31d]  (no source info available)
V  [jvm.dll+0x25d3bb]  (no source info available)
V  [jvm.dll+0x25b68a]  (no source info available)
V  [jvm.dll+0x3fbc96]  (no source info available)
V  [jvm.dll+0x8752db]  (no source info available)
V  [jvm.dll+0x6e89f5]  (no source info available)
C  [ucrtbase.dll+0x29333]  (no source info available)
C  [KERNEL32.DLL+0x1257d]  (no source info available)
C  [ntdll.dll+0x5aa48]  (no source info available)


---------------  P R O C E S S  ---------------

Threads class SMR info:
_java_thread_list=0x0000027b86bf6d10, length=17, elements={
0x0000027bfc7c3600, 0x0000027bfc7c5c80, 0x0000027bfc7e3650, 0x0000027bfc7e3cc0,
0x0000027bfc7cf310, 0x0000027bfc7d1400, 0x0000027bfc832630, 0x0000027bfc7f04a0,
0x0000027bfc9c3870, 0x0000027bfc9cb720, 0x0000027bfcdcdfc0, 0x0000027bfcb6dea0,
0x0000027bfcddac60, 0x0000027bfd0807e0, 0x0000027bfd07cb90, 0x0000027be2aeb970,
0x0000027b86be1100
}

Java Threads: ( => current thread )
  0x0000027bfc7c3600 JavaThread "Reference Handler"          daemon [_thread_blocked, id=10180, stack(0x0000008125700000,0x0000008125800000) (1024K)]
  0x0000027bfc7c5c80 JavaThread "Finalizer"                  daemon [_thread_blocked, id=21488, stack(0x0000008125800000,0x0000008125900000) (1024K)]
  0x0000027bfc7e3650 JavaThread "Signal Dispatcher"          daemon [_thread_blocked, id=24400, stack(0x0000008125900000,0x0000008125a00000) (1024K)]
  0x0000027bfc7e3cc0 JavaThread "Attach Listener"            daemon [_thread_blocked, id=18400, stack(0x0000008125a00000,0x0000008125b00000) (1024K)]
  0x0000027bfc7cf310 JavaThread "Service Thread"             daemon [_thread_blocked, id=25068, stack(0x0000008125b00000,0x0000008125c00000) (1024K)]
  0x0000027bfc7d1400 JavaThread "Monitor Deflation Thread"   daemon [_thread_blocked, id=23672, stack(0x0000008125c00000,0x0000008125d00000) (1024K)]
  0x0000027bfc832630 JavaThread "C2 CompilerThread0"         daemon [_thread_blocked, id=24648, stack(0x0000008125d00000,0x0000008125e00000) (1024K)]
=>0x0000027bfc7f04a0 JavaThread "C1 CompilerThread0"         daemon [_thread_in_vm, id=8228, stack(0x0000008125e00000,0x0000008125f00000) (1024K)]
  0x0000027bfc9c3870 JavaThread "Notification Thread"        daemon [_thread_blocked, id=15296, stack(0x0000008125f00000,0x0000008126000000) (1024K)]
  0x0000027bfc9cb720 JavaThread "Common-Cleaner"             daemon [_thread_blocked, id=1032, stack(0x0000008126000000,0x0000008126100000) (1024K)]
  0x0000027bfcdcdfc0 JavaThread "Java2D Disposer"            daemon [_thread_blocked, id=24532, stack(0x0000008126100000,0x0000008126200000) (1024K)]
  0x0000027bfcb6dea0 JavaThread "AWT-Shutdown"                      [_thread_blocked, id=24808, stack(0x0000008126200000,0x0000008126300000) (1024K)]
  0x0000027bfcddac60 JavaThread "AWT-Windows"                daemon [_thread_in_native, id=8832, stack(0x0000008126300000,0x0000008126400000) (1024K)]
  0x0000027bfd0807e0 JavaThread "AWT-EventQueue-0"                  [_thread_blocked, id=16436, stack(0x0000008126e00000,0x0000008126f00000) (1024K)]
  0x0000027bfd07cb90 JavaThread "Image Fetcher 0"            daemon [_thread_blocked, id=3724, stack(0x0000008126f00000,0x0000008127000000) (1024K)]
  0x0000027be2aeb970 JavaThread "DestroyJavaVM"                     [_thread_blocked, id=13728, stack(0x0000008124f00000,0x0000008125000000) (1024K)]
  0x0000027b86be1100 JavaThread "D3D Screen Updater"         daemon [_thread_blocked, id=2576, stack(0x0000008127000000,0x0000008127100000) (1024K)]
Total: 17

Other Threads:
  0x0000027bfc75df00 VMThread "VM Thread"                           [id=13996, stack(0x0000008125600000,0x0000008125700000) (1024K)]
  0x0000027bfc6dcd20 WatcherThread "VM Periodic Task Thread"        [id=21988, stack(0x0000008125500000,0x0000008125600000) (1024K)]
  0x0000027be2df2be0 WorkerThread "GC Thread#0"                     [id=19048, stack(0x0000008125000000,0x0000008125100000) (1024K)]
  0x0000027be2dff8c0 ConcurrentGCThread "G1 Main Marker"            [id=21116, stack(0x0000008125100000,0x0000008125200000) (1024K)]
  0x0000027be2e00b70 WorkerThread "G1 Conc#0"                       [id=23288, stack(0x0000008125200000,0x0000008125300000) (1024K)]
  0x0000027be2e6e5b0 ConcurrentGCThread "G1 Refine#0"               [id=20316, stack(0x0000008125300000,0x0000008125400000) (1024K)]
  0x0000027be2e6eb50 ConcurrentGCThread "G1 Service"                [id=25420, stack(0x0000008125400000,0x0000008125500000) (1024K)]
Total: 7

Threads with active compile tasks:
C1 CompilerThread0  3494 1282       3       java.awt.geom.AffineTransform::createInverse (543 bytes)
Total: 1

VM state: not at safepoint (normal execution)

VM Mutex/Monitor currently owned by a thread:  ([mutex/lock_event])
[0x00007ffef53adf38] Metaspace_lock - owner thread: 0x0000027bfc7f04a0

Heap address: 0x00000000a2600000, size: 1498 MB, Compressed Oops mode: 32-bit

CDS archive(s) not mapped
Compressed class space mapped at: 0x0000000008000000-0x0000000048000000, reserved size: 1073741824
Narrow klass base: 0x0000000000000000, Narrow klass shift: 0, Narrow klass range: 0x48000000

GC Precious Log:
 CardTable entry size: 512
 Card Set container configuration: InlinePtr #cards 5 size 8 Array Of Cards #cards 12 size 40 Howl #buckets 4 coarsen threshold 1843 Howl Bitmap #cards 512 size 80 coarsen threshold 460 Card regions per heap region 1 cards per card region 2048
 CPUs: 12 total, 12 available
 Memory: 5989M
 Large Page Support: Disabled
 NUMA Support: Disabled
 Compressed Oops: Enabled (32-bit)
 Heap Region Size: 1M
 Heap Min Capacity: 8M
 Heap Initial Capacity: 94M
 Heap Max Capacity: 1498M
 Pre-touch: Disabled
 Parallel Workers: 10
 Concurrent Workers: 3
 Concurrent Refinement Workers: 10
 Periodic GC: Disabled

Heap:
 garbage-first heap   total reserved 1533952K, committed 96256K, used 16384K [0x00000000a2600000, 0x0000000100000000)
  region size 1024K, 18 young (18432K), 0 survivors (0K)
 Metaspace       used 16741K, committed 16896K, reserved 1114112K
  class space    used 1693K, committed 1792K, reserved 1048576K

Heap Regions: E=young(eden), S=young(survivor), O=old, HS=humongous(starts), HC=humongous(continues), CS=collection set, F=free, TAMS=top-at-mark-start, PB=parsable bottom
|   0|0x00000000a2600000, 0x00000000a2600000, 0x00000000a2700000|  0%| F|  |TAMS 0x00000000a2600000| PB 0x00000000a2600000| Untracked |  0
|   1|0x00000000a2700000, 0x00000000a2700000, 0x00000000a2800000|  0%| F|  |TAMS 0x00000000a2700000| PB 0x00000000a2700000| Untracked |  0
|   2|0x00000000a2800000, 0x00000000a2800000, 0x00000000a2900000|  0%| F|  |TAMS 0x00000000a2800000| PB 0x00000000a2800000| Untracked |  0
|   3|0x00000000a2900000, 0x00000000a2900000, 0x00000000a2a00000|  0%| F|  |TAMS 0x00000000a2900000| PB 0x00000000a2900000| Untracked |  0
|   4|0x00000000a2a00000, 0x00000000a2a00000, 0x00000000a2b00000|  0%| F|  |TAMS 0x00000000a2a00000| PB 0x00000000a2a00000| Untracked |  0
|   5|0x00000000a2b00000, 0x00000000a2b00000, 0x00000000a2c00000|  0%| F|  |TAMS 0x00000000a2b00000| PB 0x00000000a2b00000| Untracked |  0
|   6|0x00000000a2c00000, 0x00000000a2c00000, 0x00000000a2d00000|  0%| F|  |TAMS 0x00000000a2c00000| PB 0x00000000a2c00000| Untracked |  0
|   7|0x00000000a2d00000, 0x00000000a2d00000, 0x00000000a2e00000|  0%| F|  |TAMS 0x00000000a2d00000| PB 0x00000000a2d00000| Untracked |  0
|   8|0x00000000a2e00000, 0x00000000a2e00000, 0x00000000a2f00000|  0%| F|  |TAMS 0x00000000a2e00000| PB 0x00000000a2e00000| Untracked |  0
|   9|0x00000000a2f00000, 0x00000000a2f00000, 0x00000000a3000000|  0%| F|  |TAMS 0x00000000a2f00000| PB 0x00000000a2f00000| Untracked |  0
|  10|0x00000000a3000000, 0x00000000a3000000, 0x00000000a3100000|  0%| F|  |TAMS 0x00000000a3000000| PB 0x00000000a3000000| Untracked |  0
|  11|0x00000000a3100000, 0x00000000a3100000, 0x00000000a3200000|  0%| F|  |TAMS 0x00000000a3100000| PB 0x00000000a3100000| Untracked |  0
|  12|0x00000000a3200000, 0x00000000a3200000, 0x00000000a3300000|  0%| F|  |TAMS 0x00000000a3200000| PB 0x00000000a3200000| Untracked |  0
|  13|0x00000000a3300000, 0x00000000a3300000, 0x00000000a3400000|  0%| F|  |TAMS 0x00000000a3300000| PB 0x00000000a3300000| Untracked |  0
|  14|0x00000000a3400000, 0x00000000a3400000, 0x00000000a3500000|  0%| F|  |TAMS 0x00000000a3400000| PB 0x00000000a3400000| Untracked |  0
|  15|0x00000000a3500000, 0x00000000a3500000, 0x00000000a3600000|  0%| F|  |TAMS 0x00000000a3500000| PB 0x00000000a3500000| Untracked |  0
|  16|0x00000000a3600000, 0x00000000a3600000, 0x00000000a3700000|  0%| F|  |TAMS 0x00000000a3600000| PB 0x00000000a3600000| Untracked |  0
|  17|0x00000000a3700000, 0x00000000a3700000, 0x00000000a3800000|  0%| F|  |TAMS 0x00000000a3700000| PB 0x00000000a3700000| Untracked |  0
|  18|0x00000000a3800000, 0x00000000a3800000, 0x00000000a3900000|  0%| F|  |TAMS 0x00000000a3800000| PB 0x00000000a3800000| Untracked |  0
|  19|0x00000000a3900000, 0x00000000a3900000, 0x00000000a3a00000|  0%| F|  |TAMS 0x00000000a3900000| PB 0x00000000a3900000| Untracked |  0
|  20|0x00000000a3a00000, 0x00000000a3a00000, 0x00000000a3b00000|  0%| F|  |TAMS 0x00000000a3a00000| PB 0x00000000a3a00000| Untracked |  0
|  21|0x00000000a3b00000, 0x00000000a3b00000, 0x00000000a3c00000|  0%| F|  |TAMS 0x00000000a3b00000| PB 0x00000000a3b00000| Untracked |  0
|  22|0x00000000a3c00000, 0x00000000a3c00000, 0x00000000a3d00000|  0%| F|  |TAMS 0x00000000a3c00000| PB 0x00000000a3c00000| Untracked |  0
|  23|0x00000000a3d00000, 0x00000000a3d00000, 0x00000000a3e00000|  0%| F|  |TAMS 0x00000000a3d00000| PB 0x00000000a3d00000| Untracked |  0
|  24|0x00000000a3e00000, 0x00000000a3e00000, 0x00000000a3f00000|  0%| F|  |TAMS 0x00000000a3e00000| PB 0x00000000a3e00000| Untracked |  0
|  25|0x00000000a3f00000, 0x00000000a3f00000, 0x00000000a4000000|  0%| F|  |TAMS 0x00000000a3f00000| PB 0x00000000a3f00000| Untracked |  0
|  26|0x00000000a4000000, 0x00000000a4000000, 0x00000000a4100000|  0%| F|  |TAMS 0x00000000a4000000| PB 0x00000000a4000000| Untracked |  0
|  27|0x00000000a4100000, 0x00000000a4100000, 0x00000000a4200000|  0%| F|  |TAMS 0x00000000a4100000| PB 0x00000000a4100000| Untracked |  0
|  28|0x00000000a4200000, 0x00000000a4200000, 0x00000000a4300000|  0%| F|  |TAMS 0x00000000a4200000| PB 0x00000000a4200000| Untracked |  0
|  29|0x00000000a4300000, 0x00000000a4300000, 0x00000000a4400000|  0%| F|  |TAMS 0x00000000a4300000| PB 0x00000000a4300000| Untracked |  0
|  30|0x00000000a4400000, 0x00000000a4400000, 0x00000000a4500000|  0%| F|  |TAMS 0x00000000a4400000| PB 0x00000000a4400000| Untracked |  0
|  31|0x00000000a4500000, 0x00000000a4500000, 0x00000000a4600000|  0%| F|  |TAMS 0x00000000a4500000| PB 0x00000000a4500000| Untracked |  0
|  32|0x00000000a4600000, 0x00000000a4600000, 0x00000000a4700000|  0%| F|  |TAMS 0x00000000a4600000| PB 0x00000000a4600000| Untracked |  0
|  33|0x00000000a4700000, 0x00000000a4700000, 0x00000000a4800000|  0%| F|  |TAMS 0x00000000a4700000| PB 0x00000000a4700000| Untracked |  0
|  34|0x00000000a4800000, 0x00000000a4800000, 0x00000000a4900000|  0%| F|  |TAMS 0x00000000a4800000| PB 0x00000000a4800000| Untracked |  0
|  35|0x00000000a4900000, 0x00000000a4900000, 0x00000000a4a00000|  0%| F|  |TAMS 0x00000000a4900000| PB 0x00000000a4900000| Untracked |  0
|  36|0x00000000a4a00000, 0x00000000a4a00000, 0x00000000a4b00000|  0%| F|  |TAMS 0x00000000a4a00000| PB 0x00000000a4a00000| Untracked |  0
|  37|0x00000000a4b00000, 0x00000000a4b00000, 0x00000000a4c00000|  0%| F|  |TAMS 0x00000000a4b00000| PB 0x00000000a4b00000| Untracked |  0
|  38|0x00000000a4c00000, 0x00000000a4c00000, 0x00000000a4d00000|  0%| F|  |TAMS 0x00000000a4c00000| PB 0x00000000a4c00000| Untracked |  0
|  39|0x00000000a4d00000, 0x00000000a4d00000, 0x00000000a4e00000|  0%| F|  |TAMS 0x00000000a4d00000| PB 0x00000000a4d00000| Untracked |  0
|  40|0x00000000a4e00000, 0x00000000a4e00000, 0x00000000a4f00000|  0%| F|  |TAMS 0x00000000a4e00000| PB 0x00000000a4e00000| Untracked |  0
|  41|0x00000000a4f00000, 0x00000000a4f00000, 0x00000000a5000000|  0%| F|  |TAMS 0x00000000a4f00000| PB 0x00000000a4f00000| Untracked |  0
|  42|0x00000000a5000000, 0x00000000a5000000, 0x00000000a5100000|  0%| F|  |TAMS 0x00000000a5000000| PB 0x00000000a5000000| Untracked |  0
|  43|0x00000000a5100000, 0x00000000a5100000, 0x00000000a5200000|  0%| F|  |TAMS 0x00000000a5100000| PB 0x00000000a5100000| Untracked |  0
|  44|0x00000000a5200000, 0x00000000a5200000, 0x00000000a5300000|  0%| F|  |TAMS 0x00000000a5200000| PB 0x00000000a5200000| Untracked |  0
|  45|0x00000000a5300000, 0x00000000a5300000, 0x00000000a5400000|  0%| F|  |TAMS 0x00000000a5300000| PB 0x00000000a5300000| Untracked |  0
|  46|0x00000000a5400000, 0x00000000a5400000, 0x00000000a5500000|  0%| F|  |TAMS 0x00000000a5400000| PB 0x00000000a5400000| Untracked |  0
|  47|0x00000000a5500000, 0x00000000a5500000, 0x00000000a5600000|  0%| F|  |TAMS 0x00000000a5500000| PB 0x00000000a5500000| Untracked |  0
|  48|0x00000000a5600000, 0x00000000a5600000, 0x00000000a5700000|  0%| F|  |TAMS 0x00000000a5600000| PB 0x00000000a5600000| Untracked |  0
|  49|0x00000000a5700000, 0x00000000a5700000, 0x00000000a5800000|  0%| F|  |TAMS 0x00000000a5700000| PB 0x00000000a5700000| Untracked |  0
|  50|0x00000000a5800000, 0x00000000a5800000, 0x00000000a5900000|  0%| F|  |TAMS 0x00000000a5800000| PB 0x00000000a5800000| Untracked |  0
|  51|0x00000000a5900000, 0x00000000a5900000, 0x00000000a5a00000|  0%| F|  |TAMS 0x00000000a5900000| PB 0x00000000a5900000| Untracked |  0
|  52|0x00000000a5a00000, 0x00000000a5a00000, 0x00000000a5b00000|  0%| F|  |TAMS 0x00000000a5a00000| PB 0x00000000a5a00000| Untracked |  0
|  53|0x00000000a5b00000, 0x00000000a5b00000, 0x00000000a5c00000|  0%| F|  |TAMS 0x00000000a5b00000| PB 0x00000000a5b00000| Untracked |  0
|  54|0x00000000a5c00000, 0x00000000a5c00000, 0x00000000a5d00000|  0%| F|  |TAMS 0x00000000a5c00000| PB 0x00000000a5c00000| Untracked |  0
|  55|0x00000000a5d00000, 0x00000000a5d00000, 0x00000000a5e00000|  0%| F|  |TAMS 0x00000000a5d00000| PB 0x00000000a5d00000| Untracked |  0
|  56|0x00000000a5e00000, 0x00000000a5e00000, 0x00000000a5f00000|  0%| F|  |TAMS 0x00000000a5e00000| PB 0x00000000a5e00000| Untracked |  0
|  57|0x00000000a5f00000, 0x00000000a5f00000, 0x00000000a6000000|  0%| F|  |TAMS 0x00000000a5f00000| PB 0x00000000a5f00000| Untracked |  0
|  58|0x00000000a6000000, 0x00000000a6000000, 0x00000000a6100000|  0%| F|  |TAMS 0x00000000a6000000| PB 0x00000000a6000000| Untracked |  0
|  59|0x00000000a6100000, 0x00000000a6100000, 0x00000000a6200000|  0%| F|  |TAMS 0x00000000a6100000| PB 0x00000000a6100000| Untracked |  0
|  60|0x00000000a6200000, 0x00000000a6200000, 0x00000000a6300000|  0%| F|  |TAMS 0x00000000a6200000| PB 0x00000000a6200000| Untracked |  0
|  61|0x00000000a6300000, 0x00000000a6300000, 0x00000000a6400000|  0%| F|  |TAMS 0x00000000a6300000| PB 0x00000000a6300000| Untracked |  0
|  62|0x00000000a6400000, 0x00000000a6400000, 0x00000000a6500000|  0%| F|  |TAMS 0x00000000a6400000| PB 0x00000000a6400000| Untracked |  0
|  63|0x00000000a6500000, 0x00000000a6500000, 0x00000000a6600000|  0%| F|  |TAMS 0x00000000a6500000| PB 0x00000000a6500000| Untracked |  0
|  64|0x00000000a6600000, 0x00000000a6600000, 0x00000000a6700000|  0%| F|  |TAMS 0x00000000a6600000| PB 0x00000000a6600000| Untracked |  0
|  65|0x00000000a6700000, 0x00000000a6700000, 0x00000000a6800000|  0%| F|  |TAMS 0x00000000a6700000| PB 0x00000000a6700000| Untracked |  0
|  66|0x00000000a6800000, 0x00000000a6800000, 0x00000000a6900000|  0%| F|  |TAMS 0x00000000a6800000| PB 0x00000000a6800000| Untracked |  0
|  67|0x00000000a6900000, 0x00000000a6900000, 0x00000000a6a00000|  0%| F|  |TAMS 0x00000000a6900000| PB 0x00000000a6900000| Untracked |  0
|  68|0x00000000a6a00000, 0x00000000a6a00000, 0x00000000a6b00000|  0%| F|  |TAMS 0x00000000a6a00000| PB 0x00000000a6a00000| Untracked |  0
|  69|0x00000000a6b00000, 0x00000000a6b00000, 0x00000000a6c00000|  0%| F|  |TAMS 0x00000000a6b00000| PB 0x00000000a6b00000| Untracked |  0
|  70|0x00000000a6c00000, 0x00000000a6c00000, 0x00000000a6d00000|  0%| F|  |TAMS 0x00000000a6c00000| PB 0x00000000a6c00000| Untracked |  0
|  71|0x00000000a6d00000, 0x00000000a6d00000, 0x00000000a6e00000|  0%| F|  |TAMS 0x00000000a6d00000| PB 0x00000000a6d00000| Untracked |  0
|  72|0x00000000a6e00000, 0x00000000a6e00000, 0x00000000a6f00000|  0%| F|  |TAMS 0x00000000a6e00000| PB 0x00000000a6e00000| Untracked |  0
|  73|0x00000000a6f00000, 0x00000000a6f00000, 0x00000000a7000000|  0%| F|  |TAMS 0x00000000a6f00000| PB 0x00000000a6f00000| Untracked |  0
|  74|0x00000000a7000000, 0x00000000a7000000, 0x00000000a7100000|  0%| F|  |TAMS 0x00000000a7000000| PB 0x00000000a7000000| Untracked |  0
|  75|0x00000000a7100000, 0x00000000a7100000, 0x00000000a7200000|  0%| F|  |TAMS 0x00000000a7100000| PB 0x00000000a7100000| Untracked |  0
|  76|0x00000000a7200000, 0x00000000a72faea0, 0x00000000a7300000| 98%| E|  |TAMS 0x00000000a7200000| PB 0x00000000a7200000| Complete |  0
|  77|0x00000000a7300000, 0x00000000a7400000, 0x00000000a7400000|100%| E|CS|TAMS 0x00000000a7300000| PB 0x00000000a7300000| Complete |  0
|  78|0x00000000a7400000, 0x00000000a7500000, 0x00000000a7500000|100%| E|CS|TAMS 0x00000000a7400000| PB 0x00000000a7400000| Complete |  0
|  79|0x00000000a7500000, 0x00000000a7600000, 0x00000000a7600000|100%| E|  |TAMS 0x00000000a7500000| PB 0x00000000a7500000| Complete |  0
|  80|0x00000000a7600000, 0x00000000a7700000, 0x00000000a7700000|100%| E|CS|TAMS 0x00000000a7600000| PB 0x00000000a7600000| Complete |  0
|  81|0x00000000a7700000, 0x00000000a7800000, 0x00000000a7800000|100%| E|CS|TAMS 0x00000000a7700000| PB 0x00000000a7700000| Complete |  0
|  82|0x00000000a7800000, 0x00000000a7900000, 0x00000000a7900000|100%| E|CS|TAMS 0x00000000a7800000| PB 0x00000000a7800000| Complete |  0
|  83|0x00000000a7900000, 0x00000000a7a00000, 0x00000000a7a00000|100%| E|CS|TAMS 0x00000000a7900000| PB 0x00000000a7900000| Complete |  0
|  84|0x00000000a7a00000, 0x00000000a7b00000, 0x00000000a7b00000|100%| E|CS|TAMS 0x00000000a7a00000| PB 0x00000000a7a00000| Complete |  0
|  85|0x00000000a7b00000, 0x00000000a7c00000, 0x00000000a7c00000|100%| E|CS|TAMS 0x00000000a7b00000| PB 0x00000000a7b00000| Complete |  0
|  86|0x00000000a7c00000, 0x00000000a7d00000, 0x00000000a7d00000|100%| E|CS|TAMS 0x00000000a7c00000| PB 0x00000000a7c00000| Complete |  0
|  87|0x00000000a7d00000, 0x00000000a7e00000, 0x00000000a7e00000|100%| E|CS|TAMS 0x00000000a7d00000| PB 0x00000000a7d00000| Complete |  0
|  88|0x00000000a7e00000, 0x00000000a7f00000, 0x00000000a7f00000|100%| E|CS|TAMS 0x00000000a7e00000| PB 0x00000000a7e00000| Complete |  0
|  89|0x00000000a7f00000, 0x00000000a8000000, 0x00000000a8000000|100%| E|CS|TAMS 0x00000000a7f00000| PB 0x00000000a7f00000| Complete |  0
|  90|0x00000000a8000000, 0x00000000a8100000, 0x00000000a8100000|100%| E|CS|TAMS 0x00000000a8000000| PB 0x00000000a8000000| Complete |  0
|  91|0x00000000a8100000, 0x00000000a8200000, 0x00000000a8200000|100%| E|CS|TAMS 0x00000000a8100000| PB 0x00000000a8100000| Complete |  0
|  92|0x00000000a8200000, 0x00000000a8300000, 0x00000000a8300000|100%| E|CS|TAMS 0x00000000a8200000| PB 0x00000000a8200000| Complete |  0
|  93|0x00000000a8300000, 0x00000000a8400000, 0x00000000a8400000|100%| E|CS|TAMS 0x00000000a8300000| PB 0x00000000a8300000| Complete |  0

Card table byte_map: [0x0000027bf7ff0000,0x0000027bf82e0000] _byte_map_base: 0x0000027bf7add000

Marking Bits: (CMBitMap*) 0x0000027be2df32f0
 Bits: [0x0000027bf82e0000, 0x0000027bf9a48000)

Polling page: 0x0000027be2e70000

Metaspace:

Usage:
  Non-class:     14.70 MB used.
      Class:      1.65 MB used.
       Both:     16.35 MB used.

Virtual space:
  Non-class space:       64.00 MB reserved,      14.75 MB ( 23%) committed,  1 nodes.
      Class space:        1.00 GB reserved,       1.75 MB ( <1%) committed,  1 nodes.
             Both:        1.06 GB reserved,      16.50 MB (  2%) committed. 

Chunk freelists:
   Non-Class:  1.00 MB
       Class:  14.24 MB
        Both:  15.24 MB

MaxMetaspaceSize: unlimited
CompressedClassSpaceSize: 1.00 GB
Initial GC threshold: 21.00 MB
Current GC threshold: 21.00 MB
CDS: off
 - commit_granule_bytes: 65536.
 - commit_granule_words: 8192.
 - virtual_space_node_default_size: 8388608.
 - enlarge_chunks_in_place: 1.
 - use_allocation_guard: 0.


Internal statistics:

num_allocs_failed_limit: 0.
num_arena_births: 152.
num_arena_deaths: 0.
num_vsnodes_births: 2.
num_vsnodes_deaths: 0.
num_space_committed: 264.
num_space_uncommitted: 0.
num_chunks_returned_to_freelist: 0.
num_chunks_taken_from_freelist: 240.
num_chunk_merges: 0.
num_chunk_splits: 122.
num_chunks_enlarged: 45.
num_inconsistent_stats: 0.

CodeHeap 'non-profiled nmethods': size=120000Kb used=361Kb max_used=361Kb free=119638Kb
 bounds [0x0000027befb40000, 0x0000027befdb0000, 0x0000027bf7070000]
CodeHeap 'profiled nmethods': size=120000Kb used=1966Kb max_used=1966Kb free=118033Kb
 bounds [0x0000027be8070000, 0x0000027be82e0000, 0x0000027bef5a0000]
CodeHeap 'non-nmethods': size=5760Kb used=1588Kb max_used=1602Kb free=4172Kb
 bounds [0x0000027bef5a0000, 0x0000027bef810000, 0x0000027befb40000]
 total_blobs=1933 nmethods=1283 adapters=555
 compilation: enabled
              stopped_count=0, restarted_count=0
 full_count=0

Compilation events (20 events):
Event: 3.261 Thread 0x0000027bfc7f04a0 1273       3       java.awt.GradientPaint::<init> (63 bytes)
Event: 3.262 Thread 0x0000027bfc7f04a0 nmethod 1273 0x0000027be8259510 code [0x0000027be8259720, 0x0000027be8259df8]
Event: 3.263 Thread 0x0000027bfc832630 nmethod 1264 0x0000027befb99290 code [0x0000027befb99420, 0x0000027befb99650]
Event: 3.279 Thread 0x0000027bfc7f04a0 1274       3       java.awt.Rectangle::isEmpty (20 bytes)
Event: 3.279 Thread 0x0000027bfc7f04a0 nmethod 1274 0x0000027be825a010 code [0x0000027be825a1a0, 0x0000027be825a330]
Event: 3.290 Thread 0x0000027bfc7f04a0 1275       3       java.util.HashMap::clear (50 bytes)
Event: 3.291 Thread 0x0000027bfc7f04a0 nmethod 1275 0x0000027be825a390 code [0x0000027be825a540, 0x0000027be825a8b0]
Event: 3.291 Thread 0x0000027bfc7f04a0 1276       1       javax.swing.AbstractButton::getIcon (5 bytes)
Event: 3.291 Thread 0x0000027bfc7f04a0 nmethod 1276 0x0000027befb99890 code [0x0000027befb99a20, 0x0000027befb99af0]
Event: 3.302 Thread 0x0000027bfc7f04a0 1277       3       sun.awt.SunHints$Value::get (8 bytes)
Event: 3.302 Thread 0x0000027bfc7f04a0 nmethod 1277 0x0000027be825aa10 code [0x0000027be825aba0, 0x0000027be825ace8]
Event: 3.312 Thread 0x0000027bfc7f04a0 1278       3       java.util.HashMap::tableSizeFor (32 bytes)
Event: 3.313 Thread 0x0000027bfc7f04a0 nmethod 1278 0x0000027be825ae10 code [0x0000027be825afc0, 0x0000027be825b1c0]
Event: 3.325 Thread 0x0000027bfc7f04a0 1279       3       java.awt.Rectangle::getWidth (6 bytes)
Event: 3.325 Thread 0x0000027bfc832630 1281       4       sun.awt.image.IntegerInterleavedRaster::getDataOffset (7 bytes)
Event: 3.325 Thread 0x0000027bfc7f04a0 nmethod 1279 0x0000027be825b290 code [0x0000027be825b420, 0x0000027be825b530]
Event: 3.325 Thread 0x0000027bfc7f04a0 1280       3       java.awt.Rectangle::getHeight (6 bytes)
Event: 3.325 Thread 0x0000027bfc7f04a0 nmethod 1280 0x0000027be825b590 code [0x0000027be825b720, 0x0000027be825b830]
Event: 3.326 Thread 0x0000027bfc832630 nmethod 1281 0x0000027befb99b90 code [0x0000027befb99d20, 0x0000027befb99dd8]
Event: 3.330 Thread 0x0000027bfc7f04a0 1282       3       java.awt.geom.AffineTransform::createInverse (543 bytes)

GC Heap History (0 events):
No events

Dll operation events (9 events):
Event: 0.022 Loaded shared library C:\Users\Jenna Miles Reyes\.p2\pool\plugins\org.eclipse.justj.openjdk.hotspot.jre.full.win32.x86_64_22.0.0.v20240322-1225\jre\bin\java.dll
Event: 0.033 Loaded shared library C:\Users\Jenna Miles Reyes\.p2\pool\plugins\org.eclipse.justj.openjdk.hotspot.jre.full.win32.x86_64_22.0.0.v20240322-1225\jre\bin\zip.dll
Event: 0.266 Loaded shared library C:\Users\Jenna Miles Reyes\.p2\pool\plugins\org.eclipse.justj.openjdk.hotspot.jre.full.win32.x86_64_22.0.0.v20240322-1225\jre\bin\jimage.dll
Event: 0.314 Loaded shared library C:\Users\Jenna Miles Reyes\.p2\pool\plugins\org.eclipse.justj.openjdk.hotspot.jre.full.win32.x86_64_22.0.0.v20240322-1225\jre\bin\awt.dll
Event: 0.748 Loaded shared library C:\Users\Jenna Miles Reyes\.p2\pool\plugins\org.eclipse.justj.openjdk.hotspot.jre.full.win32.x86_64_22.0.0.v20240322-1225\jre\bin\zip.dll
Event: 0.998 Loaded shared library C:\Users\Jenna Miles Reyes\.p2\pool\plugins\org.eclipse.justj.openjdk.hotspot.jre.full.win32.x86_64_22.0.0.v20240322-1225\jre\bin\freetype.dll
Event: 1.000 Loaded shared library C:\Users\Jenna Miles Reyes\.p2\pool\plugins\org.eclipse.justj.openjdk.hotspot.jre.full.win32.x86_64_22.0.0.v20240322-1225\jre\bin\fontmanager.dll
Event: 1.186 Loaded shared library C:\Users\Jenna Miles Reyes\.p2\pool\plugins\org.eclipse.justj.openjdk.hotspot.jre.full.win32.x86_64_22.0.0.v20240322-1225\jre\bin\net.dll
Event: 1.190 Loaded shared library C:\Users\Jenna Miles Reyes\.p2\pool\plugins\org.eclipse.justj.openjdk.hotspot.jre.full.win32.x86_64_22.0.0.v20240322-1225\jre\bin\nio.dll

Deoptimization events (20 events):
Event: 3.207 Thread 0x0000027bfd0807e0 DEOPT PACKING pc=0x0000027be824c4ff sp=0x0000008126efc6f0
Event: 3.207 Thread 0x0000027bfd0807e0 DEOPT UNPACKING pc=0x0000027bef5f4e42 sp=0x0000008126efbbc0 mode 0
Event: 3.207 Thread 0x0000027bfd0807e0 DEOPT PACKING pc=0x0000027be824c4ff sp=0x0000008126efc6f0
Event: 3.207 Thread 0x0000027bfd0807e0 DEOPT UNPACKING pc=0x0000027bef5f4e42 sp=0x0000008126efbbc0 mode 0
Event: 3.207 Thread 0x0000027bfd0807e0 DEOPT PACKING pc=0x0000027be824c4ff sp=0x0000008126efc6f0
Event: 3.207 Thread 0x0000027bfd0807e0 DEOPT UNPACKING pc=0x0000027bef5f4e42 sp=0x0000008126efbbc0 mode 0
Event: 3.207 Thread 0x0000027bfd0807e0 DEOPT PACKING pc=0x0000027be824c4ff sp=0x0000008126efc6f0
Event: 3.207 Thread 0x0000027bfd0807e0 DEOPT UNPACKING pc=0x0000027bef5f4e42 sp=0x0000008126efbbc0 mode 0
Event: 3.212 Thread 0x0000027bfd0807e0 DEOPT PACKING pc=0x0000027be824c4ff sp=0x0000008126efc700
Event: 3.212 Thread 0x0000027bfd0807e0 DEOPT UNPACKING pc=0x0000027bef5f4e42 sp=0x0000008126efbb70 mode 0
Event: 3.212 Thread 0x0000027bfd0807e0 DEOPT PACKING pc=0x0000027be824c4ff sp=0x0000008126efc700
Event: 3.212 Thread 0x0000027bfd0807e0 DEOPT UNPACKING pc=0x0000027bef5f4e42 sp=0x0000008126efbb70 mode 0
Event: 3.212 Thread 0x0000027bfd0807e0 DEOPT PACKING pc=0x0000027be824c4ff sp=0x0000008126efc700
Event: 3.212 Thread 0x0000027bfd0807e0 DEOPT UNPACKING pc=0x0000027bef5f4e42 sp=0x0000008126efbb70 mode 0
Event: 3.212 Thread 0x0000027bfd0807e0 DEOPT PACKING pc=0x0000027be824c4ff sp=0x0000008126efc700
Event: 3.212 Thread 0x0000027bfd0807e0 DEOPT UNPACKING pc=0x0000027bef5f4e42 sp=0x0000008126efbb70 mode 0
Event: 3.212 Thread 0x0000027bfd0807e0 DEOPT PACKING pc=0x0000027be824c4ff sp=0x0000008126efc700
Event: 3.212 Thread 0x0000027bfd0807e0 DEOPT UNPACKING pc=0x0000027bef5f4e42 sp=0x0000008126efbb70 mode 0
Event: 3.212 Thread 0x0000027bfd0807e0 DEOPT PACKING pc=0x0000027be824c4ff sp=0x0000008126efc700
Event: 3.212 Thread 0x0000027bfd0807e0 DEOPT UNPACKING pc=0x0000027bef5f4e42 sp=0x0000008126efbb70 mode 0

Classes loaded (20 events):
Event: 1.342 Loading class java/text/AttributedString
Event: 1.343 Loading class java/text/AttributedString done
Event: 1.343 Loading class java/text/AttributedString$AttributedStringIterator
Event: 1.343 Loading class java/text/AttributedCharacterIterator
Event: 1.343 Loading class java/text/AttributedCharacterIterator done
Event: 1.343 Loading class java/text/AttributedString$AttributedStringIterator done
Event: 1.344 Loading class javax/swing/CellRendererPane
Event: 1.344 Loading class javax/swing/CellRendererPane done
Event: 1.972 Loading class java/awt/LightweightDispatcher$2
Event: 1.972 Loading class java/awt/LightweightDispatcher$2 done
Event: 3.140 Loading class sun/awt/image/BufferedImageDevice
Event: 3.140 Loading class sun/awt/image/BufferedImageDevice done
Event: 3.141 Loading class java/awt/GradientPaintContext
Event: 3.141 Loading class java/awt/PaintContext
Event: 3.141 Loading class java/awt/PaintContext done
Event: 3.141 Loading class java/awt/GradientPaintContext done
Event: 3.142 Loading class java/awt/geom/Point2D$Double
Event: 3.142 Loading class java/awt/geom/Point2D$Double done
Event: 3.142 Loading class sun/java2d/pipe/AlphaPaintPipe$TileContext
Event: 3.142 Loading class sun/java2d/pipe/AlphaPaintPipe$TileContext done

Classes unloaded (0 events):
No events

Classes redefined (0 events):
No events

Internal exceptions (12 events):
Event: 0.289 Thread 0x0000027be2aeb970 Exception <a 'java/lang/ClassNotFoundException'{0x00000000a82c1e20}: sun/awt/resources/spi/awtProvider> (0x00000000a82c1e20) 
thrown [s\src\hotspot\share\classfile\systemDictionary.cpp, line 313]
Event: 0.335 Thread 0x0000027be2aeb970 Exception <a 'java/io/FileNotFoundException'{0x00000000a8126cc0}> (0x00000000a8126cc0) 
thrown [s\src\hotspot\share\prims\jni.cpp, line 520]
Event: 0.347 Thread 0x0000027be2aeb970 Exception <a 'java/io/FileNotFoundException'{0x00000000a8154fd0}> (0x00000000a8154fd0) 
thrown [s\src\hotspot\share\prims\jni.cpp, line 520]
Event: 0.580 Thread 0x0000027be2aeb970 Exception <a 'java/lang/NoSuchMethodError'{0x00000000a81e7658}: 'void java.lang.invoke.DirectMethodHandle$Holder.invokeSpecial(java.lang.Object, java.lang.Object, java.lang.Object)'> (0x00000000a81e7658) 
thrown [s\src\hotspot\share\interpreter\linkResolver.cpp, line 774]
Event: 0.593 Thread 0x0000027be2aeb970 Exception <a 'java/lang/NoSuchMethodError'{0x00000000a8092918}: 'java.lang.Object java.lang.invoke.DirectMethodHandle$Holder.newInvokeSpecial(java.lang.Object, java.lang.Object, java.lang.Object, java.lang.Object, java.lang.Object)'> (0x00000000a8092918) 
thrown [s\src\hotspot\share\interpreter\linkResolver.cpp, line 774]
Event: 0.602 Thread 0x0000027be2aeb970 Exception <a 'java/lang/NoSuchMethodError'{0x00000000a80bf230}: 'java.lang.Object java.lang.invoke.DirectMethodHandle$Holder.invokeStatic(java.lang.Object, int, java.lang.Object)'> (0x00000000a80bf230) 
thrown [s\src\hotspot\share\interpreter\linkResolver.cpp, line 774]
Event: 0.635 Thread 0x0000027be2aeb970 Exception <a 'java/lang/ClassNotFoundException'{0x00000000a7f61550}: com/sun/swing/internal/plaf/metal/resources/spi/metalProvider> (0x00000000a7f61550) 
thrown [s\src\hotspot\share\classfile\systemDictionary.cpp, line 313]
Event: 0.636 Thread 0x0000027be2aeb970 Exception <a 'java/lang/ClassNotFoundException'{0x00000000a7f65530}: com/sun/swing/internal/plaf/basic/resources/spi/basicProvider> (0x00000000a7f65530) 
thrown [s\src\hotspot\share\classfile\systemDictionary.cpp, line 313]
Event: 0.655 Thread 0x0000027be2aeb970 Exception <a 'java/lang/NoSuchMethodError'{0x00000000a7f85648}: 'int java.lang.invoke.Invokers$Holder.invokeExact_MT(java.lang.Object, java.lang.Object)'> (0x00000000a7f85648) 
thrown [s\src\hotspot\share\interpreter\linkResolver.cpp, line 774]
Event: 0.880 Thread 0x0000027bfd07cb90 Exception <a 'java/lang/NoSuchMethodError'{0x00000000a7de0290}: 'java.lang.Object java.lang.invoke.DirectMethodHandle$Holder.newInvokeSpecial(java.lang.Object, java.lang.Object, java.lang.Object, int, int, int, int, int)'> (0x00000000a7de0290) 
thrown [s\src\hotspot\share\interpreter\linkResolver.cpp, line 774]
Event: 0.962 Thread 0x0000027bfcddac60 Exception <a 'java/lang/NoSuchMethodError'{0x00000000a800e7f0}: 'void java.lang.invoke.DirectMethodHandle$Holder.invokeVirtual(java.lang.Object, java.lang.Object)'> (0x00000000a800e7f0) 
thrown [s\src\hotspot\share\interpreter\linkResolver.cpp, line 774]
Event: 0.989 Thread 0x0000027be2aeb970 Exception <a 'java/lang/NoSuchMethodError'{0x00000000a7cf59b8}: 'void java.lang.invoke.DirectMethodHandle$Holder.invokeStaticInit(java.lang.Object)'> (0x00000000a7cf59b8) 
thrown [s\src\hotspot\share\interpreter\linkResolver.cpp, line 774]

ZGC Phase Switch (0 events):
No events

VM Operations (18 events):
Event: 0.634 Executing VM operation: HandshakeAllThreads (Deoptimize)
Event: 0.634 Executing VM operation: HandshakeAllThreads (Deoptimize) done
Event: 0.660 Executing VM operation: HandshakeAllThreads (Deoptimize)
Event: 0.660 Executing VM operation: HandshakeAllThreads (Deoptimize) done
Event: 0.694 Executing VM operation: HandshakeAllThreads (Deoptimize)
Event: 0.694 Executing VM operation: HandshakeAllThreads (Deoptimize) done
Event: 0.843 Executing VM operation: HandshakeAllThreads (Deoptimize)
Event: 0.843 Executing VM operation: HandshakeAllThreads (Deoptimize) done
Event: 1.173 Executing VM operation: HandshakeAllThreads (Deoptimize)
Event: 1.173 Executing VM operation: HandshakeAllThreads (Deoptimize) done
Event: 1.173 Executing VM operation: Cleanup
Event: 1.173 Executing VM operation: Cleanup done
Event: 1.180 Executing VM operation: HandshakeAllThreads (Deoptimize)
Event: 1.180 Executing VM operation: HandshakeAllThreads (Deoptimize) done
Event: 2.194 Executing VM operation: Cleanup
Event: 2.194 Executing VM operation: Cleanup done
Event: 3.140 Executing VM operation: HandshakeAllThreads (Deoptimize)
Event: 3.140 Executing VM operation: HandshakeAllThreads (Deoptimize) done

Events (20 events):
Event: 0.122 Thread 0x0000027bfc7c3600 Thread added: 0x0000027bfc7c3600
Event: 0.122 Thread 0x0000027bfc7c5c80 Thread added: 0x0000027bfc7c5c80
Event: 0.124 Thread 0x0000027bfc7e3650 Thread added: 0x0000027bfc7e3650
Event: 0.125 Thread 0x0000027bfc7e3cc0 Thread added: 0x0000027bfc7e3cc0
Event: 0.125 Thread 0x0000027bfc7cf310 Thread added: 0x0000027bfc7cf310
Event: 0.125 Thread 0x0000027bfc7d1400 Thread added: 0x0000027bfc7d1400
Event: 0.125 Thread 0x0000027bfc832630 Thread added: 0x0000027bfc832630
Event: 0.125 Thread 0x0000027bfc7f04a0 Thread added: 0x0000027bfc7f04a0
Event: 0.184 Thread 0x0000027bfc9c3870 Thread added: 0x0000027bfc9c3870
Event: 0.193 Thread 0x0000027bfc9cb720 Thread added: 0x0000027bfc9cb720
Event: 0.441 Thread 0x0000027bfcdcdfc0 Thread added: 0x0000027bfcdcdfc0
Event: 0.446 Thread 0x0000027bfcb6dea0 Thread added: 0x0000027bfcb6dea0
Event: 0.449 Thread 0x0000027bfcddac60 Thread added: 0x0000027bfcddac60
Event: 0.720 Thread 0x0000027bfd0807e0 Thread added: 0x0000027bfd0807e0
Event: 0.739 Thread 0x0000027bfd07cb90 Thread added: 0x0000027bfd07cb90
Event: 1.038 Thread 0x0000027bfd054f60 Thread added: 0x0000027bfd054f60
Event: 1.171 Thread 0x0000027bfd054f60 Thread exited: 0x0000027bfd054f60
Event: 1.172 Thread 0x0000027be2aeb970 Thread exited: 0x0000027be2aeb970
Event: 1.172 Thread 0x0000027be2aeb970 Thread added: 0x0000027be2aeb970
Event: 1.249 Thread 0x0000027b86be1100 Thread added: 0x0000027b86be1100


Dynamic libraries:
0x00007ff6ff5e0000 - 0x00007ff6ff5ee000 	C:\Users\Jenna Miles Reyes\.p2\pool\plugins\org.eclipse.justj.openjdk.hotspot.jre.full.win32.x86_64_22.0.0.v20240322-1225\jre\bin\javaw.exe
0x00007fff73bf0000 - 0x00007fff73e06000 	C:\WINDOWS\SYSTEM32\ntdll.dll
0x00007fff72620000 - 0x00007fff726e4000 	C:\WINDOWS\System32\KERNEL32.DLL
0x00007fff71100000 - 0x00007fff714a7000 	C:\WINDOWS\System32\KERNELBASE.dll
0x00007fff717d0000 - 0x00007fff718e1000 	C:\WINDOWS\System32\ucrtbase.dll
0x00007fff6b280000 - 0x00007fff6b297000 	C:\Users\Jenna Miles Reyes\.p2\pool\plugins\org.eclipse.justj.openjdk.hotspot.jre.full.win32.x86_64_22.0.0.v20240322-1225\jre\bin\jli.dll
0x00007fff55dc0000 - 0x00007fff55ddb000 	C:\Users\Jenna Miles Reyes\.p2\pool\plugins\org.eclipse.justj.openjdk.hotspot.jre.full.win32.x86_64_22.0.0.v20240322-1225\jre\bin\VCRUNTIME140.dll
0x00007fff736b0000 - 0x00007fff7385e000 	C:\WINDOWS\System32\USER32.dll
0x00007fff70270000 - 0x00007fff70503000 	C:\WINDOWS\WinSxS\amd64_microsoft.windows.common-controls_6595b64144ccf1df_6.0.22621.3235_none_270f74e173860f98\COMCTL32.dll
0x00007fff732d0000 - 0x00007fff73377000 	C:\WINDOWS\System32\msvcrt.dll
0x00007fff710d0000 - 0x00007fff710f6000 	C:\WINDOWS\System32\win32u.dll
0x00007fff72e90000 - 0x00007fff72eb9000 	C:\WINDOWS\System32\GDI32.dll
0x00007fff70f10000 - 0x00007fff71029000 	C:\WINDOWS\System32\gdi32full.dll
0x00007fff71030000 - 0x00007fff710ca000 	C:\WINDOWS\System32\msvcp_win.dll
0x00007fff73b20000 - 0x00007fff73b51000 	C:\WINDOWS\System32\IMM32.DLL
0x00007fff70730000 - 0x00007fff7073c000 	C:\Users\Jenna Miles Reyes\.p2\pool\plugins\org.eclipse.justj.openjdk.hotspot.jre.full.win32.x86_64_22.0.0.v20240322-1225\jre\bin\vcruntime140_1.dll
0x00007fff339e0000 - 0x00007fff33a6e000 	C:\Users\Jenna Miles Reyes\.p2\pool\plugins\org.eclipse.justj.openjdk.hotspot.jre.full.win32.x86_64_22.0.0.v20240322-1225\jre\bin\msvcp140.dll
0x00007ffef46d0000 - 0x00007ffef5492000 	C:\Users\Jenna Miles Reyes\.p2\pool\plugins\org.eclipse.justj.openjdk.hotspot.jre.full.win32.x86_64_22.0.0.v20240322-1225\jre\bin\server\jvm.dll
0x00007fff73580000 - 0x00007fff73632000 	C:\WINDOWS\System32\ADVAPI32.dll
0x00007fff72290000 - 0x00007fff72338000 	C:\WINDOWS\System32\sechost.dll
0x00007fff718f0000 - 0x00007fff71918000 	C:\WINDOWS\System32\bcrypt.dll
0x00007fff72d70000 - 0x00007fff72e85000 	C:\WINDOWS\System32\RPCRT4.dll
0x00007fff72b70000 - 0x00007fff72be1000 	C:\WINDOWS\System32\WS2_32.dll
0x00007fff70c30000 - 0x00007fff70c7d000 	C:\WINDOWS\SYSTEM32\POWRPROF.dll
0x00007fff66880000 - 0x00007fff6688a000 	C:\WINDOWS\SYSTEM32\VERSION.dll
0x00007fff6d8f0000 - 0x00007fff6d924000 	C:\WINDOWS\SYSTEM32\WINMM.dll
0x00007fff70c10000 - 0x00007fff70c23000 	C:\WINDOWS\SYSTEM32\UMPDC.dll
0x00007fff6f000000 - 0x00007fff6f018000 	C:\WINDOWS\SYSTEM32\kernel.appcore.dll
0x00007fff6cfb0000 - 0x00007fff6cfba000 	C:\Users\Jenna Miles Reyes\.p2\pool\plugins\org.eclipse.justj.openjdk.hotspot.jre.full.win32.x86_64_22.0.0.v20240322-1225\jre\bin\jimage.dll
0x00007fff70800000 - 0x00007fff70a33000 	C:\WINDOWS\SYSTEM32\DBGHELP.DLL
0x00007fff72f40000 - 0x00007fff732c8000 	C:\WINDOWS\System32\combase.dll
0x00007fff73380000 - 0x00007fff73457000 	C:\WINDOWS\System32\OLEAUT32.dll
0x00007fff706f0000 - 0x00007fff70722000 	C:\WINDOWS\SYSTEM32\dbgcore.DLL
0x00007fff71520000 - 0x00007fff71599000 	C:\WINDOWS\System32\bcryptPrimitives.dll
0x00007fff68410000 - 0x00007fff6842e000 	C:\Users\Jenna Miles Reyes\.p2\pool\plugins\org.eclipse.justj.openjdk.hotspot.jre.full.win32.x86_64_22.0.0.v20240322-1225\jre\bin\java.dll
0x00007fff719a0000 - 0x00007fff721fc000 	C:\WINDOWS\System32\SHELL32.dll
0x00007fff73970000 - 0x00007fff73b15000 	C:\WINDOWS\System32\ole32.dll
0x00007fff683f0000 - 0x00007fff68407000 	C:\Users\Jenna Miles Reyes\.p2\pool\plugins\org.eclipse.justj.openjdk.hotspot.jre.full.win32.x86_64_22.0.0.v20240322-1225\jre\bin\zip.dll
0x00007fff6df10000 - 0x00007fff6e809000 	C:\WINDOWS\SYSTEM32\windows.storage.dll
0x00007fff6ddd0000 - 0x00007fff6df0e000 	C:\WINDOWS\SYSTEM32\wintypes.dll
0x00007fff73870000 - 0x00007fff73963000 	C:\WINDOWS\System32\SHCORE.dll
0x00007fff72ec0000 - 0x00007fff72f1e000 	C:\WINDOWS\System32\shlwapi.dll
0x00007fff70e40000 - 0x00007fff70e61000 	C:\WINDOWS\SYSTEM32\profapi.dll
0x00007ffed98b0000 - 0x00007ffed9a3c000 	C:\Users\Jenna Miles Reyes\.p2\pool\plugins\org.eclipse.justj.openjdk.hotspot.jre.full.win32.x86_64_22.0.0.v20240322-1225\jre\bin\awt.dll
0x00007fff6d020000 - 0x00007fff6d0b7000 	C:\WINDOWS\SYSTEM32\apphelp.dll
0x00007fff6d440000 - 0x00007fff6d46b000 	C:\WINDOWS\system32\DWMAPI.DLL
0x00007fff6d1c0000 - 0x00007fff6d26b000 	C:\WINDOWS\system32\uxtheme.dll
0x00007fff118b0000 - 0x00007fff119b0000 	C:\WINDOWS\system32\opengl32.dll
0x00007fff11390000 - 0x00007fff113bd000 	C:\WINDOWS\SYSTEM32\GLU32.dll
0x00007fff6d2f0000 - 0x00007fff6d329000 	C:\WINDOWS\SYSTEM32\dxcore.dll
0x00007fff72c10000 - 0x00007fff72d63000 	C:\WINDOWS\System32\MSCTF.dll
0x00007fff1a3c0000 - 0x00007fff1a569000 	C:\WINDOWS\system32\d3d9.dll
0x00007fff66890000 - 0x00007fff66a4b000 	C:\WINDOWS\System32\DriverStore\FileRepository\u0390483.inf_amd64_b7c25444b8e9ca60\B389503\aticfx64.dll
0x00007fff0cfa0000 - 0x00007fff0cfd4000 	C:\WINDOWS\System32\DriverStore\FileRepository\u0390483.inf_amd64_b7c25444b8e9ca60\B389503\atiu9p64.dll
0x00007fff0c240000 - 0x00007fff0cf95000 	C:\WINDOWS\System32\DriverStore\FileRepository\u0390483.inf_amd64_b7c25444b8e9ca60\B389503\atiumd64.dll
0x0000000056810000 - 0x0000000057738000 	C:\WINDOWS\System32\DriverStore\FileRepository\u0390483.inf_amd64_b7c25444b8e9ca60\B389503\atiumd6a.dll
0x00007fff726f0000 - 0x00007fff72b64000 	C:\WINDOWS\System32\SETUPAPI.dll
0x00007fff64840000 - 0x00007fff64875000 	C:\WINDOWS\SYSTEM32\amdihk64.dll
0x00007fff6a460000 - 0x00007fff6a4aa000 	C:\WINDOWS\SYSTEM32\directxdatabasehelper.dll
0x00007fff23fe0000 - 0x00007fff24067000 	C:\Users\Jenna Miles Reyes\.p2\pool\plugins\org.eclipse.justj.openjdk.hotspot.jre.full.win32.x86_64_22.0.0.v20240322-1225\jre\bin\freetype.dll
0x00007ffed97d0000 - 0x00007ffed98a8000 	C:\Users\Jenna Miles Reyes\.p2\pool\plugins\org.eclipse.justj.openjdk.hotspot.jre.full.win32.x86_64_22.0.0.v20240322-1225\jre\bin\fontmanager.dll
0x00007fff60070000 - 0x00007fff601ba000 	C:\WINDOWS\SYSTEM32\textinputframework.dll
0x00007fff723b0000 - 0x00007fff72460000 	C:\WINDOWS\System32\clbcatq.dll
0x00007fff6b540000 - 0x00007fff6b6f0000 	C:\WINDOWS\SYSTEM32\WindowsCodecs.dll
0x00007fff3ffc0000 - 0x00007fff4001e000 	C:\WINDOWS\system32\dataexchange.dll
0x00007fff684b0000 - 0x00007fff6873e000 	C:\WINDOWS\system32\twinapi.appcore.dll
0x00007fff683e0000 - 0x00007fff683f0000 	C:\Users\Jenna Miles Reyes\.p2\pool\plugins\org.eclipse.justj.openjdk.hotspot.jre.full.win32.x86_64_22.0.0.v20240322-1225\jre\bin\net.dll
0x00007fff6f430000 - 0x00007fff6f499000 	C:\WINDOWS\system32\mswsock.dll
0x00007fff683c0000 - 0x00007fff683d6000 	C:\Users\Jenna Miles Reyes\.p2\pool\plugins\org.eclipse.justj.openjdk.hotspot.jre.full.win32.x86_64_22.0.0.v20240322-1225\jre\bin\nio.dll
0x00007fff6cc40000 - 0x00007fff6cd74000 	C:\WINDOWS\SYSTEM32\CoreMessaging.dll
0x00007fff69250000 - 0x00007fff695bc000 	C:\WINDOWS\SYSTEM32\CoreUIComponents.dll
0x00007fff6f660000 - 0x00007fff6f66c000 	C:\WINDOWS\SYSTEM32\CRYPTBASE.DLL

dbghelp: loaded successfully - version: 4.0.5 - missing functions: none
symbol engine: initialized successfully - sym options: 0x614 - pdb path: .;C:\Users\Jenna Miles Reyes\.p2\pool\plugins\org.eclipse.justj.openjdk.hotspot.jre.full.win32.x86_64_22.0.0.v20240322-1225\jre\bin;C:\WINDOWS\SYSTEM32;C:\WINDOWS\WinSxS\amd64_microsoft.windows.common-controls_6595b64144ccf1df_6.0.22621.3235_none_270f74e173860f98;C:\Users\Jenna Miles Reyes\.p2\pool\plugins\org.eclipse.justj.openjdk.hotspot.jre.full.win32.x86_64_22.0.0.v20240322-1225\jre\bin\server;C:\WINDOWS\System32\DriverStore\FileRepository\u0390483.inf_amd64_b7c25444b8e9ca60\B389503

VM Arguments:
jvm_args: -Dfile.encoding=UTF-8 -Dstdout.encoding=UTF-8 -Dstderr.encoding=UTF-8 -XX:+ShowCodeDetailsInExceptionMessages 
java_command: JobBoard
java_class_path (initial): C:\Users\Jenna Miles Reyes\eclipse-workspace\Booking System\bin
Launcher Type: SUN_STANDARD

[Global flags]
     intx CICompilerCount                          = 4                                         {product} {ergonomic}
     uint ConcGCThreads                            = 3                                         {product} {ergonomic}
     uint G1ConcRefinementThreads                  = 10                                        {product} {ergonomic}
   size_t G1HeapRegionSize                         = 1048576                                   {product} {ergonomic}
   size_t InitialHeapSize                          = 98566144                                  {product} {ergonomic}
   size_t MarkStackSize                            = 4194304                                   {product} {ergonomic}
   size_t MaxHeapSize                              = 1570766848                                {product} {ergonomic}
   size_t MaxNewSize                               = 941621248                                 {product} {ergonomic}
   size_t MinHeapDeltaBytes                        = 1048576                                   {product} {ergonomic}
   size_t MinHeapSize                              = 8388608                                   {product} {ergonomic}
    uintx NonNMethodCodeHeapSize                   = 5839372                                {pd product} {ergonomic}
    uintx NonProfiledCodeHeapSize                  = 122909434                              {pd product} {ergonomic}
    uintx ProfiledCodeHeapSize                     = 122909434                              {pd product} {ergonomic}
    uintx ReservedCodeCacheSize                    = 251658240                              {pd product} {ergonomic}
     bool SegmentedCodeCache                       = true                                      {product} {ergonomic}
     bool ShowCodeDetailsInExceptionMessages       = true                                   {manageable} {command line}
   size_t SoftMaxHeapSize                          = 1570766848                             {manageable} {ergonomic}
     bool UseCompressedOops                        = true                           {product lp64_product} {ergonomic}
     bool UseG1GC                                  = true                                      {product} {ergonomic}
     bool UseLargePagesIndividualAllocation        = false                                  {pd product} {ergonomic}

Logging:
Log output configuration:
 #0: stdout all=warning uptime,level,tags foldmultilines=false
 #1: stderr all=off uptime,level,tags foldmultilines=false

Environment Variables:
PATH=C:/Users/Jenna Miles Reyes/.p2/pool/plugins/org.eclipse.justj.openjdk.hotspot.jre.full.win32.x86_64_22.0.0.v20240322-1225/jre/bin/server;C:/Users/Jenna Miles Reyes/.p2/pool/plugins/org.eclipse.justj.openjdk.hotspot.jre.full.win32.x86_64_22.0.0.v20240322-1225/jre/bin;C:\WINDOWS\system32;C:\WINDOWS;C:\WINDOWS\System32\Wbem;C:\WINDOWS\System32\WindowsPowerShell\v1.0\;C:\WINDOWS\System32\OpenSSH\;C:\Program Files\Microsoft SQL Server\150\Tools\Binn\;C:\Program Files\dotnet\;C:\Users\Jenna Miles Reyes\AppData\Local\Programs\Python\Python312\Scripts\;C:\Users\Jenna Miles Reyes\AppData\Local\Programs\Python\Python312\;C:\Users\Jenna Miles Reyes\AppData\Local\Programs\Python\Launcher\;C:\Users\Jenna Miles Reyes\AppData\Local\Microsoft\WindowsApps;C:\MinGW\bin;C:\Users\Jenna Miles Reyes\.dotnet\tools;C:\Users\Jenna Miles Reyes\AppData\Local\Programs\Microsoft VS Code\bin;C:\WINDOWS\system32;
USERNAME=Jenna Miles Reyes
OS=Windows_NT
PROCESSOR_IDENTIFIER=AMD64 Family 25 Model 80 Stepping 0, AuthenticAMD
TMP=C:\Users\JENNAM~1\AppData\Local\Temp
TEMP=C:\Users\JENNAM~1\AppData\Local\Temp




Periodic native trim disabled

---------------  S Y S T E M  ---------------

OS:
 Windows 11 , 64 bit Build 22621 (10.0.22621.3374)
OS uptime: 0 days 2:02 hours
Hyper-V role detected

CPU: total 12 (initial active 12) (12 cores per cpu, 2 threads per core) family 25 model 80 stepping 0 microcode 0x0, cx8, cmov, fxsr, ht, mmx, 3dnowpref, sse, sse2, sse3, ssse3, sse4a, sse4.1, sse4.2, popcnt, lzcnt, tsc, tscinvbit, avx, avx2, aes, erms, clmul, bmi1, bmi2, adx, sha, fma, vzeroupper, clflush, clflushopt, hv, rdtscp, rdpid, fsrm, f16c, cet_ss
Processor Information for processor 0
  Max Mhz: 2301, Current Mhz: 1904, Mhz Limit: 2301
Processor Information for processor 1
  Max Mhz: 2301, Current Mhz: 1798, Mhz Limit: 2301
Processor Information for processor 2
  Max Mhz: 2301, Current Mhz: 1798, Mhz Limit: 2301
Processor Information for processor 3
  Max Mhz: 2301, Current Mhz: 1798, Mhz Limit: 2301
Processor Information for processor 4
  Max Mhz: 2301, Current Mhz: 1904, Mhz Limit: 2301
Processor Information for processor 5
  Max Mhz: 2301, Current Mhz: 1798, Mhz Limit: 2301
Processor Information for processor 6
  Max Mhz: 2301, Current Mhz: 1798, Mhz Limit: 2301
Processor Information for processor 7
  Max Mhz: 2301, Current Mhz: 1798, Mhz Limit: 2301
Processor Information for processor 8
  Max Mhz: 2301, Current Mhz: 1798, Mhz Limit: 2301
Processor Information for processor 9
  Max Mhz: 2301, Current Mhz: 1798, Mhz Limit: 2301
Processor Information for processor 10
  Max Mhz: 2301, Current Mhz: 1798, Mhz Limit: 2301
Processor Information for processor 11
  Max Mhz: 2301, Current Mhz: 1904, Mhz Limit: 2301

Memory: 4k page, system-wide physical 5989M (924M free)
TotalPageFile size 24421M (AvailPageFile size 0M)
current process WorkingSet (physical memory assigned to process): 101M, peak: 101M
current process commit charge ("private bytes"): 265M, peak: 266M

vm_info: OpenJDK 64-Bit Server VM (22+36) for windows-amd64 JRE (22+36), built on 2024-03-19T00:00:00Z by "admin" with MS VC++ 17.7 (VS2022)

END.
